<?xml version="1.0" encoding="UTF-8"?>
<testsuite name="br.com.desafiotecnico.controller.OrdemServicoControllerTest" tests="9" skipped="0" failures="0" errors="0" timestamp="2017-02-09T11:52:43" hostname="LECOM-01381" time="0.496">
  <properties/>
  <testcase name="deveExecutarMetodoParaSalvarUmaOrdemServicoComSucesso" classname="br.com.desafiotecnico.controller.OrdemServicoControllerTest" time="0.149"/>
  <testcase name="deveRetornarPaginaDeConfirmacaoParaRemoverOrdemServico" classname="br.com.desafiotecnico.controller.OrdemServicoControllerTest" time="0.051"/>
  <testcase name="deveRetornarFormularioParaEdicaoDaOrdemServico" classname="br.com.desafiotecnico.controller.OrdemServicoControllerTest" time="0.022"/>
  <testcase name="deveExecutarMetodoPagarOrdemDeServicoERedirecionarParaUrlDaHome" classname="br.com.desafiotecnico.controller.OrdemServicoControllerTest" time="0.047"/>
  <testcase name="deveRetornarFormularioParaNovaOrdemServico" classname="br.com.desafiotecnico.controller.OrdemServicoControllerTest" time="0.041"/>
  <testcase name="deveRetornarOFormularioParaOrdemServicoComFalhaNaValidacao" classname="br.com.desafiotecnico.controller.OrdemServicoControllerTest" time="0.049"/>
  <testcase name="deveRetornarPaginaParaVisualizarOrdemServico" classname="br.com.desafiotecnico.controller.OrdemServicoControllerTest" time="0.043"/>
  <testcase name="deveExecutarMetodoCancelarPagamentoOrdemDeServicoERedirecionarParaUrlDaHome" classname="br.com.desafiotecnico.controller.OrdemServicoControllerTest" time="0.046"/>
  <testcase name="deveExecutarMetodoParaRemoverOrdemServico" classname="br.com.desafiotecnico.controller.OrdemServicoControllerTest" time="0.039"/>
  <system-out><![CDATA[09:52:43.847 [Test worker] DEBUG org.springframework.core.env.StandardEnvironment - Adding [systemProperties] PropertySource with lowest search precedence
09:52:43.848 [Test worker] DEBUG org.springframework.core.env.StandardEnvironment - Adding [systemEnvironment] PropertySource with lowest search precedence
09:52:43.848 [Test worker] DEBUG org.springframework.core.env.StandardEnvironment - Initialized StandardEnvironment with PropertySources [systemProperties,systemEnvironment]
09:52:43.849 [Test worker] DEBUG org.springframework.test.web.servlet.setup.StandaloneMockMvcBuilder$StaticRequestMappingHandlerMapping - Looking for request mappings in application context: org.springframework.test.web.servlet.setup.StubWebApplicationContext@6c9f21
09:52:43.856 [Test worker] DEBUG org.springframework.test.web.servlet.setup.StandaloneMockMvcBuilder$StaticRequestMappingHandlerMapping - 8 request handler methods found on class br.com.desafiotecnico.controller.OrdemServicoController: {public org.springframework.web.servlet.ModelAndView br.com.desafiotecnico.controller.OrdemServicoController.remover(java.lang.Long)={[/ordens_servico/{id}/remover],methods=[GET]}, public org.springframework.web.servlet.ModelAndView br.com.desafiotecnico.controller.OrdemServicoController.salvar(br.com.desafiotecnico.model.OrdemServico,org.springframework.validation.BindingResult,org.springframework.web.servlet.mvc.support.RedirectAttributes)={[/ordens_servico/salvar],methods=[POST]}, public org.springframework.web.servlet.ModelAndView br.com.desafiotecnico.controller.OrdemServicoController.editar(java.lang.Long)={[/ordens_servico/{id}/editar],methods=[GET]}, public org.springframework.web.servlet.ModelAndView br.com.desafiotecnico.controller.OrdemServicoController.excluir(java.lang.Long,org.springframework.web.servlet.mvc.support.RedirectAttributes)={[/ordens_servico/{id}/remover],methods=[DELETE]}, public org.springframework.web.servlet.ModelAndView br.com.desafiotecnico.controller.OrdemServicoController.novo(java.lang.Long,java.lang.Long)={[/ordens_servico/novo],methods=[GET]}, public org.springframework.web.servlet.ModelAndView br.com.desafiotecnico.controller.OrdemServicoController.pagar(java.lang.Long,org.springframework.web.servlet.mvc.support.RedirectAttributes)={[/ordens_servico/{id}/pagar],methods=[GET]}, public org.springframework.web.servlet.ModelAndView br.com.desafiotecnico.controller.OrdemServicoController.cancelarPagamento(java.lang.Long,org.springframework.web.servlet.mvc.support.RedirectAttributes)={[/ordens_servico/{id}/cancelar_pagamento],methods=[GET]}, public org.springframework.web.servlet.ModelAndView br.com.desafiotecnico.controller.OrdemServicoController.visualizar(java.lang.Long)={[/ordens_servico/{id}],methods=[GET]}}
09:52:43.857 [Test worker] INFO org.springframework.test.web.servlet.setup.StandaloneMockMvcBuilder$StaticRequestMappingHandlerMapping - Mapped "{[/ordens_servico/{id}/remover],methods=[GET]}" onto public org.springframework.web.servlet.ModelAndView br.com.desafiotecnico.controller.OrdemServicoController.remover(java.lang.Long)
09:52:43.857 [Test worker] INFO org.springframework.test.web.servlet.setup.StandaloneMockMvcBuilder$StaticRequestMappingHandlerMapping - Mapped "{[/ordens_servico/salvar],methods=[POST]}" onto public org.springframework.web.servlet.ModelAndView br.com.desafiotecnico.controller.OrdemServicoController.salvar(br.com.desafiotecnico.model.OrdemServico,org.springframework.validation.BindingResult,org.springframework.web.servlet.mvc.support.RedirectAttributes)
09:52:43.859 [Test worker] INFO org.springframework.test.web.servlet.setup.StandaloneMockMvcBuilder$StaticRequestMappingHandlerMapping - Mapped "{[/ordens_servico/{id}/editar],methods=[GET]}" onto public org.springframework.web.servlet.ModelAndView br.com.desafiotecnico.controller.OrdemServicoController.editar(java.lang.Long)
09:52:43.861 [Test worker] INFO org.springframework.test.web.servlet.setup.StandaloneMockMvcBuilder$StaticRequestMappingHandlerMapping - Mapped "{[/ordens_servico/{id}/remover],methods=[DELETE]}" onto public org.springframework.web.servlet.ModelAndView br.com.desafiotecnico.controller.OrdemServicoController.excluir(java.lang.Long,org.springframework.web.servlet.mvc.support.RedirectAttributes)
09:52:43.862 [Test worker] INFO org.springframework.test.web.servlet.setup.StandaloneMockMvcBuilder$StaticRequestMappingHandlerMapping - Mapped "{[/ordens_servico/novo],methods=[GET]}" onto public org.springframework.web.servlet.ModelAndView br.com.desafiotecnico.controller.OrdemServicoController.novo(java.lang.Long,java.lang.Long)
09:52:43.863 [Test worker] INFO org.springframework.test.web.servlet.setup.StandaloneMockMvcBuilder$StaticRequestMappingHandlerMapping - Mapped "{[/ordens_servico/{id}/pagar],methods=[GET]}" onto public org.springframework.web.servlet.ModelAndView br.com.desafiotecnico.controller.OrdemServicoController.pagar(java.lang.Long,org.springframework.web.servlet.mvc.support.RedirectAttributes)
09:52:43.864 [Test worker] INFO org.springframework.test.web.servlet.setup.StandaloneMockMvcBuilder$StaticRequestMappingHandlerMapping - Mapped "{[/ordens_servico/{id}/cancelar_pagamento],methods=[GET]}" onto public org.springframework.web.servlet.ModelAndView br.com.desafiotecnico.controller.OrdemServicoController.cancelarPagamento(java.lang.Long,org.springframework.web.servlet.mvc.support.RedirectAttributes)
09:52:43.864 [Test worker] INFO org.springframework.test.web.servlet.setup.StandaloneMockMvcBuilder$StaticRequestMappingHandlerMapping - Mapped "{[/ordens_servico/{id}],methods=[GET]}" onto public org.springframework.web.servlet.ModelAndView br.com.desafiotecnico.controller.OrdemServicoController.visualizar(java.lang.Long)
09:52:43.878 [Test worker] DEBUG org.hibernate.validator.internal.engine.resolver.DefaultTraversableResolver - Found javax.persistence.Persistence on classpath containing 'getPersistenceUtil'. Assuming JPA 2 environment. Trying to instantiate JPA aware TraversableResolver
09:52:43.879 [Test worker] DEBUG org.hibernate.validator.internal.engine.resolver.DefaultTraversableResolver - Instantiated JPA aware TraversableResolver of type org.hibernate.validator.internal.engine.resolver.JPATraversableResolver.
09:52:43.879 [Test worker] DEBUG org.hibernate.validator.internal.engine.ConfigurationImpl - Setting custom MessageInterpolator of type org.springframework.validation.beanvalidation.LocaleContextMessageInterpolator
09:52:43.881 [Test worker] DEBUG org.hibernate.validator.internal.engine.ConfigurationImpl - Setting custom ParameterNameProvider of type com.sun.proxy.$Proxy27
09:52:43.881 [Test worker] DEBUG org.hibernate.validator.internal.xml.ValidationXmlParser - Trying to load META-INF/validation.xml for XML based Validator configuration.
09:52:43.881 [Test worker] DEBUG org.hibernate.validator.internal.xml.ResourceLoaderHelper - Trying to load META-INF/validation.xml via TCCL
09:52:43.883 [Test worker] DEBUG org.hibernate.validator.internal.xml.ResourceLoaderHelper - Trying to load META-INF/validation.xml via Hibernate Validator's class loader
09:52:43.885 [Test worker] DEBUG org.hibernate.validator.internal.xml.ValidationXmlParser - No META-INF/validation.xml found. Using annotation based configuration only.
09:52:43.888 [Test worker] INFO org.springframework.web.servlet.mvc.method.annotation.RequestMappingHandlerAdapter - Looking for @ControllerAdvice: org.springframework.test.web.servlet.setup.StubWebApplicationContext@6c9f21
09:52:43.894 [Test worker] DEBUG org.springframework.web.servlet.mvc.method.annotation.ExceptionHandlerExceptionResolver - Looking for exception mappings: org.springframework.test.web.servlet.setup.StubWebApplicationContext@6c9f21
09:52:43.898 [Test worker] DEBUG org.springframework.test.web.servlet.TestDispatcherServlet - Initializing servlet ''
09:52:43.899 [Test worker] DEBUG org.springframework.web.context.support.StandardServletEnvironment - Adding [servletConfigInitParams] PropertySource with lowest search precedence
09:52:43.900 [Test worker] DEBUG org.springframework.web.context.support.StandardServletEnvironment - Adding [servletContextInitParams] PropertySource with lowest search precedence
09:52:43.900 [Test worker] DEBUG org.springframework.web.context.support.StandardServletEnvironment - Adding [systemProperties] PropertySource with lowest search precedence
09:52:43.900 [Test worker] DEBUG org.springframework.web.context.support.StandardServletEnvironment - Adding [systemEnvironment] PropertySource with lowest search precedence
09:52:43.901 [Test worker] DEBUG org.springframework.web.context.support.StandardServletEnvironment - Initialized StandardServletEnvironment with PropertySources [servletConfigInitParams,servletContextInitParams,systemProperties,systemEnvironment]
09:52:43.901 [Test worker] INFO org.springframework.mock.web.MockServletContext - Initializing Spring FrameworkServlet ''
09:52:43.901 [Test worker] INFO org.springframework.test.web.servlet.TestDispatcherServlet - FrameworkServlet '': initialization started
09:52:43.901 [Test worker] DEBUG org.springframework.test.web.servlet.TestDispatcherServlet - Unable to locate MultipartResolver with name 'multipartResolver': no multipart request handling provided
09:52:43.901 [Test worker] DEBUG org.springframework.test.web.servlet.TestDispatcherServlet - Using LocaleResolver [org.springframework.web.servlet.i18n.AcceptHeaderLocaleResolver@1cd3aea9]
09:52:43.901 [Test worker] DEBUG org.springframework.test.web.servlet.TestDispatcherServlet - Using ThemeResolver [org.springframework.web.servlet.theme.FixedThemeResolver@4073899c]
09:52:43.901 [Test worker] DEBUG org.springframework.test.web.servlet.TestDispatcherServlet - Using RequestToViewNameTranslator [org.springframework.web.servlet.view.DefaultRequestToViewNameTranslator@2b15c36c]
09:52:43.902 [Test worker] DEBUG org.springframework.test.web.servlet.TestDispatcherServlet - Using FlashMapManager [org.springframework.web.servlet.support.SessionFlashMapManager@2c92166f]
09:52:43.902 [Test worker] DEBUG org.springframework.test.web.servlet.TestDispatcherServlet - Published WebApplicationContext of servlet '' as ServletContext attribute with name [org.springframework.web.servlet.FrameworkServlet.CONTEXT.]
09:52:43.902 [Test worker] INFO org.springframework.test.web.servlet.TestDispatcherServlet - FrameworkServlet '': initialization completed in 1 ms
09:52:43.902 [Test worker] DEBUG org.springframework.test.web.servlet.TestDispatcherServlet - Servlet '' configured successfully
09:52:43.904 [Test worker] DEBUG org.springframework.test.web.servlet.TestDispatcherServlet - DispatcherServlet with name '' processing POST request for [/ordens_servico/salvar]
09:52:43.905 [Test worker] DEBUG org.springframework.test.web.servlet.setup.StandaloneMockMvcBuilder$StaticRequestMappingHandlerMapping - Looking up handler method for path /ordens_servico/salvar
09:52:43.905 [Test worker] DEBUG org.springframework.test.web.servlet.setup.StandaloneMockMvcBuilder$StaticRequestMappingHandlerMapping - Returning handler method [public org.springframework.web.servlet.ModelAndView br.com.desafiotecnico.controller.OrdemServicoController.salvar(br.com.desafiotecnico.model.OrdemServico,org.springframework.validation.BindingResult,org.springframework.web.servlet.mvc.support.RedirectAttributes)]
09:52:43.982 [Test worker] DEBUG org.springframework.test.web.servlet.TestDispatcherServlet - Rendering view [org.springframework.web.servlet.view.RedirectView: unnamed; URL [/ordens_servico/null]] in DispatcherServlet with name ''
09:52:43.983 [Test worker] DEBUG org.springframework.web.servlet.support.SessionFlashMapManager - Saving FlashMap=FlashMap [attributes={msgSuccess=Ordem de serviço gerada com sucesso!}, targetRequestPath=/ordens_servico/null, targetRequestParams={}]
09:52:43.983 [Test worker] DEBUG org.springframework.test.web.servlet.TestDispatcherServlet - Successfully completed request
09:52:43.987 [Test worker] DEBUG org.springframework.core.env.StandardEnvironment - Adding [systemProperties] PropertySource with lowest search precedence
09:52:43.988 [Test worker] DEBUG org.springframework.core.env.StandardEnvironment - Adding [systemEnvironment] PropertySource with lowest search precedence
09:52:43.988 [Test worker] DEBUG org.springframework.core.env.StandardEnvironment - Initialized StandardEnvironment with PropertySources [systemProperties,systemEnvironment]
09:52:43.989 [Test worker] DEBUG org.springframework.test.web.servlet.setup.StandaloneMockMvcBuilder$StaticRequestMappingHandlerMapping - Looking for request mappings in application context: org.springframework.test.web.servlet.setup.StubWebApplicationContext@17f66dd
09:52:43.992 [Test worker] DEBUG org.springframework.test.web.servlet.setup.StandaloneMockMvcBuilder$StaticRequestMappingHandlerMapping - 8 request handler methods found on class br.com.desafiotecnico.controller.OrdemServicoController: {public org.springframework.web.servlet.ModelAndView br.com.desafiotecnico.controller.OrdemServicoController.remover(java.lang.Long)={[/ordens_servico/{id}/remover],methods=[GET]}, public org.springframework.web.servlet.ModelAndView br.com.desafiotecnico.controller.OrdemServicoController.salvar(br.com.desafiotecnico.model.OrdemServico,org.springframework.validation.BindingResult,org.springframework.web.servlet.mvc.support.RedirectAttributes)={[/ordens_servico/salvar],methods=[POST]}, public org.springframework.web.servlet.ModelAndView br.com.desafiotecnico.controller.OrdemServicoController.editar(java.lang.Long)={[/ordens_servico/{id}/editar],methods=[GET]}, public org.springframework.web.servlet.ModelAndView br.com.desafiotecnico.controller.OrdemServicoController.excluir(java.lang.Long,org.springframework.web.servlet.mvc.support.RedirectAttributes)={[/ordens_servico/{id}/remover],methods=[DELETE]}, public org.springframework.web.servlet.ModelAndView br.com.desafiotecnico.controller.OrdemServicoController.novo(java.lang.Long,java.lang.Long)={[/ordens_servico/novo],methods=[GET]}, public org.springframework.web.servlet.ModelAndView br.com.desafiotecnico.controller.OrdemServicoController.pagar(java.lang.Long,org.springframework.web.servlet.mvc.support.RedirectAttributes)={[/ordens_servico/{id}/pagar],methods=[GET]}, public org.springframework.web.servlet.ModelAndView br.com.desafiotecnico.controller.OrdemServicoController.cancelarPagamento(java.lang.Long,org.springframework.web.servlet.mvc.support.RedirectAttributes)={[/ordens_servico/{id}/cancelar_pagamento],methods=[GET]}, public org.springframework.web.servlet.ModelAndView br.com.desafiotecnico.controller.OrdemServicoController.visualizar(java.lang.Long)={[/ordens_servico/{id}],methods=[GET]}}
09:52:43.993 [Test worker] INFO org.springframework.test.web.servlet.setup.StandaloneMockMvcBuilder$StaticRequestMappingHandlerMapping - Mapped "{[/ordens_servico/{id}/remover],methods=[GET]}" onto public org.springframework.web.servlet.ModelAndView br.com.desafiotecnico.controller.OrdemServicoController.remover(java.lang.Long)
09:52:43.994 [Test worker] INFO org.springframework.test.web.servlet.setup.StandaloneMockMvcBuilder$StaticRequestMappingHandlerMapping - Mapped "{[/ordens_servico/salvar],methods=[POST]}" onto public org.springframework.web.servlet.ModelAndView br.com.desafiotecnico.controller.OrdemServicoController.salvar(br.com.desafiotecnico.model.OrdemServico,org.springframework.validation.BindingResult,org.springframework.web.servlet.mvc.support.RedirectAttributes)
09:52:43.994 [Test worker] INFO org.springframework.test.web.servlet.setup.StandaloneMockMvcBuilder$StaticRequestMappingHandlerMapping - Mapped "{[/ordens_servico/{id}/editar],methods=[GET]}" onto public org.springframework.web.servlet.ModelAndView br.com.desafiotecnico.controller.OrdemServicoController.editar(java.lang.Long)
09:52:43.995 [Test worker] INFO org.springframework.test.web.servlet.setup.StandaloneMockMvcBuilder$StaticRequestMappingHandlerMapping - Mapped "{[/ordens_servico/{id}/remover],methods=[DELETE]}" onto public org.springframework.web.servlet.ModelAndView br.com.desafiotecnico.controller.OrdemServicoController.excluir(java.lang.Long,org.springframework.web.servlet.mvc.support.RedirectAttributes)
09:52:43.995 [Test worker] INFO org.springframework.test.web.servlet.setup.StandaloneMockMvcBuilder$StaticRequestMappingHandlerMapping - Mapped "{[/ordens_servico/novo],methods=[GET]}" onto public org.springframework.web.servlet.ModelAndView br.com.desafiotecnico.controller.OrdemServicoController.novo(java.lang.Long,java.lang.Long)
09:52:43.996 [Test worker] INFO org.springframework.test.web.servlet.setup.StandaloneMockMvcBuilder$StaticRequestMappingHandlerMapping - Mapped "{[/ordens_servico/{id}/pagar],methods=[GET]}" onto public org.springframework.web.servlet.ModelAndView br.com.desafiotecnico.controller.OrdemServicoController.pagar(java.lang.Long,org.springframework.web.servlet.mvc.support.RedirectAttributes)
09:52:43.997 [Test worker] INFO org.springframework.test.web.servlet.setup.StandaloneMockMvcBuilder$StaticRequestMappingHandlerMapping - Mapped "{[/ordens_servico/{id}/cancelar_pagamento],methods=[GET]}" onto public org.springframework.web.servlet.ModelAndView br.com.desafiotecnico.controller.OrdemServicoController.cancelarPagamento(java.lang.Long,org.springframework.web.servlet.mvc.support.RedirectAttributes)
09:52:43.999 [Test worker] INFO org.springframework.test.web.servlet.setup.StandaloneMockMvcBuilder$StaticRequestMappingHandlerMapping - Mapped "{[/ordens_servico/{id}],methods=[GET]}" onto public org.springframework.web.servlet.ModelAndView br.com.desafiotecnico.controller.OrdemServicoController.visualizar(java.lang.Long)
09:52:44.016 [Test worker] DEBUG org.hibernate.validator.internal.engine.resolver.DefaultTraversableResolver - Found javax.persistence.Persistence on classpath containing 'getPersistenceUtil'. Assuming JPA 2 environment. Trying to instantiate JPA aware TraversableResolver
09:52:44.016 [Test worker] DEBUG org.hibernate.validator.internal.engine.resolver.DefaultTraversableResolver - Instantiated JPA aware TraversableResolver of type org.hibernate.validator.internal.engine.resolver.JPATraversableResolver.
09:52:44.016 [Test worker] DEBUG org.hibernate.validator.internal.engine.ConfigurationImpl - Setting custom MessageInterpolator of type org.springframework.validation.beanvalidation.LocaleContextMessageInterpolator
09:52:44.016 [Test worker] DEBUG org.hibernate.validator.internal.engine.ConfigurationImpl - Setting custom ParameterNameProvider of type com.sun.proxy.$Proxy27
09:52:44.016 [Test worker] DEBUG org.hibernate.validator.internal.xml.ValidationXmlParser - Trying to load META-INF/validation.xml for XML based Validator configuration.
09:52:44.016 [Test worker] DEBUG org.hibernate.validator.internal.xml.ResourceLoaderHelper - Trying to load META-INF/validation.xml via TCCL
09:52:44.016 [Test worker] DEBUG org.hibernate.validator.internal.xml.ResourceLoaderHelper - Trying to load META-INF/validation.xml via Hibernate Validator's class loader
09:52:44.017 [Test worker] DEBUG org.hibernate.validator.internal.xml.ValidationXmlParser - No META-INF/validation.xml found. Using annotation based configuration only.
09:52:44.018 [Test worker] INFO org.springframework.web.servlet.mvc.method.annotation.RequestMappingHandlerAdapter - Looking for @ControllerAdvice: org.springframework.test.web.servlet.setup.StubWebApplicationContext@17f66dd
09:52:44.022 [Test worker] DEBUG org.springframework.web.servlet.mvc.method.annotation.ExceptionHandlerExceptionResolver - Looking for exception mappings: org.springframework.test.web.servlet.setup.StubWebApplicationContext@17f66dd
09:52:44.023 [Test worker] DEBUG org.springframework.test.web.servlet.TestDispatcherServlet - Initializing servlet ''
09:52:44.024 [Test worker] DEBUG org.springframework.web.context.support.StandardServletEnvironment - Adding [servletConfigInitParams] PropertySource with lowest search precedence
09:52:44.024 [Test worker] DEBUG org.springframework.web.context.support.StandardServletEnvironment - Adding [servletContextInitParams] PropertySource with lowest search precedence
09:52:44.024 [Test worker] DEBUG org.springframework.web.context.support.StandardServletEnvironment - Adding [systemProperties] PropertySource with lowest search precedence
09:52:44.029 [Test worker] DEBUG org.springframework.web.context.support.StandardServletEnvironment - Adding [systemEnvironment] PropertySource with lowest search precedence
09:52:44.031 [Test worker] DEBUG org.springframework.web.context.support.StandardServletEnvironment - Initialized StandardServletEnvironment with PropertySources [servletConfigInitParams,servletContextInitParams,systemProperties,systemEnvironment]
09:52:44.032 [Test worker] INFO org.springframework.mock.web.MockServletContext - Initializing Spring FrameworkServlet ''
09:52:44.032 [Test worker] INFO org.springframework.test.web.servlet.TestDispatcherServlet - FrameworkServlet '': initialization started
09:52:44.032 [Test worker] DEBUG org.springframework.test.web.servlet.TestDispatcherServlet - Unable to locate MultipartResolver with name 'multipartResolver': no multipart request handling provided
09:52:44.032 [Test worker] DEBUG org.springframework.test.web.servlet.TestDispatcherServlet - Using LocaleResolver [org.springframework.web.servlet.i18n.AcceptHeaderLocaleResolver@5545508c]
09:52:44.032 [Test worker] DEBUG org.springframework.test.web.servlet.TestDispatcherServlet - Using ThemeResolver [org.springframework.web.servlet.theme.FixedThemeResolver@6b2fbaa5]
09:52:44.032 [Test worker] DEBUG org.springframework.test.web.servlet.TestDispatcherServlet - Using RequestToViewNameTranslator [org.springframework.web.servlet.view.DefaultRequestToViewNameTranslator@2c523357]
09:52:44.032 [Test worker] DEBUG org.springframework.test.web.servlet.TestDispatcherServlet - Using FlashMapManager [org.springframework.web.servlet.support.SessionFlashMapManager@f7a53c8]
09:52:44.033 [Test worker] DEBUG org.springframework.test.web.servlet.TestDispatcherServlet - Published WebApplicationContext of servlet '' as ServletContext attribute with name [org.springframework.web.servlet.FrameworkServlet.CONTEXT.]
09:52:44.033 [Test worker] INFO org.springframework.test.web.servlet.TestDispatcherServlet - FrameworkServlet '': initialization completed in 1 ms
09:52:44.033 [Test worker] DEBUG org.springframework.test.web.servlet.TestDispatcherServlet - Servlet '' configured successfully
09:52:44.034 [Test worker] DEBUG org.springframework.test.web.servlet.TestDispatcherServlet - DispatcherServlet with name '' processing GET request for [/ordens_servico/1/remover]
09:52:44.034 [Test worker] DEBUG org.springframework.test.web.servlet.setup.StandaloneMockMvcBuilder$StaticRequestMappingHandlerMapping - Looking up handler method for path /ordens_servico/1/remover
09:52:44.035 [Test worker] DEBUG org.springframework.test.web.servlet.setup.StandaloneMockMvcBuilder$StaticRequestMappingHandlerMapping - Returning handler method [public org.springframework.web.servlet.ModelAndView br.com.desafiotecnico.controller.OrdemServicoController.remover(java.lang.Long)]
09:52:44.035 [Test worker] DEBUG org.springframework.test.web.servlet.TestDispatcherServlet - Last-Modified value for [/ordens_servico/1/remover] is: -1
09:52:44.036 [Test worker] DEBUG org.springframework.test.web.servlet.TestDispatcherServlet - Rendering view [org.springframework.web.servlet.view.InternalResourceView: unnamed; URL [ordens_servico/remover]] in DispatcherServlet with name ''
09:52:44.036 [Test worker] DEBUG org.springframework.web.servlet.view.InternalResourceView - Added model object 'id' of type [java.lang.Long] to request in view with name 'null'
09:52:44.036 [Test worker] DEBUG org.springframework.web.servlet.view.InternalResourceView - Added model object 'ordemServico' of type [br.com.desafiotecnico.model.OrdemServico$$EnhancerByMockitoWithCGLIB$$6ae2fde5] to request in view with name 'null'
09:52:44.036 [Test worker] DEBUG org.springframework.web.servlet.view.InternalResourceView - Added model object 'org.springframework.validation.BindingResult.ordemServico' of type [org.springframework.validation.BeanPropertyBindingResult] to request in view with name 'null'
09:52:44.036 [Test worker] DEBUG org.springframework.web.servlet.view.InternalResourceView - Forwarding to resource [ordens_servico/remover] in InternalResourceView 'null'
09:52:44.036 [Test worker] DEBUG org.springframework.mock.web.MockRequestDispatcher - MockRequestDispatcher: forwarding to [ordens_servico/remover]
09:52:44.036 [Test worker] DEBUG org.springframework.test.web.servlet.TestDispatcherServlet - Successfully completed request
09:52:44.038 [Test worker] DEBUG org.springframework.core.env.StandardEnvironment - Adding [systemProperties] PropertySource with lowest search precedence
09:52:44.038 [Test worker] DEBUG org.springframework.core.env.StandardEnvironment - Adding [systemEnvironment] PropertySource with lowest search precedence
09:52:44.038 [Test worker] DEBUG org.springframework.core.env.StandardEnvironment - Initialized StandardEnvironment with PropertySources [systemProperties,systemEnvironment]
09:52:44.038 [Test worker] DEBUG org.springframework.test.web.servlet.setup.StandaloneMockMvcBuilder$StaticRequestMappingHandlerMapping - Looking for request mappings in application context: org.springframework.test.web.servlet.setup.StubWebApplicationContext@53e94521
09:52:44.040 [Test worker] DEBUG org.springframework.test.web.servlet.setup.StandaloneMockMvcBuilder$StaticRequestMappingHandlerMapping - 8 request handler methods found on class br.com.desafiotecnico.controller.OrdemServicoController: {public org.springframework.web.servlet.ModelAndView br.com.desafiotecnico.controller.OrdemServicoController.remover(java.lang.Long)={[/ordens_servico/{id}/remover],methods=[GET]}, public org.springframework.web.servlet.ModelAndView br.com.desafiotecnico.controller.OrdemServicoController.salvar(br.com.desafiotecnico.model.OrdemServico,org.springframework.validation.BindingResult,org.springframework.web.servlet.mvc.support.RedirectAttributes)={[/ordens_servico/salvar],methods=[POST]}, public org.springframework.web.servlet.ModelAndView br.com.desafiotecnico.controller.OrdemServicoController.editar(java.lang.Long)={[/ordens_servico/{id}/editar],methods=[GET]}, public org.springframework.web.servlet.ModelAndView br.com.desafiotecnico.controller.OrdemServicoController.excluir(java.lang.Long,org.springframework.web.servlet.mvc.support.RedirectAttributes)={[/ordens_servico/{id}/remover],methods=[DELETE]}, public org.springframework.web.servlet.ModelAndView br.com.desafiotecnico.controller.OrdemServicoController.novo(java.lang.Long,java.lang.Long)={[/ordens_servico/novo],methods=[GET]}, public org.springframework.web.servlet.ModelAndView br.com.desafiotecnico.controller.OrdemServicoController.pagar(java.lang.Long,org.springframework.web.servlet.mvc.support.RedirectAttributes)={[/ordens_servico/{id}/pagar],methods=[GET]}, public org.springframework.web.servlet.ModelAndView br.com.desafiotecnico.controller.OrdemServicoController.cancelarPagamento(java.lang.Long,org.springframework.web.servlet.mvc.support.RedirectAttributes)={[/ordens_servico/{id}/cancelar_pagamento],methods=[GET]}, public org.springframework.web.servlet.ModelAndView br.com.desafiotecnico.controller.OrdemServicoController.visualizar(java.lang.Long)={[/ordens_servico/{id}],methods=[GET]}}
09:52:44.041 [Test worker] INFO org.springframework.test.web.servlet.setup.StandaloneMockMvcBuilder$StaticRequestMappingHandlerMapping - Mapped "{[/ordens_servico/{id}/remover],methods=[GET]}" onto public org.springframework.web.servlet.ModelAndView br.com.desafiotecnico.controller.OrdemServicoController.remover(java.lang.Long)
09:52:44.041 [Test worker] INFO org.springframework.test.web.servlet.setup.StandaloneMockMvcBuilder$StaticRequestMappingHandlerMapping - Mapped "{[/ordens_servico/salvar],methods=[POST]}" onto public org.springframework.web.servlet.ModelAndView br.com.desafiotecnico.controller.OrdemServicoController.salvar(br.com.desafiotecnico.model.OrdemServico,org.springframework.validation.BindingResult,org.springframework.web.servlet.mvc.support.RedirectAttributes)
09:52:44.041 [Test worker] INFO org.springframework.test.web.servlet.setup.StandaloneMockMvcBuilder$StaticRequestMappingHandlerMapping - Mapped "{[/ordens_servico/{id}/editar],methods=[GET]}" onto public org.springframework.web.servlet.ModelAndView br.com.desafiotecnico.controller.OrdemServicoController.editar(java.lang.Long)
09:52:44.041 [Test worker] INFO org.springframework.test.web.servlet.setup.StandaloneMockMvcBuilder$StaticRequestMappingHandlerMapping - Mapped "{[/ordens_servico/{id}/remover],methods=[DELETE]}" onto public org.springframework.web.servlet.ModelAndView br.com.desafiotecnico.controller.OrdemServicoController.excluir(java.lang.Long,org.springframework.web.servlet.mvc.support.RedirectAttributes)
09:52:44.041 [Test worker] INFO org.springframework.test.web.servlet.setup.StandaloneMockMvcBuilder$StaticRequestMappingHandlerMapping - Mapped "{[/ordens_servico/novo],methods=[GET]}" onto public org.springframework.web.servlet.ModelAndView br.com.desafiotecnico.controller.OrdemServicoController.novo(java.lang.Long,java.lang.Long)
09:52:44.041 [Test worker] INFO org.springframework.test.web.servlet.setup.StandaloneMockMvcBuilder$StaticRequestMappingHandlerMapping - Mapped "{[/ordens_servico/{id}/pagar],methods=[GET]}" onto public org.springframework.web.servlet.ModelAndView br.com.desafiotecnico.controller.OrdemServicoController.pagar(java.lang.Long,org.springframework.web.servlet.mvc.support.RedirectAttributes)
09:52:44.041 [Test worker] INFO org.springframework.test.web.servlet.setup.StandaloneMockMvcBuilder$StaticRequestMappingHandlerMapping - Mapped "{[/ordens_servico/{id}/cancelar_pagamento],methods=[GET]}" onto public org.springframework.web.servlet.ModelAndView br.com.desafiotecnico.controller.OrdemServicoController.cancelarPagamento(java.lang.Long,org.springframework.web.servlet.mvc.support.RedirectAttributes)
09:52:44.041 [Test worker] INFO org.springframework.test.web.servlet.setup.StandaloneMockMvcBuilder$StaticRequestMappingHandlerMapping - Mapped "{[/ordens_servico/{id}],methods=[GET]}" onto public org.springframework.web.servlet.ModelAndView br.com.desafiotecnico.controller.OrdemServicoController.visualizar(java.lang.Long)
09:52:44.049 [Test worker] DEBUG org.hibernate.validator.internal.engine.resolver.DefaultTraversableResolver - Found javax.persistence.Persistence on classpath containing 'getPersistenceUtil'. Assuming JPA 2 environment. Trying to instantiate JPA aware TraversableResolver
09:52:44.050 [Test worker] DEBUG org.hibernate.validator.internal.engine.resolver.DefaultTraversableResolver - Instantiated JPA aware TraversableResolver of type org.hibernate.validator.internal.engine.resolver.JPATraversableResolver.
09:52:44.050 [Test worker] DEBUG org.hibernate.validator.internal.engine.ConfigurationImpl - Setting custom MessageInterpolator of type org.springframework.validation.beanvalidation.LocaleContextMessageInterpolator
09:52:44.050 [Test worker] DEBUG org.hibernate.validator.internal.engine.ConfigurationImpl - Setting custom ParameterNameProvider of type com.sun.proxy.$Proxy27
09:52:44.050 [Test worker] DEBUG org.hibernate.validator.internal.xml.ValidationXmlParser - Trying to load META-INF/validation.xml for XML based Validator configuration.
09:52:44.050 [Test worker] DEBUG org.hibernate.validator.internal.xml.ResourceLoaderHelper - Trying to load META-INF/validation.xml via TCCL
09:52:44.050 [Test worker] DEBUG org.hibernate.validator.internal.xml.ResourceLoaderHelper - Trying to load META-INF/validation.xml via Hibernate Validator's class loader
09:52:44.050 [Test worker] DEBUG org.hibernate.validator.internal.xml.ValidationXmlParser - No META-INF/validation.xml found. Using annotation based configuration only.
09:52:44.052 [Test worker] INFO org.springframework.web.servlet.mvc.method.annotation.RequestMappingHandlerAdapter - Looking for @ControllerAdvice: org.springframework.test.web.servlet.setup.StubWebApplicationContext@53e94521
09:52:44.055 [Test worker] DEBUG org.springframework.web.servlet.mvc.method.annotation.ExceptionHandlerExceptionResolver - Looking for exception mappings: org.springframework.test.web.servlet.setup.StubWebApplicationContext@53e94521
09:52:44.055 [Test worker] DEBUG org.springframework.test.web.servlet.TestDispatcherServlet - Initializing servlet ''
09:52:44.056 [Test worker] DEBUG org.springframework.web.context.support.StandardServletEnvironment - Adding [servletConfigInitParams] PropertySource with lowest search precedence
09:52:44.056 [Test worker] DEBUG org.springframework.web.context.support.StandardServletEnvironment - Adding [servletContextInitParams] PropertySource with lowest search precedence
09:52:44.056 [Test worker] DEBUG org.springframework.web.context.support.StandardServletEnvironment - Adding [systemProperties] PropertySource with lowest search precedence
09:52:44.056 [Test worker] DEBUG org.springframework.web.context.support.StandardServletEnvironment - Adding [systemEnvironment] PropertySource with lowest search precedence
09:52:44.056 [Test worker] DEBUG org.springframework.web.context.support.StandardServletEnvironment - Initialized StandardServletEnvironment with PropertySources [servletConfigInitParams,servletContextInitParams,systemProperties,systemEnvironment]
09:52:44.056 [Test worker] INFO org.springframework.mock.web.MockServletContext - Initializing Spring FrameworkServlet ''
09:52:44.056 [Test worker] INFO org.springframework.test.web.servlet.TestDispatcherServlet - FrameworkServlet '': initialization started
09:52:44.056 [Test worker] DEBUG org.springframework.test.web.servlet.TestDispatcherServlet - Unable to locate MultipartResolver with name 'multipartResolver': no multipart request handling provided
09:52:44.056 [Test worker] DEBUG org.springframework.test.web.servlet.TestDispatcherServlet - Using LocaleResolver [org.springframework.web.servlet.i18n.AcceptHeaderLocaleResolver@6efde02b]
09:52:44.056 [Test worker] DEBUG org.springframework.test.web.servlet.TestDispatcherServlet - Using ThemeResolver [org.springframework.web.servlet.theme.FixedThemeResolver@3089c45c]
09:52:44.056 [Test worker] DEBUG org.springframework.test.web.servlet.TestDispatcherServlet - Using RequestToViewNameTranslator [org.springframework.web.servlet.view.DefaultRequestToViewNameTranslator@45b72052]
09:52:44.056 [Test worker] DEBUG org.springframework.test.web.servlet.TestDispatcherServlet - Using FlashMapManager [org.springframework.web.servlet.support.SessionFlashMapManager@650f7846]
09:52:44.056 [Test worker] DEBUG org.springframework.test.web.servlet.TestDispatcherServlet - Published WebApplicationContext of servlet '' as ServletContext attribute with name [org.springframework.web.servlet.FrameworkServlet.CONTEXT.]
09:52:44.056 [Test worker] INFO org.springframework.test.web.servlet.TestDispatcherServlet - FrameworkServlet '': initialization completed in 0 ms
09:52:44.056 [Test worker] DEBUG org.springframework.test.web.servlet.TestDispatcherServlet - Servlet '' configured successfully
09:52:44.056 [Test worker] DEBUG org.springframework.test.web.servlet.TestDispatcherServlet - DispatcherServlet with name '' processing GET request for [/ordens_servico/1/editar]
09:52:44.056 [Test worker] DEBUG org.springframework.test.web.servlet.setup.StandaloneMockMvcBuilder$StaticRequestMappingHandlerMapping - Looking up handler method for path /ordens_servico/1/editar
09:52:44.057 [Test worker] DEBUG org.springframework.test.web.servlet.setup.StandaloneMockMvcBuilder$StaticRequestMappingHandlerMapping - Returning handler method [public org.springframework.web.servlet.ModelAndView br.com.desafiotecnico.controller.OrdemServicoController.editar(java.lang.Long)]
09:52:44.058 [Test worker] DEBUG org.springframework.test.web.servlet.TestDispatcherServlet - Last-Modified value for [/ordens_servico/1/editar] is: -1
09:52:44.059 [Test worker] DEBUG org.springframework.test.web.servlet.TestDispatcherServlet - Rendering view [org.springframework.web.servlet.view.InternalResourceView: unnamed; URL [ordens_servico/form]] in DispatcherServlet with name ''
09:52:44.059 [Test worker] DEBUG org.springframework.web.servlet.view.InternalResourceView - Added model object 'id' of type [java.lang.Long] to request in view with name 'null'
09:52:44.059 [Test worker] DEBUG org.springframework.web.servlet.view.InternalResourceView - Added model object 'ordemServico' of type [br.com.desafiotecnico.model.OrdemServico$$EnhancerByMockitoWithCGLIB$$6ae2fde5] to request in view with name 'null'
09:52:44.059 [Test worker] DEBUG org.springframework.web.servlet.view.InternalResourceView - Added model object 'clientes' of type [java.util.LinkedList] to request in view with name 'null'
09:52:44.059 [Test worker] DEBUG org.springframework.web.servlet.view.InternalResourceView - Added model object 'servicos' of type [java.util.LinkedList] to request in view with name 'null'
09:52:44.059 [Test worker] DEBUG org.springframework.web.servlet.view.InternalResourceView - Added model object 'org.springframework.validation.BindingResult.ordemServico' of type [org.springframework.validation.BeanPropertyBindingResult] to request in view with name 'null'
09:52:44.059 [Test worker] DEBUG org.springframework.web.servlet.view.InternalResourceView - Forwarding to resource [ordens_servico/form] in InternalResourceView 'null'
09:52:44.059 [Test worker] DEBUG org.springframework.mock.web.MockRequestDispatcher - MockRequestDispatcher: forwarding to [ordens_servico/form]
09:52:44.059 [Test worker] DEBUG org.springframework.test.web.servlet.TestDispatcherServlet - Successfully completed request
09:52:44.060 [Test worker] DEBUG org.springframework.core.env.StandardEnvironment - Adding [systemProperties] PropertySource with lowest search precedence
09:52:44.060 [Test worker] DEBUG org.springframework.core.env.StandardEnvironment - Adding [systemEnvironment] PropertySource with lowest search precedence
09:52:44.060 [Test worker] DEBUG org.springframework.core.env.StandardEnvironment - Initialized StandardEnvironment with PropertySources [systemProperties,systemEnvironment]
09:52:44.061 [Test worker] DEBUG org.springframework.test.web.servlet.setup.StandaloneMockMvcBuilder$StaticRequestMappingHandlerMapping - Looking for request mappings in application context: org.springframework.test.web.servlet.setup.StubWebApplicationContext@d394204
09:52:44.064 [Test worker] DEBUG org.springframework.test.web.servlet.setup.StandaloneMockMvcBuilder$StaticRequestMappingHandlerMapping - 8 request handler methods found on class br.com.desafiotecnico.controller.OrdemServicoController: {public org.springframework.web.servlet.ModelAndView br.com.desafiotecnico.controller.OrdemServicoController.remover(java.lang.Long)={[/ordens_servico/{id}/remover],methods=[GET]}, public org.springframework.web.servlet.ModelAndView br.com.desafiotecnico.controller.OrdemServicoController.salvar(br.com.desafiotecnico.model.OrdemServico,org.springframework.validation.BindingResult,org.springframework.web.servlet.mvc.support.RedirectAttributes)={[/ordens_servico/salvar],methods=[POST]}, public org.springframework.web.servlet.ModelAndView br.com.desafiotecnico.controller.OrdemServicoController.editar(java.lang.Long)={[/ordens_servico/{id}/editar],methods=[GET]}, public org.springframework.web.servlet.ModelAndView br.com.desafiotecnico.controller.OrdemServicoController.excluir(java.lang.Long,org.springframework.web.servlet.mvc.support.RedirectAttributes)={[/ordens_servico/{id}/remover],methods=[DELETE]}, public org.springframework.web.servlet.ModelAndView br.com.desafiotecnico.controller.OrdemServicoController.novo(java.lang.Long,java.lang.Long)={[/ordens_servico/novo],methods=[GET]}, public org.springframework.web.servlet.ModelAndView br.com.desafiotecnico.controller.OrdemServicoController.pagar(java.lang.Long,org.springframework.web.servlet.mvc.support.RedirectAttributes)={[/ordens_servico/{id}/pagar],methods=[GET]}, public org.springframework.web.servlet.ModelAndView br.com.desafiotecnico.controller.OrdemServicoController.cancelarPagamento(java.lang.Long,org.springframework.web.servlet.mvc.support.RedirectAttributes)={[/ordens_servico/{id}/cancelar_pagamento],methods=[GET]}, public org.springframework.web.servlet.ModelAndView br.com.desafiotecnico.controller.OrdemServicoController.visualizar(java.lang.Long)={[/ordens_servico/{id}],methods=[GET]}}
09:52:44.064 [Test worker] INFO org.springframework.test.web.servlet.setup.StandaloneMockMvcBuilder$StaticRequestMappingHandlerMapping - Mapped "{[/ordens_servico/{id}/remover],methods=[GET]}" onto public org.springframework.web.servlet.ModelAndView br.com.desafiotecnico.controller.OrdemServicoController.remover(java.lang.Long)
09:52:44.064 [Test worker] INFO org.springframework.test.web.servlet.setup.StandaloneMockMvcBuilder$StaticRequestMappingHandlerMapping - Mapped "{[/ordens_servico/salvar],methods=[POST]}" onto public org.springframework.web.servlet.ModelAndView br.com.desafiotecnico.controller.OrdemServicoController.salvar(br.com.desafiotecnico.model.OrdemServico,org.springframework.validation.BindingResult,org.springframework.web.servlet.mvc.support.RedirectAttributes)
09:52:44.064 [Test worker] INFO org.springframework.test.web.servlet.setup.StandaloneMockMvcBuilder$StaticRequestMappingHandlerMapping - Mapped "{[/ordens_servico/{id}/editar],methods=[GET]}" onto public org.springframework.web.servlet.ModelAndView br.com.desafiotecnico.controller.OrdemServicoController.editar(java.lang.Long)
09:52:44.064 [Test worker] INFO org.springframework.test.web.servlet.setup.StandaloneMockMvcBuilder$StaticRequestMappingHandlerMapping - Mapped "{[/ordens_servico/{id}/remover],methods=[DELETE]}" onto public org.springframework.web.servlet.ModelAndView br.com.desafiotecnico.controller.OrdemServicoController.excluir(java.lang.Long,org.springframework.web.servlet.mvc.support.RedirectAttributes)
09:52:44.064 [Test worker] INFO org.springframework.test.web.servlet.setup.StandaloneMockMvcBuilder$StaticRequestMappingHandlerMapping - Mapped "{[/ordens_servico/novo],methods=[GET]}" onto public org.springframework.web.servlet.ModelAndView br.com.desafiotecnico.controller.OrdemServicoController.novo(java.lang.Long,java.lang.Long)
09:52:44.064 [Test worker] INFO org.springframework.test.web.servlet.setup.StandaloneMockMvcBuilder$StaticRequestMappingHandlerMapping - Mapped "{[/ordens_servico/{id}/pagar],methods=[GET]}" onto public org.springframework.web.servlet.ModelAndView br.com.desafiotecnico.controller.OrdemServicoController.pagar(java.lang.Long,org.springframework.web.servlet.mvc.support.RedirectAttributes)
09:52:44.064 [Test worker] INFO org.springframework.test.web.servlet.setup.StandaloneMockMvcBuilder$StaticRequestMappingHandlerMapping - Mapped "{[/ordens_servico/{id}/cancelar_pagamento],methods=[GET]}" onto public org.springframework.web.servlet.ModelAndView br.com.desafiotecnico.controller.OrdemServicoController.cancelarPagamento(java.lang.Long,org.springframework.web.servlet.mvc.support.RedirectAttributes)
09:52:44.064 [Test worker] INFO org.springframework.test.web.servlet.setup.StandaloneMockMvcBuilder$StaticRequestMappingHandlerMapping - Mapped "{[/ordens_servico/{id}],methods=[GET]}" onto public org.springframework.web.servlet.ModelAndView br.com.desafiotecnico.controller.OrdemServicoController.visualizar(java.lang.Long)
09:52:44.083 [Test worker] DEBUG org.hibernate.validator.internal.engine.resolver.DefaultTraversableResolver - Found javax.persistence.Persistence on classpath containing 'getPersistenceUtil'. Assuming JPA 2 environment. Trying to instantiate JPA aware TraversableResolver
09:52:44.084 [Test worker] DEBUG org.hibernate.validator.internal.engine.resolver.DefaultTraversableResolver - Instantiated JPA aware TraversableResolver of type org.hibernate.validator.internal.engine.resolver.JPATraversableResolver.
09:52:44.084 [Test worker] DEBUG org.hibernate.validator.internal.engine.ConfigurationImpl - Setting custom MessageInterpolator of type org.springframework.validation.beanvalidation.LocaleContextMessageInterpolator
09:52:44.084 [Test worker] DEBUG org.hibernate.validator.internal.engine.ConfigurationImpl - Setting custom ParameterNameProvider of type com.sun.proxy.$Proxy27
09:52:44.085 [Test worker] DEBUG org.hibernate.validator.internal.xml.ValidationXmlParser - Trying to load META-INF/validation.xml for XML based Validator configuration.
09:52:44.085 [Test worker] DEBUG org.hibernate.validator.internal.xml.ResourceLoaderHelper - Trying to load META-INF/validation.xml via TCCL
09:52:44.085 [Test worker] DEBUG org.hibernate.validator.internal.xml.ResourceLoaderHelper - Trying to load META-INF/validation.xml via Hibernate Validator's class loader
09:52:44.086 [Test worker] DEBUG org.hibernate.validator.internal.xml.ValidationXmlParser - No META-INF/validation.xml found. Using annotation based configuration only.
09:52:44.089 [Test worker] INFO org.springframework.web.servlet.mvc.method.annotation.RequestMappingHandlerAdapter - Looking for @ControllerAdvice: org.springframework.test.web.servlet.setup.StubWebApplicationContext@d394204
09:52:44.095 [Test worker] DEBUG org.springframework.web.servlet.mvc.method.annotation.ExceptionHandlerExceptionResolver - Looking for exception mappings: org.springframework.test.web.servlet.setup.StubWebApplicationContext@d394204
09:52:44.095 [Test worker] DEBUG org.springframework.test.web.servlet.TestDispatcherServlet - Initializing servlet ''
09:52:44.096 [Test worker] DEBUG org.springframework.web.context.support.StandardServletEnvironment - Adding [servletConfigInitParams] PropertySource with lowest search precedence
09:52:44.096 [Test worker] DEBUG org.springframework.web.context.support.StandardServletEnvironment - Adding [servletContextInitParams] PropertySource with lowest search precedence
09:52:44.096 [Test worker] DEBUG org.springframework.web.context.support.StandardServletEnvironment - Adding [systemProperties] PropertySource with lowest search precedence
09:52:44.096 [Test worker] DEBUG org.springframework.web.context.support.StandardServletEnvironment - Adding [systemEnvironment] PropertySource with lowest search precedence
09:52:44.097 [Test worker] DEBUG org.springframework.web.context.support.StandardServletEnvironment - Initialized StandardServletEnvironment with PropertySources [servletConfigInitParams,servletContextInitParams,systemProperties,systemEnvironment]
09:52:44.097 [Test worker] INFO org.springframework.mock.web.MockServletContext - Initializing Spring FrameworkServlet ''
09:52:44.097 [Test worker] INFO org.springframework.test.web.servlet.TestDispatcherServlet - FrameworkServlet '': initialization started
09:52:44.097 [Test worker] DEBUG org.springframework.test.web.servlet.TestDispatcherServlet - Unable to locate MultipartResolver with name 'multipartResolver': no multipart request handling provided
09:52:44.098 [Test worker] DEBUG org.springframework.test.web.servlet.TestDispatcherServlet - Using LocaleResolver [org.springframework.web.servlet.i18n.AcceptHeaderLocaleResolver@6b2db068]
09:52:44.098 [Test worker] DEBUG org.springframework.test.web.servlet.TestDispatcherServlet - Using ThemeResolver [org.springframework.web.servlet.theme.FixedThemeResolver@5a8e8b5e]
09:52:44.098 [Test worker] DEBUG org.springframework.test.web.servlet.TestDispatcherServlet - Using RequestToViewNameTranslator [org.springframework.web.servlet.view.DefaultRequestToViewNameTranslator@20e392a0]
09:52:44.098 [Test worker] DEBUG org.springframework.test.web.servlet.TestDispatcherServlet - Using FlashMapManager [org.springframework.web.servlet.support.SessionFlashMapManager@6f264fb4]
09:52:44.098 [Test worker] DEBUG org.springframework.test.web.servlet.TestDispatcherServlet - Published WebApplicationContext of servlet '' as ServletContext attribute with name [org.springframework.web.servlet.FrameworkServlet.CONTEXT.]
09:52:44.098 [Test worker] INFO org.springframework.test.web.servlet.TestDispatcherServlet - FrameworkServlet '': initialization completed in 1 ms
09:52:44.098 [Test worker] DEBUG org.springframework.test.web.servlet.TestDispatcherServlet - Servlet '' configured successfully
09:52:44.099 [Test worker] DEBUG org.springframework.test.web.servlet.TestDispatcherServlet - DispatcherServlet with name '' processing GET request for [/ordens_servico/1/pagar]
09:52:44.100 [Test worker] DEBUG org.springframework.test.web.servlet.setup.StandaloneMockMvcBuilder$StaticRequestMappingHandlerMapping - Looking up handler method for path /ordens_servico/1/pagar
09:52:44.102 [Test worker] DEBUG org.springframework.test.web.servlet.setup.StandaloneMockMvcBuilder$StaticRequestMappingHandlerMapping - Returning handler method [public org.springframework.web.servlet.ModelAndView br.com.desafiotecnico.controller.OrdemServicoController.pagar(java.lang.Long,org.springframework.web.servlet.mvc.support.RedirectAttributes)]
09:52:44.102 [Test worker] DEBUG org.springframework.test.web.servlet.TestDispatcherServlet - Last-Modified value for [/ordens_servico/1/pagar] is: -1
09:52:44.105 [Test worker] DEBUG org.springframework.test.web.servlet.TestDispatcherServlet - Rendering view [org.springframework.web.servlet.view.RedirectView: unnamed; URL [/]] in DispatcherServlet with name ''
09:52:44.105 [Test worker] DEBUG org.springframework.web.servlet.support.SessionFlashMapManager - Saving FlashMap=FlashMap [attributes={msgSuccess=Ordem de serviço paga com sucesso!}, targetRequestPath=/, targetRequestParams={}]
09:52:44.106 [Test worker] DEBUG org.springframework.test.web.servlet.TestDispatcherServlet - Successfully completed request
09:52:44.109 [Test worker] DEBUG org.springframework.core.env.StandardEnvironment - Adding [systemProperties] PropertySource with lowest search precedence
09:52:44.109 [Test worker] DEBUG org.springframework.core.env.StandardEnvironment - Adding [systemEnvironment] PropertySource with lowest search precedence
09:52:44.110 [Test worker] DEBUG org.springframework.core.env.StandardEnvironment - Initialized StandardEnvironment with PropertySources [systemProperties,systemEnvironment]
09:52:44.112 [Test worker] DEBUG org.springframework.test.web.servlet.setup.StandaloneMockMvcBuilder$StaticRequestMappingHandlerMapping - Looking for request mappings in application context: org.springframework.test.web.servlet.setup.StubWebApplicationContext@359e0757
09:52:44.115 [Test worker] DEBUG org.springframework.test.web.servlet.setup.StandaloneMockMvcBuilder$StaticRequestMappingHandlerMapping - 8 request handler methods found on class br.com.desafiotecnico.controller.OrdemServicoController: {public org.springframework.web.servlet.ModelAndView br.com.desafiotecnico.controller.OrdemServicoController.remover(java.lang.Long)={[/ordens_servico/{id}/remover],methods=[GET]}, public org.springframework.web.servlet.ModelAndView br.com.desafiotecnico.controller.OrdemServicoController.salvar(br.com.desafiotecnico.model.OrdemServico,org.springframework.validation.BindingResult,org.springframework.web.servlet.mvc.support.RedirectAttributes)={[/ordens_servico/salvar],methods=[POST]}, public org.springframework.web.servlet.ModelAndView br.com.desafiotecnico.controller.OrdemServicoController.editar(java.lang.Long)={[/ordens_servico/{id}/editar],methods=[GET]}, public org.springframework.web.servlet.ModelAndView br.com.desafiotecnico.controller.OrdemServicoController.excluir(java.lang.Long,org.springframework.web.servlet.mvc.support.RedirectAttributes)={[/ordens_servico/{id}/remover],methods=[DELETE]}, public org.springframework.web.servlet.ModelAndView br.com.desafiotecnico.controller.OrdemServicoController.novo(java.lang.Long,java.lang.Long)={[/ordens_servico/novo],methods=[GET]}, public org.springframework.web.servlet.ModelAndView br.com.desafiotecnico.controller.OrdemServicoController.pagar(java.lang.Long,org.springframework.web.servlet.mvc.support.RedirectAttributes)={[/ordens_servico/{id}/pagar],methods=[GET]}, public org.springframework.web.servlet.ModelAndView br.com.desafiotecnico.controller.OrdemServicoController.cancelarPagamento(java.lang.Long,org.springframework.web.servlet.mvc.support.RedirectAttributes)={[/ordens_servico/{id}/cancelar_pagamento],methods=[GET]}, public org.springframework.web.servlet.ModelAndView br.com.desafiotecnico.controller.OrdemServicoController.visualizar(java.lang.Long)={[/ordens_servico/{id}],methods=[GET]}}
09:52:44.115 [Test worker] INFO org.springframework.test.web.servlet.setup.StandaloneMockMvcBuilder$StaticRequestMappingHandlerMapping - Mapped "{[/ordens_servico/{id}/remover],methods=[GET]}" onto public org.springframework.web.servlet.ModelAndView br.com.desafiotecnico.controller.OrdemServicoController.remover(java.lang.Long)
09:52:44.115 [Test worker] INFO org.springframework.test.web.servlet.setup.StandaloneMockMvcBuilder$StaticRequestMappingHandlerMapping - Mapped "{[/ordens_servico/salvar],methods=[POST]}" onto public org.springframework.web.servlet.ModelAndView br.com.desafiotecnico.controller.OrdemServicoController.salvar(br.com.desafiotecnico.model.OrdemServico,org.springframework.validation.BindingResult,org.springframework.web.servlet.mvc.support.RedirectAttributes)
09:52:44.116 [Test worker] INFO org.springframework.test.web.servlet.setup.StandaloneMockMvcBuilder$StaticRequestMappingHandlerMapping - Mapped "{[/ordens_servico/{id}/editar],methods=[GET]}" onto public org.springframework.web.servlet.ModelAndView br.com.desafiotecnico.controller.OrdemServicoController.editar(java.lang.Long)
09:52:44.116 [Test worker] INFO org.springframework.test.web.servlet.setup.StandaloneMockMvcBuilder$StaticRequestMappingHandlerMapping - Mapped "{[/ordens_servico/{id}/remover],methods=[DELETE]}" onto public org.springframework.web.servlet.ModelAndView br.com.desafiotecnico.controller.OrdemServicoController.excluir(java.lang.Long,org.springframework.web.servlet.mvc.support.RedirectAttributes)
09:52:44.116 [Test worker] INFO org.springframework.test.web.servlet.setup.StandaloneMockMvcBuilder$StaticRequestMappingHandlerMapping - Mapped "{[/ordens_servico/novo],methods=[GET]}" onto public org.springframework.web.servlet.ModelAndView br.com.desafiotecnico.controller.OrdemServicoController.novo(java.lang.Long,java.lang.Long)
09:52:44.116 [Test worker] INFO org.springframework.test.web.servlet.setup.StandaloneMockMvcBuilder$StaticRequestMappingHandlerMapping - Mapped "{[/ordens_servico/{id}/pagar],methods=[GET]}" onto public org.springframework.web.servlet.ModelAndView br.com.desafiotecnico.controller.OrdemServicoController.pagar(java.lang.Long,org.springframework.web.servlet.mvc.support.RedirectAttributes)
09:52:44.116 [Test worker] INFO org.springframework.test.web.servlet.setup.StandaloneMockMvcBuilder$StaticRequestMappingHandlerMapping - Mapped "{[/ordens_servico/{id}/cancelar_pagamento],methods=[GET]}" onto public org.springframework.web.servlet.ModelAndView br.com.desafiotecnico.controller.OrdemServicoController.cancelarPagamento(java.lang.Long,org.springframework.web.servlet.mvc.support.RedirectAttributes)
09:52:44.116 [Test worker] INFO org.springframework.test.web.servlet.setup.StandaloneMockMvcBuilder$StaticRequestMappingHandlerMapping - Mapped "{[/ordens_servico/{id}],methods=[GET]}" onto public org.springframework.web.servlet.ModelAndView br.com.desafiotecnico.controller.OrdemServicoController.visualizar(java.lang.Long)
09:52:44.130 [Test worker] DEBUG org.hibernate.validator.internal.engine.resolver.DefaultTraversableResolver - Found javax.persistence.Persistence on classpath containing 'getPersistenceUtil'. Assuming JPA 2 environment. Trying to instantiate JPA aware TraversableResolver
09:52:44.130 [Test worker] DEBUG org.hibernate.validator.internal.engine.resolver.DefaultTraversableResolver - Instantiated JPA aware TraversableResolver of type org.hibernate.validator.internal.engine.resolver.JPATraversableResolver.
09:52:44.131 [Test worker] DEBUG org.hibernate.validator.internal.engine.ConfigurationImpl - Setting custom MessageInterpolator of type org.springframework.validation.beanvalidation.LocaleContextMessageInterpolator
09:52:44.132 [Test worker] DEBUG org.hibernate.validator.internal.engine.ConfigurationImpl - Setting custom ParameterNameProvider of type com.sun.proxy.$Proxy27
09:52:44.132 [Test worker] DEBUG org.hibernate.validator.internal.xml.ValidationXmlParser - Trying to load META-INF/validation.xml for XML based Validator configuration.
09:52:44.132 [Test worker] DEBUG org.hibernate.validator.internal.xml.ResourceLoaderHelper - Trying to load META-INF/validation.xml via TCCL
09:52:44.134 [Test worker] DEBUG org.hibernate.validator.internal.xml.ResourceLoaderHelper - Trying to load META-INF/validation.xml via Hibernate Validator's class loader
09:52:44.134 [Test worker] DEBUG org.hibernate.validator.internal.xml.ValidationXmlParser - No META-INF/validation.xml found. Using annotation based configuration only.
09:52:44.137 [Test worker] INFO org.springframework.web.servlet.mvc.method.annotation.RequestMappingHandlerAdapter - Looking for @ControllerAdvice: org.springframework.test.web.servlet.setup.StubWebApplicationContext@359e0757
09:52:44.141 [Test worker] DEBUG org.springframework.web.servlet.mvc.method.annotation.ExceptionHandlerExceptionResolver - Looking for exception mappings: org.springframework.test.web.servlet.setup.StubWebApplicationContext@359e0757
09:52:44.141 [Test worker] DEBUG org.springframework.test.web.servlet.TestDispatcherServlet - Initializing servlet ''
09:52:44.141 [Test worker] DEBUG org.springframework.web.context.support.StandardServletEnvironment - Adding [servletConfigInitParams] PropertySource with lowest search precedence
09:52:44.141 [Test worker] DEBUG org.springframework.web.context.support.StandardServletEnvironment - Adding [servletContextInitParams] PropertySource with lowest search precedence
09:52:44.141 [Test worker] DEBUG org.springframework.web.context.support.StandardServletEnvironment - Adding [systemProperties] PropertySource with lowest search precedence
09:52:44.142 [Test worker] DEBUG org.springframework.web.context.support.StandardServletEnvironment - Adding [systemEnvironment] PropertySource with lowest search precedence
09:52:44.142 [Test worker] DEBUG org.springframework.web.context.support.StandardServletEnvironment - Initialized StandardServletEnvironment with PropertySources [servletConfigInitParams,servletContextInitParams,systemProperties,systemEnvironment]
09:52:44.142 [Test worker] INFO org.springframework.mock.web.MockServletContext - Initializing Spring FrameworkServlet ''
09:52:44.142 [Test worker] INFO org.springframework.test.web.servlet.TestDispatcherServlet - FrameworkServlet '': initialization started
09:52:44.142 [Test worker] DEBUG org.springframework.test.web.servlet.TestDispatcherServlet - Unable to locate MultipartResolver with name 'multipartResolver': no multipart request handling provided
09:52:44.142 [Test worker] DEBUG org.springframework.test.web.servlet.TestDispatcherServlet - Using LocaleResolver [org.springframework.web.servlet.i18n.AcceptHeaderLocaleResolver@1e777a2b]
09:52:44.142 [Test worker] DEBUG org.springframework.test.web.servlet.TestDispatcherServlet - Using ThemeResolver [org.springframework.web.servlet.theme.FixedThemeResolver@46c229c9]
09:52:44.142 [Test worker] DEBUG org.springframework.test.web.servlet.TestDispatcherServlet - Using RequestToViewNameTranslator [org.springframework.web.servlet.view.DefaultRequestToViewNameTranslator@2fd114f9]
09:52:44.142 [Test worker] DEBUG org.springframework.test.web.servlet.TestDispatcherServlet - Using FlashMapManager [org.springframework.web.servlet.support.SessionFlashMapManager@b437dde]
09:52:44.142 [Test worker] DEBUG org.springframework.test.web.servlet.TestDispatcherServlet - Published WebApplicationContext of servlet '' as ServletContext attribute with name [org.springframework.web.servlet.FrameworkServlet.CONTEXT.]
09:52:44.142 [Test worker] INFO org.springframework.test.web.servlet.TestDispatcherServlet - FrameworkServlet '': initialization completed in 0 ms
09:52:44.142 [Test worker] DEBUG org.springframework.test.web.servlet.TestDispatcherServlet - Servlet '' configured successfully
09:52:44.143 [Test worker] DEBUG org.springframework.test.web.servlet.TestDispatcherServlet - DispatcherServlet with name '' processing GET request for [/ordens_servico/novo]
09:52:44.143 [Test worker] DEBUG org.springframework.test.web.servlet.setup.StandaloneMockMvcBuilder$StaticRequestMappingHandlerMapping - Looking up handler method for path /ordens_servico/novo
09:52:44.144 [Test worker] DEBUG org.springframework.test.web.servlet.setup.StandaloneMockMvcBuilder$StaticRequestMappingHandlerMapping - Returning handler method [public org.springframework.web.servlet.ModelAndView br.com.desafiotecnico.controller.OrdemServicoController.novo(java.lang.Long,java.lang.Long)]
09:52:44.144 [Test worker] DEBUG org.springframework.test.web.servlet.TestDispatcherServlet - Last-Modified value for [/ordens_servico/novo] is: -1
09:52:44.147 [Test worker] DEBUG org.springframework.test.web.servlet.TestDispatcherServlet - Rendering view [org.springframework.web.servlet.view.InternalResourceView: unnamed; URL [ordens_servico/form]] in DispatcherServlet with name ''
09:52:44.149 [Test worker] DEBUG org.springframework.web.servlet.view.InternalResourceView - Added model object 'ordemServico' of type [br.com.desafiotecnico.model.OrdemServico$$EnhancerByMockitoWithCGLIB$$6ae2fde5] to request in view with name 'null'
09:52:44.149 [Test worker] DEBUG org.springframework.web.servlet.view.InternalResourceView - Added model object 'clientes' of type [java.util.LinkedList] to request in view with name 'null'
09:52:44.149 [Test worker] DEBUG org.springframework.web.servlet.view.InternalResourceView - Added model object 'servicos' of type [java.util.LinkedList] to request in view with name 'null'
09:52:44.149 [Test worker] DEBUG org.springframework.web.servlet.view.InternalResourceView - Added model object 'org.springframework.validation.BindingResult.ordemServico' of type [org.springframework.validation.BeanPropertyBindingResult] to request in view with name 'null'
09:52:44.149 [Test worker] DEBUG org.springframework.web.servlet.view.InternalResourceView - Forwarding to resource [ordens_servico/form] in InternalResourceView 'null'
09:52:44.149 [Test worker] DEBUG org.springframework.mock.web.MockRequestDispatcher - MockRequestDispatcher: forwarding to [ordens_servico/form]
09:52:44.149 [Test worker] DEBUG org.springframework.test.web.servlet.TestDispatcherServlet - Successfully completed request
09:52:44.151 [Test worker] DEBUG org.springframework.core.env.StandardEnvironment - Adding [systemProperties] PropertySource with lowest search precedence
09:52:44.151 [Test worker] DEBUG org.springframework.core.env.StandardEnvironment - Adding [systemEnvironment] PropertySource with lowest search precedence
09:52:44.151 [Test worker] DEBUG org.springframework.core.env.StandardEnvironment - Initialized StandardEnvironment with PropertySources [systemProperties,systemEnvironment]
09:52:44.151 [Test worker] DEBUG org.springframework.test.web.servlet.setup.StandaloneMockMvcBuilder$StaticRequestMappingHandlerMapping - Looking for request mappings in application context: org.springframework.test.web.servlet.setup.StubWebApplicationContext@4d88ea16
09:52:44.155 [Test worker] DEBUG org.springframework.test.web.servlet.setup.StandaloneMockMvcBuilder$StaticRequestMappingHandlerMapping - 8 request handler methods found on class br.com.desafiotecnico.controller.OrdemServicoController: {public org.springframework.web.servlet.ModelAndView br.com.desafiotecnico.controller.OrdemServicoController.remover(java.lang.Long)={[/ordens_servico/{id}/remover],methods=[GET]}, public org.springframework.web.servlet.ModelAndView br.com.desafiotecnico.controller.OrdemServicoController.salvar(br.com.desafiotecnico.model.OrdemServico,org.springframework.validation.BindingResult,org.springframework.web.servlet.mvc.support.RedirectAttributes)={[/ordens_servico/salvar],methods=[POST]}, public org.springframework.web.servlet.ModelAndView br.com.desafiotecnico.controller.OrdemServicoController.editar(java.lang.Long)={[/ordens_servico/{id}/editar],methods=[GET]}, public org.springframework.web.servlet.ModelAndView br.com.desafiotecnico.controller.OrdemServicoController.excluir(java.lang.Long,org.springframework.web.servlet.mvc.support.RedirectAttributes)={[/ordens_servico/{id}/remover],methods=[DELETE]}, public org.springframework.web.servlet.ModelAndView br.com.desafiotecnico.controller.OrdemServicoController.novo(java.lang.Long,java.lang.Long)={[/ordens_servico/novo],methods=[GET]}, public org.springframework.web.servlet.ModelAndView br.com.desafiotecnico.controller.OrdemServicoController.pagar(java.lang.Long,org.springframework.web.servlet.mvc.support.RedirectAttributes)={[/ordens_servico/{id}/pagar],methods=[GET]}, public org.springframework.web.servlet.ModelAndView br.com.desafiotecnico.controller.OrdemServicoController.cancelarPagamento(java.lang.Long,org.springframework.web.servlet.mvc.support.RedirectAttributes)={[/ordens_servico/{id}/cancelar_pagamento],methods=[GET]}, public org.springframework.web.servlet.ModelAndView br.com.desafiotecnico.controller.OrdemServicoController.visualizar(java.lang.Long)={[/ordens_servico/{id}],methods=[GET]}}
09:52:44.155 [Test worker] INFO org.springframework.test.web.servlet.setup.StandaloneMockMvcBuilder$StaticRequestMappingHandlerMapping - Mapped "{[/ordens_servico/{id}/remover],methods=[GET]}" onto public org.springframework.web.servlet.ModelAndView br.com.desafiotecnico.controller.OrdemServicoController.remover(java.lang.Long)
09:52:44.155 [Test worker] INFO org.springframework.test.web.servlet.setup.StandaloneMockMvcBuilder$StaticRequestMappingHandlerMapping - Mapped "{[/ordens_servico/salvar],methods=[POST]}" onto public org.springframework.web.servlet.ModelAndView br.com.desafiotecnico.controller.OrdemServicoController.salvar(br.com.desafiotecnico.model.OrdemServico,org.springframework.validation.BindingResult,org.springframework.web.servlet.mvc.support.RedirectAttributes)
09:52:44.155 [Test worker] INFO org.springframework.test.web.servlet.setup.StandaloneMockMvcBuilder$StaticRequestMappingHandlerMapping - Mapped "{[/ordens_servico/{id}/editar],methods=[GET]}" onto public org.springframework.web.servlet.ModelAndView br.com.desafiotecnico.controller.OrdemServicoController.editar(java.lang.Long)
09:52:44.155 [Test worker] INFO org.springframework.test.web.servlet.setup.StandaloneMockMvcBuilder$StaticRequestMappingHandlerMapping - Mapped "{[/ordens_servico/{id}/remover],methods=[DELETE]}" onto public org.springframework.web.servlet.ModelAndView br.com.desafiotecnico.controller.OrdemServicoController.excluir(java.lang.Long,org.springframework.web.servlet.mvc.support.RedirectAttributes)
09:52:44.155 [Test worker] INFO org.springframework.test.web.servlet.setup.StandaloneMockMvcBuilder$StaticRequestMappingHandlerMapping - Mapped "{[/ordens_servico/novo],methods=[GET]}" onto public org.springframework.web.servlet.ModelAndView br.com.desafiotecnico.controller.OrdemServicoController.novo(java.lang.Long,java.lang.Long)
09:52:44.156 [Test worker] INFO org.springframework.test.web.servlet.setup.StandaloneMockMvcBuilder$StaticRequestMappingHandlerMapping - Mapped "{[/ordens_servico/{id}/pagar],methods=[GET]}" onto public org.springframework.web.servlet.ModelAndView br.com.desafiotecnico.controller.OrdemServicoController.pagar(java.lang.Long,org.springframework.web.servlet.mvc.support.RedirectAttributes)
09:52:44.156 [Test worker] INFO org.springframework.test.web.servlet.setup.StandaloneMockMvcBuilder$StaticRequestMappingHandlerMapping - Mapped "{[/ordens_servico/{id}/cancelar_pagamento],methods=[GET]}" onto public org.springframework.web.servlet.ModelAndView br.com.desafiotecnico.controller.OrdemServicoController.cancelarPagamento(java.lang.Long,org.springframework.web.servlet.mvc.support.RedirectAttributes)
09:52:44.156 [Test worker] INFO org.springframework.test.web.servlet.setup.StandaloneMockMvcBuilder$StaticRequestMappingHandlerMapping - Mapped "{[/ordens_servico/{id}],methods=[GET]}" onto public org.springframework.web.servlet.ModelAndView br.com.desafiotecnico.controller.OrdemServicoController.visualizar(java.lang.Long)
09:52:44.165 [Test worker] DEBUG org.hibernate.validator.internal.engine.resolver.DefaultTraversableResolver - Found javax.persistence.Persistence on classpath containing 'getPersistenceUtil'. Assuming JPA 2 environment. Trying to instantiate JPA aware TraversableResolver
09:52:44.165 [Test worker] DEBUG org.hibernate.validator.internal.engine.resolver.DefaultTraversableResolver - Instantiated JPA aware TraversableResolver of type org.hibernate.validator.internal.engine.resolver.JPATraversableResolver.
09:52:44.165 [Test worker] DEBUG org.hibernate.validator.internal.engine.ConfigurationImpl - Setting custom MessageInterpolator of type org.springframework.validation.beanvalidation.LocaleContextMessageInterpolator
09:52:44.165 [Test worker] DEBUG org.hibernate.validator.internal.engine.ConfigurationImpl - Setting custom ParameterNameProvider of type com.sun.proxy.$Proxy27
09:52:44.165 [Test worker] DEBUG org.hibernate.validator.internal.xml.ValidationXmlParser - Trying to load META-INF/validation.xml for XML based Validator configuration.
09:52:44.165 [Test worker] DEBUG org.hibernate.validator.internal.xml.ResourceLoaderHelper - Trying to load META-INF/validation.xml via TCCL
09:52:44.166 [Test worker] DEBUG org.hibernate.validator.internal.xml.ResourceLoaderHelper - Trying to load META-INF/validation.xml via Hibernate Validator's class loader
09:52:44.166 [Test worker] DEBUG org.hibernate.validator.internal.xml.ValidationXmlParser - No META-INF/validation.xml found. Using annotation based configuration only.
09:52:44.168 [Test worker] INFO org.springframework.web.servlet.mvc.method.annotation.RequestMappingHandlerAdapter - Looking for @ControllerAdvice: org.springframework.test.web.servlet.setup.StubWebApplicationContext@4d88ea16
09:52:44.176 [Test worker] DEBUG org.springframework.web.servlet.mvc.method.annotation.ExceptionHandlerExceptionResolver - Looking for exception mappings: org.springframework.test.web.servlet.setup.StubWebApplicationContext@4d88ea16
09:52:44.177 [Test worker] DEBUG org.springframework.test.web.servlet.TestDispatcherServlet - Initializing servlet ''
09:52:44.177 [Test worker] DEBUG org.springframework.web.context.support.StandardServletEnvironment - Adding [servletConfigInitParams] PropertySource with lowest search precedence
09:52:44.178 [Test worker] DEBUG org.springframework.web.context.support.StandardServletEnvironment - Adding [servletContextInitParams] PropertySource with lowest search precedence
09:52:44.178 [Test worker] DEBUG org.springframework.web.context.support.StandardServletEnvironment - Adding [systemProperties] PropertySource with lowest search precedence
09:52:44.178 [Test worker] DEBUG org.springframework.web.context.support.StandardServletEnvironment - Adding [systemEnvironment] PropertySource with lowest search precedence
09:52:44.178 [Test worker] DEBUG org.springframework.web.context.support.StandardServletEnvironment - Initialized StandardServletEnvironment with PropertySources [servletConfigInitParams,servletContextInitParams,systemProperties,systemEnvironment]
09:52:44.178 [Test worker] INFO org.springframework.mock.web.MockServletContext - Initializing Spring FrameworkServlet ''
09:52:44.179 [Test worker] INFO org.springframework.test.web.servlet.TestDispatcherServlet - FrameworkServlet '': initialization started
09:52:44.179 [Test worker] DEBUG org.springframework.test.web.servlet.TestDispatcherServlet - Unable to locate MultipartResolver with name 'multipartResolver': no multipart request handling provided
09:52:44.179 [Test worker] DEBUG org.springframework.test.web.servlet.TestDispatcherServlet - Using LocaleResolver [org.springframework.web.servlet.i18n.AcceptHeaderLocaleResolver@3321874d]
09:52:44.179 [Test worker] DEBUG org.springframework.test.web.servlet.TestDispatcherServlet - Using ThemeResolver [org.springframework.web.servlet.theme.FixedThemeResolver@668331d3]
09:52:44.179 [Test worker] DEBUG org.springframework.test.web.servlet.TestDispatcherServlet - Using RequestToViewNameTranslator [org.springframework.web.servlet.view.DefaultRequestToViewNameTranslator@47afe01a]
09:52:44.180 [Test worker] DEBUG org.springframework.test.web.servlet.TestDispatcherServlet - Using FlashMapManager [org.springframework.web.servlet.support.SessionFlashMapManager@78a02d26]
09:52:44.180 [Test worker] DEBUG org.springframework.test.web.servlet.TestDispatcherServlet - Published WebApplicationContext of servlet '' as ServletContext attribute with name [org.springframework.web.servlet.FrameworkServlet.CONTEXT.]
09:52:44.180 [Test worker] INFO org.springframework.test.web.servlet.TestDispatcherServlet - FrameworkServlet '': initialization completed in 1 ms
09:52:44.180 [Test worker] DEBUG org.springframework.test.web.servlet.TestDispatcherServlet - Servlet '' configured successfully
09:52:44.180 [Test worker] DEBUG org.springframework.test.web.servlet.TestDispatcherServlet - DispatcherServlet with name '' processing POST request for [/ordens_servico/salvar]
09:52:44.180 [Test worker] DEBUG org.springframework.test.web.servlet.setup.StandaloneMockMvcBuilder$StaticRequestMappingHandlerMapping - Looking up handler method for path /ordens_servico/salvar
09:52:44.182 [Test worker] DEBUG org.springframework.test.web.servlet.setup.StandaloneMockMvcBuilder$StaticRequestMappingHandlerMapping - Returning handler method [public org.springframework.web.servlet.ModelAndView br.com.desafiotecnico.controller.OrdemServicoController.salvar(br.com.desafiotecnico.model.OrdemServico,org.springframework.validation.BindingResult,org.springframework.web.servlet.mvc.support.RedirectAttributes)]
09:52:44.192 [Test worker] DEBUG org.hibernate.validator.resourceloading.PlatformResourceBundleLocator - ValidationMessages not found.
09:52:44.192 [Test worker] DEBUG org.hibernate.validator.resourceloading.PlatformResourceBundleLocator - ContributorValidationMessages not found.
09:52:44.193 [Test worker] DEBUG org.hibernate.validator.resourceloading.PlatformResourceBundleLocator - org.hibernate.validator.ValidationMessages found.
09:52:44.193 [Test worker] DEBUG org.hibernate.validator.resourceloading.PlatformResourceBundleLocator - ValidationMessages not found.
09:52:44.193 [Test worker] DEBUG org.hibernate.validator.resourceloading.PlatformResourceBundleLocator - ContributorValidationMessages not found.
09:52:44.193 [Test worker] DEBUG org.hibernate.validator.resourceloading.PlatformResourceBundleLocator - org.hibernate.validator.ValidationMessages found.
09:52:44.194 [Test worker] DEBUG org.hibernate.validator.resourceloading.PlatformResourceBundleLocator - ValidationMessages not found.
09:52:44.194 [Test worker] DEBUG org.hibernate.validator.resourceloading.PlatformResourceBundleLocator - ContributorValidationMessages not found.
09:52:44.194 [Test worker] DEBUG org.hibernate.validator.resourceloading.PlatformResourceBundleLocator - org.hibernate.validator.ValidationMessages found.
09:52:44.195 [Test worker] DEBUG org.hibernate.validator.resourceloading.PlatformResourceBundleLocator - ValidationMessages not found.
09:52:44.196 [Test worker] DEBUG org.hibernate.validator.resourceloading.PlatformResourceBundleLocator - ContributorValidationMessages not found.
09:52:44.196 [Test worker] DEBUG org.hibernate.validator.resourceloading.PlatformResourceBundleLocator - org.hibernate.validator.ValidationMessages found.
09:52:44.196 [Test worker] DEBUG org.hibernate.validator.resourceloading.PlatformResourceBundleLocator - ValidationMessages not found.
09:52:44.196 [Test worker] DEBUG org.hibernate.validator.resourceloading.PlatformResourceBundleLocator - ContributorValidationMessages not found.
09:52:44.196 [Test worker] DEBUG org.hibernate.validator.resourceloading.PlatformResourceBundleLocator - org.hibernate.validator.ValidationMessages found.
09:52:44.199 [Test worker] DEBUG org.springframework.test.web.servlet.TestDispatcherServlet - Rendering view [org.springframework.web.servlet.view.InternalResourceView: unnamed; URL [ordens_servico/form]] in DispatcherServlet with name ''
09:52:44.199 [Test worker] DEBUG org.springframework.web.servlet.view.InternalResourceView - Added model object 'ordemServico' of type [br.com.desafiotecnico.model.OrdemServico] to request in view with name 'null'
09:52:44.199 [Test worker] DEBUG org.springframework.web.servlet.view.InternalResourceView - Added model object 'org.springframework.validation.BindingResult.ordemServico' of type [org.springframework.validation.BeanPropertyBindingResult] to request in view with name 'null'
09:52:44.199 [Test worker] DEBUG org.springframework.web.servlet.view.InternalResourceView - Added model object 'clientes' of type [java.util.LinkedList] to request in view with name 'null'
09:52:44.199 [Test worker] DEBUG org.springframework.web.servlet.view.InternalResourceView - Added model object 'servicos' of type [java.util.LinkedList] to request in view with name 'null'
09:52:44.199 [Test worker] DEBUG org.springframework.web.servlet.view.InternalResourceView - Forwarding to resource [ordens_servico/form] in InternalResourceView 'null'
09:52:44.199 [Test worker] DEBUG org.springframework.mock.web.MockRequestDispatcher - MockRequestDispatcher: forwarding to [ordens_servico/form]
09:52:44.199 [Test worker] DEBUG org.springframework.test.web.servlet.TestDispatcherServlet - Successfully completed request
09:52:44.201 [Test worker] DEBUG org.springframework.core.env.StandardEnvironment - Adding [systemProperties] PropertySource with lowest search precedence
09:52:44.201 [Test worker] DEBUG org.springframework.core.env.StandardEnvironment - Adding [systemEnvironment] PropertySource with lowest search precedence
09:52:44.201 [Test worker] DEBUG org.springframework.core.env.StandardEnvironment - Initialized StandardEnvironment with PropertySources [systemProperties,systemEnvironment]
09:52:44.202 [Test worker] DEBUG org.springframework.test.web.servlet.setup.StandaloneMockMvcBuilder$StaticRequestMappingHandlerMapping - Looking for request mappings in application context: org.springframework.test.web.servlet.setup.StubWebApplicationContext@5564de5f
09:52:44.204 [Test worker] DEBUG org.springframework.test.web.servlet.setup.StandaloneMockMvcBuilder$StaticRequestMappingHandlerMapping - 8 request handler methods found on class br.com.desafiotecnico.controller.OrdemServicoController: {public org.springframework.web.servlet.ModelAndView br.com.desafiotecnico.controller.OrdemServicoController.remover(java.lang.Long)={[/ordens_servico/{id}/remover],methods=[GET]}, public org.springframework.web.servlet.ModelAndView br.com.desafiotecnico.controller.OrdemServicoController.salvar(br.com.desafiotecnico.model.OrdemServico,org.springframework.validation.BindingResult,org.springframework.web.servlet.mvc.support.RedirectAttributes)={[/ordens_servico/salvar],methods=[POST]}, public org.springframework.web.servlet.ModelAndView br.com.desafiotecnico.controller.OrdemServicoController.editar(java.lang.Long)={[/ordens_servico/{id}/editar],methods=[GET]}, public org.springframework.web.servlet.ModelAndView br.com.desafiotecnico.controller.OrdemServicoController.excluir(java.lang.Long,org.springframework.web.servlet.mvc.support.RedirectAttributes)={[/ordens_servico/{id}/remover],methods=[DELETE]}, public org.springframework.web.servlet.ModelAndView br.com.desafiotecnico.controller.OrdemServicoController.novo(java.lang.Long,java.lang.Long)={[/ordens_servico/novo],methods=[GET]}, public org.springframework.web.servlet.ModelAndView br.com.desafiotecnico.controller.OrdemServicoController.pagar(java.lang.Long,org.springframework.web.servlet.mvc.support.RedirectAttributes)={[/ordens_servico/{id}/pagar],methods=[GET]}, public org.springframework.web.servlet.ModelAndView br.com.desafiotecnico.controller.OrdemServicoController.cancelarPagamento(java.lang.Long,org.springframework.web.servlet.mvc.support.RedirectAttributes)={[/ordens_servico/{id}/cancelar_pagamento],methods=[GET]}, public org.springframework.web.servlet.ModelAndView br.com.desafiotecnico.controller.OrdemServicoController.visualizar(java.lang.Long)={[/ordens_servico/{id}],methods=[GET]}}
09:52:44.205 [Test worker] INFO org.springframework.test.web.servlet.setup.StandaloneMockMvcBuilder$StaticRequestMappingHandlerMapping - Mapped "{[/ordens_servico/{id}/remover],methods=[GET]}" onto public org.springframework.web.servlet.ModelAndView br.com.desafiotecnico.controller.OrdemServicoController.remover(java.lang.Long)
09:52:44.206 [Test worker] INFO org.springframework.test.web.servlet.setup.StandaloneMockMvcBuilder$StaticRequestMappingHandlerMapping - Mapped "{[/ordens_servico/salvar],methods=[POST]}" onto public org.springframework.web.servlet.ModelAndView br.com.desafiotecnico.controller.OrdemServicoController.salvar(br.com.desafiotecnico.model.OrdemServico,org.springframework.validation.BindingResult,org.springframework.web.servlet.mvc.support.RedirectAttributes)
09:52:44.206 [Test worker] INFO org.springframework.test.web.servlet.setup.StandaloneMockMvcBuilder$StaticRequestMappingHandlerMapping - Mapped "{[/ordens_servico/{id}/editar],methods=[GET]}" onto public org.springframework.web.servlet.ModelAndView br.com.desafiotecnico.controller.OrdemServicoController.editar(java.lang.Long)
09:52:44.206 [Test worker] INFO org.springframework.test.web.servlet.setup.StandaloneMockMvcBuilder$StaticRequestMappingHandlerMapping - Mapped "{[/ordens_servico/{id}/remover],methods=[DELETE]}" onto public org.springframework.web.servlet.ModelAndView br.com.desafiotecnico.controller.OrdemServicoController.excluir(java.lang.Long,org.springframework.web.servlet.mvc.support.RedirectAttributes)
09:52:44.206 [Test worker] INFO org.springframework.test.web.servlet.setup.StandaloneMockMvcBuilder$StaticRequestMappingHandlerMapping - Mapped "{[/ordens_servico/novo],methods=[GET]}" onto public org.springframework.web.servlet.ModelAndView br.com.desafiotecnico.controller.OrdemServicoController.novo(java.lang.Long,java.lang.Long)
09:52:44.206 [Test worker] INFO org.springframework.test.web.servlet.setup.StandaloneMockMvcBuilder$StaticRequestMappingHandlerMapping - Mapped "{[/ordens_servico/{id}/pagar],methods=[GET]}" onto public org.springframework.web.servlet.ModelAndView br.com.desafiotecnico.controller.OrdemServicoController.pagar(java.lang.Long,org.springframework.web.servlet.mvc.support.RedirectAttributes)
09:52:44.206 [Test worker] INFO org.springframework.test.web.servlet.setup.StandaloneMockMvcBuilder$StaticRequestMappingHandlerMapping - Mapped "{[/ordens_servico/{id}/cancelar_pagamento],methods=[GET]}" onto public org.springframework.web.servlet.ModelAndView br.com.desafiotecnico.controller.OrdemServicoController.cancelarPagamento(java.lang.Long,org.springframework.web.servlet.mvc.support.RedirectAttributes)
09:52:44.206 [Test worker] INFO org.springframework.test.web.servlet.setup.StandaloneMockMvcBuilder$StaticRequestMappingHandlerMapping - Mapped "{[/ordens_servico/{id}],methods=[GET]}" onto public org.springframework.web.servlet.ModelAndView br.com.desafiotecnico.controller.OrdemServicoController.visualizar(java.lang.Long)
09:52:44.228 [Test worker] DEBUG org.hibernate.validator.internal.engine.resolver.DefaultTraversableResolver - Found javax.persistence.Persistence on classpath containing 'getPersistenceUtil'. Assuming JPA 2 environment. Trying to instantiate JPA aware TraversableResolver
09:52:44.230 [Test worker] DEBUG org.hibernate.validator.internal.engine.resolver.DefaultTraversableResolver - Instantiated JPA aware TraversableResolver of type org.hibernate.validator.internal.engine.resolver.JPATraversableResolver.
09:52:44.230 [Test worker] DEBUG org.hibernate.validator.internal.engine.ConfigurationImpl - Setting custom MessageInterpolator of type org.springframework.validation.beanvalidation.LocaleContextMessageInterpolator
09:52:44.231 [Test worker] DEBUG org.hibernate.validator.internal.engine.ConfigurationImpl - Setting custom ParameterNameProvider of type com.sun.proxy.$Proxy27
09:52:44.231 [Test worker] DEBUG org.hibernate.validator.internal.xml.ValidationXmlParser - Trying to load META-INF/validation.xml for XML based Validator configuration.
09:52:44.231 [Test worker] DEBUG org.hibernate.validator.internal.xml.ResourceLoaderHelper - Trying to load META-INF/validation.xml via TCCL
09:52:44.231 [Test worker] DEBUG org.hibernate.validator.internal.xml.ResourceLoaderHelper - Trying to load META-INF/validation.xml via Hibernate Validator's class loader
09:52:44.232 [Test worker] DEBUG org.hibernate.validator.internal.xml.ValidationXmlParser - No META-INF/validation.xml found. Using annotation based configuration only.
09:52:44.234 [Test worker] INFO org.springframework.web.servlet.mvc.method.annotation.RequestMappingHandlerAdapter - Looking for @ControllerAdvice: org.springframework.test.web.servlet.setup.StubWebApplicationContext@5564de5f
09:52:44.238 [Test worker] DEBUG org.springframework.web.servlet.mvc.method.annotation.ExceptionHandlerExceptionResolver - Looking for exception mappings: org.springframework.test.web.servlet.setup.StubWebApplicationContext@5564de5f
09:52:44.239 [Test worker] DEBUG org.springframework.test.web.servlet.TestDispatcherServlet - Initializing servlet ''
09:52:44.239 [Test worker] DEBUG org.springframework.web.context.support.StandardServletEnvironment - Adding [servletConfigInitParams] PropertySource with lowest search precedence
09:52:44.239 [Test worker] DEBUG org.springframework.web.context.support.StandardServletEnvironment - Adding [servletContextInitParams] PropertySource with lowest search precedence
09:52:44.239 [Test worker] DEBUG org.springframework.web.context.support.StandardServletEnvironment - Adding [systemProperties] PropertySource with lowest search precedence
09:52:44.239 [Test worker] DEBUG org.springframework.web.context.support.StandardServletEnvironment - Adding [systemEnvironment] PropertySource with lowest search precedence
09:52:44.239 [Test worker] DEBUG org.springframework.web.context.support.StandardServletEnvironment - Initialized StandardServletEnvironment with PropertySources [servletConfigInitParams,servletContextInitParams,systemProperties,systemEnvironment]
09:52:44.239 [Test worker] INFO org.springframework.mock.web.MockServletContext - Initializing Spring FrameworkServlet ''
09:52:44.239 [Test worker] INFO org.springframework.test.web.servlet.TestDispatcherServlet - FrameworkServlet '': initialization started
09:52:44.239 [Test worker] DEBUG org.springframework.test.web.servlet.TestDispatcherServlet - Unable to locate MultipartResolver with name 'multipartResolver': no multipart request handling provided
09:52:44.239 [Test worker] DEBUG org.springframework.test.web.servlet.TestDispatcherServlet - Using LocaleResolver [org.springframework.web.servlet.i18n.AcceptHeaderLocaleResolver@50c1e587]
09:52:44.239 [Test worker] DEBUG org.springframework.test.web.servlet.TestDispatcherServlet - Using ThemeResolver [org.springframework.web.servlet.theme.FixedThemeResolver@795fbb39]
09:52:44.239 [Test worker] DEBUG org.springframework.test.web.servlet.TestDispatcherServlet - Using RequestToViewNameTranslator [org.springframework.web.servlet.view.DefaultRequestToViewNameTranslator@5c47e83]
09:52:44.239 [Test worker] DEBUG org.springframework.test.web.servlet.TestDispatcherServlet - Using FlashMapManager [org.springframework.web.servlet.support.SessionFlashMapManager@360434a3]
09:52:44.239 [Test worker] DEBUG org.springframework.test.web.servlet.TestDispatcherServlet - Published WebApplicationContext of servlet '' as ServletContext attribute with name [org.springframework.web.servlet.FrameworkServlet.CONTEXT.]
09:52:44.239 [Test worker] INFO org.springframework.test.web.servlet.TestDispatcherServlet - FrameworkServlet '': initialization completed in 0 ms
09:52:44.239 [Test worker] DEBUG org.springframework.test.web.servlet.TestDispatcherServlet - Servlet '' configured successfully
09:52:44.240 [Test worker] DEBUG org.springframework.test.web.servlet.TestDispatcherServlet - DispatcherServlet with name '' processing GET request for [/ordens_servico/1]
09:52:44.240 [Test worker] DEBUG org.springframework.test.web.servlet.setup.StandaloneMockMvcBuilder$StaticRequestMappingHandlerMapping - Looking up handler method for path /ordens_servico/1
09:52:44.241 [Test worker] DEBUG org.springframework.test.web.servlet.setup.StandaloneMockMvcBuilder$StaticRequestMappingHandlerMapping - Returning handler method [public org.springframework.web.servlet.ModelAndView br.com.desafiotecnico.controller.OrdemServicoController.visualizar(java.lang.Long)]
09:52:44.241 [Test worker] DEBUG org.springframework.test.web.servlet.TestDispatcherServlet - Last-Modified value for [/ordens_servico/1] is: -1
09:52:44.243 [Test worker] DEBUG org.springframework.test.web.servlet.TestDispatcherServlet - Rendering view [org.springframework.web.servlet.view.InternalResourceView: unnamed; URL [ordens_servico/visualizar]] in DispatcherServlet with name ''
09:52:44.243 [Test worker] DEBUG org.springframework.web.servlet.view.InternalResourceView - Added model object 'id' of type [java.lang.Long] to request in view with name 'null'
09:52:44.243 [Test worker] DEBUG org.springframework.web.servlet.view.InternalResourceView - Added model object 'ordemServico' of type [br.com.desafiotecnico.model.OrdemServico$$EnhancerByMockitoWithCGLIB$$6ae2fde5] to request in view with name 'null'
09:52:44.243 [Test worker] DEBUG org.springframework.web.servlet.view.InternalResourceView - Added model object 'org.springframework.validation.BindingResult.ordemServico' of type [org.springframework.validation.BeanPropertyBindingResult] to request in view with name 'null'
09:52:44.243 [Test worker] DEBUG org.springframework.web.servlet.view.InternalResourceView - Forwarding to resource [ordens_servico/visualizar] in InternalResourceView 'null'
09:52:44.243 [Test worker] DEBUG org.springframework.mock.web.MockRequestDispatcher - MockRequestDispatcher: forwarding to [ordens_servico/visualizar]
09:52:44.243 [Test worker] DEBUG org.springframework.test.web.servlet.TestDispatcherServlet - Successfully completed request
09:52:44.246 [Test worker] DEBUG org.springframework.core.env.StandardEnvironment - Adding [systemProperties] PropertySource with lowest search precedence
09:52:44.246 [Test worker] DEBUG org.springframework.core.env.StandardEnvironment - Adding [systemEnvironment] PropertySource with lowest search precedence
09:52:44.246 [Test worker] DEBUG org.springframework.core.env.StandardEnvironment - Initialized StandardEnvironment with PropertySources [systemProperties,systemEnvironment]
09:52:44.247 [Test worker] DEBUG org.springframework.test.web.servlet.setup.StandaloneMockMvcBuilder$StaticRequestMappingHandlerMapping - Looking for request mappings in application context: org.springframework.test.web.servlet.setup.StubWebApplicationContext@4f46f7a6
09:52:44.254 [Test worker] DEBUG org.springframework.test.web.servlet.setup.StandaloneMockMvcBuilder$StaticRequestMappingHandlerMapping - 8 request handler methods found on class br.com.desafiotecnico.controller.OrdemServicoController: {public org.springframework.web.servlet.ModelAndView br.com.desafiotecnico.controller.OrdemServicoController.remover(java.lang.Long)={[/ordens_servico/{id}/remover],methods=[GET]}, public org.springframework.web.servlet.ModelAndView br.com.desafiotecnico.controller.OrdemServicoController.salvar(br.com.desafiotecnico.model.OrdemServico,org.springframework.validation.BindingResult,org.springframework.web.servlet.mvc.support.RedirectAttributes)={[/ordens_servico/salvar],methods=[POST]}, public org.springframework.web.servlet.ModelAndView br.com.desafiotecnico.controller.OrdemServicoController.editar(java.lang.Long)={[/ordens_servico/{id}/editar],methods=[GET]}, public org.springframework.web.servlet.ModelAndView br.com.desafiotecnico.controller.OrdemServicoController.excluir(java.lang.Long,org.springframework.web.servlet.mvc.support.RedirectAttributes)={[/ordens_servico/{id}/remover],methods=[DELETE]}, public org.springframework.web.servlet.ModelAndView br.com.desafiotecnico.controller.OrdemServicoController.novo(java.lang.Long,java.lang.Long)={[/ordens_servico/novo],methods=[GET]}, public org.springframework.web.servlet.ModelAndView br.com.desafiotecnico.controller.OrdemServicoController.pagar(java.lang.Long,org.springframework.web.servlet.mvc.support.RedirectAttributes)={[/ordens_servico/{id}/pagar],methods=[GET]}, public org.springframework.web.servlet.ModelAndView br.com.desafiotecnico.controller.OrdemServicoController.cancelarPagamento(java.lang.Long,org.springframework.web.servlet.mvc.support.RedirectAttributes)={[/ordens_servico/{id}/cancelar_pagamento],methods=[GET]}, public org.springframework.web.servlet.ModelAndView br.com.desafiotecnico.controller.OrdemServicoController.visualizar(java.lang.Long)={[/ordens_servico/{id}],methods=[GET]}}
09:52:44.255 [Test worker] INFO org.springframework.test.web.servlet.setup.StandaloneMockMvcBuilder$StaticRequestMappingHandlerMapping - Mapped "{[/ordens_servico/{id}/remover],methods=[GET]}" onto public org.springframework.web.servlet.ModelAndView br.com.desafiotecnico.controller.OrdemServicoController.remover(java.lang.Long)
09:52:44.255 [Test worker] INFO org.springframework.test.web.servlet.setup.StandaloneMockMvcBuilder$StaticRequestMappingHandlerMapping - Mapped "{[/ordens_servico/salvar],methods=[POST]}" onto public org.springframework.web.servlet.ModelAndView br.com.desafiotecnico.controller.OrdemServicoController.salvar(br.com.desafiotecnico.model.OrdemServico,org.springframework.validation.BindingResult,org.springframework.web.servlet.mvc.support.RedirectAttributes)
09:52:44.255 [Test worker] INFO org.springframework.test.web.servlet.setup.StandaloneMockMvcBuilder$StaticRequestMappingHandlerMapping - Mapped "{[/ordens_servico/{id}/editar],methods=[GET]}" onto public org.springframework.web.servlet.ModelAndView br.com.desafiotecnico.controller.OrdemServicoController.editar(java.lang.Long)
09:52:44.255 [Test worker] INFO org.springframework.test.web.servlet.setup.StandaloneMockMvcBuilder$StaticRequestMappingHandlerMapping - Mapped "{[/ordens_servico/{id}/remover],methods=[DELETE]}" onto public org.springframework.web.servlet.ModelAndView br.com.desafiotecnico.controller.OrdemServicoController.excluir(java.lang.Long,org.springframework.web.servlet.mvc.support.RedirectAttributes)
09:52:44.255 [Test worker] INFO org.springframework.test.web.servlet.setup.StandaloneMockMvcBuilder$StaticRequestMappingHandlerMapping - Mapped "{[/ordens_servico/novo],methods=[GET]}" onto public org.springframework.web.servlet.ModelAndView br.com.desafiotecnico.controller.OrdemServicoController.novo(java.lang.Long,java.lang.Long)
09:52:44.255 [Test worker] INFO org.springframework.test.web.servlet.setup.StandaloneMockMvcBuilder$StaticRequestMappingHandlerMapping - Mapped "{[/ordens_servico/{id}/pagar],methods=[GET]}" onto public org.springframework.web.servlet.ModelAndView br.com.desafiotecnico.controller.OrdemServicoController.pagar(java.lang.Long,org.springframework.web.servlet.mvc.support.RedirectAttributes)
09:52:44.256 [Test worker] INFO org.springframework.test.web.servlet.setup.StandaloneMockMvcBuilder$StaticRequestMappingHandlerMapping - Mapped "{[/ordens_servico/{id}/cancelar_pagamento],methods=[GET]}" onto public org.springframework.web.servlet.ModelAndView br.com.desafiotecnico.controller.OrdemServicoController.cancelarPagamento(java.lang.Long,org.springframework.web.servlet.mvc.support.RedirectAttributes)
09:52:44.256 [Test worker] INFO org.springframework.test.web.servlet.setup.StandaloneMockMvcBuilder$StaticRequestMappingHandlerMapping - Mapped "{[/ordens_servico/{id}],methods=[GET]}" onto public org.springframework.web.servlet.ModelAndView br.com.desafiotecnico.controller.OrdemServicoController.visualizar(java.lang.Long)
09:52:44.265 [Test worker] DEBUG org.hibernate.validator.internal.engine.resolver.DefaultTraversableResolver - Found javax.persistence.Persistence on classpath containing 'getPersistenceUtil'. Assuming JPA 2 environment. Trying to instantiate JPA aware TraversableResolver
09:52:44.265 [Test worker] DEBUG org.hibernate.validator.internal.engine.resolver.DefaultTraversableResolver - Instantiated JPA aware TraversableResolver of type org.hibernate.validator.internal.engine.resolver.JPATraversableResolver.
09:52:44.265 [Test worker] DEBUG org.hibernate.validator.internal.engine.ConfigurationImpl - Setting custom MessageInterpolator of type org.springframework.validation.beanvalidation.LocaleContextMessageInterpolator
09:52:44.265 [Test worker] DEBUG org.hibernate.validator.internal.engine.ConfigurationImpl - Setting custom ParameterNameProvider of type com.sun.proxy.$Proxy27
09:52:44.265 [Test worker] DEBUG org.hibernate.validator.internal.xml.ValidationXmlParser - Trying to load META-INF/validation.xml for XML based Validator configuration.
09:52:44.265 [Test worker] DEBUG org.hibernate.validator.internal.xml.ResourceLoaderHelper - Trying to load META-INF/validation.xml via TCCL
09:52:44.266 [Test worker] DEBUG org.hibernate.validator.internal.xml.ResourceLoaderHelper - Trying to load META-INF/validation.xml via Hibernate Validator's class loader
09:52:44.266 [Test worker] DEBUG org.hibernate.validator.internal.xml.ValidationXmlParser - No META-INF/validation.xml found. Using annotation based configuration only.
09:52:44.272 [Test worker] INFO org.springframework.web.servlet.mvc.method.annotation.RequestMappingHandlerAdapter - Looking for @ControllerAdvice: org.springframework.test.web.servlet.setup.StubWebApplicationContext@4f46f7a6
09:52:44.277 [Test worker] DEBUG org.springframework.web.servlet.mvc.method.annotation.ExceptionHandlerExceptionResolver - Looking for exception mappings: org.springframework.test.web.servlet.setup.StubWebApplicationContext@4f46f7a6
09:52:44.278 [Test worker] DEBUG org.springframework.test.web.servlet.TestDispatcherServlet - Initializing servlet ''
09:52:44.278 [Test worker] DEBUG org.springframework.web.context.support.StandardServletEnvironment - Adding [servletConfigInitParams] PropertySource with lowest search precedence
09:52:44.278 [Test worker] DEBUG org.springframework.web.context.support.StandardServletEnvironment - Adding [servletContextInitParams] PropertySource with lowest search precedence
09:52:44.278 [Test worker] DEBUG org.springframework.web.context.support.StandardServletEnvironment - Adding [systemProperties] PropertySource with lowest search precedence
09:52:44.279 [Test worker] DEBUG org.springframework.web.context.support.StandardServletEnvironment - Adding [systemEnvironment] PropertySource with lowest search precedence
09:52:44.284 [Test worker] DEBUG org.springframework.web.context.support.StandardServletEnvironment - Initialized StandardServletEnvironment with PropertySources [servletConfigInitParams,servletContextInitParams,systemProperties,systemEnvironment]
09:52:44.284 [Test worker] INFO org.springframework.mock.web.MockServletContext - Initializing Spring FrameworkServlet ''
09:52:44.285 [Test worker] INFO org.springframework.test.web.servlet.TestDispatcherServlet - FrameworkServlet '': initialization started
09:52:44.285 [Test worker] DEBUG org.springframework.test.web.servlet.TestDispatcherServlet - Unable to locate MultipartResolver with name 'multipartResolver': no multipart request handling provided
09:52:44.285 [Test worker] DEBUG org.springframework.test.web.servlet.TestDispatcherServlet - Using LocaleResolver [org.springframework.web.servlet.i18n.AcceptHeaderLocaleResolver@b8454f1]
09:52:44.285 [Test worker] DEBUG org.springframework.test.web.servlet.TestDispatcherServlet - Using ThemeResolver [org.springframework.web.servlet.theme.FixedThemeResolver@371936c0]
09:52:44.285 [Test worker] DEBUG org.springframework.test.web.servlet.TestDispatcherServlet - Using RequestToViewNameTranslator [org.springframework.web.servlet.view.DefaultRequestToViewNameTranslator@6d838d8a]
09:52:44.285 [Test worker] DEBUG org.springframework.test.web.servlet.TestDispatcherServlet - Using FlashMapManager [org.springframework.web.servlet.support.SessionFlashMapManager@72cc5ad6]
09:52:44.285 [Test worker] DEBUG org.springframework.test.web.servlet.TestDispatcherServlet - Published WebApplicationContext of servlet '' as ServletContext attribute with name [org.springframework.web.servlet.FrameworkServlet.CONTEXT.]
09:52:44.286 [Test worker] INFO org.springframework.test.web.servlet.TestDispatcherServlet - FrameworkServlet '': initialization completed in 1 ms
09:52:44.286 [Test worker] DEBUG org.springframework.test.web.servlet.TestDispatcherServlet - Servlet '' configured successfully
09:52:44.286 [Test worker] DEBUG org.springframework.test.web.servlet.TestDispatcherServlet - DispatcherServlet with name '' processing GET request for [/ordens_servico/1/cancelar_pagamento]
09:52:44.287 [Test worker] DEBUG org.springframework.test.web.servlet.setup.StandaloneMockMvcBuilder$StaticRequestMappingHandlerMapping - Looking up handler method for path /ordens_servico/1/cancelar_pagamento
09:52:44.289 [Test worker] DEBUG org.springframework.test.web.servlet.setup.StandaloneMockMvcBuilder$StaticRequestMappingHandlerMapping - Returning handler method [public org.springframework.web.servlet.ModelAndView br.com.desafiotecnico.controller.OrdemServicoController.cancelarPagamento(java.lang.Long,org.springframework.web.servlet.mvc.support.RedirectAttributes)]
09:52:44.289 [Test worker] DEBUG org.springframework.test.web.servlet.TestDispatcherServlet - Last-Modified value for [/ordens_servico/1/cancelar_pagamento] is: -1
09:52:44.291 [Test worker] DEBUG org.springframework.test.web.servlet.TestDispatcherServlet - Rendering view [org.springframework.web.servlet.view.RedirectView: unnamed; URL [/]] in DispatcherServlet with name ''
09:52:44.291 [Test worker] DEBUG org.springframework.web.servlet.support.SessionFlashMapManager - Saving FlashMap=FlashMap [attributes={msgSuccess=pagamento cancelado com sucesso!}, targetRequestPath=/, targetRequestParams={}]
09:52:44.291 [Test worker] DEBUG org.springframework.test.web.servlet.TestDispatcherServlet - Successfully completed request
09:52:44.293 [Test worker] DEBUG org.springframework.core.env.StandardEnvironment - Adding [systemProperties] PropertySource with lowest search precedence
09:52:44.293 [Test worker] DEBUG org.springframework.core.env.StandardEnvironment - Adding [systemEnvironment] PropertySource with lowest search precedence
09:52:44.293 [Test worker] DEBUG org.springframework.core.env.StandardEnvironment - Initialized StandardEnvironment with PropertySources [systemProperties,systemEnvironment]
09:52:44.294 [Test worker] DEBUG org.springframework.test.web.servlet.setup.StandaloneMockMvcBuilder$StaticRequestMappingHandlerMapping - Looking for request mappings in application context: org.springframework.test.web.servlet.setup.StubWebApplicationContext@4483f574
09:52:44.300 [Test worker] DEBUG org.springframework.test.web.servlet.setup.StandaloneMockMvcBuilder$StaticRequestMappingHandlerMapping - 8 request handler methods found on class br.com.desafiotecnico.controller.OrdemServicoController: {public org.springframework.web.servlet.ModelAndView br.com.desafiotecnico.controller.OrdemServicoController.remover(java.lang.Long)={[/ordens_servico/{id}/remover],methods=[GET]}, public org.springframework.web.servlet.ModelAndView br.com.desafiotecnico.controller.OrdemServicoController.salvar(br.com.desafiotecnico.model.OrdemServico,org.springframework.validation.BindingResult,org.springframework.web.servlet.mvc.support.RedirectAttributes)={[/ordens_servico/salvar],methods=[POST]}, public org.springframework.web.servlet.ModelAndView br.com.desafiotecnico.controller.OrdemServicoController.editar(java.lang.Long)={[/ordens_servico/{id}/editar],methods=[GET]}, public org.springframework.web.servlet.ModelAndView br.com.desafiotecnico.controller.OrdemServicoController.excluir(java.lang.Long,org.springframework.web.servlet.mvc.support.RedirectAttributes)={[/ordens_servico/{id}/remover],methods=[DELETE]}, public org.springframework.web.servlet.ModelAndView br.com.desafiotecnico.controller.OrdemServicoController.novo(java.lang.Long,java.lang.Long)={[/ordens_servico/novo],methods=[GET]}, public org.springframework.web.servlet.ModelAndView br.com.desafiotecnico.controller.OrdemServicoController.pagar(java.lang.Long,org.springframework.web.servlet.mvc.support.RedirectAttributes)={[/ordens_servico/{id}/pagar],methods=[GET]}, public org.springframework.web.servlet.ModelAndView br.com.desafiotecnico.controller.OrdemServicoController.cancelarPagamento(java.lang.Long,org.springframework.web.servlet.mvc.support.RedirectAttributes)={[/ordens_servico/{id}/cancelar_pagamento],methods=[GET]}, public org.springframework.web.servlet.ModelAndView br.com.desafiotecnico.controller.OrdemServicoController.visualizar(java.lang.Long)={[/ordens_servico/{id}],methods=[GET]}}
09:52:44.300 [Test worker] INFO org.springframework.test.web.servlet.setup.StandaloneMockMvcBuilder$StaticRequestMappingHandlerMapping - Mapped "{[/ordens_servico/{id}/remover],methods=[GET]}" onto public org.springframework.web.servlet.ModelAndView br.com.desafiotecnico.controller.OrdemServicoController.remover(java.lang.Long)
09:52:44.301 [Test worker] INFO org.springframework.test.web.servlet.setup.StandaloneMockMvcBuilder$StaticRequestMappingHandlerMapping - Mapped "{[/ordens_servico/salvar],methods=[POST]}" onto public org.springframework.web.servlet.ModelAndView br.com.desafiotecnico.controller.OrdemServicoController.salvar(br.com.desafiotecnico.model.OrdemServico,org.springframework.validation.BindingResult,org.springframework.web.servlet.mvc.support.RedirectAttributes)
09:52:44.301 [Test worker] INFO org.springframework.test.web.servlet.setup.StandaloneMockMvcBuilder$StaticRequestMappingHandlerMapping - Mapped "{[/ordens_servico/{id}/editar],methods=[GET]}" onto public org.springframework.web.servlet.ModelAndView br.com.desafiotecnico.controller.OrdemServicoController.editar(java.lang.Long)
09:52:44.302 [Test worker] INFO org.springframework.test.web.servlet.setup.StandaloneMockMvcBuilder$StaticRequestMappingHandlerMapping - Mapped "{[/ordens_servico/{id}/remover],methods=[DELETE]}" onto public org.springframework.web.servlet.ModelAndView br.com.desafiotecnico.controller.OrdemServicoController.excluir(java.lang.Long,org.springframework.web.servlet.mvc.support.RedirectAttributes)
09:52:44.302 [Test worker] INFO org.springframework.test.web.servlet.setup.StandaloneMockMvcBuilder$StaticRequestMappingHandlerMapping - Mapped "{[/ordens_servico/novo],methods=[GET]}" onto public org.springframework.web.servlet.ModelAndView br.com.desafiotecnico.controller.OrdemServicoController.novo(java.lang.Long,java.lang.Long)
09:52:44.303 [Test worker] INFO org.springframework.test.web.servlet.setup.StandaloneMockMvcBuilder$StaticRequestMappingHandlerMapping - Mapped "{[/ordens_servico/{id}/pagar],methods=[GET]}" onto public org.springframework.web.servlet.ModelAndView br.com.desafiotecnico.controller.OrdemServicoController.pagar(java.lang.Long,org.springframework.web.servlet.mvc.support.RedirectAttributes)
09:52:44.303 [Test worker] INFO org.springframework.test.web.servlet.setup.StandaloneMockMvcBuilder$StaticRequestMappingHandlerMapping - Mapped "{[/ordens_servico/{id}/cancelar_pagamento],methods=[GET]}" onto public org.springframework.web.servlet.ModelAndView br.com.desafiotecnico.controller.OrdemServicoController.cancelarPagamento(java.lang.Long,org.springframework.web.servlet.mvc.support.RedirectAttributes)
09:52:44.304 [Test worker] INFO org.springframework.test.web.servlet.setup.StandaloneMockMvcBuilder$StaticRequestMappingHandlerMapping - Mapped "{[/ordens_servico/{id}],methods=[GET]}" onto public org.springframework.web.servlet.ModelAndView br.com.desafiotecnico.controller.OrdemServicoController.visualizar(java.lang.Long)
09:52:44.315 [Test worker] DEBUG org.hibernate.validator.internal.engine.resolver.DefaultTraversableResolver - Found javax.persistence.Persistence on classpath containing 'getPersistenceUtil'. Assuming JPA 2 environment. Trying to instantiate JPA aware TraversableResolver
09:52:44.315 [Test worker] DEBUG org.hibernate.validator.internal.engine.resolver.DefaultTraversableResolver - Instantiated JPA aware TraversableResolver of type org.hibernate.validator.internal.engine.resolver.JPATraversableResolver.
09:52:44.315 [Test worker] DEBUG org.hibernate.validator.internal.engine.ConfigurationImpl - Setting custom MessageInterpolator of type org.springframework.validation.beanvalidation.LocaleContextMessageInterpolator
09:52:44.315 [Test worker] DEBUG org.hibernate.validator.internal.engine.ConfigurationImpl - Setting custom ParameterNameProvider of type com.sun.proxy.$Proxy27
09:52:44.315 [Test worker] DEBUG org.hibernate.validator.internal.xml.ValidationXmlParser - Trying to load META-INF/validation.xml for XML based Validator configuration.
09:52:44.315 [Test worker] DEBUG org.hibernate.validator.internal.xml.ResourceLoaderHelper - Trying to load META-INF/validation.xml via TCCL
09:52:44.316 [Test worker] DEBUG org.hibernate.validator.internal.xml.ResourceLoaderHelper - Trying to load META-INF/validation.xml via Hibernate Validator's class loader
09:52:44.316 [Test worker] DEBUG org.hibernate.validator.internal.xml.ValidationXmlParser - No META-INF/validation.xml found. Using annotation based configuration only.
09:52:44.318 [Test worker] INFO org.springframework.web.servlet.mvc.method.annotation.RequestMappingHandlerAdapter - Looking for @ControllerAdvice: org.springframework.test.web.servlet.setup.StubWebApplicationContext@4483f574
09:52:44.321 [Test worker] DEBUG org.springframework.web.servlet.mvc.method.annotation.ExceptionHandlerExceptionResolver - Looking for exception mappings: org.springframework.test.web.servlet.setup.StubWebApplicationContext@4483f574
09:52:44.321 [Test worker] DEBUG org.springframework.test.web.servlet.TestDispatcherServlet - Initializing servlet ''
09:52:44.321 [Test worker] DEBUG org.springframework.web.context.support.StandardServletEnvironment - Adding [servletConfigInitParams] PropertySource with lowest search precedence
09:52:44.321 [Test worker] DEBUG org.springframework.web.context.support.StandardServletEnvironment - Adding [servletContextInitParams] PropertySource with lowest search precedence
09:52:44.322 [Test worker] DEBUG org.springframework.web.context.support.StandardServletEnvironment - Adding [systemProperties] PropertySource with lowest search precedence
09:52:44.322 [Test worker] DEBUG org.springframework.web.context.support.StandardServletEnvironment - Adding [systemEnvironment] PropertySource with lowest search precedence
09:52:44.322 [Test worker] DEBUG org.springframework.web.context.support.StandardServletEnvironment - Initialized StandardServletEnvironment with PropertySources [servletConfigInitParams,servletContextInitParams,systemProperties,systemEnvironment]
09:52:44.322 [Test worker] INFO org.springframework.mock.web.MockServletContext - Initializing Spring FrameworkServlet ''
09:52:44.322 [Test worker] INFO org.springframework.test.web.servlet.TestDispatcherServlet - FrameworkServlet '': initialization started
09:52:44.322 [Test worker] DEBUG org.springframework.test.web.servlet.TestDispatcherServlet - Unable to locate MultipartResolver with name 'multipartResolver': no multipart request handling provided
09:52:44.322 [Test worker] DEBUG org.springframework.test.web.servlet.TestDispatcherServlet - Using LocaleResolver [org.springframework.web.servlet.i18n.AcceptHeaderLocaleResolver@69ad2389]
09:52:44.322 [Test worker] DEBUG org.springframework.test.web.servlet.TestDispatcherServlet - Using ThemeResolver [org.springframework.web.servlet.theme.FixedThemeResolver@7df71f95]
09:52:44.322 [Test worker] DEBUG org.springframework.test.web.servlet.TestDispatcherServlet - Using RequestToViewNameTranslator [org.springframework.web.servlet.view.DefaultRequestToViewNameTranslator@2c359aac]
09:52:44.322 [Test worker] DEBUG org.springframework.test.web.servlet.TestDispatcherServlet - Using FlashMapManager [org.springframework.web.servlet.support.SessionFlashMapManager@3d071dff]
09:52:44.322 [Test worker] DEBUG org.springframework.test.web.servlet.TestDispatcherServlet - Published WebApplicationContext of servlet '' as ServletContext attribute with name [org.springframework.web.servlet.FrameworkServlet.CONTEXT.]
09:52:44.322 [Test worker] INFO org.springframework.test.web.servlet.TestDispatcherServlet - FrameworkServlet '': initialization completed in 0 ms
09:52:44.322 [Test worker] DEBUG org.springframework.test.web.servlet.TestDispatcherServlet - Servlet '' configured successfully
09:52:44.322 [Test worker] DEBUG org.springframework.test.web.servlet.TestDispatcherServlet - DispatcherServlet with name '' processing DELETE request for [/ordens_servico/1/remover]
09:52:44.322 [Test worker] DEBUG org.springframework.test.web.servlet.setup.StandaloneMockMvcBuilder$StaticRequestMappingHandlerMapping - Looking up handler method for path /ordens_servico/1/remover
09:52:44.326 [Test worker] DEBUG org.springframework.test.web.servlet.setup.StandaloneMockMvcBuilder$StaticRequestMappingHandlerMapping - Returning handler method [public org.springframework.web.servlet.ModelAndView br.com.desafiotecnico.controller.OrdemServicoController.excluir(java.lang.Long,org.springframework.web.servlet.mvc.support.RedirectAttributes)]
09:52:44.330 [Test worker] DEBUG org.springframework.test.web.servlet.TestDispatcherServlet - Rendering view [org.springframework.web.servlet.view.RedirectView: unnamed; URL [/]] in DispatcherServlet with name ''
09:52:44.330 [Test worker] DEBUG org.springframework.web.servlet.support.SessionFlashMapManager - Saving FlashMap=FlashMap [attributes={msgSuccess=Ordem de serviço excluída com sucesso!}, targetRequestPath=/, targetRequestParams={}]
09:52:44.331 [Test worker] DEBUG org.springframework.test.web.servlet.TestDispatcherServlet - Successfully completed request
]]></system-out>
  <system-err><![CDATA[]]></system-err>
</testsuite>
