<?xml version="1.0" encoding="UTF-8"?>
<testsuite name="br.com.desafiotecnico.service.OrdemServicoServiceImplTest" tests="4" skipped="0" failures="0" errors="0" timestamp="2016-08-10T01:32:07" hostname="YT-1300" time="0.139">
  <properties/>
  <testcase name="deveCancelarOPagamentoDeUmaOrdemDeServico" classname="br.com.desafiotecnico.service.OrdemServicoServiceImplTest" time="0.016"/>
  <testcase name="deveCriarUmaOrdemServicoBaseadoNoCliente" classname="br.com.desafiotecnico.service.OrdemServicoServiceImplTest" time="0.116"/>
  <testcase name="deveCriarUmaOrdemServicoBaseadoNoServico" classname="br.com.desafiotecnico.service.OrdemServicoServiceImplTest" time="0.0"/>
  <testcase name="deveEvetuarOPagamentoDeUmaOrdemDeServico" classname="br.com.desafiotecnico.service.OrdemServicoServiceImplTest" time="0.001"/>
  <system-out><![CDATA[]]></system-out>
  <system-err><![CDATA[]]></system-err>
</testsuite>
