<?xml version="1.0" encoding="UTF-8"?>
<testsuite name="br.com.desafiotecnico.controller.ClienteControllerTest" tests="8" skipped="0" failures="0" errors="0" timestamp="2016-08-10T01:32:07" hostname="YT-1300" time="2.135">
  <properties/>
  <testcase name="deveRetornarFormularioParaEdicaoDoCliente" classname="br.com.desafiotecnico.controller.ClienteControllerTest" time="1.25"/>
  <testcase name="deveExecutarMetodoParaSalvarUmClienteEFalharAValidacao" classname="br.com.desafiotecnico.controller.ClienteControllerTest" time="0.456"/>
  <testcase name="deveExecutarMetodoParaSalvarUmClienteComSucesso" classname="br.com.desafiotecnico.controller.ClienteControllerTest" time="0.102"/>
  <testcase name="deveRetornarFormularioParaNovoCliente" classname="br.com.desafiotecnico.controller.ClienteControllerTest" time="0.066"/>
  <testcase name="deveExecutarMetodoParaRemoverCliente" classname="br.com.desafiotecnico.controller.ClienteControllerTest" time="0.07"/>
  <testcase name="deveRetornarIndexComListagemDeClientes" classname="br.com.desafiotecnico.controller.ClienteControllerTest" time="0.057"/>
  <testcase name="deveRetornarPaginaDeConfirmacaoParaRemoverCliente" classname="br.com.desafiotecnico.controller.ClienteControllerTest" time="0.052"/>
  <testcase name="deveRetornarPaginaComListagemDasOrdensDeServicoPorCliente" classname="br.com.desafiotecnico.controller.ClienteControllerTest" time="0.074"/>
  <system-out><![CDATA[22:32:07.674 [Test worker] DEBUG org.springframework.core.env.StandardEnvironment - Adding [systemProperties] PropertySource with lowest search precedence
22:32:07.680 [Test worker] DEBUG org.springframework.core.env.StandardEnvironment - Adding [systemEnvironment] PropertySource with lowest search precedence
22:32:07.681 [Test worker] DEBUG org.springframework.core.env.StandardEnvironment - Initialized StandardEnvironment with PropertySources [systemProperties,systemEnvironment]
22:32:07.847 [Test worker] DEBUG org.springframework.test.web.servlet.setup.StandaloneMockMvcBuilder$StaticRequestMappingHandlerMapping - Looking for request mappings in application context: org.springframework.test.web.servlet.setup.StubWebApplicationContext@48f3c7a7
22:32:07.906 [Test worker] DEBUG org.springframework.test.web.servlet.setup.StandaloneMockMvcBuilder$StaticRequestMappingHandlerMapping - 7 request handler methods found on class br.com.desafiotecnico.controller.ClienteController: {public org.springframework.web.servlet.ModelAndView br.com.desafiotecnico.controller.ClienteController.ordensServico(java.lang.Long)={[/clientes/{id}/ordens_servico],methods=[GET]}, public org.springframework.web.servlet.ModelAndView br.com.desafiotecnico.controller.CRUDController.remover(java.lang.Long)={[/clientes/{id}/remover],methods=[GET]}, public org.springframework.web.servlet.ModelAndView br.com.desafiotecnico.controller.CRUDController.salvar(br.com.desafiotecnico.model.GenericEntity,org.springframework.validation.BindingResult,org.springframework.web.servlet.mvc.support.RedirectAttributes)={[/clientes/salvar],methods=[POST]}, public org.springframework.web.servlet.ModelAndView br.com.desafiotecnico.controller.CRUDController.novo()={[/clientes/novo],methods=[GET]}, public org.springframework.web.servlet.ModelAndView br.com.desafiotecnico.controller.CRUDController.editar(java.lang.Long)={[/clientes/{id}/editar],methods=[GET]}, public org.springframework.web.servlet.ModelAndView br.com.desafiotecnico.controller.CRUDController.excluir(java.lang.Long,org.springframework.web.servlet.mvc.support.RedirectAttributes)={[/clientes/{id}/remover],methods=[DELETE]}, public org.springframework.web.servlet.ModelAndView br.com.desafiotecnico.controller.CRUDController.index()={[/clientes/],methods=[GET]}}
22:32:07.908 [Test worker] INFO org.springframework.test.web.servlet.setup.StandaloneMockMvcBuilder$StaticRequestMappingHandlerMapping - Mapped "{[/clientes/{id}/ordens_servico],methods=[GET]}" onto public org.springframework.web.servlet.ModelAndView br.com.desafiotecnico.controller.ClienteController.ordensServico(java.lang.Long)
22:32:07.917 [Test worker] INFO org.springframework.test.web.servlet.setup.StandaloneMockMvcBuilder$StaticRequestMappingHandlerMapping - Mapped "{[/clientes/{id}/remover],methods=[GET]}" onto public org.springframework.web.servlet.ModelAndView br.com.desafiotecnico.controller.CRUDController.remover(java.lang.Long)
22:32:07.918 [Test worker] INFO org.springframework.test.web.servlet.setup.StandaloneMockMvcBuilder$StaticRequestMappingHandlerMapping - Mapped "{[/clientes/salvar],methods=[POST]}" onto public org.springframework.web.servlet.ModelAndView br.com.desafiotecnico.controller.CRUDController.salvar(T,org.springframework.validation.BindingResult,org.springframework.web.servlet.mvc.support.RedirectAttributes)
22:32:07.919 [Test worker] INFO org.springframework.test.web.servlet.setup.StandaloneMockMvcBuilder$StaticRequestMappingHandlerMapping - Mapped "{[/clientes/novo],methods=[GET]}" onto public org.springframework.web.servlet.ModelAndView br.com.desafiotecnico.controller.CRUDController.novo()
22:32:07.919 [Test worker] INFO org.springframework.test.web.servlet.setup.StandaloneMockMvcBuilder$StaticRequestMappingHandlerMapping - Mapped "{[/clientes/{id}/editar],methods=[GET]}" onto public org.springframework.web.servlet.ModelAndView br.com.desafiotecnico.controller.CRUDController.editar(java.lang.Long)
22:32:07.920 [Test worker] INFO org.springframework.test.web.servlet.setup.StandaloneMockMvcBuilder$StaticRequestMappingHandlerMapping - Mapped "{[/clientes/{id}/remover],methods=[DELETE]}" onto public org.springframework.web.servlet.ModelAndView br.com.desafiotecnico.controller.CRUDController.excluir(java.lang.Long,org.springframework.web.servlet.mvc.support.RedirectAttributes)
22:32:07.920 [Test worker] INFO org.springframework.test.web.servlet.setup.StandaloneMockMvcBuilder$StaticRequestMappingHandlerMapping - Mapped "{[/clientes/],methods=[GET]}" onto public org.springframework.web.servlet.ModelAndView br.com.desafiotecnico.controller.CRUDController.index()
22:32:08.392 [Test worker] DEBUG org.jboss.logging - Logging Provider: org.jboss.logging.Slf4jLoggerProvider
22:32:08.394 [Test worker] INFO org.hibernate.validator.internal.util.Version - HV000001: Hibernate Validator 5.2.4.Final
22:32:08.421 [Test worker] DEBUG org.hibernate.validator.internal.engine.resolver.DefaultTraversableResolver - Found javax.persistence.Persistence on classpath containing 'getPersistenceUtil'. Assuming JPA 2 environment. Trying to instantiate JPA aware TraversableResolver
22:32:08.423 [Test worker] DEBUG org.hibernate.validator.internal.engine.resolver.DefaultTraversableResolver - Instantiated JPA aware TraversableResolver of type org.hibernate.validator.internal.engine.resolver.JPATraversableResolver.
22:32:08.435 [Test worker] DEBUG org.hibernate.validator.internal.engine.ConfigurationImpl - Setting custom MessageInterpolator of type org.springframework.validation.beanvalidation.LocaleContextMessageInterpolator
22:32:08.438 [Test worker] DEBUG org.hibernate.validator.internal.engine.ConfigurationImpl - Setting custom ParameterNameProvider of type com.sun.proxy.$Proxy23
22:32:08.440 [Test worker] DEBUG org.hibernate.validator.internal.xml.ValidationXmlParser - Trying to load META-INF/validation.xml for XML based Validator configuration.
22:32:08.442 [Test worker] DEBUG org.hibernate.validator.internal.xml.ResourceLoaderHelper - Trying to load META-INF/validation.xml via TCCL
22:32:08.443 [Test worker] DEBUG org.hibernate.validator.internal.xml.ResourceLoaderHelper - Trying to load META-INF/validation.xml via Hibernate Validator's class loader
22:32:08.443 [Test worker] DEBUG org.hibernate.validator.internal.xml.ValidationXmlParser - No META-INF/validation.xml found. Using annotation based configuration only.
22:32:08.529 [Test worker] INFO org.springframework.web.servlet.mvc.method.annotation.RequestMappingHandlerAdapter - Looking for @ControllerAdvice: org.springframework.test.web.servlet.setup.StubWebApplicationContext@48f3c7a7
22:32:08.568 [Test worker] DEBUG org.springframework.web.servlet.mvc.method.annotation.ExceptionHandlerExceptionResolver - Looking for exception mappings: org.springframework.test.web.servlet.setup.StubWebApplicationContext@48f3c7a7
22:32:08.604 [Test worker] DEBUG org.springframework.test.web.servlet.TestDispatcherServlet - Initializing servlet ''
22:32:08.620 [Test worker] DEBUG org.springframework.web.context.support.StandardServletEnvironment - Adding [servletConfigInitParams] PropertySource with lowest search precedence
22:32:08.620 [Test worker] DEBUG org.springframework.web.context.support.StandardServletEnvironment - Adding [servletContextInitParams] PropertySource with lowest search precedence
22:32:08.626 [Test worker] DEBUG org.springframework.web.context.support.StandardServletEnvironment - Adding [systemProperties] PropertySource with lowest search precedence
22:32:08.626 [Test worker] DEBUG org.springframework.web.context.support.StandardServletEnvironment - Adding [systemEnvironment] PropertySource with lowest search precedence
22:32:08.626 [Test worker] DEBUG org.springframework.web.context.support.StandardServletEnvironment - Initialized StandardServletEnvironment with PropertySources [servletConfigInitParams,servletContextInitParams,systemProperties,systemEnvironment]
22:32:08.627 [Test worker] INFO org.springframework.mock.web.MockServletContext - Initializing Spring FrameworkServlet ''
22:32:08.627 [Test worker] INFO org.springframework.test.web.servlet.TestDispatcherServlet - FrameworkServlet '': initialization started
22:32:08.634 [Test worker] DEBUG org.springframework.test.web.servlet.TestDispatcherServlet - Unable to locate MultipartResolver with name 'multipartResolver': no multipart request handling provided
22:32:08.634 [Test worker] DEBUG org.springframework.test.web.servlet.TestDispatcherServlet - Using LocaleResolver [org.springframework.web.servlet.i18n.AcceptHeaderLocaleResolver@2813787f]
22:32:08.635 [Test worker] DEBUG org.springframework.test.web.servlet.TestDispatcherServlet - Using ThemeResolver [org.springframework.web.servlet.theme.FixedThemeResolver@e87d9f]
22:32:08.635 [Test worker] DEBUG org.springframework.test.web.servlet.TestDispatcherServlet - Using RequestToViewNameTranslator [org.springframework.web.servlet.view.DefaultRequestToViewNameTranslator@30c09454]
22:32:08.635 [Test worker] DEBUG org.springframework.test.web.servlet.TestDispatcherServlet - Using FlashMapManager [org.springframework.web.servlet.support.SessionFlashMapManager@2a4f5fde]
22:32:08.635 [Test worker] DEBUG org.springframework.test.web.servlet.TestDispatcherServlet - Published WebApplicationContext of servlet '' as ServletContext attribute with name [org.springframework.web.servlet.FrameworkServlet.CONTEXT.]
22:32:08.635 [Test worker] INFO org.springframework.test.web.servlet.TestDispatcherServlet - FrameworkServlet '': initialization completed in 8 ms
22:32:08.636 [Test worker] DEBUG org.springframework.test.web.servlet.TestDispatcherServlet - Servlet '' configured successfully
22:32:08.697 [Test worker] DEBUG org.springframework.test.web.servlet.TestDispatcherServlet - DispatcherServlet with name '' processing GET request for [/clientes/1/editar]
22:32:08.701 [Test worker] DEBUG org.springframework.test.web.servlet.setup.StandaloneMockMvcBuilder$StaticRequestMappingHandlerMapping - Looking up handler method for path /clientes/1/editar
22:32:08.707 [Test worker] DEBUG org.springframework.test.web.servlet.setup.StandaloneMockMvcBuilder$StaticRequestMappingHandlerMapping - Returning handler method [public org.springframework.web.servlet.ModelAndView br.com.desafiotecnico.controller.CRUDController.editar(java.lang.Long)]
22:32:08.709 [Test worker] DEBUG org.springframework.test.web.servlet.TestDispatcherServlet - Last-Modified value for [/clientes/1/editar] is: -1
22:32:08.752 [Test worker] DEBUG org.springframework.test.web.servlet.TestDispatcherServlet - Rendering view [org.springframework.web.servlet.view.InternalResourceView: unnamed; URL [clientes/form]] in DispatcherServlet with name ''
22:32:08.753 [Test worker] DEBUG org.springframework.web.servlet.view.InternalResourceView - Added model object 'id' of type [java.lang.Long] to request in view with name 'null'
22:32:08.753 [Test worker] DEBUG org.springframework.web.servlet.view.InternalResourceView - Added model object 'tipos' of type [[Lbr.com.desafiotecnico.model.Tipo;] to request in view with name 'null'
22:32:08.753 [Test worker] DEBUG org.springframework.web.servlet.view.InternalResourceView - Added model object 'cliente' of type [br.com.desafiotecnico.model.Cliente$$EnhancerByMockitoWithCGLIB$$7831df81] to request in view with name 'null'
22:32:08.753 [Test worker] DEBUG org.springframework.web.servlet.view.InternalResourceView - Added model object 'org.springframework.validation.BindingResult.cliente' of type [org.springframework.validation.BeanPropertyBindingResult] to request in view with name 'null'
22:32:08.753 [Test worker] DEBUG org.springframework.web.servlet.view.InternalResourceView - Forwarding to resource [clientes/form] in InternalResourceView 'null'
22:32:08.753 [Test worker] DEBUG org.springframework.mock.web.MockRequestDispatcher - MockRequestDispatcher: forwarding to [clientes/form]
22:32:08.753 [Test worker] DEBUG org.springframework.test.web.servlet.TestDispatcherServlet - Successfully completed request
22:32:08.762 [Test worker] DEBUG org.springframework.core.env.StandardEnvironment - Adding [systemProperties] PropertySource with lowest search precedence
22:32:08.762 [Test worker] DEBUG org.springframework.core.env.StandardEnvironment - Adding [systemEnvironment] PropertySource with lowest search precedence
22:32:08.763 [Test worker] DEBUG org.springframework.core.env.StandardEnvironment - Initialized StandardEnvironment with PropertySources [systemProperties,systemEnvironment]
22:32:08.765 [Test worker] DEBUG org.springframework.test.web.servlet.setup.StandaloneMockMvcBuilder$StaticRequestMappingHandlerMapping - Looking for request mappings in application context: org.springframework.test.web.servlet.setup.StubWebApplicationContext@2a3ced5b
22:32:08.777 [Test worker] DEBUG org.springframework.test.web.servlet.setup.StandaloneMockMvcBuilder$StaticRequestMappingHandlerMapping - 7 request handler methods found on class br.com.desafiotecnico.controller.ClienteController: {public org.springframework.web.servlet.ModelAndView br.com.desafiotecnico.controller.ClienteController.ordensServico(java.lang.Long)={[/clientes/{id}/ordens_servico],methods=[GET]}, public org.springframework.web.servlet.ModelAndView br.com.desafiotecnico.controller.CRUDController.remover(java.lang.Long)={[/clientes/{id}/remover],methods=[GET]}, public org.springframework.web.servlet.ModelAndView br.com.desafiotecnico.controller.CRUDController.salvar(br.com.desafiotecnico.model.GenericEntity,org.springframework.validation.BindingResult,org.springframework.web.servlet.mvc.support.RedirectAttributes)={[/clientes/salvar],methods=[POST]}, public org.springframework.web.servlet.ModelAndView br.com.desafiotecnico.controller.CRUDController.novo()={[/clientes/novo],methods=[GET]}, public org.springframework.web.servlet.ModelAndView br.com.desafiotecnico.controller.CRUDController.editar(java.lang.Long)={[/clientes/{id}/editar],methods=[GET]}, public org.springframework.web.servlet.ModelAndView br.com.desafiotecnico.controller.CRUDController.excluir(java.lang.Long,org.springframework.web.servlet.mvc.support.RedirectAttributes)={[/clientes/{id}/remover],methods=[DELETE]}, public org.springframework.web.servlet.ModelAndView br.com.desafiotecnico.controller.CRUDController.index()={[/clientes/],methods=[GET]}}
22:32:08.777 [Test worker] INFO org.springframework.test.web.servlet.setup.StandaloneMockMvcBuilder$StaticRequestMappingHandlerMapping - Mapped "{[/clientes/{id}/ordens_servico],methods=[GET]}" onto public org.springframework.web.servlet.ModelAndView br.com.desafiotecnico.controller.ClienteController.ordensServico(java.lang.Long)
22:32:08.779 [Test worker] INFO org.springframework.test.web.servlet.setup.StandaloneMockMvcBuilder$StaticRequestMappingHandlerMapping - Mapped "{[/clientes/{id}/remover],methods=[GET]}" onto public org.springframework.web.servlet.ModelAndView br.com.desafiotecnico.controller.CRUDController.remover(java.lang.Long)
22:32:08.780 [Test worker] INFO org.springframework.test.web.servlet.setup.StandaloneMockMvcBuilder$StaticRequestMappingHandlerMapping - Mapped "{[/clientes/salvar],methods=[POST]}" onto public org.springframework.web.servlet.ModelAndView br.com.desafiotecnico.controller.CRUDController.salvar(T,org.springframework.validation.BindingResult,org.springframework.web.servlet.mvc.support.RedirectAttributes)
22:32:08.781 [Test worker] INFO org.springframework.test.web.servlet.setup.StandaloneMockMvcBuilder$StaticRequestMappingHandlerMapping - Mapped "{[/clientes/novo],methods=[GET]}" onto public org.springframework.web.servlet.ModelAndView br.com.desafiotecnico.controller.CRUDController.novo()
22:32:08.782 [Test worker] INFO org.springframework.test.web.servlet.setup.StandaloneMockMvcBuilder$StaticRequestMappingHandlerMapping - Mapped "{[/clientes/{id}/editar],methods=[GET]}" onto public org.springframework.web.servlet.ModelAndView br.com.desafiotecnico.controller.CRUDController.editar(java.lang.Long)
22:32:08.782 [Test worker] INFO org.springframework.test.web.servlet.setup.StandaloneMockMvcBuilder$StaticRequestMappingHandlerMapping - Mapped "{[/clientes/{id}/remover],methods=[DELETE]}" onto public org.springframework.web.servlet.ModelAndView br.com.desafiotecnico.controller.CRUDController.excluir(java.lang.Long,org.springframework.web.servlet.mvc.support.RedirectAttributes)
22:32:08.783 [Test worker] INFO org.springframework.test.web.servlet.setup.StandaloneMockMvcBuilder$StaticRequestMappingHandlerMapping - Mapped "{[/clientes/],methods=[GET]}" onto public org.springframework.web.servlet.ModelAndView br.com.desafiotecnico.controller.CRUDController.index()
22:32:08.800 [Test worker] DEBUG org.hibernate.validator.internal.engine.resolver.DefaultTraversableResolver - Found javax.persistence.Persistence on classpath containing 'getPersistenceUtil'. Assuming JPA 2 environment. Trying to instantiate JPA aware TraversableResolver
22:32:08.800 [Test worker] DEBUG org.hibernate.validator.internal.engine.resolver.DefaultTraversableResolver - Instantiated JPA aware TraversableResolver of type org.hibernate.validator.internal.engine.resolver.JPATraversableResolver.
22:32:08.801 [Test worker] DEBUG org.hibernate.validator.internal.engine.ConfigurationImpl - Setting custom MessageInterpolator of type org.springframework.validation.beanvalidation.LocaleContextMessageInterpolator
22:32:08.801 [Test worker] DEBUG org.hibernate.validator.internal.engine.ConfigurationImpl - Setting custom ParameterNameProvider of type com.sun.proxy.$Proxy23
22:32:08.801 [Test worker] DEBUG org.hibernate.validator.internal.xml.ValidationXmlParser - Trying to load META-INF/validation.xml for XML based Validator configuration.
22:32:08.802 [Test worker] DEBUG org.hibernate.validator.internal.xml.ResourceLoaderHelper - Trying to load META-INF/validation.xml via TCCL
22:32:08.803 [Test worker] DEBUG org.hibernate.validator.internal.xml.ResourceLoaderHelper - Trying to load META-INF/validation.xml via Hibernate Validator's class loader
22:32:08.804 [Test worker] DEBUG org.hibernate.validator.internal.xml.ValidationXmlParser - No META-INF/validation.xml found. Using annotation based configuration only.
22:32:08.807 [Test worker] INFO org.springframework.web.servlet.mvc.method.annotation.RequestMappingHandlerAdapter - Looking for @ControllerAdvice: org.springframework.test.web.servlet.setup.StubWebApplicationContext@2a3ced5b
22:32:08.817 [Test worker] DEBUG org.springframework.web.servlet.mvc.method.annotation.ExceptionHandlerExceptionResolver - Looking for exception mappings: org.springframework.test.web.servlet.setup.StubWebApplicationContext@2a3ced5b
22:32:08.818 [Test worker] DEBUG org.springframework.test.web.servlet.TestDispatcherServlet - Initializing servlet ''
22:32:08.819 [Test worker] DEBUG org.springframework.web.context.support.StandardServletEnvironment - Adding [servletConfigInitParams] PropertySource with lowest search precedence
22:32:08.820 [Test worker] DEBUG org.springframework.web.context.support.StandardServletEnvironment - Adding [servletContextInitParams] PropertySource with lowest search precedence
22:32:08.820 [Test worker] DEBUG org.springframework.web.context.support.StandardServletEnvironment - Adding [systemProperties] PropertySource with lowest search precedence
22:32:08.820 [Test worker] DEBUG org.springframework.web.context.support.StandardServletEnvironment - Adding [systemEnvironment] PropertySource with lowest search precedence
22:32:08.820 [Test worker] DEBUG org.springframework.web.context.support.StandardServletEnvironment - Initialized StandardServletEnvironment with PropertySources [servletConfigInitParams,servletContextInitParams,systemProperties,systemEnvironment]
22:32:08.820 [Test worker] INFO org.springframework.mock.web.MockServletContext - Initializing Spring FrameworkServlet ''
22:32:08.821 [Test worker] INFO org.springframework.test.web.servlet.TestDispatcherServlet - FrameworkServlet '': initialization started
22:32:08.821 [Test worker] DEBUG org.springframework.test.web.servlet.TestDispatcherServlet - Unable to locate MultipartResolver with name 'multipartResolver': no multipart request handling provided
22:32:08.821 [Test worker] DEBUG org.springframework.test.web.servlet.TestDispatcherServlet - Using LocaleResolver [org.springframework.web.servlet.i18n.AcceptHeaderLocaleResolver@6c61be93]
22:32:08.821 [Test worker] DEBUG org.springframework.test.web.servlet.TestDispatcherServlet - Using ThemeResolver [org.springframework.web.servlet.theme.FixedThemeResolver@729c9661]
22:32:08.821 [Test worker] DEBUG org.springframework.test.web.servlet.TestDispatcherServlet - Using RequestToViewNameTranslator [org.springframework.web.servlet.view.DefaultRequestToViewNameTranslator@41f6e46]
22:32:08.821 [Test worker] DEBUG org.springframework.test.web.servlet.TestDispatcherServlet - Using FlashMapManager [org.springframework.web.servlet.support.SessionFlashMapManager@7162d55b]
22:32:08.821 [Test worker] DEBUG org.springframework.test.web.servlet.TestDispatcherServlet - Published WebApplicationContext of servlet '' as ServletContext attribute with name [org.springframework.web.servlet.FrameworkServlet.CONTEXT.]
22:32:08.821 [Test worker] INFO org.springframework.test.web.servlet.TestDispatcherServlet - FrameworkServlet '': initialization completed in 0 ms
22:32:08.822 [Test worker] DEBUG org.springframework.test.web.servlet.TestDispatcherServlet - Servlet '' configured successfully
22:32:08.822 [Test worker] DEBUG org.springframework.test.web.servlet.TestDispatcherServlet - DispatcherServlet with name '' processing POST request for [/clientes/salvar]
22:32:08.823 [Test worker] DEBUG org.springframework.test.web.servlet.setup.StandaloneMockMvcBuilder$StaticRequestMappingHandlerMapping - Looking up handler method for path /clientes/salvar
22:32:08.823 [Test worker] DEBUG org.springframework.test.web.servlet.setup.StandaloneMockMvcBuilder$StaticRequestMappingHandlerMapping - Returning handler method [public org.springframework.web.servlet.ModelAndView br.com.desafiotecnico.controller.CRUDController.salvar(T,org.springframework.validation.BindingResult,org.springframework.web.servlet.mvc.support.RedirectAttributes)]
22:32:08.926 [Test worker] DEBUG org.hibernate.validator.internal.metadata.descriptor.ConstraintDescriptorImpl - Adding composing constraint: ConstraintDescriptorImpl{annotation=javax.validation.constraints.NotNull, payloads=[], hasComposingConstraints=true, isReportAsSingleInvalidConstraint=false, elementType=FIELD, definedOn=DEFINED_LOCALLY, groups=[interface javax.validation.groups.Default], attributes={message={javax.validation.constraints.NotNull.message}, payload=[Ljava.lang.Class;@301cdee8, groups=[Ljava.lang.Class;@4a283254}, constraintType=GENERIC}.
22:32:09.178 [Test worker] DEBUG org.hibernate.validator.resourceloading.PlatformResourceBundleLocator - ValidationMessages not found.
22:32:09.181 [Test worker] DEBUG org.hibernate.validator.resourceloading.PlatformResourceBundleLocator - ContributorValidationMessages not found.
22:32:09.183 [Test worker] DEBUG org.hibernate.validator.resourceloading.PlatformResourceBundleLocator - org.hibernate.validator.ValidationMessages found.
22:32:09.193 [Test worker] DEBUG org.hibernate.validator.resourceloading.PlatformResourceBundleLocator - ValidationMessages not found.
22:32:09.194 [Test worker] DEBUG org.hibernate.validator.resourceloading.PlatformResourceBundleLocator - ContributorValidationMessages not found.
22:32:09.195 [Test worker] DEBUG org.hibernate.validator.resourceloading.PlatformResourceBundleLocator - org.hibernate.validator.ValidationMessages found.
22:32:09.216 [Test worker] DEBUG org.springframework.test.web.servlet.TestDispatcherServlet - Rendering view [org.springframework.web.servlet.view.InternalResourceView: unnamed; URL [clientes/form]] in DispatcherServlet with name ''
22:32:09.216 [Test worker] DEBUG org.springframework.web.servlet.view.InternalResourceView - Added model object 'cliente' of type [br.com.desafiotecnico.model.Cliente] to request in view with name 'null'
22:32:09.216 [Test worker] DEBUG org.springframework.web.servlet.view.InternalResourceView - Added model object 'org.springframework.validation.BindingResult.cliente' of type [org.springframework.validation.BeanPropertyBindingResult] to request in view with name 'null'
22:32:09.216 [Test worker] DEBUG org.springframework.web.servlet.view.InternalResourceView - Added model object 'tipos' of type [[Lbr.com.desafiotecnico.model.Tipo;] to request in view with name 'null'
22:32:09.216 [Test worker] DEBUG org.springframework.web.servlet.view.InternalResourceView - Forwarding to resource [clientes/form] in InternalResourceView 'null'
22:32:09.216 [Test worker] DEBUG org.springframework.mock.web.MockRequestDispatcher - MockRequestDispatcher: forwarding to [clientes/form]
22:32:09.217 [Test worker] DEBUG org.springframework.test.web.servlet.TestDispatcherServlet - Successfully completed request
22:32:09.220 [Test worker] DEBUG org.springframework.core.env.StandardEnvironment - Adding [systemProperties] PropertySource with lowest search precedence
22:32:09.220 [Test worker] DEBUG org.springframework.core.env.StandardEnvironment - Adding [systemEnvironment] PropertySource with lowest search precedence
22:32:09.220 [Test worker] DEBUG org.springframework.core.env.StandardEnvironment - Initialized StandardEnvironment with PropertySources [systemProperties,systemEnvironment]
22:32:09.223 [Test worker] DEBUG org.springframework.test.web.servlet.setup.StandaloneMockMvcBuilder$StaticRequestMappingHandlerMapping - Looking for request mappings in application context: org.springframework.test.web.servlet.setup.StubWebApplicationContext@5bdb7a8f
22:32:09.231 [Test worker] DEBUG org.springframework.test.web.servlet.setup.StandaloneMockMvcBuilder$StaticRequestMappingHandlerMapping - 7 request handler methods found on class br.com.desafiotecnico.controller.ClienteController: {public org.springframework.web.servlet.ModelAndView br.com.desafiotecnico.controller.ClienteController.ordensServico(java.lang.Long)={[/clientes/{id}/ordens_servico],methods=[GET]}, public org.springframework.web.servlet.ModelAndView br.com.desafiotecnico.controller.CRUDController.remover(java.lang.Long)={[/clientes/{id}/remover],methods=[GET]}, public org.springframework.web.servlet.ModelAndView br.com.desafiotecnico.controller.CRUDController.salvar(br.com.desafiotecnico.model.GenericEntity,org.springframework.validation.BindingResult,org.springframework.web.servlet.mvc.support.RedirectAttributes)={[/clientes/salvar],methods=[POST]}, public org.springframework.web.servlet.ModelAndView br.com.desafiotecnico.controller.CRUDController.novo()={[/clientes/novo],methods=[GET]}, public org.springframework.web.servlet.ModelAndView br.com.desafiotecnico.controller.CRUDController.editar(java.lang.Long)={[/clientes/{id}/editar],methods=[GET]}, public org.springframework.web.servlet.ModelAndView br.com.desafiotecnico.controller.CRUDController.excluir(java.lang.Long,org.springframework.web.servlet.mvc.support.RedirectAttributes)={[/clientes/{id}/remover],methods=[DELETE]}, public org.springframework.web.servlet.ModelAndView br.com.desafiotecnico.controller.CRUDController.index()={[/clientes/],methods=[GET]}}
22:32:09.231 [Test worker] INFO org.springframework.test.web.servlet.setup.StandaloneMockMvcBuilder$StaticRequestMappingHandlerMapping - Mapped "{[/clientes/{id}/ordens_servico],methods=[GET]}" onto public org.springframework.web.servlet.ModelAndView br.com.desafiotecnico.controller.ClienteController.ordensServico(java.lang.Long)
22:32:09.232 [Test worker] INFO org.springframework.test.web.servlet.setup.StandaloneMockMvcBuilder$StaticRequestMappingHandlerMapping - Mapped "{[/clientes/{id}/remover],methods=[GET]}" onto public org.springframework.web.servlet.ModelAndView br.com.desafiotecnico.controller.CRUDController.remover(java.lang.Long)
22:32:09.232 [Test worker] INFO org.springframework.test.web.servlet.setup.StandaloneMockMvcBuilder$StaticRequestMappingHandlerMapping - Mapped "{[/clientes/salvar],methods=[POST]}" onto public org.springframework.web.servlet.ModelAndView br.com.desafiotecnico.controller.CRUDController.salvar(T,org.springframework.validation.BindingResult,org.springframework.web.servlet.mvc.support.RedirectAttributes)
22:32:09.233 [Test worker] INFO org.springframework.test.web.servlet.setup.StandaloneMockMvcBuilder$StaticRequestMappingHandlerMapping - Mapped "{[/clientes/novo],methods=[GET]}" onto public org.springframework.web.servlet.ModelAndView br.com.desafiotecnico.controller.CRUDController.novo()
22:32:09.233 [Test worker] INFO org.springframework.test.web.servlet.setup.StandaloneMockMvcBuilder$StaticRequestMappingHandlerMapping - Mapped "{[/clientes/{id}/editar],methods=[GET]}" onto public org.springframework.web.servlet.ModelAndView br.com.desafiotecnico.controller.CRUDController.editar(java.lang.Long)
22:32:09.233 [Test worker] INFO org.springframework.test.web.servlet.setup.StandaloneMockMvcBuilder$StaticRequestMappingHandlerMapping - Mapped "{[/clientes/{id}/remover],methods=[DELETE]}" onto public org.springframework.web.servlet.ModelAndView br.com.desafiotecnico.controller.CRUDController.excluir(java.lang.Long,org.springframework.web.servlet.mvc.support.RedirectAttributes)
22:32:09.233 [Test worker] INFO org.springframework.test.web.servlet.setup.StandaloneMockMvcBuilder$StaticRequestMappingHandlerMapping - Mapped "{[/clientes/],methods=[GET]}" onto public org.springframework.web.servlet.ModelAndView br.com.desafiotecnico.controller.CRUDController.index()
22:32:09.252 [Test worker] DEBUG org.hibernate.validator.internal.engine.resolver.DefaultTraversableResolver - Found javax.persistence.Persistence on classpath containing 'getPersistenceUtil'. Assuming JPA 2 environment. Trying to instantiate JPA aware TraversableResolver
22:32:09.252 [Test worker] DEBUG org.hibernate.validator.internal.engine.resolver.DefaultTraversableResolver - Instantiated JPA aware TraversableResolver of type org.hibernate.validator.internal.engine.resolver.JPATraversableResolver.
22:32:09.252 [Test worker] DEBUG org.hibernate.validator.internal.engine.ConfigurationImpl - Setting custom MessageInterpolator of type org.springframework.validation.beanvalidation.LocaleContextMessageInterpolator
22:32:09.252 [Test worker] DEBUG org.hibernate.validator.internal.engine.ConfigurationImpl - Setting custom ParameterNameProvider of type com.sun.proxy.$Proxy23
22:32:09.253 [Test worker] DEBUG org.hibernate.validator.internal.xml.ValidationXmlParser - Trying to load META-INF/validation.xml for XML based Validator configuration.
22:32:09.253 [Test worker] DEBUG org.hibernate.validator.internal.xml.ResourceLoaderHelper - Trying to load META-INF/validation.xml via TCCL
22:32:09.254 [Test worker] DEBUG org.hibernate.validator.internal.xml.ResourceLoaderHelper - Trying to load META-INF/validation.xml via Hibernate Validator's class loader
22:32:09.255 [Test worker] DEBUG org.hibernate.validator.internal.xml.ValidationXmlParser - No META-INF/validation.xml found. Using annotation based configuration only.
22:32:09.258 [Test worker] INFO org.springframework.web.servlet.mvc.method.annotation.RequestMappingHandlerAdapter - Looking for @ControllerAdvice: org.springframework.test.web.servlet.setup.StubWebApplicationContext@5bdb7a8f
22:32:09.268 [Test worker] DEBUG org.springframework.web.servlet.mvc.method.annotation.ExceptionHandlerExceptionResolver - Looking for exception mappings: org.springframework.test.web.servlet.setup.StubWebApplicationContext@5bdb7a8f
22:32:09.269 [Test worker] DEBUG org.springframework.test.web.servlet.TestDispatcherServlet - Initializing servlet ''
22:32:09.270 [Test worker] DEBUG org.springframework.web.context.support.StandardServletEnvironment - Adding [servletConfigInitParams] PropertySource with lowest search precedence
22:32:09.270 [Test worker] DEBUG org.springframework.web.context.support.StandardServletEnvironment - Adding [servletContextInitParams] PropertySource with lowest search precedence
22:32:09.271 [Test worker] DEBUG org.springframework.web.context.support.StandardServletEnvironment - Adding [systemProperties] PropertySource with lowest search precedence
22:32:09.271 [Test worker] DEBUG org.springframework.web.context.support.StandardServletEnvironment - Adding [systemEnvironment] PropertySource with lowest search precedence
22:32:09.271 [Test worker] DEBUG org.springframework.web.context.support.StandardServletEnvironment - Initialized StandardServletEnvironment with PropertySources [servletConfigInitParams,servletContextInitParams,systemProperties,systemEnvironment]
22:32:09.271 [Test worker] INFO org.springframework.mock.web.MockServletContext - Initializing Spring FrameworkServlet ''
22:32:09.271 [Test worker] INFO org.springframework.test.web.servlet.TestDispatcherServlet - FrameworkServlet '': initialization started
22:32:09.271 [Test worker] DEBUG org.springframework.test.web.servlet.TestDispatcherServlet - Unable to locate MultipartResolver with name 'multipartResolver': no multipart request handling provided
22:32:09.271 [Test worker] DEBUG org.springframework.test.web.servlet.TestDispatcherServlet - Using LocaleResolver [org.springframework.web.servlet.i18n.AcceptHeaderLocaleResolver@33c1fb42]
22:32:09.272 [Test worker] DEBUG org.springframework.test.web.servlet.TestDispatcherServlet - Using ThemeResolver [org.springframework.web.servlet.theme.FixedThemeResolver@35f01df]
22:32:09.272 [Test worker] DEBUG org.springframework.test.web.servlet.TestDispatcherServlet - Using RequestToViewNameTranslator [org.springframework.web.servlet.view.DefaultRequestToViewNameTranslator@1feefceb]
22:32:09.272 [Test worker] DEBUG org.springframework.test.web.servlet.TestDispatcherServlet - Using FlashMapManager [org.springframework.web.servlet.support.SessionFlashMapManager@7b9537fe]
22:32:09.272 [Test worker] DEBUG org.springframework.test.web.servlet.TestDispatcherServlet - Published WebApplicationContext of servlet '' as ServletContext attribute with name [org.springframework.web.servlet.FrameworkServlet.CONTEXT.]
22:32:09.272 [Test worker] INFO org.springframework.test.web.servlet.TestDispatcherServlet - FrameworkServlet '': initialization completed in 1 ms
22:32:09.272 [Test worker] DEBUG org.springframework.test.web.servlet.TestDispatcherServlet - Servlet '' configured successfully
22:32:09.273 [Test worker] DEBUG org.springframework.test.web.servlet.TestDispatcherServlet - DispatcherServlet with name '' processing POST request for [/clientes/salvar]
22:32:09.273 [Test worker] DEBUG org.springframework.test.web.servlet.setup.StandaloneMockMvcBuilder$StaticRequestMappingHandlerMapping - Looking up handler method for path /clientes/salvar
22:32:09.273 [Test worker] DEBUG org.springframework.test.web.servlet.setup.StandaloneMockMvcBuilder$StaticRequestMappingHandlerMapping - Returning handler method [public org.springframework.web.servlet.ModelAndView br.com.desafiotecnico.controller.CRUDController.salvar(T,org.springframework.validation.BindingResult,org.springframework.web.servlet.mvc.support.RedirectAttributes)]
22:32:09.281 [Test worker] DEBUG org.hibernate.validator.internal.metadata.descriptor.ConstraintDescriptorImpl - Adding composing constraint: ConstraintDescriptorImpl{annotation=javax.validation.constraints.NotNull, payloads=[], hasComposingConstraints=true, isReportAsSingleInvalidConstraint=false, elementType=FIELD, definedOn=DEFINED_LOCALLY, groups=[interface javax.validation.groups.Default], attributes={message={javax.validation.constraints.NotNull.message}, payload=[Ljava.lang.Class;@4732d825, groups=[Ljava.lang.Class;@3c9878e5}, constraintType=GENERIC}.
22:32:09.309 [Test worker] DEBUG org.springframework.test.web.servlet.TestDispatcherServlet - Rendering view [org.springframework.web.servlet.view.RedirectView: unnamed; URL [/clientes/]] in DispatcherServlet with name ''
22:32:09.311 [Test worker] DEBUG org.springframework.web.servlet.support.SessionFlashMapManager - Saving FlashMap=FlashMap [attributes={msgSuccess=Cliente salvo com sucesso!}, targetRequestPath=/clientes/, targetRequestParams={}]
22:32:09.315 [Test worker] DEBUG org.springframework.test.web.servlet.TestDispatcherServlet - Successfully completed request
22:32:09.323 [Test worker] DEBUG org.springframework.core.env.StandardEnvironment - Adding [systemProperties] PropertySource with lowest search precedence
22:32:09.324 [Test worker] DEBUG org.springframework.core.env.StandardEnvironment - Adding [systemEnvironment] PropertySource with lowest search precedence
22:32:09.324 [Test worker] DEBUG org.springframework.core.env.StandardEnvironment - Initialized StandardEnvironment with PropertySources [systemProperties,systemEnvironment]
22:32:09.327 [Test worker] DEBUG org.springframework.test.web.servlet.setup.StandaloneMockMvcBuilder$StaticRequestMappingHandlerMapping - Looking for request mappings in application context: org.springframework.test.web.servlet.setup.StubWebApplicationContext@5b1b2ab9
22:32:09.337 [Test worker] DEBUG org.springframework.test.web.servlet.setup.StandaloneMockMvcBuilder$StaticRequestMappingHandlerMapping - 7 request handler methods found on class br.com.desafiotecnico.controller.ClienteController: {public org.springframework.web.servlet.ModelAndView br.com.desafiotecnico.controller.ClienteController.ordensServico(java.lang.Long)={[/clientes/{id}/ordens_servico],methods=[GET]}, public org.springframework.web.servlet.ModelAndView br.com.desafiotecnico.controller.CRUDController.remover(java.lang.Long)={[/clientes/{id}/remover],methods=[GET]}, public org.springframework.web.servlet.ModelAndView br.com.desafiotecnico.controller.CRUDController.salvar(br.com.desafiotecnico.model.GenericEntity,org.springframework.validation.BindingResult,org.springframework.web.servlet.mvc.support.RedirectAttributes)={[/clientes/salvar],methods=[POST]}, public org.springframework.web.servlet.ModelAndView br.com.desafiotecnico.controller.CRUDController.novo()={[/clientes/novo],methods=[GET]}, public org.springframework.web.servlet.ModelAndView br.com.desafiotecnico.controller.CRUDController.editar(java.lang.Long)={[/clientes/{id}/editar],methods=[GET]}, public org.springframework.web.servlet.ModelAndView br.com.desafiotecnico.controller.CRUDController.excluir(java.lang.Long,org.springframework.web.servlet.mvc.support.RedirectAttributes)={[/clientes/{id}/remover],methods=[DELETE]}, public org.springframework.web.servlet.ModelAndView br.com.desafiotecnico.controller.CRUDController.index()={[/clientes/],methods=[GET]}}
22:32:09.338 [Test worker] INFO org.springframework.test.web.servlet.setup.StandaloneMockMvcBuilder$StaticRequestMappingHandlerMapping - Mapped "{[/clientes/{id}/ordens_servico],methods=[GET]}" onto public org.springframework.web.servlet.ModelAndView br.com.desafiotecnico.controller.ClienteController.ordensServico(java.lang.Long)
22:32:09.339 [Test worker] INFO org.springframework.test.web.servlet.setup.StandaloneMockMvcBuilder$StaticRequestMappingHandlerMapping - Mapped "{[/clientes/{id}/remover],methods=[GET]}" onto public org.springframework.web.servlet.ModelAndView br.com.desafiotecnico.controller.CRUDController.remover(java.lang.Long)
22:32:09.340 [Test worker] INFO org.springframework.test.web.servlet.setup.StandaloneMockMvcBuilder$StaticRequestMappingHandlerMapping - Mapped "{[/clientes/salvar],methods=[POST]}" onto public org.springframework.web.servlet.ModelAndView br.com.desafiotecnico.controller.CRUDController.salvar(T,org.springframework.validation.BindingResult,org.springframework.web.servlet.mvc.support.RedirectAttributes)
22:32:09.341 [Test worker] INFO org.springframework.test.web.servlet.setup.StandaloneMockMvcBuilder$StaticRequestMappingHandlerMapping - Mapped "{[/clientes/novo],methods=[GET]}" onto public org.springframework.web.servlet.ModelAndView br.com.desafiotecnico.controller.CRUDController.novo()
22:32:09.341 [Test worker] INFO org.springframework.test.web.servlet.setup.StandaloneMockMvcBuilder$StaticRequestMappingHandlerMapping - Mapped "{[/clientes/{id}/editar],methods=[GET]}" onto public org.springframework.web.servlet.ModelAndView br.com.desafiotecnico.controller.CRUDController.editar(java.lang.Long)
22:32:09.341 [Test worker] INFO org.springframework.test.web.servlet.setup.StandaloneMockMvcBuilder$StaticRequestMappingHandlerMapping - Mapped "{[/clientes/{id}/remover],methods=[DELETE]}" onto public org.springframework.web.servlet.ModelAndView br.com.desafiotecnico.controller.CRUDController.excluir(java.lang.Long,org.springframework.web.servlet.mvc.support.RedirectAttributes)
22:32:09.342 [Test worker] INFO org.springframework.test.web.servlet.setup.StandaloneMockMvcBuilder$StaticRequestMappingHandlerMapping - Mapped "{[/clientes/],methods=[GET]}" onto public org.springframework.web.servlet.ModelAndView br.com.desafiotecnico.controller.CRUDController.index()
22:32:09.360 [Test worker] DEBUG org.hibernate.validator.internal.engine.resolver.DefaultTraversableResolver - Found javax.persistence.Persistence on classpath containing 'getPersistenceUtil'. Assuming JPA 2 environment. Trying to instantiate JPA aware TraversableResolver
22:32:09.361 [Test worker] DEBUG org.hibernate.validator.internal.engine.resolver.DefaultTraversableResolver - Instantiated JPA aware TraversableResolver of type org.hibernate.validator.internal.engine.resolver.JPATraversableResolver.
22:32:09.361 [Test worker] DEBUG org.hibernate.validator.internal.engine.ConfigurationImpl - Setting custom MessageInterpolator of type org.springframework.validation.beanvalidation.LocaleContextMessageInterpolator
22:32:09.361 [Test worker] DEBUG org.hibernate.validator.internal.engine.ConfigurationImpl - Setting custom ParameterNameProvider of type com.sun.proxy.$Proxy23
22:32:09.362 [Test worker] DEBUG org.hibernate.validator.internal.xml.ValidationXmlParser - Trying to load META-INF/validation.xml for XML based Validator configuration.
22:32:09.362 [Test worker] DEBUG org.hibernate.validator.internal.xml.ResourceLoaderHelper - Trying to load META-INF/validation.xml via TCCL
22:32:09.363 [Test worker] DEBUG org.hibernate.validator.internal.xml.ResourceLoaderHelper - Trying to load META-INF/validation.xml via Hibernate Validator's class loader
22:32:09.363 [Test worker] DEBUG org.hibernate.validator.internal.xml.ValidationXmlParser - No META-INF/validation.xml found. Using annotation based configuration only.
22:32:09.367 [Test worker] INFO org.springframework.web.servlet.mvc.method.annotation.RequestMappingHandlerAdapter - Looking for @ControllerAdvice: org.springframework.test.web.servlet.setup.StubWebApplicationContext@5b1b2ab9
22:32:09.374 [Test worker] DEBUG org.springframework.web.servlet.mvc.method.annotation.ExceptionHandlerExceptionResolver - Looking for exception mappings: org.springframework.test.web.servlet.setup.StubWebApplicationContext@5b1b2ab9
22:32:09.375 [Test worker] DEBUG org.springframework.test.web.servlet.TestDispatcherServlet - Initializing servlet ''
22:32:09.376 [Test worker] DEBUG org.springframework.web.context.support.StandardServletEnvironment - Adding [servletConfigInitParams] PropertySource with lowest search precedence
22:32:09.379 [Test worker] DEBUG org.springframework.web.context.support.StandardServletEnvironment - Adding [servletContextInitParams] PropertySource with lowest search precedence
22:32:09.379 [Test worker] DEBUG org.springframework.web.context.support.StandardServletEnvironment - Adding [systemProperties] PropertySource with lowest search precedence
22:32:09.380 [Test worker] DEBUG org.springframework.web.context.support.StandardServletEnvironment - Adding [systemEnvironment] PropertySource with lowest search precedence
22:32:09.380 [Test worker] DEBUG org.springframework.web.context.support.StandardServletEnvironment - Initialized StandardServletEnvironment with PropertySources [servletConfigInitParams,servletContextInitParams,systemProperties,systemEnvironment]
22:32:09.380 [Test worker] INFO org.springframework.mock.web.MockServletContext - Initializing Spring FrameworkServlet ''
22:32:09.380 [Test worker] INFO org.springframework.test.web.servlet.TestDispatcherServlet - FrameworkServlet '': initialization started
22:32:09.380 [Test worker] DEBUG org.springframework.test.web.servlet.TestDispatcherServlet - Unable to locate MultipartResolver with name 'multipartResolver': no multipart request handling provided
22:32:09.381 [Test worker] DEBUG org.springframework.test.web.servlet.TestDispatcherServlet - Using LocaleResolver [org.springframework.web.servlet.i18n.AcceptHeaderLocaleResolver@434a4863]
22:32:09.381 [Test worker] DEBUG org.springframework.test.web.servlet.TestDispatcherServlet - Using ThemeResolver [org.springframework.web.servlet.theme.FixedThemeResolver@b53d8b3]
22:32:09.381 [Test worker] DEBUG org.springframework.test.web.servlet.TestDispatcherServlet - Using RequestToViewNameTranslator [org.springframework.web.servlet.view.DefaultRequestToViewNameTranslator@249d0e17]
22:32:09.382 [Test worker] DEBUG org.springframework.test.web.servlet.TestDispatcherServlet - Using FlashMapManager [org.springframework.web.servlet.support.SessionFlashMapManager@5acbc13a]
22:32:09.382 [Test worker] DEBUG org.springframework.test.web.servlet.TestDispatcherServlet - Published WebApplicationContext of servlet '' as ServletContext attribute with name [org.springframework.web.servlet.FrameworkServlet.CONTEXT.]
22:32:09.382 [Test worker] INFO org.springframework.test.web.servlet.TestDispatcherServlet - FrameworkServlet '': initialization completed in 2 ms
22:32:09.382 [Test worker] DEBUG org.springframework.test.web.servlet.TestDispatcherServlet - Servlet '' configured successfully
22:32:09.383 [Test worker] DEBUG org.springframework.test.web.servlet.TestDispatcherServlet - DispatcherServlet with name '' processing GET request for [/clientes/novo]
22:32:09.383 [Test worker] DEBUG org.springframework.test.web.servlet.setup.StandaloneMockMvcBuilder$StaticRequestMappingHandlerMapping - Looking up handler method for path /clientes/novo
22:32:09.383 [Test worker] DEBUG org.springframework.test.web.servlet.setup.StandaloneMockMvcBuilder$StaticRequestMappingHandlerMapping - Returning handler method [public org.springframework.web.servlet.ModelAndView br.com.desafiotecnico.controller.CRUDController.novo()]
22:32:09.384 [Test worker] DEBUG org.springframework.test.web.servlet.TestDispatcherServlet - Last-Modified value for [/clientes/novo] is: -1
22:32:09.387 [Test worker] DEBUG org.springframework.test.web.servlet.TestDispatcherServlet - Rendering view [org.springframework.web.servlet.view.InternalResourceView: unnamed; URL [clientes/form]] in DispatcherServlet with name ''
22:32:09.388 [Test worker] DEBUG org.springframework.web.servlet.view.InternalResourceView - Added model object 'tipos' of type [[Lbr.com.desafiotecnico.model.Tipo;] to request in view with name 'null'
22:32:09.388 [Test worker] DEBUG org.springframework.web.servlet.view.InternalResourceView - Added model object 'cliente' of type [br.com.desafiotecnico.model.Cliente] to request in view with name 'null'
22:32:09.388 [Test worker] DEBUG org.springframework.web.servlet.view.InternalResourceView - Added model object 'org.springframework.validation.BindingResult.cliente' of type [org.springframework.validation.BeanPropertyBindingResult] to request in view with name 'null'
22:32:09.388 [Test worker] DEBUG org.springframework.web.servlet.view.InternalResourceView - Forwarding to resource [clientes/form] in InternalResourceView 'null'
22:32:09.388 [Test worker] DEBUG org.springframework.mock.web.MockRequestDispatcher - MockRequestDispatcher: forwarding to [clientes/form]
22:32:09.388 [Test worker] DEBUG org.springframework.test.web.servlet.TestDispatcherServlet - Successfully completed request
22:32:09.391 [Test worker] DEBUG org.springframework.core.env.StandardEnvironment - Adding [systemProperties] PropertySource with lowest search precedence
22:32:09.391 [Test worker] DEBUG org.springframework.core.env.StandardEnvironment - Adding [systemEnvironment] PropertySource with lowest search precedence
22:32:09.391 [Test worker] DEBUG org.springframework.core.env.StandardEnvironment - Initialized StandardEnvironment with PropertySources [systemProperties,systemEnvironment]
22:32:09.394 [Test worker] DEBUG org.springframework.test.web.servlet.setup.StandaloneMockMvcBuilder$StaticRequestMappingHandlerMapping - Looking for request mappings in application context: org.springframework.test.web.servlet.setup.StubWebApplicationContext@5ed05cc9
22:32:09.402 [Test worker] DEBUG org.springframework.test.web.servlet.setup.StandaloneMockMvcBuilder$StaticRequestMappingHandlerMapping - 7 request handler methods found on class br.com.desafiotecnico.controller.ClienteController: {public org.springframework.web.servlet.ModelAndView br.com.desafiotecnico.controller.ClienteController.ordensServico(java.lang.Long)={[/clientes/{id}/ordens_servico],methods=[GET]}, public org.springframework.web.servlet.ModelAndView br.com.desafiotecnico.controller.CRUDController.remover(java.lang.Long)={[/clientes/{id}/remover],methods=[GET]}, public org.springframework.web.servlet.ModelAndView br.com.desafiotecnico.controller.CRUDController.salvar(br.com.desafiotecnico.model.GenericEntity,org.springframework.validation.BindingResult,org.springframework.web.servlet.mvc.support.RedirectAttributes)={[/clientes/salvar],methods=[POST]}, public org.springframework.web.servlet.ModelAndView br.com.desafiotecnico.controller.CRUDController.novo()={[/clientes/novo],methods=[GET]}, public org.springframework.web.servlet.ModelAndView br.com.desafiotecnico.controller.CRUDController.editar(java.lang.Long)={[/clientes/{id}/editar],methods=[GET]}, public org.springframework.web.servlet.ModelAndView br.com.desafiotecnico.controller.CRUDController.excluir(java.lang.Long,org.springframework.web.servlet.mvc.support.RedirectAttributes)={[/clientes/{id}/remover],methods=[DELETE]}, public org.springframework.web.servlet.ModelAndView br.com.desafiotecnico.controller.CRUDController.index()={[/clientes/],methods=[GET]}}
22:32:09.402 [Test worker] INFO org.springframework.test.web.servlet.setup.StandaloneMockMvcBuilder$StaticRequestMappingHandlerMapping - Mapped "{[/clientes/{id}/ordens_servico],methods=[GET]}" onto public org.springframework.web.servlet.ModelAndView br.com.desafiotecnico.controller.ClienteController.ordensServico(java.lang.Long)
22:32:09.403 [Test worker] INFO org.springframework.test.web.servlet.setup.StandaloneMockMvcBuilder$StaticRequestMappingHandlerMapping - Mapped "{[/clientes/{id}/remover],methods=[GET]}" onto public org.springframework.web.servlet.ModelAndView br.com.desafiotecnico.controller.CRUDController.remover(java.lang.Long)
22:32:09.403 [Test worker] INFO org.springframework.test.web.servlet.setup.StandaloneMockMvcBuilder$StaticRequestMappingHandlerMapping - Mapped "{[/clientes/salvar],methods=[POST]}" onto public org.springframework.web.servlet.ModelAndView br.com.desafiotecnico.controller.CRUDController.salvar(T,org.springframework.validation.BindingResult,org.springframework.web.servlet.mvc.support.RedirectAttributes)
22:32:09.404 [Test worker] INFO org.springframework.test.web.servlet.setup.StandaloneMockMvcBuilder$StaticRequestMappingHandlerMapping - Mapped "{[/clientes/novo],methods=[GET]}" onto public org.springframework.web.servlet.ModelAndView br.com.desafiotecnico.controller.CRUDController.novo()
22:32:09.405 [Test worker] INFO org.springframework.test.web.servlet.setup.StandaloneMockMvcBuilder$StaticRequestMappingHandlerMapping - Mapped "{[/clientes/{id}/editar],methods=[GET]}" onto public org.springframework.web.servlet.ModelAndView br.com.desafiotecnico.controller.CRUDController.editar(java.lang.Long)
22:32:09.405 [Test worker] INFO org.springframework.test.web.servlet.setup.StandaloneMockMvcBuilder$StaticRequestMappingHandlerMapping - Mapped "{[/clientes/{id}/remover],methods=[DELETE]}" onto public org.springframework.web.servlet.ModelAndView br.com.desafiotecnico.controller.CRUDController.excluir(java.lang.Long,org.springframework.web.servlet.mvc.support.RedirectAttributes)
22:32:09.405 [Test worker] INFO org.springframework.test.web.servlet.setup.StandaloneMockMvcBuilder$StaticRequestMappingHandlerMapping - Mapped "{[/clientes/],methods=[GET]}" onto public org.springframework.web.servlet.ModelAndView br.com.desafiotecnico.controller.CRUDController.index()
22:32:09.429 [Test worker] DEBUG org.hibernate.validator.internal.engine.resolver.DefaultTraversableResolver - Found javax.persistence.Persistence on classpath containing 'getPersistenceUtil'. Assuming JPA 2 environment. Trying to instantiate JPA aware TraversableResolver
22:32:09.430 [Test worker] DEBUG org.hibernate.validator.internal.engine.resolver.DefaultTraversableResolver - Instantiated JPA aware TraversableResolver of type org.hibernate.validator.internal.engine.resolver.JPATraversableResolver.
22:32:09.431 [Test worker] DEBUG org.hibernate.validator.internal.engine.ConfigurationImpl - Setting custom MessageInterpolator of type org.springframework.validation.beanvalidation.LocaleContextMessageInterpolator
22:32:09.431 [Test worker] DEBUG org.hibernate.validator.internal.engine.ConfigurationImpl - Setting custom ParameterNameProvider of type com.sun.proxy.$Proxy23
22:32:09.431 [Test worker] DEBUG org.hibernate.validator.internal.xml.ValidationXmlParser - Trying to load META-INF/validation.xml for XML based Validator configuration.
22:32:09.431 [Test worker] DEBUG org.hibernate.validator.internal.xml.ResourceLoaderHelper - Trying to load META-INF/validation.xml via TCCL
22:32:09.432 [Test worker] DEBUG org.hibernate.validator.internal.xml.ResourceLoaderHelper - Trying to load META-INF/validation.xml via Hibernate Validator's class loader
22:32:09.433 [Test worker] DEBUG org.hibernate.validator.internal.xml.ValidationXmlParser - No META-INF/validation.xml found. Using annotation based configuration only.
22:32:09.435 [Test worker] INFO org.springframework.web.servlet.mvc.method.annotation.RequestMappingHandlerAdapter - Looking for @ControllerAdvice: org.springframework.test.web.servlet.setup.StubWebApplicationContext@5ed05cc9
22:32:09.441 [Test worker] DEBUG org.springframework.web.servlet.mvc.method.annotation.ExceptionHandlerExceptionResolver - Looking for exception mappings: org.springframework.test.web.servlet.setup.StubWebApplicationContext@5ed05cc9
22:32:09.442 [Test worker] DEBUG org.springframework.test.web.servlet.TestDispatcherServlet - Initializing servlet ''
22:32:09.443 [Test worker] DEBUG org.springframework.web.context.support.StandardServletEnvironment - Adding [servletConfigInitParams] PropertySource with lowest search precedence
22:32:09.443 [Test worker] DEBUG org.springframework.web.context.support.StandardServletEnvironment - Adding [servletContextInitParams] PropertySource with lowest search precedence
22:32:09.443 [Test worker] DEBUG org.springframework.web.context.support.StandardServletEnvironment - Adding [systemProperties] PropertySource with lowest search precedence
22:32:09.444 [Test worker] DEBUG org.springframework.web.context.support.StandardServletEnvironment - Adding [systemEnvironment] PropertySource with lowest search precedence
22:32:09.444 [Test worker] DEBUG org.springframework.web.context.support.StandardServletEnvironment - Initialized StandardServletEnvironment with PropertySources [servletConfigInitParams,servletContextInitParams,systemProperties,systemEnvironment]
22:32:09.444 [Test worker] INFO org.springframework.mock.web.MockServletContext - Initializing Spring FrameworkServlet ''
22:32:09.444 [Test worker] INFO org.springframework.test.web.servlet.TestDispatcherServlet - FrameworkServlet '': initialization started
22:32:09.444 [Test worker] DEBUG org.springframework.test.web.servlet.TestDispatcherServlet - Unable to locate MultipartResolver with name 'multipartResolver': no multipart request handling provided
22:32:09.444 [Test worker] DEBUG org.springframework.test.web.servlet.TestDispatcherServlet - Using LocaleResolver [org.springframework.web.servlet.i18n.AcceptHeaderLocaleResolver@7cd342c]
22:32:09.444 [Test worker] DEBUG org.springframework.test.web.servlet.TestDispatcherServlet - Using ThemeResolver [org.springframework.web.servlet.theme.FixedThemeResolver@2f3c8867]
22:32:09.444 [Test worker] DEBUG org.springframework.test.web.servlet.TestDispatcherServlet - Using RequestToViewNameTranslator [org.springframework.web.servlet.view.DefaultRequestToViewNameTranslator@22b29b57]
22:32:09.445 [Test worker] DEBUG org.springframework.test.web.servlet.TestDispatcherServlet - Using FlashMapManager [org.springframework.web.servlet.support.SessionFlashMapManager@220c5e54]
22:32:09.445 [Test worker] DEBUG org.springframework.test.web.servlet.TestDispatcherServlet - Published WebApplicationContext of servlet '' as ServletContext attribute with name [org.springframework.web.servlet.FrameworkServlet.CONTEXT.]
22:32:09.445 [Test worker] INFO org.springframework.test.web.servlet.TestDispatcherServlet - FrameworkServlet '': initialization completed in 1 ms
22:32:09.445 [Test worker] DEBUG org.springframework.test.web.servlet.TestDispatcherServlet - Servlet '' configured successfully
22:32:09.446 [Test worker] DEBUG org.springframework.test.web.servlet.TestDispatcherServlet - DispatcherServlet with name '' processing DELETE request for [/clientes/1/remover]
22:32:09.446 [Test worker] DEBUG org.springframework.test.web.servlet.setup.StandaloneMockMvcBuilder$StaticRequestMappingHandlerMapping - Looking up handler method for path /clientes/1/remover
22:32:09.447 [Test worker] DEBUG org.springframework.test.web.servlet.setup.StandaloneMockMvcBuilder$StaticRequestMappingHandlerMapping - Returning handler method [public org.springframework.web.servlet.ModelAndView br.com.desafiotecnico.controller.CRUDController.excluir(java.lang.Long,org.springframework.web.servlet.mvc.support.RedirectAttributes)]
22:32:09.451 [Test worker] DEBUG org.springframework.test.web.servlet.TestDispatcherServlet - Rendering view [org.springframework.web.servlet.view.RedirectView: unnamed; URL [/clientes/]] in DispatcherServlet with name ''
22:32:09.452 [Test worker] DEBUG org.springframework.web.servlet.support.SessionFlashMapManager - Saving FlashMap=FlashMap [attributes={msgSuccess=Cliente removido com sucesso!}, targetRequestPath=/clientes/, targetRequestParams={}]
22:32:09.459 [Test worker] DEBUG org.springframework.test.web.servlet.TestDispatcherServlet - Successfully completed request
22:32:09.463 [Test worker] DEBUG org.springframework.core.env.StandardEnvironment - Adding [systemProperties] PropertySource with lowest search precedence
22:32:09.465 [Test worker] DEBUG org.springframework.core.env.StandardEnvironment - Adding [systemEnvironment] PropertySource with lowest search precedence
22:32:09.465 [Test worker] DEBUG org.springframework.core.env.StandardEnvironment - Initialized StandardEnvironment with PropertySources [systemProperties,systemEnvironment]
22:32:09.467 [Test worker] DEBUG org.springframework.test.web.servlet.setup.StandaloneMockMvcBuilder$StaticRequestMappingHandlerMapping - Looking for request mappings in application context: org.springframework.test.web.servlet.setup.StubWebApplicationContext@7baa43b
22:32:09.475 [Test worker] DEBUG org.springframework.test.web.servlet.setup.StandaloneMockMvcBuilder$StaticRequestMappingHandlerMapping - 7 request handler methods found on class br.com.desafiotecnico.controller.ClienteController: {public org.springframework.web.servlet.ModelAndView br.com.desafiotecnico.controller.ClienteController.ordensServico(java.lang.Long)={[/clientes/{id}/ordens_servico],methods=[GET]}, public org.springframework.web.servlet.ModelAndView br.com.desafiotecnico.controller.CRUDController.remover(java.lang.Long)={[/clientes/{id}/remover],methods=[GET]}, public org.springframework.web.servlet.ModelAndView br.com.desafiotecnico.controller.CRUDController.salvar(br.com.desafiotecnico.model.GenericEntity,org.springframework.validation.BindingResult,org.springframework.web.servlet.mvc.support.RedirectAttributes)={[/clientes/salvar],methods=[POST]}, public org.springframework.web.servlet.ModelAndView br.com.desafiotecnico.controller.CRUDController.novo()={[/clientes/novo],methods=[GET]}, public org.springframework.web.servlet.ModelAndView br.com.desafiotecnico.controller.CRUDController.editar(java.lang.Long)={[/clientes/{id}/editar],methods=[GET]}, public org.springframework.web.servlet.ModelAndView br.com.desafiotecnico.controller.CRUDController.excluir(java.lang.Long,org.springframework.web.servlet.mvc.support.RedirectAttributes)={[/clientes/{id}/remover],methods=[DELETE]}, public org.springframework.web.servlet.ModelAndView br.com.desafiotecnico.controller.CRUDController.index()={[/clientes/],methods=[GET]}}
22:32:09.476 [Test worker] INFO org.springframework.test.web.servlet.setup.StandaloneMockMvcBuilder$StaticRequestMappingHandlerMapping - Mapped "{[/clientes/{id}/ordens_servico],methods=[GET]}" onto public org.springframework.web.servlet.ModelAndView br.com.desafiotecnico.controller.ClienteController.ordensServico(java.lang.Long)
22:32:09.476 [Test worker] INFO org.springframework.test.web.servlet.setup.StandaloneMockMvcBuilder$StaticRequestMappingHandlerMapping - Mapped "{[/clientes/{id}/remover],methods=[GET]}" onto public org.springframework.web.servlet.ModelAndView br.com.desafiotecnico.controller.CRUDController.remover(java.lang.Long)
22:32:09.477 [Test worker] INFO org.springframework.test.web.servlet.setup.StandaloneMockMvcBuilder$StaticRequestMappingHandlerMapping - Mapped "{[/clientes/salvar],methods=[POST]}" onto public org.springframework.web.servlet.ModelAndView br.com.desafiotecnico.controller.CRUDController.salvar(T,org.springframework.validation.BindingResult,org.springframework.web.servlet.mvc.support.RedirectAttributes)
22:32:09.478 [Test worker] INFO org.springframework.test.web.servlet.setup.StandaloneMockMvcBuilder$StaticRequestMappingHandlerMapping - Mapped "{[/clientes/novo],methods=[GET]}" onto public org.springframework.web.servlet.ModelAndView br.com.desafiotecnico.controller.CRUDController.novo()
22:32:09.478 [Test worker] INFO org.springframework.test.web.servlet.setup.StandaloneMockMvcBuilder$StaticRequestMappingHandlerMapping - Mapped "{[/clientes/{id}/editar],methods=[GET]}" onto public org.springframework.web.servlet.ModelAndView br.com.desafiotecnico.controller.CRUDController.editar(java.lang.Long)
22:32:09.479 [Test worker] INFO org.springframework.test.web.servlet.setup.StandaloneMockMvcBuilder$StaticRequestMappingHandlerMapping - Mapped "{[/clientes/{id}/remover],methods=[DELETE]}" onto public org.springframework.web.servlet.ModelAndView br.com.desafiotecnico.controller.CRUDController.excluir(java.lang.Long,org.springframework.web.servlet.mvc.support.RedirectAttributes)
22:32:09.480 [Test worker] INFO org.springframework.test.web.servlet.setup.StandaloneMockMvcBuilder$StaticRequestMappingHandlerMapping - Mapped "{[/clientes/],methods=[GET]}" onto public org.springframework.web.servlet.ModelAndView br.com.desafiotecnico.controller.CRUDController.index()
22:32:09.494 [Test worker] DEBUG org.hibernate.validator.internal.engine.resolver.DefaultTraversableResolver - Found javax.persistence.Persistence on classpath containing 'getPersistenceUtil'. Assuming JPA 2 environment. Trying to instantiate JPA aware TraversableResolver
22:32:09.494 [Test worker] DEBUG org.hibernate.validator.internal.engine.resolver.DefaultTraversableResolver - Instantiated JPA aware TraversableResolver of type org.hibernate.validator.internal.engine.resolver.JPATraversableResolver.
22:32:09.495 [Test worker] DEBUG org.hibernate.validator.internal.engine.ConfigurationImpl - Setting custom MessageInterpolator of type org.springframework.validation.beanvalidation.LocaleContextMessageInterpolator
22:32:09.495 [Test worker] DEBUG org.hibernate.validator.internal.engine.ConfigurationImpl - Setting custom ParameterNameProvider of type com.sun.proxy.$Proxy23
22:32:09.495 [Test worker] DEBUG org.hibernate.validator.internal.xml.ValidationXmlParser - Trying to load META-INF/validation.xml for XML based Validator configuration.
22:32:09.495 [Test worker] DEBUG org.hibernate.validator.internal.xml.ResourceLoaderHelper - Trying to load META-INF/validation.xml via TCCL
22:32:09.496 [Test worker] DEBUG org.hibernate.validator.internal.xml.ResourceLoaderHelper - Trying to load META-INF/validation.xml via Hibernate Validator's class loader
22:32:09.496 [Test worker] DEBUG org.hibernate.validator.internal.xml.ValidationXmlParser - No META-INF/validation.xml found. Using annotation based configuration only.
22:32:09.500 [Test worker] INFO org.springframework.web.servlet.mvc.method.annotation.RequestMappingHandlerAdapter - Looking for @ControllerAdvice: org.springframework.test.web.servlet.setup.StubWebApplicationContext@7baa43b
22:32:09.506 [Test worker] DEBUG org.springframework.web.servlet.mvc.method.annotation.ExceptionHandlerExceptionResolver - Looking for exception mappings: org.springframework.test.web.servlet.setup.StubWebApplicationContext@7baa43b
22:32:09.507 [Test worker] DEBUG org.springframework.test.web.servlet.TestDispatcherServlet - Initializing servlet ''
22:32:09.508 [Test worker] DEBUG org.springframework.web.context.support.StandardServletEnvironment - Adding [servletConfigInitParams] PropertySource with lowest search precedence
22:32:09.508 [Test worker] DEBUG org.springframework.web.context.support.StandardServletEnvironment - Adding [servletContextInitParams] PropertySource with lowest search precedence
22:32:09.509 [Test worker] DEBUG org.springframework.web.context.support.StandardServletEnvironment - Adding [systemProperties] PropertySource with lowest search precedence
22:32:09.509 [Test worker] DEBUG org.springframework.web.context.support.StandardServletEnvironment - Adding [systemEnvironment] PropertySource with lowest search precedence
22:32:09.509 [Test worker] DEBUG org.springframework.web.context.support.StandardServletEnvironment - Initialized StandardServletEnvironment with PropertySources [servletConfigInitParams,servletContextInitParams,systemProperties,systemEnvironment]
22:32:09.509 [Test worker] INFO org.springframework.mock.web.MockServletContext - Initializing Spring FrameworkServlet ''
22:32:09.509 [Test worker] INFO org.springframework.test.web.servlet.TestDispatcherServlet - FrameworkServlet '': initialization started
22:32:09.509 [Test worker] DEBUG org.springframework.test.web.servlet.TestDispatcherServlet - Unable to locate MultipartResolver with name 'multipartResolver': no multipart request handling provided
22:32:09.509 [Test worker] DEBUG org.springframework.test.web.servlet.TestDispatcherServlet - Using LocaleResolver [org.springframework.web.servlet.i18n.AcceptHeaderLocaleResolver@abebbfb]
22:32:09.510 [Test worker] DEBUG org.springframework.test.web.servlet.TestDispatcherServlet - Using ThemeResolver [org.springframework.web.servlet.theme.FixedThemeResolver@2c8b309b]
22:32:09.510 [Test worker] DEBUG org.springframework.test.web.servlet.TestDispatcherServlet - Using RequestToViewNameTranslator [org.springframework.web.servlet.view.DefaultRequestToViewNameTranslator@217dae08]
22:32:09.510 [Test worker] DEBUG org.springframework.test.web.servlet.TestDispatcherServlet - Using FlashMapManager [org.springframework.web.servlet.support.SessionFlashMapManager@31ab3213]
22:32:09.510 [Test worker] DEBUG org.springframework.test.web.servlet.TestDispatcherServlet - Published WebApplicationContext of servlet '' as ServletContext attribute with name [org.springframework.web.servlet.FrameworkServlet.CONTEXT.]
22:32:09.510 [Test worker] INFO org.springframework.test.web.servlet.TestDispatcherServlet - FrameworkServlet '': initialization completed in 1 ms
22:32:09.510 [Test worker] DEBUG org.springframework.test.web.servlet.TestDispatcherServlet - Servlet '' configured successfully
22:32:09.511 [Test worker] DEBUG org.springframework.test.web.servlet.TestDispatcherServlet - DispatcherServlet with name '' processing GET request for [/clientes/]
22:32:09.512 [Test worker] DEBUG org.springframework.test.web.servlet.setup.StandaloneMockMvcBuilder$StaticRequestMappingHandlerMapping - Looking up handler method for path /clientes/
22:32:09.512 [Test worker] DEBUG org.springframework.test.web.servlet.setup.StandaloneMockMvcBuilder$StaticRequestMappingHandlerMapping - Returning handler method [public org.springframework.web.servlet.ModelAndView br.com.desafiotecnico.controller.CRUDController.index()]
22:32:09.512 [Test worker] DEBUG org.springframework.test.web.servlet.TestDispatcherServlet - Last-Modified value for [/clientes/] is: -1
22:32:09.516 [Test worker] DEBUG org.springframework.test.web.servlet.TestDispatcherServlet - Rendering view [org.springframework.web.servlet.view.InternalResourceView: unnamed; URL [clientes/index]] in DispatcherServlet with name ''
22:32:09.517 [Test worker] DEBUG org.springframework.web.servlet.view.InternalResourceView - Added model object 'clientes' of type [java.util.Arrays$ArrayList] to request in view with name 'null'
22:32:09.517 [Test worker] DEBUG org.springframework.web.servlet.view.InternalResourceView - Forwarding to resource [clientes/index] in InternalResourceView 'null'
22:32:09.517 [Test worker] DEBUG org.springframework.mock.web.MockRequestDispatcher - MockRequestDispatcher: forwarding to [clientes/index]
22:32:09.517 [Test worker] DEBUG org.springframework.test.web.servlet.TestDispatcherServlet - Successfully completed request
22:32:09.520 [Test worker] DEBUG org.springframework.core.env.StandardEnvironment - Adding [systemProperties] PropertySource with lowest search precedence
22:32:09.520 [Test worker] DEBUG org.springframework.core.env.StandardEnvironment - Adding [systemEnvironment] PropertySource with lowest search precedence
22:32:09.520 [Test worker] DEBUG org.springframework.core.env.StandardEnvironment - Initialized StandardEnvironment with PropertySources [systemProperties,systemEnvironment]
22:32:09.522 [Test worker] DEBUG org.springframework.test.web.servlet.setup.StandaloneMockMvcBuilder$StaticRequestMappingHandlerMapping - Looking for request mappings in application context: org.springframework.test.web.servlet.setup.StubWebApplicationContext@770e2c84
22:32:09.529 [Test worker] DEBUG org.springframework.test.web.servlet.setup.StandaloneMockMvcBuilder$StaticRequestMappingHandlerMapping - 7 request handler methods found on class br.com.desafiotecnico.controller.ClienteController: {public org.springframework.web.servlet.ModelAndView br.com.desafiotecnico.controller.ClienteController.ordensServico(java.lang.Long)={[/clientes/{id}/ordens_servico],methods=[GET]}, public org.springframework.web.servlet.ModelAndView br.com.desafiotecnico.controller.CRUDController.remover(java.lang.Long)={[/clientes/{id}/remover],methods=[GET]}, public org.springframework.web.servlet.ModelAndView br.com.desafiotecnico.controller.CRUDController.salvar(br.com.desafiotecnico.model.GenericEntity,org.springframework.validation.BindingResult,org.springframework.web.servlet.mvc.support.RedirectAttributes)={[/clientes/salvar],methods=[POST]}, public org.springframework.web.servlet.ModelAndView br.com.desafiotecnico.controller.CRUDController.novo()={[/clientes/novo],methods=[GET]}, public org.springframework.web.servlet.ModelAndView br.com.desafiotecnico.controller.CRUDController.editar(java.lang.Long)={[/clientes/{id}/editar],methods=[GET]}, public org.springframework.web.servlet.ModelAndView br.com.desafiotecnico.controller.CRUDController.excluir(java.lang.Long,org.springframework.web.servlet.mvc.support.RedirectAttributes)={[/clientes/{id}/remover],methods=[DELETE]}, public org.springframework.web.servlet.ModelAndView br.com.desafiotecnico.controller.CRUDController.index()={[/clientes/],methods=[GET]}}
22:32:09.529 [Test worker] INFO org.springframework.test.web.servlet.setup.StandaloneMockMvcBuilder$StaticRequestMappingHandlerMapping - Mapped "{[/clientes/{id}/ordens_servico],methods=[GET]}" onto public org.springframework.web.servlet.ModelAndView br.com.desafiotecnico.controller.ClienteController.ordensServico(java.lang.Long)
22:32:09.530 [Test worker] INFO org.springframework.test.web.servlet.setup.StandaloneMockMvcBuilder$StaticRequestMappingHandlerMapping - Mapped "{[/clientes/{id}/remover],methods=[GET]}" onto public org.springframework.web.servlet.ModelAndView br.com.desafiotecnico.controller.CRUDController.remover(java.lang.Long)
22:32:09.530 [Test worker] INFO org.springframework.test.web.servlet.setup.StandaloneMockMvcBuilder$StaticRequestMappingHandlerMapping - Mapped "{[/clientes/salvar],methods=[POST]}" onto public org.springframework.web.servlet.ModelAndView br.com.desafiotecnico.controller.CRUDController.salvar(T,org.springframework.validation.BindingResult,org.springframework.web.servlet.mvc.support.RedirectAttributes)
22:32:09.531 [Test worker] INFO org.springframework.test.web.servlet.setup.StandaloneMockMvcBuilder$StaticRequestMappingHandlerMapping - Mapped "{[/clientes/novo],methods=[GET]}" onto public org.springframework.web.servlet.ModelAndView br.com.desafiotecnico.controller.CRUDController.novo()
22:32:09.531 [Test worker] INFO org.springframework.test.web.servlet.setup.StandaloneMockMvcBuilder$StaticRequestMappingHandlerMapping - Mapped "{[/clientes/{id}/editar],methods=[GET]}" onto public org.springframework.web.servlet.ModelAndView br.com.desafiotecnico.controller.CRUDController.editar(java.lang.Long)
22:32:09.531 [Test worker] INFO org.springframework.test.web.servlet.setup.StandaloneMockMvcBuilder$StaticRequestMappingHandlerMapping - Mapped "{[/clientes/{id}/remover],methods=[DELETE]}" onto public org.springframework.web.servlet.ModelAndView br.com.desafiotecnico.controller.CRUDController.excluir(java.lang.Long,org.springframework.web.servlet.mvc.support.RedirectAttributes)
22:32:09.532 [Test worker] INFO org.springframework.test.web.servlet.setup.StandaloneMockMvcBuilder$StaticRequestMappingHandlerMapping - Mapped "{[/clientes/],methods=[GET]}" onto public org.springframework.web.servlet.ModelAndView br.com.desafiotecnico.controller.CRUDController.index()
22:32:09.547 [Test worker] DEBUG org.hibernate.validator.internal.engine.resolver.DefaultTraversableResolver - Found javax.persistence.Persistence on classpath containing 'getPersistenceUtil'. Assuming JPA 2 environment. Trying to instantiate JPA aware TraversableResolver
22:32:09.547 [Test worker] DEBUG org.hibernate.validator.internal.engine.resolver.DefaultTraversableResolver - Instantiated JPA aware TraversableResolver of type org.hibernate.validator.internal.engine.resolver.JPATraversableResolver.
22:32:09.547 [Test worker] DEBUG org.hibernate.validator.internal.engine.ConfigurationImpl - Setting custom MessageInterpolator of type org.springframework.validation.beanvalidation.LocaleContextMessageInterpolator
22:32:09.547 [Test worker] DEBUG org.hibernate.validator.internal.engine.ConfigurationImpl - Setting custom ParameterNameProvider of type com.sun.proxy.$Proxy23
22:32:09.547 [Test worker] DEBUG org.hibernate.validator.internal.xml.ValidationXmlParser - Trying to load META-INF/validation.xml for XML based Validator configuration.
22:32:09.548 [Test worker] DEBUG org.hibernate.validator.internal.xml.ResourceLoaderHelper - Trying to load META-INF/validation.xml via TCCL
22:32:09.548 [Test worker] DEBUG org.hibernate.validator.internal.xml.ResourceLoaderHelper - Trying to load META-INF/validation.xml via Hibernate Validator's class loader
22:32:09.549 [Test worker] DEBUG org.hibernate.validator.internal.xml.ValidationXmlParser - No META-INF/validation.xml found. Using annotation based configuration only.
22:32:09.551 [Test worker] INFO org.springframework.web.servlet.mvc.method.annotation.RequestMappingHandlerAdapter - Looking for @ControllerAdvice: org.springframework.test.web.servlet.setup.StubWebApplicationContext@770e2c84
22:32:09.557 [Test worker] DEBUG org.springframework.web.servlet.mvc.method.annotation.ExceptionHandlerExceptionResolver - Looking for exception mappings: org.springframework.test.web.servlet.setup.StubWebApplicationContext@770e2c84
22:32:09.558 [Test worker] DEBUG org.springframework.test.web.servlet.TestDispatcherServlet - Initializing servlet ''
22:32:09.559 [Test worker] DEBUG org.springframework.web.context.support.StandardServletEnvironment - Adding [servletConfigInitParams] PropertySource with lowest search precedence
22:32:09.559 [Test worker] DEBUG org.springframework.web.context.support.StandardServletEnvironment - Adding [servletContextInitParams] PropertySource with lowest search precedence
22:32:09.559 [Test worker] DEBUG org.springframework.web.context.support.StandardServletEnvironment - Adding [systemProperties] PropertySource with lowest search precedence
22:32:09.560 [Test worker] DEBUG org.springframework.web.context.support.StandardServletEnvironment - Adding [systemEnvironment] PropertySource with lowest search precedence
22:32:09.560 [Test worker] DEBUG org.springframework.web.context.support.StandardServletEnvironment - Initialized StandardServletEnvironment with PropertySources [servletConfigInitParams,servletContextInitParams,systemProperties,systemEnvironment]
22:32:09.560 [Test worker] INFO org.springframework.mock.web.MockServletContext - Initializing Spring FrameworkServlet ''
22:32:09.561 [Test worker] INFO org.springframework.test.web.servlet.TestDispatcherServlet - FrameworkServlet '': initialization started
22:32:09.561 [Test worker] DEBUG org.springframework.test.web.servlet.TestDispatcherServlet - Unable to locate MultipartResolver with name 'multipartResolver': no multipart request handling provided
22:32:09.561 [Test worker] DEBUG org.springframework.test.web.servlet.TestDispatcherServlet - Using LocaleResolver [org.springframework.web.servlet.i18n.AcceptHeaderLocaleResolver@49ad9099]
22:32:09.561 [Test worker] DEBUG org.springframework.test.web.servlet.TestDispatcherServlet - Using ThemeResolver [org.springframework.web.servlet.theme.FixedThemeResolver@660a9f6d]
22:32:09.561 [Test worker] DEBUG org.springframework.test.web.servlet.TestDispatcherServlet - Using RequestToViewNameTranslator [org.springframework.web.servlet.view.DefaultRequestToViewNameTranslator@5c722f81]
22:32:09.561 [Test worker] DEBUG org.springframework.test.web.servlet.TestDispatcherServlet - Using FlashMapManager [org.springframework.web.servlet.support.SessionFlashMapManager@30a3cc5]
22:32:09.561 [Test worker] DEBUG org.springframework.test.web.servlet.TestDispatcherServlet - Published WebApplicationContext of servlet '' as ServletContext attribute with name [org.springframework.web.servlet.FrameworkServlet.CONTEXT.]
22:32:09.562 [Test worker] INFO org.springframework.test.web.servlet.TestDispatcherServlet - FrameworkServlet '': initialization completed in 1 ms
22:32:09.562 [Test worker] DEBUG org.springframework.test.web.servlet.TestDispatcherServlet - Servlet '' configured successfully
22:32:09.563 [Test worker] DEBUG org.springframework.test.web.servlet.TestDispatcherServlet - DispatcherServlet with name '' processing GET request for [/clientes/1/remover]
22:32:09.563 [Test worker] DEBUG org.springframework.test.web.servlet.setup.StandaloneMockMvcBuilder$StaticRequestMappingHandlerMapping - Looking up handler method for path /clientes/1/remover
22:32:09.565 [Test worker] DEBUG org.springframework.test.web.servlet.setup.StandaloneMockMvcBuilder$StaticRequestMappingHandlerMapping - Returning handler method [public org.springframework.web.servlet.ModelAndView br.com.desafiotecnico.controller.CRUDController.remover(java.lang.Long)]
22:32:09.566 [Test worker] DEBUG org.springframework.test.web.servlet.TestDispatcherServlet - Last-Modified value for [/clientes/1/remover] is: -1
22:32:09.569 [Test worker] DEBUG org.springframework.test.web.servlet.TestDispatcherServlet - Rendering view [org.springframework.web.servlet.view.InternalResourceView: unnamed; URL [clientes/remover]] in DispatcherServlet with name ''
22:32:09.570 [Test worker] DEBUG org.springframework.web.servlet.view.InternalResourceView - Added model object 'id' of type [java.lang.Long] to request in view with name 'null'
22:32:09.570 [Test worker] DEBUG org.springframework.web.servlet.view.InternalResourceView - Added model object 'cliente' of type [br.com.desafiotecnico.model.Cliente$$EnhancerByMockitoWithCGLIB$$7831df81] to request in view with name 'null'
22:32:09.570 [Test worker] DEBUG org.springframework.web.servlet.view.InternalResourceView - Added model object 'org.springframework.validation.BindingResult.cliente' of type [org.springframework.validation.BeanPropertyBindingResult] to request in view with name 'null'
22:32:09.570 [Test worker] DEBUG org.springframework.web.servlet.view.InternalResourceView - Forwarding to resource [clientes/remover] in InternalResourceView 'null'
22:32:09.570 [Test worker] DEBUG org.springframework.mock.web.MockRequestDispatcher - MockRequestDispatcher: forwarding to [clientes/remover]
22:32:09.570 [Test worker] DEBUG org.springframework.test.web.servlet.TestDispatcherServlet - Successfully completed request
22:32:09.572 [Test worker] DEBUG org.springframework.core.env.StandardEnvironment - Adding [systemProperties] PropertySource with lowest search precedence
22:32:09.573 [Test worker] DEBUG org.springframework.core.env.StandardEnvironment - Adding [systemEnvironment] PropertySource with lowest search precedence
22:32:09.573 [Test worker] DEBUG org.springframework.core.env.StandardEnvironment - Initialized StandardEnvironment with PropertySources [systemProperties,systemEnvironment]
22:32:09.575 [Test worker] DEBUG org.springframework.test.web.servlet.setup.StandaloneMockMvcBuilder$StaticRequestMappingHandlerMapping - Looking for request mappings in application context: org.springframework.test.web.servlet.setup.StubWebApplicationContext@14c54f3f
22:32:09.581 [Test worker] DEBUG org.springframework.test.web.servlet.setup.StandaloneMockMvcBuilder$StaticRequestMappingHandlerMapping - 7 request handler methods found on class br.com.desafiotecnico.controller.ClienteController: {public org.springframework.web.servlet.ModelAndView br.com.desafiotecnico.controller.ClienteController.ordensServico(java.lang.Long)={[/clientes/{id}/ordens_servico],methods=[GET]}, public org.springframework.web.servlet.ModelAndView br.com.desafiotecnico.controller.CRUDController.remover(java.lang.Long)={[/clientes/{id}/remover],methods=[GET]}, public org.springframework.web.servlet.ModelAndView br.com.desafiotecnico.controller.CRUDController.salvar(br.com.desafiotecnico.model.GenericEntity,org.springframework.validation.BindingResult,org.springframework.web.servlet.mvc.support.RedirectAttributes)={[/clientes/salvar],methods=[POST]}, public org.springframework.web.servlet.ModelAndView br.com.desafiotecnico.controller.CRUDController.novo()={[/clientes/novo],methods=[GET]}, public org.springframework.web.servlet.ModelAndView br.com.desafiotecnico.controller.CRUDController.editar(java.lang.Long)={[/clientes/{id}/editar],methods=[GET]}, public org.springframework.web.servlet.ModelAndView br.com.desafiotecnico.controller.CRUDController.excluir(java.lang.Long,org.springframework.web.servlet.mvc.support.RedirectAttributes)={[/clientes/{id}/remover],methods=[DELETE]}, public org.springframework.web.servlet.ModelAndView br.com.desafiotecnico.controller.CRUDController.index()={[/clientes/],methods=[GET]}}
22:32:09.582 [Test worker] INFO org.springframework.test.web.servlet.setup.StandaloneMockMvcBuilder$StaticRequestMappingHandlerMapping - Mapped "{[/clientes/{id}/ordens_servico],methods=[GET]}" onto public org.springframework.web.servlet.ModelAndView br.com.desafiotecnico.controller.ClienteController.ordensServico(java.lang.Long)
22:32:09.582 [Test worker] INFO org.springframework.test.web.servlet.setup.StandaloneMockMvcBuilder$StaticRequestMappingHandlerMapping - Mapped "{[/clientes/{id}/remover],methods=[GET]}" onto public org.springframework.web.servlet.ModelAndView br.com.desafiotecnico.controller.CRUDController.remover(java.lang.Long)
22:32:09.583 [Test worker] INFO org.springframework.test.web.servlet.setup.StandaloneMockMvcBuilder$StaticRequestMappingHandlerMapping - Mapped "{[/clientes/salvar],methods=[POST]}" onto public org.springframework.web.servlet.ModelAndView br.com.desafiotecnico.controller.CRUDController.salvar(T,org.springframework.validation.BindingResult,org.springframework.web.servlet.mvc.support.RedirectAttributes)
22:32:09.584 [Test worker] INFO org.springframework.test.web.servlet.setup.StandaloneMockMvcBuilder$StaticRequestMappingHandlerMapping - Mapped "{[/clientes/novo],methods=[GET]}" onto public org.springframework.web.servlet.ModelAndView br.com.desafiotecnico.controller.CRUDController.novo()
22:32:09.584 [Test worker] INFO org.springframework.test.web.servlet.setup.StandaloneMockMvcBuilder$StaticRequestMappingHandlerMapping - Mapped "{[/clientes/{id}/editar],methods=[GET]}" onto public org.springframework.web.servlet.ModelAndView br.com.desafiotecnico.controller.CRUDController.editar(java.lang.Long)
22:32:09.585 [Test worker] INFO org.springframework.test.web.servlet.setup.StandaloneMockMvcBuilder$StaticRequestMappingHandlerMapping - Mapped "{[/clientes/{id}/remover],methods=[DELETE]}" onto public org.springframework.web.servlet.ModelAndView br.com.desafiotecnico.controller.CRUDController.excluir(java.lang.Long,org.springframework.web.servlet.mvc.support.RedirectAttributes)
22:32:09.585 [Test worker] INFO org.springframework.test.web.servlet.setup.StandaloneMockMvcBuilder$StaticRequestMappingHandlerMapping - Mapped "{[/clientes/],methods=[GET]}" onto public org.springframework.web.servlet.ModelAndView br.com.desafiotecnico.controller.CRUDController.index()
22:32:09.609 [Test worker] DEBUG org.hibernate.validator.internal.engine.resolver.DefaultTraversableResolver - Found javax.persistence.Persistence on classpath containing 'getPersistenceUtil'. Assuming JPA 2 environment. Trying to instantiate JPA aware TraversableResolver
22:32:09.609 [Test worker] DEBUG org.hibernate.validator.internal.engine.resolver.DefaultTraversableResolver - Instantiated JPA aware TraversableResolver of type org.hibernate.validator.internal.engine.resolver.JPATraversableResolver.
22:32:09.610 [Test worker] DEBUG org.hibernate.validator.internal.engine.ConfigurationImpl - Setting custom MessageInterpolator of type org.springframework.validation.beanvalidation.LocaleContextMessageInterpolator
22:32:09.610 [Test worker] DEBUG org.hibernate.validator.internal.engine.ConfigurationImpl - Setting custom ParameterNameProvider of type com.sun.proxy.$Proxy23
22:32:09.611 [Test worker] DEBUG org.hibernate.validator.internal.xml.ValidationXmlParser - Trying to load META-INF/validation.xml for XML based Validator configuration.
22:32:09.611 [Test worker] DEBUG org.hibernate.validator.internal.xml.ResourceLoaderHelper - Trying to load META-INF/validation.xml via TCCL
22:32:09.612 [Test worker] DEBUG org.hibernate.validator.internal.xml.ResourceLoaderHelper - Trying to load META-INF/validation.xml via Hibernate Validator's class loader
22:32:09.613 [Test worker] DEBUG org.hibernate.validator.internal.xml.ValidationXmlParser - No META-INF/validation.xml found. Using annotation based configuration only.
22:32:09.616 [Test worker] INFO org.springframework.web.servlet.mvc.method.annotation.RequestMappingHandlerAdapter - Looking for @ControllerAdvice: org.springframework.test.web.servlet.setup.StubWebApplicationContext@14c54f3f
22:32:09.625 [Test worker] DEBUG org.springframework.web.servlet.mvc.method.annotation.ExceptionHandlerExceptionResolver - Looking for exception mappings: org.springframework.test.web.servlet.setup.StubWebApplicationContext@14c54f3f
22:32:09.626 [Test worker] DEBUG org.springframework.test.web.servlet.TestDispatcherServlet - Initializing servlet ''
22:32:09.635 [Test worker] DEBUG org.springframework.web.context.support.StandardServletEnvironment - Adding [servletConfigInitParams] PropertySource with lowest search precedence
22:32:09.636 [Test worker] DEBUG org.springframework.web.context.support.StandardServletEnvironment - Adding [servletContextInitParams] PropertySource with lowest search precedence
22:32:09.636 [Test worker] DEBUG org.springframework.web.context.support.StandardServletEnvironment - Adding [systemProperties] PropertySource with lowest search precedence
22:32:09.636 [Test worker] DEBUG org.springframework.web.context.support.StandardServletEnvironment - Adding [systemEnvironment] PropertySource with lowest search precedence
22:32:09.636 [Test worker] DEBUG org.springframework.web.context.support.StandardServletEnvironment - Initialized StandardServletEnvironment with PropertySources [servletConfigInitParams,servletContextInitParams,systemProperties,systemEnvironment]
22:32:09.636 [Test worker] INFO org.springframework.mock.web.MockServletContext - Initializing Spring FrameworkServlet ''
22:32:09.636 [Test worker] INFO org.springframework.test.web.servlet.TestDispatcherServlet - FrameworkServlet '': initialization started
22:32:09.636 [Test worker] DEBUG org.springframework.test.web.servlet.TestDispatcherServlet - Unable to locate MultipartResolver with name 'multipartResolver': no multipart request handling provided
22:32:09.636 [Test worker] DEBUG org.springframework.test.web.servlet.TestDispatcherServlet - Using LocaleResolver [org.springframework.web.servlet.i18n.AcceptHeaderLocaleResolver@4b0f58b2]
22:32:09.637 [Test worker] DEBUG org.springframework.test.web.servlet.TestDispatcherServlet - Using ThemeResolver [org.springframework.web.servlet.theme.FixedThemeResolver@44741a4]
22:32:09.637 [Test worker] DEBUG org.springframework.test.web.servlet.TestDispatcherServlet - Using RequestToViewNameTranslator [org.springframework.web.servlet.view.DefaultRequestToViewNameTranslator@17e1420d]
22:32:09.637 [Test worker] DEBUG org.springframework.test.web.servlet.TestDispatcherServlet - Using FlashMapManager [org.springframework.web.servlet.support.SessionFlashMapManager@2aa88ab8]
22:32:09.637 [Test worker] DEBUG org.springframework.test.web.servlet.TestDispatcherServlet - Published WebApplicationContext of servlet '' as ServletContext attribute with name [org.springframework.web.servlet.FrameworkServlet.CONTEXT.]
22:32:09.637 [Test worker] INFO org.springframework.test.web.servlet.TestDispatcherServlet - FrameworkServlet '': initialization completed in 1 ms
22:32:09.637 [Test worker] DEBUG org.springframework.test.web.servlet.TestDispatcherServlet - Servlet '' configured successfully
22:32:09.638 [Test worker] DEBUG org.springframework.test.web.servlet.TestDispatcherServlet - DispatcherServlet with name '' processing GET request for [/clientes/1/ordens_servico]
22:32:09.638 [Test worker] DEBUG org.springframework.test.web.servlet.setup.StandaloneMockMvcBuilder$StaticRequestMappingHandlerMapping - Looking up handler method for path /clientes/1/ordens_servico
22:32:09.639 [Test worker] DEBUG org.springframework.test.web.servlet.setup.StandaloneMockMvcBuilder$StaticRequestMappingHandlerMapping - Returning handler method [public org.springframework.web.servlet.ModelAndView br.com.desafiotecnico.controller.ClienteController.ordensServico(java.lang.Long)]
22:32:09.640 [Test worker] DEBUG org.springframework.test.web.servlet.TestDispatcherServlet - Last-Modified value for [/clientes/1/ordens_servico] is: -1
22:32:09.643 [Test worker] DEBUG org.springframework.test.web.servlet.TestDispatcherServlet - Rendering view [org.springframework.web.servlet.view.InternalResourceView: unnamed; URL [clientes/ordem_servico]] in DispatcherServlet with name ''
22:32:09.644 [Test worker] DEBUG org.springframework.web.servlet.view.InternalResourceView - Added model object 'id' of type [java.lang.Long] to request in view with name 'null'
22:32:09.644 [Test worker] DEBUG org.springframework.web.servlet.view.InternalResourceView - Added model object 'cliente' of type [br.com.desafiotecnico.model.Cliente$$EnhancerByMockitoWithCGLIB$$7831df81] to request in view with name 'null'
22:32:09.644 [Test worker] DEBUG org.springframework.web.servlet.view.InternalResourceView - Added model object 'org.springframework.validation.BindingResult.cliente' of type [org.springframework.validation.BeanPropertyBindingResult] to request in view with name 'null'
22:32:09.645 [Test worker] DEBUG org.springframework.web.servlet.view.InternalResourceView - Forwarding to resource [clientes/ordem_servico] in InternalResourceView 'null'
22:32:09.645 [Test worker] DEBUG org.springframework.mock.web.MockRequestDispatcher - MockRequestDispatcher: forwarding to [clientes/ordem_servico]
22:32:09.645 [Test worker] DEBUG org.springframework.test.web.servlet.TestDispatcherServlet - Successfully completed request
]]></system-out>
  <system-err><![CDATA[]]></system-err>
</testsuite>
