<?xml version="1.0" encoding="UTF-8"?>
<testsuite name="br.com.desafiotecnico.service.OrdemServicoServiceImplTest" tests="4" skipped="0" failures="0" errors="0" timestamp="2016-07-20T01:44:11" hostname="YT-1300" time="0.211">
  <properties/>
  <testcase name="deveCancelarOPagamentoDeUmaOrdemDeServico" classname="br.com.desafiotecnico.service.OrdemServicoServiceImplTest" time="0.024"/>
  <testcase name="deveCriarUmaOrdemServicoBaseadoNoCliente" classname="br.com.desafiotecnico.service.OrdemServicoServiceImplTest" time="0.18"/>
  <testcase name="deveCriarUmaOrdemServicoBaseadoNoServico" classname="br.com.desafiotecnico.service.OrdemServicoServiceImplTest" time="0.001"/>
  <testcase name="deveEvetuarOPagamentoDeUmaOrdemDeServico" classname="br.com.desafiotecnico.service.OrdemServicoServiceImplTest" time="0.001"/>
  <system-out><![CDATA[]]></system-out>
  <system-err><![CDATA[]]></system-err>
</testsuite>
