<?xml version="1.0" encoding="UTF-8"?>
<testsuite name="br.com.desafiotecnico.service.ServicoServiceImplTest" tests="1" skipped="0" failures="0" errors="0" timestamp="2016-08-10T02:40:54" hostname="YT-1300" time="0.054">
  <properties/>
  <testcase name="deveVerificarAcessoAoRepositorio" classname="br.com.desafiotecnico.service.ServicoServiceImplTest" time="0.054"/>
  <system-out><![CDATA[]]></system-out>
  <system-err><![CDATA[]]></system-err>
</testsuite>
