<?xml version="1.0" encoding="UTF-8"?>
<testsuite name="br.com.desafiotecnico.controller.ClienteControllerTest" tests="8" skipped="0" failures="0" errors="0" timestamp="2017-02-09T11:52:43" hostname="LECOM-01381" time="0.427">
  <properties/>
  <testcase name="deveRetornarFormularioParaEdicaoDoCliente" classname="br.com.desafiotecnico.controller.ClienteControllerTest" time="0.061"/>
  <testcase name="deveExecutarMetodoParaSalvarUmClienteEFalharAValidacao" classname="br.com.desafiotecnico.controller.ClienteControllerTest" time="0.16"/>
  <testcase name="deveExecutarMetodoParaSalvarUmClienteComSucesso" classname="br.com.desafiotecnico.controller.ClienteControllerTest" time="0.042"/>
  <testcase name="deveRetornarFormularioParaNovoCliente" classname="br.com.desafiotecnico.controller.ClienteControllerTest" time="0.026"/>
  <testcase name="deveExecutarMetodoParaRemoverCliente" classname="br.com.desafiotecnico.controller.ClienteControllerTest" time="0.033"/>
  <testcase name="deveRetornarIndexComListagemDeClientes" classname="br.com.desafiotecnico.controller.ClienteControllerTest" time="0.024"/>
  <testcase name="deveRetornarPaginaDeConfirmacaoParaRemoverCliente" classname="br.com.desafiotecnico.controller.ClienteControllerTest" time="0.035"/>
  <testcase name="deveRetornarPaginaComListagemDasOrdensDeServicoPorCliente" classname="br.com.desafiotecnico.controller.ClienteControllerTest" time="0.039"/>
  <system-out><![CDATA[09:52:43.388 [Test worker] DEBUG org.springframework.core.env.StandardEnvironment - Adding [systemProperties] PropertySource with lowest search precedence
09:52:43.389 [Test worker] DEBUG org.springframework.core.env.StandardEnvironment - Adding [systemEnvironment] PropertySource with lowest search precedence
09:52:43.389 [Test worker] DEBUG org.springframework.core.env.StandardEnvironment - Initialized StandardEnvironment with PropertySources [systemProperties,systemEnvironment]
09:52:43.390 [Test worker] DEBUG org.springframework.test.web.servlet.setup.StandaloneMockMvcBuilder$StaticRequestMappingHandlerMapping - Looking for request mappings in application context: org.springframework.test.web.servlet.setup.StubWebApplicationContext@3bd007c0
09:52:43.402 [Test worker] DEBUG org.springframework.test.web.servlet.setup.StandaloneMockMvcBuilder$StaticRequestMappingHandlerMapping - 7 request handler methods found on class br.com.desafiotecnico.controller.ClienteController: {public org.springframework.web.servlet.ModelAndView br.com.desafiotecnico.controller.ClienteController.ordensServico(java.lang.Long)={[/clientes/{id}/ordens_servico],methods=[GET]}, public org.springframework.web.servlet.ModelAndView br.com.desafiotecnico.controller.CRUDController.index()={[/clientes/],methods=[GET]}, public org.springframework.web.servlet.ModelAndView br.com.desafiotecnico.controller.CRUDController.remover(java.lang.Long)={[/clientes/{id}/remover],methods=[GET]}, public org.springframework.web.servlet.ModelAndView br.com.desafiotecnico.controller.CRUDController.salvar(br.com.desafiotecnico.model.GenericEntity,org.springframework.validation.BindingResult,org.springframework.web.servlet.mvc.support.RedirectAttributes)={[/clientes/salvar],methods=[POST]}, public org.springframework.web.servlet.ModelAndView br.com.desafiotecnico.controller.CRUDController.editar(java.lang.Long)={[/clientes/{id}/editar],methods=[GET]}, public org.springframework.web.servlet.ModelAndView br.com.desafiotecnico.controller.CRUDController.excluir(java.lang.Long,org.springframework.web.servlet.mvc.support.RedirectAttributes)={[/clientes/{id}/remover],methods=[DELETE]}, public org.springframework.web.servlet.ModelAndView br.com.desafiotecnico.controller.CRUDController.novo()={[/clientes/novo],methods=[GET]}}
09:52:43.403 [Test worker] INFO org.springframework.test.web.servlet.setup.StandaloneMockMvcBuilder$StaticRequestMappingHandlerMapping - Mapped "{[/clientes/{id}/ordens_servico],methods=[GET]}" onto public org.springframework.web.servlet.ModelAndView br.com.desafiotecnico.controller.ClienteController.ordensServico(java.lang.Long)
09:52:43.404 [Test worker] INFO org.springframework.test.web.servlet.setup.StandaloneMockMvcBuilder$StaticRequestMappingHandlerMapping - Mapped "{[/clientes/],methods=[GET]}" onto public org.springframework.web.servlet.ModelAndView br.com.desafiotecnico.controller.CRUDController.index()
09:52:43.404 [Test worker] INFO org.springframework.test.web.servlet.setup.StandaloneMockMvcBuilder$StaticRequestMappingHandlerMapping - Mapped "{[/clientes/{id}/remover],methods=[GET]}" onto public org.springframework.web.servlet.ModelAndView br.com.desafiotecnico.controller.CRUDController.remover(java.lang.Long)
09:52:43.405 [Test worker] INFO org.springframework.test.web.servlet.setup.StandaloneMockMvcBuilder$StaticRequestMappingHandlerMapping - Mapped "{[/clientes/salvar],methods=[POST]}" onto public org.springframework.web.servlet.ModelAndView br.com.desafiotecnico.controller.CRUDController.salvar(T,org.springframework.validation.BindingResult,org.springframework.web.servlet.mvc.support.RedirectAttributes)
09:52:43.405 [Test worker] INFO org.springframework.test.web.servlet.setup.StandaloneMockMvcBuilder$StaticRequestMappingHandlerMapping - Mapped "{[/clientes/{id}/editar],methods=[GET]}" onto public org.springframework.web.servlet.ModelAndView br.com.desafiotecnico.controller.CRUDController.editar(java.lang.Long)
09:52:43.405 [Test worker] INFO org.springframework.test.web.servlet.setup.StandaloneMockMvcBuilder$StaticRequestMappingHandlerMapping - Mapped "{[/clientes/{id}/remover],methods=[DELETE]}" onto public org.springframework.web.servlet.ModelAndView br.com.desafiotecnico.controller.CRUDController.excluir(java.lang.Long,org.springframework.web.servlet.mvc.support.RedirectAttributes)
09:52:43.405 [Test worker] INFO org.springframework.test.web.servlet.setup.StandaloneMockMvcBuilder$StaticRequestMappingHandlerMapping - Mapped "{[/clientes/novo],methods=[GET]}" onto public org.springframework.web.servlet.ModelAndView br.com.desafiotecnico.controller.CRUDController.novo()
09:52:43.414 [Test worker] DEBUG org.hibernate.validator.internal.engine.resolver.DefaultTraversableResolver - Found javax.persistence.Persistence on classpath containing 'getPersistenceUtil'. Assuming JPA 2 environment. Trying to instantiate JPA aware TraversableResolver
09:52:43.415 [Test worker] DEBUG org.hibernate.validator.internal.engine.resolver.DefaultTraversableResolver - Instantiated JPA aware TraversableResolver of type org.hibernate.validator.internal.engine.resolver.JPATraversableResolver.
09:52:43.415 [Test worker] DEBUG org.hibernate.validator.internal.engine.ConfigurationImpl - Setting custom MessageInterpolator of type org.springframework.validation.beanvalidation.LocaleContextMessageInterpolator
09:52:43.415 [Test worker] DEBUG org.hibernate.validator.internal.engine.ConfigurationImpl - Setting custom ParameterNameProvider of type com.sun.proxy.$Proxy27
09:52:43.415 [Test worker] DEBUG org.hibernate.validator.internal.xml.ValidationXmlParser - Trying to load META-INF/validation.xml for XML based Validator configuration.
09:52:43.416 [Test worker] DEBUG org.hibernate.validator.internal.xml.ResourceLoaderHelper - Trying to load META-INF/validation.xml via TCCL
09:52:43.416 [Test worker] DEBUG org.hibernate.validator.internal.xml.ResourceLoaderHelper - Trying to load META-INF/validation.xml via Hibernate Validator's class loader
09:52:43.417 [Test worker] DEBUG org.hibernate.validator.internal.xml.ValidationXmlParser - No META-INF/validation.xml found. Using annotation based configuration only.
09:52:43.419 [Test worker] INFO org.springframework.web.servlet.mvc.method.annotation.RequestMappingHandlerAdapter - Looking for @ControllerAdvice: org.springframework.test.web.servlet.setup.StubWebApplicationContext@3bd007c0
09:52:43.422 [Test worker] DEBUG org.springframework.web.servlet.mvc.method.annotation.ExceptionHandlerExceptionResolver - Looking for exception mappings: org.springframework.test.web.servlet.setup.StubWebApplicationContext@3bd007c0
09:52:43.423 [Test worker] DEBUG org.springframework.test.web.servlet.TestDispatcherServlet - Initializing servlet ''
09:52:43.423 [Test worker] DEBUG org.springframework.web.context.support.StandardServletEnvironment - Adding [servletConfigInitParams] PropertySource with lowest search precedence
09:52:43.423 [Test worker] DEBUG org.springframework.web.context.support.StandardServletEnvironment - Adding [servletContextInitParams] PropertySource with lowest search precedence
09:52:43.424 [Test worker] DEBUG org.springframework.web.context.support.StandardServletEnvironment - Adding [systemProperties] PropertySource with lowest search precedence
09:52:43.424 [Test worker] DEBUG org.springframework.web.context.support.StandardServletEnvironment - Adding [systemEnvironment] PropertySource with lowest search precedence
09:52:43.424 [Test worker] DEBUG org.springframework.web.context.support.StandardServletEnvironment - Initialized StandardServletEnvironment with PropertySources [servletConfigInitParams,servletContextInitParams,systemProperties,systemEnvironment]
09:52:43.424 [Test worker] INFO org.springframework.mock.web.MockServletContext - Initializing Spring FrameworkServlet ''
09:52:43.424 [Test worker] INFO org.springframework.test.web.servlet.TestDispatcherServlet - FrameworkServlet '': initialization started
09:52:43.424 [Test worker] DEBUG org.springframework.test.web.servlet.TestDispatcherServlet - Unable to locate MultipartResolver with name 'multipartResolver': no multipart request handling provided
09:52:43.424 [Test worker] DEBUG org.springframework.test.web.servlet.TestDispatcherServlet - Using LocaleResolver [org.springframework.web.servlet.i18n.AcceptHeaderLocaleResolver@31d7ed11]
09:52:43.424 [Test worker] DEBUG org.springframework.test.web.servlet.TestDispatcherServlet - Using ThemeResolver [org.springframework.web.servlet.theme.FixedThemeResolver@2df9fa91]
09:52:43.424 [Test worker] DEBUG org.springframework.test.web.servlet.TestDispatcherServlet - Using RequestToViewNameTranslator [org.springframework.web.servlet.view.DefaultRequestToViewNameTranslator@6e345c57]
09:52:43.424 [Test worker] DEBUG org.springframework.test.web.servlet.TestDispatcherServlet - Using FlashMapManager [org.springframework.web.servlet.support.SessionFlashMapManager@46e7a18c]
09:52:43.424 [Test worker] DEBUG org.springframework.test.web.servlet.TestDispatcherServlet - Published WebApplicationContext of servlet '' as ServletContext attribute with name [org.springframework.web.servlet.FrameworkServlet.CONTEXT.]
09:52:43.424 [Test worker] INFO org.springframework.test.web.servlet.TestDispatcherServlet - FrameworkServlet '': initialization completed in 0 ms
09:52:43.424 [Test worker] DEBUG org.springframework.test.web.servlet.TestDispatcherServlet - Servlet '' configured successfully
09:52:43.425 [Test worker] DEBUG org.springframework.test.web.servlet.TestDispatcherServlet - DispatcherServlet with name '' processing GET request for [/clientes/1/editar]
09:52:43.425 [Test worker] DEBUG org.springframework.test.web.servlet.setup.StandaloneMockMvcBuilder$StaticRequestMappingHandlerMapping - Looking up handler method for path /clientes/1/editar
09:52:43.426 [Test worker] DEBUG org.springframework.test.web.servlet.setup.StandaloneMockMvcBuilder$StaticRequestMappingHandlerMapping - Returning handler method [public org.springframework.web.servlet.ModelAndView br.com.desafiotecnico.controller.CRUDController.editar(java.lang.Long)]
09:52:43.426 [Test worker] DEBUG org.springframework.test.web.servlet.TestDispatcherServlet - Last-Modified value for [/clientes/1/editar] is: -1
09:52:43.441 [Test worker] DEBUG org.springframework.test.web.servlet.TestDispatcherServlet - Rendering view [org.springframework.web.servlet.view.InternalResourceView: unnamed; URL [clientes/form]] in DispatcherServlet with name ''
09:52:43.441 [Test worker] DEBUG org.springframework.web.servlet.view.InternalResourceView - Added model object 'id' of type [java.lang.Long] to request in view with name 'null'
09:52:43.441 [Test worker] DEBUG org.springframework.web.servlet.view.InternalResourceView - Added model object 'tipos' of type [[Lbr.com.desafiotecnico.model.Tipo;] to request in view with name 'null'
09:52:43.441 [Test worker] DEBUG org.springframework.web.servlet.view.InternalResourceView - Added model object 'cliente' of type [br.com.desafiotecnico.model.Cliente$$EnhancerByMockitoWithCGLIB$$c9070df1] to request in view with name 'null'
09:52:43.441 [Test worker] DEBUG org.springframework.web.servlet.view.InternalResourceView - Added model object 'org.springframework.validation.BindingResult.cliente' of type [org.springframework.validation.BeanPropertyBindingResult] to request in view with name 'null'
09:52:43.441 [Test worker] DEBUG org.springframework.web.servlet.view.InternalResourceView - Forwarding to resource [clientes/form] in InternalResourceView 'null'
09:52:43.441 [Test worker] DEBUG org.springframework.mock.web.MockRequestDispatcher - MockRequestDispatcher: forwarding to [clientes/form]
09:52:43.442 [Test worker] DEBUG org.springframework.test.web.servlet.TestDispatcherServlet - Successfully completed request
09:52:43.444 [Test worker] DEBUG org.springframework.core.env.StandardEnvironment - Adding [systemProperties] PropertySource with lowest search precedence
09:52:43.444 [Test worker] DEBUG org.springframework.core.env.StandardEnvironment - Adding [systemEnvironment] PropertySource with lowest search precedence
09:52:43.445 [Test worker] DEBUG org.springframework.core.env.StandardEnvironment - Initialized StandardEnvironment with PropertySources [systemProperties,systemEnvironment]
09:52:43.445 [Test worker] DEBUG org.springframework.test.web.servlet.setup.StandaloneMockMvcBuilder$StaticRequestMappingHandlerMapping - Looking for request mappings in application context: org.springframework.test.web.servlet.setup.StubWebApplicationContext@4eec09cd
09:52:43.449 [Test worker] DEBUG org.springframework.test.web.servlet.setup.StandaloneMockMvcBuilder$StaticRequestMappingHandlerMapping - 7 request handler methods found on class br.com.desafiotecnico.controller.ClienteController: {public org.springframework.web.servlet.ModelAndView br.com.desafiotecnico.controller.ClienteController.ordensServico(java.lang.Long)={[/clientes/{id}/ordens_servico],methods=[GET]}, public org.springframework.web.servlet.ModelAndView br.com.desafiotecnico.controller.CRUDController.index()={[/clientes/],methods=[GET]}, public org.springframework.web.servlet.ModelAndView br.com.desafiotecnico.controller.CRUDController.remover(java.lang.Long)={[/clientes/{id}/remover],methods=[GET]}, public org.springframework.web.servlet.ModelAndView br.com.desafiotecnico.controller.CRUDController.salvar(br.com.desafiotecnico.model.GenericEntity,org.springframework.validation.BindingResult,org.springframework.web.servlet.mvc.support.RedirectAttributes)={[/clientes/salvar],methods=[POST]}, public org.springframework.web.servlet.ModelAndView br.com.desafiotecnico.controller.CRUDController.editar(java.lang.Long)={[/clientes/{id}/editar],methods=[GET]}, public org.springframework.web.servlet.ModelAndView br.com.desafiotecnico.controller.CRUDController.excluir(java.lang.Long,org.springframework.web.servlet.mvc.support.RedirectAttributes)={[/clientes/{id}/remover],methods=[DELETE]}, public org.springframework.web.servlet.ModelAndView br.com.desafiotecnico.controller.CRUDController.novo()={[/clientes/novo],methods=[GET]}}
09:52:43.449 [Test worker] INFO org.springframework.test.web.servlet.setup.StandaloneMockMvcBuilder$StaticRequestMappingHandlerMapping - Mapped "{[/clientes/{id}/ordens_servico],methods=[GET]}" onto public org.springframework.web.servlet.ModelAndView br.com.desafiotecnico.controller.ClienteController.ordensServico(java.lang.Long)
09:52:43.449 [Test worker] INFO org.springframework.test.web.servlet.setup.StandaloneMockMvcBuilder$StaticRequestMappingHandlerMapping - Mapped "{[/clientes/],methods=[GET]}" onto public org.springframework.web.servlet.ModelAndView br.com.desafiotecnico.controller.CRUDController.index()
09:52:43.449 [Test worker] INFO org.springframework.test.web.servlet.setup.StandaloneMockMvcBuilder$StaticRequestMappingHandlerMapping - Mapped "{[/clientes/{id}/remover],methods=[GET]}" onto public org.springframework.web.servlet.ModelAndView br.com.desafiotecnico.controller.CRUDController.remover(java.lang.Long)
09:52:43.450 [Test worker] INFO org.springframework.test.web.servlet.setup.StandaloneMockMvcBuilder$StaticRequestMappingHandlerMapping - Mapped "{[/clientes/salvar],methods=[POST]}" onto public org.springframework.web.servlet.ModelAndView br.com.desafiotecnico.controller.CRUDController.salvar(T,org.springframework.validation.BindingResult,org.springframework.web.servlet.mvc.support.RedirectAttributes)
09:52:43.450 [Test worker] INFO org.springframework.test.web.servlet.setup.StandaloneMockMvcBuilder$StaticRequestMappingHandlerMapping - Mapped "{[/clientes/{id}/editar],methods=[GET]}" onto public org.springframework.web.servlet.ModelAndView br.com.desafiotecnico.controller.CRUDController.editar(java.lang.Long)
09:52:43.450 [Test worker] INFO org.springframework.test.web.servlet.setup.StandaloneMockMvcBuilder$StaticRequestMappingHandlerMapping - Mapped "{[/clientes/{id}/remover],methods=[DELETE]}" onto public org.springframework.web.servlet.ModelAndView br.com.desafiotecnico.controller.CRUDController.excluir(java.lang.Long,org.springframework.web.servlet.mvc.support.RedirectAttributes)
09:52:43.450 [Test worker] INFO org.springframework.test.web.servlet.setup.StandaloneMockMvcBuilder$StaticRequestMappingHandlerMapping - Mapped "{[/clientes/novo],methods=[GET]}" onto public org.springframework.web.servlet.ModelAndView br.com.desafiotecnico.controller.CRUDController.novo()
09:52:43.458 [Test worker] DEBUG org.hibernate.validator.internal.engine.resolver.DefaultTraversableResolver - Found javax.persistence.Persistence on classpath containing 'getPersistenceUtil'. Assuming JPA 2 environment. Trying to instantiate JPA aware TraversableResolver
09:52:43.458 [Test worker] DEBUG org.hibernate.validator.internal.engine.resolver.DefaultTraversableResolver - Instantiated JPA aware TraversableResolver of type org.hibernate.validator.internal.engine.resolver.JPATraversableResolver.
09:52:43.458 [Test worker] DEBUG org.hibernate.validator.internal.engine.ConfigurationImpl - Setting custom MessageInterpolator of type org.springframework.validation.beanvalidation.LocaleContextMessageInterpolator
09:52:43.458 [Test worker] DEBUG org.hibernate.validator.internal.engine.ConfigurationImpl - Setting custom ParameterNameProvider of type com.sun.proxy.$Proxy27
09:52:43.459 [Test worker] DEBUG org.hibernate.validator.internal.xml.ValidationXmlParser - Trying to load META-INF/validation.xml for XML based Validator configuration.
09:52:43.459 [Test worker] DEBUG org.hibernate.validator.internal.xml.ResourceLoaderHelper - Trying to load META-INF/validation.xml via TCCL
09:52:43.459 [Test worker] DEBUG org.hibernate.validator.internal.xml.ResourceLoaderHelper - Trying to load META-INF/validation.xml via Hibernate Validator's class loader
09:52:43.459 [Test worker] DEBUG org.hibernate.validator.internal.xml.ValidationXmlParser - No META-INF/validation.xml found. Using annotation based configuration only.
09:52:43.461 [Test worker] INFO org.springframework.web.servlet.mvc.method.annotation.RequestMappingHandlerAdapter - Looking for @ControllerAdvice: org.springframework.test.web.servlet.setup.StubWebApplicationContext@4eec09cd
09:52:43.464 [Test worker] DEBUG org.springframework.web.servlet.mvc.method.annotation.ExceptionHandlerExceptionResolver - Looking for exception mappings: org.springframework.test.web.servlet.setup.StubWebApplicationContext@4eec09cd
09:52:43.464 [Test worker] DEBUG org.springframework.test.web.servlet.TestDispatcherServlet - Initializing servlet ''
09:52:43.464 [Test worker] DEBUG org.springframework.web.context.support.StandardServletEnvironment - Adding [servletConfigInitParams] PropertySource with lowest search precedence
09:52:43.464 [Test worker] DEBUG org.springframework.web.context.support.StandardServletEnvironment - Adding [servletContextInitParams] PropertySource with lowest search precedence
09:52:43.464 [Test worker] DEBUG org.springframework.web.context.support.StandardServletEnvironment - Adding [systemProperties] PropertySource with lowest search precedence
09:52:43.465 [Test worker] DEBUG org.springframework.web.context.support.StandardServletEnvironment - Adding [systemEnvironment] PropertySource with lowest search precedence
09:52:43.465 [Test worker] DEBUG org.springframework.web.context.support.StandardServletEnvironment - Initialized StandardServletEnvironment with PropertySources [servletConfigInitParams,servletContextInitParams,systemProperties,systemEnvironment]
09:52:43.465 [Test worker] INFO org.springframework.mock.web.MockServletContext - Initializing Spring FrameworkServlet ''
09:52:43.465 [Test worker] INFO org.springframework.test.web.servlet.TestDispatcherServlet - FrameworkServlet '': initialization started
09:52:43.465 [Test worker] DEBUG org.springframework.test.web.servlet.TestDispatcherServlet - Unable to locate MultipartResolver with name 'multipartResolver': no multipart request handling provided
09:52:43.465 [Test worker] DEBUG org.springframework.test.web.servlet.TestDispatcherServlet - Using LocaleResolver [org.springframework.web.servlet.i18n.AcceptHeaderLocaleResolver@7048714a]
09:52:43.465 [Test worker] DEBUG org.springframework.test.web.servlet.TestDispatcherServlet - Using ThemeResolver [org.springframework.web.servlet.theme.FixedThemeResolver@1e8f29b1]
09:52:43.465 [Test worker] DEBUG org.springframework.test.web.servlet.TestDispatcherServlet - Using RequestToViewNameTranslator [org.springframework.web.servlet.view.DefaultRequestToViewNameTranslator@f1d6748]
09:52:43.465 [Test worker] DEBUG org.springframework.test.web.servlet.TestDispatcherServlet - Using FlashMapManager [org.springframework.web.servlet.support.SessionFlashMapManager@56e44d34]
09:52:43.465 [Test worker] DEBUG org.springframework.test.web.servlet.TestDispatcherServlet - Published WebApplicationContext of servlet '' as ServletContext attribute with name [org.springframework.web.servlet.FrameworkServlet.CONTEXT.]
09:52:43.465 [Test worker] INFO org.springframework.test.web.servlet.TestDispatcherServlet - FrameworkServlet '': initialization completed in 0 ms
09:52:43.465 [Test worker] DEBUG org.springframework.test.web.servlet.TestDispatcherServlet - Servlet '' configured successfully
09:52:43.466 [Test worker] DEBUG org.springframework.test.web.servlet.TestDispatcherServlet - DispatcherServlet with name '' processing POST request for [/clientes/salvar]
09:52:43.466 [Test worker] DEBUG org.springframework.test.web.servlet.setup.StandaloneMockMvcBuilder$StaticRequestMappingHandlerMapping - Looking up handler method for path /clientes/salvar
09:52:43.466 [Test worker] DEBUG org.springframework.test.web.servlet.setup.StandaloneMockMvcBuilder$StaticRequestMappingHandlerMapping - Returning handler method [public org.springframework.web.servlet.ModelAndView br.com.desafiotecnico.controller.CRUDController.salvar(T,org.springframework.validation.BindingResult,org.springframework.web.servlet.mvc.support.RedirectAttributes)]
09:52:43.502 [Test worker] DEBUG org.hibernate.validator.internal.metadata.descriptor.ConstraintDescriptorImpl - Adding composing constraint: ConstraintDescriptorImpl{annotation=javax.validation.constraints.NotNull, payloads=[], hasComposingConstraints=true, isReportAsSingleInvalidConstraint=false, elementType=FIELD, definedOn=DEFINED_LOCALLY, groups=[interface javax.validation.groups.Default], attributes={message={javax.validation.constraints.NotNull.message}, groups=[Ljava.lang.Class;@6451d1c8, payload=[Ljava.lang.Class;@6060b5dd}, constraintType=GENERIC}.
09:52:43.584 [Test worker] DEBUG org.hibernate.validator.resourceloading.PlatformResourceBundleLocator - ValidationMessages not found.
09:52:43.586 [Test worker] DEBUG org.hibernate.validator.resourceloading.PlatformResourceBundleLocator - ContributorValidationMessages not found.
09:52:43.588 [Test worker] DEBUG org.hibernate.validator.resourceloading.PlatformResourceBundleLocator - org.hibernate.validator.ValidationMessages found.
09:52:43.596 [Test worker] DEBUG org.hibernate.validator.resourceloading.PlatformResourceBundleLocator - ValidationMessages not found.
09:52:43.596 [Test worker] DEBUG org.hibernate.validator.resourceloading.PlatformResourceBundleLocator - ContributorValidationMessages not found.
09:52:43.596 [Test worker] DEBUG org.hibernate.validator.resourceloading.PlatformResourceBundleLocator - org.hibernate.validator.ValidationMessages found.
09:52:43.604 [Test worker] DEBUG org.springframework.test.web.servlet.TestDispatcherServlet - Rendering view [org.springframework.web.servlet.view.InternalResourceView: unnamed; URL [clientes/form]] in DispatcherServlet with name ''
09:52:43.604 [Test worker] DEBUG org.springframework.web.servlet.view.InternalResourceView - Added model object 'cliente' of type [br.com.desafiotecnico.model.Cliente] to request in view with name 'null'
09:52:43.604 [Test worker] DEBUG org.springframework.web.servlet.view.InternalResourceView - Added model object 'org.springframework.validation.BindingResult.cliente' of type [org.springframework.validation.BeanPropertyBindingResult] to request in view with name 'null'
09:52:43.604 [Test worker] DEBUG org.springframework.web.servlet.view.InternalResourceView - Added model object 'tipos' of type [[Lbr.com.desafiotecnico.model.Tipo;] to request in view with name 'null'
09:52:43.604 [Test worker] DEBUG org.springframework.web.servlet.view.InternalResourceView - Forwarding to resource [clientes/form] in InternalResourceView 'null'
09:52:43.604 [Test worker] DEBUG org.springframework.mock.web.MockRequestDispatcher - MockRequestDispatcher: forwarding to [clientes/form]
09:52:43.604 [Test worker] DEBUG org.springframework.test.web.servlet.TestDispatcherServlet - Successfully completed request
09:52:43.605 [Test worker] DEBUG org.springframework.core.env.StandardEnvironment - Adding [systemProperties] PropertySource with lowest search precedence
09:52:43.605 [Test worker] DEBUG org.springframework.core.env.StandardEnvironment - Adding [systemEnvironment] PropertySource with lowest search precedence
09:52:43.605 [Test worker] DEBUG org.springframework.core.env.StandardEnvironment - Initialized StandardEnvironment with PropertySources [systemProperties,systemEnvironment]
09:52:43.606 [Test worker] DEBUG org.springframework.test.web.servlet.setup.StandaloneMockMvcBuilder$StaticRequestMappingHandlerMapping - Looking for request mappings in application context: org.springframework.test.web.servlet.setup.StubWebApplicationContext@642bbab9
09:52:43.611 [Test worker] DEBUG org.springframework.test.web.servlet.setup.StandaloneMockMvcBuilder$StaticRequestMappingHandlerMapping - 7 request handler methods found on class br.com.desafiotecnico.controller.ClienteController: {public org.springframework.web.servlet.ModelAndView br.com.desafiotecnico.controller.ClienteController.ordensServico(java.lang.Long)={[/clientes/{id}/ordens_servico],methods=[GET]}, public org.springframework.web.servlet.ModelAndView br.com.desafiotecnico.controller.CRUDController.index()={[/clientes/],methods=[GET]}, public org.springframework.web.servlet.ModelAndView br.com.desafiotecnico.controller.CRUDController.remover(java.lang.Long)={[/clientes/{id}/remover],methods=[GET]}, public org.springframework.web.servlet.ModelAndView br.com.desafiotecnico.controller.CRUDController.salvar(br.com.desafiotecnico.model.GenericEntity,org.springframework.validation.BindingResult,org.springframework.web.servlet.mvc.support.RedirectAttributes)={[/clientes/salvar],methods=[POST]}, public org.springframework.web.servlet.ModelAndView br.com.desafiotecnico.controller.CRUDController.editar(java.lang.Long)={[/clientes/{id}/editar],methods=[GET]}, public org.springframework.web.servlet.ModelAndView br.com.desafiotecnico.controller.CRUDController.excluir(java.lang.Long,org.springframework.web.servlet.mvc.support.RedirectAttributes)={[/clientes/{id}/remover],methods=[DELETE]}, public org.springframework.web.servlet.ModelAndView br.com.desafiotecnico.controller.CRUDController.novo()={[/clientes/novo],methods=[GET]}}
09:52:43.611 [Test worker] INFO org.springframework.test.web.servlet.setup.StandaloneMockMvcBuilder$StaticRequestMappingHandlerMapping - Mapped "{[/clientes/{id}/ordens_servico],methods=[GET]}" onto public org.springframework.web.servlet.ModelAndView br.com.desafiotecnico.controller.ClienteController.ordensServico(java.lang.Long)
09:52:43.612 [Test worker] INFO org.springframework.test.web.servlet.setup.StandaloneMockMvcBuilder$StaticRequestMappingHandlerMapping - Mapped "{[/clientes/],methods=[GET]}" onto public org.springframework.web.servlet.ModelAndView br.com.desafiotecnico.controller.CRUDController.index()
09:52:43.612 [Test worker] INFO org.springframework.test.web.servlet.setup.StandaloneMockMvcBuilder$StaticRequestMappingHandlerMapping - Mapped "{[/clientes/{id}/remover],methods=[GET]}" onto public org.springframework.web.servlet.ModelAndView br.com.desafiotecnico.controller.CRUDController.remover(java.lang.Long)
09:52:43.612 [Test worker] INFO org.springframework.test.web.servlet.setup.StandaloneMockMvcBuilder$StaticRequestMappingHandlerMapping - Mapped "{[/clientes/salvar],methods=[POST]}" onto public org.springframework.web.servlet.ModelAndView br.com.desafiotecnico.controller.CRUDController.salvar(T,org.springframework.validation.BindingResult,org.springframework.web.servlet.mvc.support.RedirectAttributes)
09:52:43.613 [Test worker] INFO org.springframework.test.web.servlet.setup.StandaloneMockMvcBuilder$StaticRequestMappingHandlerMapping - Mapped "{[/clientes/{id}/editar],methods=[GET]}" onto public org.springframework.web.servlet.ModelAndView br.com.desafiotecnico.controller.CRUDController.editar(java.lang.Long)
09:52:43.613 [Test worker] INFO org.springframework.test.web.servlet.setup.StandaloneMockMvcBuilder$StaticRequestMappingHandlerMapping - Mapped "{[/clientes/{id}/remover],methods=[DELETE]}" onto public org.springframework.web.servlet.ModelAndView br.com.desafiotecnico.controller.CRUDController.excluir(java.lang.Long,org.springframework.web.servlet.mvc.support.RedirectAttributes)
09:52:43.613 [Test worker] INFO org.springframework.test.web.servlet.setup.StandaloneMockMvcBuilder$StaticRequestMappingHandlerMapping - Mapped "{[/clientes/novo],methods=[GET]}" onto public org.springframework.web.servlet.ModelAndView br.com.desafiotecnico.controller.CRUDController.novo()
09:52:43.620 [Test worker] DEBUG org.hibernate.validator.internal.engine.resolver.DefaultTraversableResolver - Found javax.persistence.Persistence on classpath containing 'getPersistenceUtil'. Assuming JPA 2 environment. Trying to instantiate JPA aware TraversableResolver
09:52:43.621 [Test worker] DEBUG org.hibernate.validator.internal.engine.resolver.DefaultTraversableResolver - Instantiated JPA aware TraversableResolver of type org.hibernate.validator.internal.engine.resolver.JPATraversableResolver.
09:52:43.621 [Test worker] DEBUG org.hibernate.validator.internal.engine.ConfigurationImpl - Setting custom MessageInterpolator of type org.springframework.validation.beanvalidation.LocaleContextMessageInterpolator
09:52:43.621 [Test worker] DEBUG org.hibernate.validator.internal.engine.ConfigurationImpl - Setting custom ParameterNameProvider of type com.sun.proxy.$Proxy27
09:52:43.621 [Test worker] DEBUG org.hibernate.validator.internal.xml.ValidationXmlParser - Trying to load META-INF/validation.xml for XML based Validator configuration.
09:52:43.621 [Test worker] DEBUG org.hibernate.validator.internal.xml.ResourceLoaderHelper - Trying to load META-INF/validation.xml via TCCL
09:52:43.621 [Test worker] DEBUG org.hibernate.validator.internal.xml.ResourceLoaderHelper - Trying to load META-INF/validation.xml via Hibernate Validator's class loader
09:52:43.621 [Test worker] DEBUG org.hibernate.validator.internal.xml.ValidationXmlParser - No META-INF/validation.xml found. Using annotation based configuration only.
09:52:43.623 [Test worker] INFO org.springframework.web.servlet.mvc.method.annotation.RequestMappingHandlerAdapter - Looking for @ControllerAdvice: org.springframework.test.web.servlet.setup.StubWebApplicationContext@642bbab9
09:52:43.627 [Test worker] DEBUG org.springframework.web.servlet.mvc.method.annotation.ExceptionHandlerExceptionResolver - Looking for exception mappings: org.springframework.test.web.servlet.setup.StubWebApplicationContext@642bbab9
09:52:43.627 [Test worker] DEBUG org.springframework.test.web.servlet.TestDispatcherServlet - Initializing servlet ''
09:52:43.627 [Test worker] DEBUG org.springframework.web.context.support.StandardServletEnvironment - Adding [servletConfigInitParams] PropertySource with lowest search precedence
09:52:43.627 [Test worker] DEBUG org.springframework.web.context.support.StandardServletEnvironment - Adding [servletContextInitParams] PropertySource with lowest search precedence
09:52:43.627 [Test worker] DEBUG org.springframework.web.context.support.StandardServletEnvironment - Adding [systemProperties] PropertySource with lowest search precedence
09:52:43.627 [Test worker] DEBUG org.springframework.web.context.support.StandardServletEnvironment - Adding [systemEnvironment] PropertySource with lowest search precedence
09:52:43.628 [Test worker] DEBUG org.springframework.web.context.support.StandardServletEnvironment - Initialized StandardServletEnvironment with PropertySources [servletConfigInitParams,servletContextInitParams,systemProperties,systemEnvironment]
09:52:43.628 [Test worker] INFO org.springframework.mock.web.MockServletContext - Initializing Spring FrameworkServlet ''
09:52:43.628 [Test worker] INFO org.springframework.test.web.servlet.TestDispatcherServlet - FrameworkServlet '': initialization started
09:52:43.628 [Test worker] DEBUG org.springframework.test.web.servlet.TestDispatcherServlet - Unable to locate MultipartResolver with name 'multipartResolver': no multipart request handling provided
09:52:43.628 [Test worker] DEBUG org.springframework.test.web.servlet.TestDispatcherServlet - Using LocaleResolver [org.springframework.web.servlet.i18n.AcceptHeaderLocaleResolver@687514ab]
09:52:43.628 [Test worker] DEBUG org.springframework.test.web.servlet.TestDispatcherServlet - Using ThemeResolver [org.springframework.web.servlet.theme.FixedThemeResolver@3e1365d7]
09:52:43.628 [Test worker] DEBUG org.springframework.test.web.servlet.TestDispatcherServlet - Using RequestToViewNameTranslator [org.springframework.web.servlet.view.DefaultRequestToViewNameTranslator@5d8fb5e9]
09:52:43.628 [Test worker] DEBUG org.springframework.test.web.servlet.TestDispatcherServlet - Using FlashMapManager [org.springframework.web.servlet.support.SessionFlashMapManager@6787a031]
09:52:43.628 [Test worker] DEBUG org.springframework.test.web.servlet.TestDispatcherServlet - Published WebApplicationContext of servlet '' as ServletContext attribute with name [org.springframework.web.servlet.FrameworkServlet.CONTEXT.]
09:52:43.628 [Test worker] INFO org.springframework.test.web.servlet.TestDispatcherServlet - FrameworkServlet '': initialization completed in 0 ms
09:52:43.628 [Test worker] DEBUG org.springframework.test.web.servlet.TestDispatcherServlet - Servlet '' configured successfully
09:52:43.628 [Test worker] DEBUG org.springframework.test.web.servlet.TestDispatcherServlet - DispatcherServlet with name '' processing POST request for [/clientes/salvar]
09:52:43.628 [Test worker] DEBUG org.springframework.test.web.servlet.setup.StandaloneMockMvcBuilder$StaticRequestMappingHandlerMapping - Looking up handler method for path /clientes/salvar
09:52:43.629 [Test worker] DEBUG org.springframework.test.web.servlet.setup.StandaloneMockMvcBuilder$StaticRequestMappingHandlerMapping - Returning handler method [public org.springframework.web.servlet.ModelAndView br.com.desafiotecnico.controller.CRUDController.salvar(T,org.springframework.validation.BindingResult,org.springframework.web.servlet.mvc.support.RedirectAttributes)]
09:52:43.631 [Test worker] DEBUG org.hibernate.validator.internal.metadata.descriptor.ConstraintDescriptorImpl - Adding composing constraint: ConstraintDescriptorImpl{annotation=javax.validation.constraints.NotNull, payloads=[], hasComposingConstraints=true, isReportAsSingleInvalidConstraint=false, elementType=FIELD, definedOn=DEFINED_LOCALLY, groups=[interface javax.validation.groups.Default], attributes={message={javax.validation.constraints.NotNull.message}, groups=[Ljava.lang.Class;@27972026, payload=[Ljava.lang.Class;@28fc4de}, constraintType=GENERIC}.
09:52:43.640 [Test worker] DEBUG org.springframework.test.web.servlet.TestDispatcherServlet - Rendering view [org.springframework.web.servlet.view.RedirectView: unnamed; URL [/clientes/]] in DispatcherServlet with name ''
09:52:43.640 [Test worker] DEBUG org.springframework.web.servlet.support.SessionFlashMapManager - Saving FlashMap=FlashMap [attributes={msgSuccess=Cliente salvo com sucesso!}, targetRequestPath=/clientes/, targetRequestParams={}]
09:52:43.642 [Test worker] DEBUG org.springframework.test.web.servlet.TestDispatcherServlet - Successfully completed request
09:52:43.648 [Test worker] DEBUG org.springframework.core.env.StandardEnvironment - Adding [systemProperties] PropertySource with lowest search precedence
09:52:43.648 [Test worker] DEBUG org.springframework.core.env.StandardEnvironment - Adding [systemEnvironment] PropertySource with lowest search precedence
09:52:43.649 [Test worker] DEBUG org.springframework.core.env.StandardEnvironment - Initialized StandardEnvironment with PropertySources [systemProperties,systemEnvironment]
09:52:43.650 [Test worker] DEBUG org.springframework.test.web.servlet.setup.StandaloneMockMvcBuilder$StaticRequestMappingHandlerMapping - Looking for request mappings in application context: org.springframework.test.web.servlet.setup.StubWebApplicationContext@2afef8da
09:52:43.654 [Test worker] DEBUG org.springframework.test.web.servlet.setup.StandaloneMockMvcBuilder$StaticRequestMappingHandlerMapping - 7 request handler methods found on class br.com.desafiotecnico.controller.ClienteController: {public org.springframework.web.servlet.ModelAndView br.com.desafiotecnico.controller.ClienteController.ordensServico(java.lang.Long)={[/clientes/{id}/ordens_servico],methods=[GET]}, public org.springframework.web.servlet.ModelAndView br.com.desafiotecnico.controller.CRUDController.index()={[/clientes/],methods=[GET]}, public org.springframework.web.servlet.ModelAndView br.com.desafiotecnico.controller.CRUDController.remover(java.lang.Long)={[/clientes/{id}/remover],methods=[GET]}, public org.springframework.web.servlet.ModelAndView br.com.desafiotecnico.controller.CRUDController.salvar(br.com.desafiotecnico.model.GenericEntity,org.springframework.validation.BindingResult,org.springframework.web.servlet.mvc.support.RedirectAttributes)={[/clientes/salvar],methods=[POST]}, public org.springframework.web.servlet.ModelAndView br.com.desafiotecnico.controller.CRUDController.editar(java.lang.Long)={[/clientes/{id}/editar],methods=[GET]}, public org.springframework.web.servlet.ModelAndView br.com.desafiotecnico.controller.CRUDController.excluir(java.lang.Long,org.springframework.web.servlet.mvc.support.RedirectAttributes)={[/clientes/{id}/remover],methods=[DELETE]}, public org.springframework.web.servlet.ModelAndView br.com.desafiotecnico.controller.CRUDController.novo()={[/clientes/novo],methods=[GET]}}
09:52:43.654 [Test worker] INFO org.springframework.test.web.servlet.setup.StandaloneMockMvcBuilder$StaticRequestMappingHandlerMapping - Mapped "{[/clientes/{id}/ordens_servico],methods=[GET]}" onto public org.springframework.web.servlet.ModelAndView br.com.desafiotecnico.controller.ClienteController.ordensServico(java.lang.Long)
09:52:43.654 [Test worker] INFO org.springframework.test.web.servlet.setup.StandaloneMockMvcBuilder$StaticRequestMappingHandlerMapping - Mapped "{[/clientes/],methods=[GET]}" onto public org.springframework.web.servlet.ModelAndView br.com.desafiotecnico.controller.CRUDController.index()
09:52:43.655 [Test worker] INFO org.springframework.test.web.servlet.setup.StandaloneMockMvcBuilder$StaticRequestMappingHandlerMapping - Mapped "{[/clientes/{id}/remover],methods=[GET]}" onto public org.springframework.web.servlet.ModelAndView br.com.desafiotecnico.controller.CRUDController.remover(java.lang.Long)
09:52:43.655 [Test worker] INFO org.springframework.test.web.servlet.setup.StandaloneMockMvcBuilder$StaticRequestMappingHandlerMapping - Mapped "{[/clientes/salvar],methods=[POST]}" onto public org.springframework.web.servlet.ModelAndView br.com.desafiotecnico.controller.CRUDController.salvar(T,org.springframework.validation.BindingResult,org.springframework.web.servlet.mvc.support.RedirectAttributes)
09:52:43.655 [Test worker] INFO org.springframework.test.web.servlet.setup.StandaloneMockMvcBuilder$StaticRequestMappingHandlerMapping - Mapped "{[/clientes/{id}/editar],methods=[GET]}" onto public org.springframework.web.servlet.ModelAndView br.com.desafiotecnico.controller.CRUDController.editar(java.lang.Long)
09:52:43.655 [Test worker] INFO org.springframework.test.web.servlet.setup.StandaloneMockMvcBuilder$StaticRequestMappingHandlerMapping - Mapped "{[/clientes/{id}/remover],methods=[DELETE]}" onto public org.springframework.web.servlet.ModelAndView br.com.desafiotecnico.controller.CRUDController.excluir(java.lang.Long,org.springframework.web.servlet.mvc.support.RedirectAttributes)
09:52:43.655 [Test worker] INFO org.springframework.test.web.servlet.setup.StandaloneMockMvcBuilder$StaticRequestMappingHandlerMapping - Mapped "{[/clientes/novo],methods=[GET]}" onto public org.springframework.web.servlet.ModelAndView br.com.desafiotecnico.controller.CRUDController.novo()
09:52:43.664 [Test worker] DEBUG org.hibernate.validator.internal.engine.resolver.DefaultTraversableResolver - Found javax.persistence.Persistence on classpath containing 'getPersistenceUtil'. Assuming JPA 2 environment. Trying to instantiate JPA aware TraversableResolver
09:52:43.664 [Test worker] DEBUG org.hibernate.validator.internal.engine.resolver.DefaultTraversableResolver - Instantiated JPA aware TraversableResolver of type org.hibernate.validator.internal.engine.resolver.JPATraversableResolver.
09:52:43.664 [Test worker] DEBUG org.hibernate.validator.internal.engine.ConfigurationImpl - Setting custom MessageInterpolator of type org.springframework.validation.beanvalidation.LocaleContextMessageInterpolator
09:52:43.664 [Test worker] DEBUG org.hibernate.validator.internal.engine.ConfigurationImpl - Setting custom ParameterNameProvider of type com.sun.proxy.$Proxy27
09:52:43.664 [Test worker] DEBUG org.hibernate.validator.internal.xml.ValidationXmlParser - Trying to load META-INF/validation.xml for XML based Validator configuration.
09:52:43.664 [Test worker] DEBUG org.hibernate.validator.internal.xml.ResourceLoaderHelper - Trying to load META-INF/validation.xml via TCCL
09:52:43.665 [Test worker] DEBUG org.hibernate.validator.internal.xml.ResourceLoaderHelper - Trying to load META-INF/validation.xml via Hibernate Validator's class loader
09:52:43.665 [Test worker] DEBUG org.hibernate.validator.internal.xml.ValidationXmlParser - No META-INF/validation.xml found. Using annotation based configuration only.
09:52:43.667 [Test worker] INFO org.springframework.web.servlet.mvc.method.annotation.RequestMappingHandlerAdapter - Looking for @ControllerAdvice: org.springframework.test.web.servlet.setup.StubWebApplicationContext@2afef8da
09:52:43.670 [Test worker] DEBUG org.springframework.web.servlet.mvc.method.annotation.ExceptionHandlerExceptionResolver - Looking for exception mappings: org.springframework.test.web.servlet.setup.StubWebApplicationContext@2afef8da
09:52:43.671 [Test worker] DEBUG org.springframework.test.web.servlet.TestDispatcherServlet - Initializing servlet ''
09:52:43.671 [Test worker] DEBUG org.springframework.web.context.support.StandardServletEnvironment - Adding [servletConfigInitParams] PropertySource with lowest search precedence
09:52:43.671 [Test worker] DEBUG org.springframework.web.context.support.StandardServletEnvironment - Adding [servletContextInitParams] PropertySource with lowest search precedence
09:52:43.671 [Test worker] DEBUG org.springframework.web.context.support.StandardServletEnvironment - Adding [systemProperties] PropertySource with lowest search precedence
09:52:43.671 [Test worker] DEBUG org.springframework.web.context.support.StandardServletEnvironment - Adding [systemEnvironment] PropertySource with lowest search precedence
09:52:43.672 [Test worker] DEBUG org.springframework.web.context.support.StandardServletEnvironment - Initialized StandardServletEnvironment with PropertySources [servletConfigInitParams,servletContextInitParams,systemProperties,systemEnvironment]
09:52:43.672 [Test worker] INFO org.springframework.mock.web.MockServletContext - Initializing Spring FrameworkServlet ''
09:52:43.672 [Test worker] INFO org.springframework.test.web.servlet.TestDispatcherServlet - FrameworkServlet '': initialization started
09:52:43.672 [Test worker] DEBUG org.springframework.test.web.servlet.TestDispatcherServlet - Unable to locate MultipartResolver with name 'multipartResolver': no multipart request handling provided
09:52:43.672 [Test worker] DEBUG org.springframework.test.web.servlet.TestDispatcherServlet - Using LocaleResolver [org.springframework.web.servlet.i18n.AcceptHeaderLocaleResolver@593ed491]
09:52:43.672 [Test worker] DEBUG org.springframework.test.web.servlet.TestDispatcherServlet - Using ThemeResolver [org.springframework.web.servlet.theme.FixedThemeResolver@640b623f]
09:52:43.672 [Test worker] DEBUG org.springframework.test.web.servlet.TestDispatcherServlet - Using RequestToViewNameTranslator [org.springframework.web.servlet.view.DefaultRequestToViewNameTranslator@46c0e818]
09:52:43.672 [Test worker] DEBUG org.springframework.test.web.servlet.TestDispatcherServlet - Using FlashMapManager [org.springframework.web.servlet.support.SessionFlashMapManager@11a778b9]
09:52:43.672 [Test worker] DEBUG org.springframework.test.web.servlet.TestDispatcherServlet - Published WebApplicationContext of servlet '' as ServletContext attribute with name [org.springframework.web.servlet.FrameworkServlet.CONTEXT.]
09:52:43.672 [Test worker] INFO org.springframework.test.web.servlet.TestDispatcherServlet - FrameworkServlet '': initialization completed in 0 ms
09:52:43.672 [Test worker] DEBUG org.springframework.test.web.servlet.TestDispatcherServlet - Servlet '' configured successfully
09:52:43.672 [Test worker] DEBUG org.springframework.test.web.servlet.TestDispatcherServlet - DispatcherServlet with name '' processing GET request for [/clientes/novo]
09:52:43.672 [Test worker] DEBUG org.springframework.test.web.servlet.setup.StandaloneMockMvcBuilder$StaticRequestMappingHandlerMapping - Looking up handler method for path /clientes/novo
09:52:43.672 [Test worker] DEBUG org.springframework.test.web.servlet.setup.StandaloneMockMvcBuilder$StaticRequestMappingHandlerMapping - Returning handler method [public org.springframework.web.servlet.ModelAndView br.com.desafiotecnico.controller.CRUDController.novo()]
09:52:43.672 [Test worker] DEBUG org.springframework.test.web.servlet.TestDispatcherServlet - Last-Modified value for [/clientes/novo] is: -1
09:52:43.674 [Test worker] DEBUG org.springframework.test.web.servlet.TestDispatcherServlet - Rendering view [org.springframework.web.servlet.view.InternalResourceView: unnamed; URL [clientes/form]] in DispatcherServlet with name ''
09:52:43.674 [Test worker] DEBUG org.springframework.web.servlet.view.InternalResourceView - Added model object 'tipos' of type [[Lbr.com.desafiotecnico.model.Tipo;] to request in view with name 'null'
09:52:43.674 [Test worker] DEBUG org.springframework.web.servlet.view.InternalResourceView - Added model object 'cliente' of type [br.com.desafiotecnico.model.Cliente] to request in view with name 'null'
09:52:43.674 [Test worker] DEBUG org.springframework.web.servlet.view.InternalResourceView - Added model object 'org.springframework.validation.BindingResult.cliente' of type [org.springframework.validation.BeanPropertyBindingResult] to request in view with name 'null'
09:52:43.674 [Test worker] DEBUG org.springframework.web.servlet.view.InternalResourceView - Forwarding to resource [clientes/form] in InternalResourceView 'null'
09:52:43.674 [Test worker] DEBUG org.springframework.mock.web.MockRequestDispatcher - MockRequestDispatcher: forwarding to [clientes/form]
09:52:43.674 [Test worker] DEBUG org.springframework.test.web.servlet.TestDispatcherServlet - Successfully completed request
09:52:43.675 [Test worker] DEBUG org.springframework.core.env.StandardEnvironment - Adding [systemProperties] PropertySource with lowest search precedence
09:52:43.675 [Test worker] DEBUG org.springframework.core.env.StandardEnvironment - Adding [systemEnvironment] PropertySource with lowest search precedence
09:52:43.676 [Test worker] DEBUG org.springframework.core.env.StandardEnvironment - Initialized StandardEnvironment with PropertySources [systemProperties,systemEnvironment]
09:52:43.676 [Test worker] DEBUG org.springframework.test.web.servlet.setup.StandaloneMockMvcBuilder$StaticRequestMappingHandlerMapping - Looking for request mappings in application context: org.springframework.test.web.servlet.setup.StubWebApplicationContext@1372b37
09:52:43.680 [Test worker] DEBUG org.springframework.test.web.servlet.setup.StandaloneMockMvcBuilder$StaticRequestMappingHandlerMapping - 7 request handler methods found on class br.com.desafiotecnico.controller.ClienteController: {public org.springframework.web.servlet.ModelAndView br.com.desafiotecnico.controller.ClienteController.ordensServico(java.lang.Long)={[/clientes/{id}/ordens_servico],methods=[GET]}, public org.springframework.web.servlet.ModelAndView br.com.desafiotecnico.controller.CRUDController.index()={[/clientes/],methods=[GET]}, public org.springframework.web.servlet.ModelAndView br.com.desafiotecnico.controller.CRUDController.remover(java.lang.Long)={[/clientes/{id}/remover],methods=[GET]}, public org.springframework.web.servlet.ModelAndView br.com.desafiotecnico.controller.CRUDController.salvar(br.com.desafiotecnico.model.GenericEntity,org.springframework.validation.BindingResult,org.springframework.web.servlet.mvc.support.RedirectAttributes)={[/clientes/salvar],methods=[POST]}, public org.springframework.web.servlet.ModelAndView br.com.desafiotecnico.controller.CRUDController.editar(java.lang.Long)={[/clientes/{id}/editar],methods=[GET]}, public org.springframework.web.servlet.ModelAndView br.com.desafiotecnico.controller.CRUDController.excluir(java.lang.Long,org.springframework.web.servlet.mvc.support.RedirectAttributes)={[/clientes/{id}/remover],methods=[DELETE]}, public org.springframework.web.servlet.ModelAndView br.com.desafiotecnico.controller.CRUDController.novo()={[/clientes/novo],methods=[GET]}}
09:52:43.680 [Test worker] INFO org.springframework.test.web.servlet.setup.StandaloneMockMvcBuilder$StaticRequestMappingHandlerMapping - Mapped "{[/clientes/{id}/ordens_servico],methods=[GET]}" onto public org.springframework.web.servlet.ModelAndView br.com.desafiotecnico.controller.ClienteController.ordensServico(java.lang.Long)
09:52:43.680 [Test worker] INFO org.springframework.test.web.servlet.setup.StandaloneMockMvcBuilder$StaticRequestMappingHandlerMapping - Mapped "{[/clientes/],methods=[GET]}" onto public org.springframework.web.servlet.ModelAndView br.com.desafiotecnico.controller.CRUDController.index()
09:52:43.681 [Test worker] INFO org.springframework.test.web.servlet.setup.StandaloneMockMvcBuilder$StaticRequestMappingHandlerMapping - Mapped "{[/clientes/{id}/remover],methods=[GET]}" onto public org.springframework.web.servlet.ModelAndView br.com.desafiotecnico.controller.CRUDController.remover(java.lang.Long)
09:52:43.681 [Test worker] INFO org.springframework.test.web.servlet.setup.StandaloneMockMvcBuilder$StaticRequestMappingHandlerMapping - Mapped "{[/clientes/salvar],methods=[POST]}" onto public org.springframework.web.servlet.ModelAndView br.com.desafiotecnico.controller.CRUDController.salvar(T,org.springframework.validation.BindingResult,org.springframework.web.servlet.mvc.support.RedirectAttributes)
09:52:43.681 [Test worker] INFO org.springframework.test.web.servlet.setup.StandaloneMockMvcBuilder$StaticRequestMappingHandlerMapping - Mapped "{[/clientes/{id}/editar],methods=[GET]}" onto public org.springframework.web.servlet.ModelAndView br.com.desafiotecnico.controller.CRUDController.editar(java.lang.Long)
09:52:43.682 [Test worker] INFO org.springframework.test.web.servlet.setup.StandaloneMockMvcBuilder$StaticRequestMappingHandlerMapping - Mapped "{[/clientes/{id}/remover],methods=[DELETE]}" onto public org.springframework.web.servlet.ModelAndView br.com.desafiotecnico.controller.CRUDController.excluir(java.lang.Long,org.springframework.web.servlet.mvc.support.RedirectAttributes)
09:52:43.682 [Test worker] INFO org.springframework.test.web.servlet.setup.StandaloneMockMvcBuilder$StaticRequestMappingHandlerMapping - Mapped "{[/clientes/novo],methods=[GET]}" onto public org.springframework.web.servlet.ModelAndView br.com.desafiotecnico.controller.CRUDController.novo()
09:52:43.690 [Test worker] DEBUG org.hibernate.validator.internal.engine.resolver.DefaultTraversableResolver - Found javax.persistence.Persistence on classpath containing 'getPersistenceUtil'. Assuming JPA 2 environment. Trying to instantiate JPA aware TraversableResolver
09:52:43.691 [Test worker] DEBUG org.hibernate.validator.internal.engine.resolver.DefaultTraversableResolver - Instantiated JPA aware TraversableResolver of type org.hibernate.validator.internal.engine.resolver.JPATraversableResolver.
09:52:43.691 [Test worker] DEBUG org.hibernate.validator.internal.engine.ConfigurationImpl - Setting custom MessageInterpolator of type org.springframework.validation.beanvalidation.LocaleContextMessageInterpolator
09:52:43.692 [Test worker] DEBUG org.hibernate.validator.internal.engine.ConfigurationImpl - Setting custom ParameterNameProvider of type com.sun.proxy.$Proxy27
09:52:43.693 [Test worker] DEBUG org.hibernate.validator.internal.xml.ValidationXmlParser - Trying to load META-INF/validation.xml for XML based Validator configuration.
09:52:43.693 [Test worker] DEBUG org.hibernate.validator.internal.xml.ResourceLoaderHelper - Trying to load META-INF/validation.xml via TCCL
09:52:43.694 [Test worker] DEBUG org.hibernate.validator.internal.xml.ResourceLoaderHelper - Trying to load META-INF/validation.xml via Hibernate Validator's class loader
09:52:43.694 [Test worker] DEBUG org.hibernate.validator.internal.xml.ValidationXmlParser - No META-INF/validation.xml found. Using annotation based configuration only.
09:52:43.696 [Test worker] INFO org.springframework.web.servlet.mvc.method.annotation.RequestMappingHandlerAdapter - Looking for @ControllerAdvice: org.springframework.test.web.servlet.setup.StubWebApplicationContext@1372b37
09:52:43.705 [Test worker] DEBUG org.springframework.web.servlet.mvc.method.annotation.ExceptionHandlerExceptionResolver - Looking for exception mappings: org.springframework.test.web.servlet.setup.StubWebApplicationContext@1372b37
09:52:43.705 [Test worker] DEBUG org.springframework.test.web.servlet.TestDispatcherServlet - Initializing servlet ''
09:52:43.705 [Test worker] DEBUG org.springframework.web.context.support.StandardServletEnvironment - Adding [servletConfigInitParams] PropertySource with lowest search precedence
09:52:43.705 [Test worker] DEBUG org.springframework.web.context.support.StandardServletEnvironment - Adding [servletContextInitParams] PropertySource with lowest search precedence
09:52:43.705 [Test worker] DEBUG org.springframework.web.context.support.StandardServletEnvironment - Adding [systemProperties] PropertySource with lowest search precedence
09:52:43.705 [Test worker] DEBUG org.springframework.web.context.support.StandardServletEnvironment - Adding [systemEnvironment] PropertySource with lowest search precedence
09:52:43.705 [Test worker] DEBUG org.springframework.web.context.support.StandardServletEnvironment - Initialized StandardServletEnvironment with PropertySources [servletConfigInitParams,servletContextInitParams,systemProperties,systemEnvironment]
09:52:43.705 [Test worker] INFO org.springframework.mock.web.MockServletContext - Initializing Spring FrameworkServlet ''
09:52:43.705 [Test worker] INFO org.springframework.test.web.servlet.TestDispatcherServlet - FrameworkServlet '': initialization started
09:52:43.706 [Test worker] DEBUG org.springframework.test.web.servlet.TestDispatcherServlet - Unable to locate MultipartResolver with name 'multipartResolver': no multipart request handling provided
09:52:43.706 [Test worker] DEBUG org.springframework.test.web.servlet.TestDispatcherServlet - Using LocaleResolver [org.springframework.web.servlet.i18n.AcceptHeaderLocaleResolver@d281689]
09:52:43.706 [Test worker] DEBUG org.springframework.test.web.servlet.TestDispatcherServlet - Using ThemeResolver [org.springframework.web.servlet.theme.FixedThemeResolver@15c789f3]
09:52:43.706 [Test worker] DEBUG org.springframework.test.web.servlet.TestDispatcherServlet - Using RequestToViewNameTranslator [org.springframework.web.servlet.view.DefaultRequestToViewNameTranslator@788bcaa6]
09:52:43.706 [Test worker] DEBUG org.springframework.test.web.servlet.TestDispatcherServlet - Using FlashMapManager [org.springframework.web.servlet.support.SessionFlashMapManager@1ab2cbf7]
09:52:43.706 [Test worker] DEBUG org.springframework.test.web.servlet.TestDispatcherServlet - Published WebApplicationContext of servlet '' as ServletContext attribute with name [org.springframework.web.servlet.FrameworkServlet.CONTEXT.]
09:52:43.706 [Test worker] INFO org.springframework.test.web.servlet.TestDispatcherServlet - FrameworkServlet '': initialization completed in 1 ms
09:52:43.706 [Test worker] DEBUG org.springframework.test.web.servlet.TestDispatcherServlet - Servlet '' configured successfully
09:52:43.706 [Test worker] DEBUG org.springframework.test.web.servlet.TestDispatcherServlet - DispatcherServlet with name '' processing DELETE request for [/clientes/1/remover]
09:52:43.706 [Test worker] DEBUG org.springframework.test.web.servlet.setup.StandaloneMockMvcBuilder$StaticRequestMappingHandlerMapping - Looking up handler method for path /clientes/1/remover
09:52:43.707 [Test worker] DEBUG org.springframework.test.web.servlet.setup.StandaloneMockMvcBuilder$StaticRequestMappingHandlerMapping - Returning handler method [public org.springframework.web.servlet.ModelAndView br.com.desafiotecnico.controller.CRUDController.excluir(java.lang.Long,org.springframework.web.servlet.mvc.support.RedirectAttributes)]
09:52:43.708 [Test worker] DEBUG org.springframework.test.web.servlet.TestDispatcherServlet - Rendering view [org.springframework.web.servlet.view.RedirectView: unnamed; URL [/clientes/]] in DispatcherServlet with name ''
09:52:43.708 [Test worker] DEBUG org.springframework.web.servlet.support.SessionFlashMapManager - Saving FlashMap=FlashMap [attributes={msgSuccess=Cliente removido com sucesso!}, targetRequestPath=/clientes/, targetRequestParams={}]
09:52:43.708 [Test worker] DEBUG org.springframework.test.web.servlet.TestDispatcherServlet - Successfully completed request
09:52:43.709 [Test worker] DEBUG org.springframework.core.env.StandardEnvironment - Adding [systemProperties] PropertySource with lowest search precedence
09:52:43.709 [Test worker] DEBUG org.springframework.core.env.StandardEnvironment - Adding [systemEnvironment] PropertySource with lowest search precedence
09:52:43.709 [Test worker] DEBUG org.springframework.core.env.StandardEnvironment - Initialized StandardEnvironment with PropertySources [systemProperties,systemEnvironment]
09:52:43.710 [Test worker] DEBUG org.springframework.test.web.servlet.setup.StandaloneMockMvcBuilder$StaticRequestMappingHandlerMapping - Looking for request mappings in application context: org.springframework.test.web.servlet.setup.StubWebApplicationContext@7e429978
09:52:43.714 [Test worker] DEBUG org.springframework.test.web.servlet.setup.StandaloneMockMvcBuilder$StaticRequestMappingHandlerMapping - 7 request handler methods found on class br.com.desafiotecnico.controller.ClienteController: {public org.springframework.web.servlet.ModelAndView br.com.desafiotecnico.controller.ClienteController.ordensServico(java.lang.Long)={[/clientes/{id}/ordens_servico],methods=[GET]}, public org.springframework.web.servlet.ModelAndView br.com.desafiotecnico.controller.CRUDController.index()={[/clientes/],methods=[GET]}, public org.springframework.web.servlet.ModelAndView br.com.desafiotecnico.controller.CRUDController.remover(java.lang.Long)={[/clientes/{id}/remover],methods=[GET]}, public org.springframework.web.servlet.ModelAndView br.com.desafiotecnico.controller.CRUDController.salvar(br.com.desafiotecnico.model.GenericEntity,org.springframework.validation.BindingResult,org.springframework.web.servlet.mvc.support.RedirectAttributes)={[/clientes/salvar],methods=[POST]}, public org.springframework.web.servlet.ModelAndView br.com.desafiotecnico.controller.CRUDController.editar(java.lang.Long)={[/clientes/{id}/editar],methods=[GET]}, public org.springframework.web.servlet.ModelAndView br.com.desafiotecnico.controller.CRUDController.excluir(java.lang.Long,org.springframework.web.servlet.mvc.support.RedirectAttributes)={[/clientes/{id}/remover],methods=[DELETE]}, public org.springframework.web.servlet.ModelAndView br.com.desafiotecnico.controller.CRUDController.novo()={[/clientes/novo],methods=[GET]}}
09:52:43.714 [Test worker] INFO org.springframework.test.web.servlet.setup.StandaloneMockMvcBuilder$StaticRequestMappingHandlerMapping - Mapped "{[/clientes/{id}/ordens_servico],methods=[GET]}" onto public org.springframework.web.servlet.ModelAndView br.com.desafiotecnico.controller.ClienteController.ordensServico(java.lang.Long)
09:52:43.715 [Test worker] INFO org.springframework.test.web.servlet.setup.StandaloneMockMvcBuilder$StaticRequestMappingHandlerMapping - Mapped "{[/clientes/],methods=[GET]}" onto public org.springframework.web.servlet.ModelAndView br.com.desafiotecnico.controller.CRUDController.index()
09:52:43.715 [Test worker] INFO org.springframework.test.web.servlet.setup.StandaloneMockMvcBuilder$StaticRequestMappingHandlerMapping - Mapped "{[/clientes/{id}/remover],methods=[GET]}" onto public org.springframework.web.servlet.ModelAndView br.com.desafiotecnico.controller.CRUDController.remover(java.lang.Long)
09:52:43.716 [Test worker] INFO org.springframework.test.web.servlet.setup.StandaloneMockMvcBuilder$StaticRequestMappingHandlerMapping - Mapped "{[/clientes/salvar],methods=[POST]}" onto public org.springframework.web.servlet.ModelAndView br.com.desafiotecnico.controller.CRUDController.salvar(T,org.springframework.validation.BindingResult,org.springframework.web.servlet.mvc.support.RedirectAttributes)
09:52:43.716 [Test worker] INFO org.springframework.test.web.servlet.setup.StandaloneMockMvcBuilder$StaticRequestMappingHandlerMapping - Mapped "{[/clientes/{id}/editar],methods=[GET]}" onto public org.springframework.web.servlet.ModelAndView br.com.desafiotecnico.controller.CRUDController.editar(java.lang.Long)
09:52:43.716 [Test worker] INFO org.springframework.test.web.servlet.setup.StandaloneMockMvcBuilder$StaticRequestMappingHandlerMapping - Mapped "{[/clientes/{id}/remover],methods=[DELETE]}" onto public org.springframework.web.servlet.ModelAndView br.com.desafiotecnico.controller.CRUDController.excluir(java.lang.Long,org.springframework.web.servlet.mvc.support.RedirectAttributes)
09:52:43.716 [Test worker] INFO org.springframework.test.web.servlet.setup.StandaloneMockMvcBuilder$StaticRequestMappingHandlerMapping - Mapped "{[/clientes/novo],methods=[GET]}" onto public org.springframework.web.servlet.ModelAndView br.com.desafiotecnico.controller.CRUDController.novo()
09:52:43.724 [Test worker] DEBUG org.hibernate.validator.internal.engine.resolver.DefaultTraversableResolver - Found javax.persistence.Persistence on classpath containing 'getPersistenceUtil'. Assuming JPA 2 environment. Trying to instantiate JPA aware TraversableResolver
09:52:43.724 [Test worker] DEBUG org.hibernate.validator.internal.engine.resolver.DefaultTraversableResolver - Instantiated JPA aware TraversableResolver of type org.hibernate.validator.internal.engine.resolver.JPATraversableResolver.
09:52:43.725 [Test worker] DEBUG org.hibernate.validator.internal.engine.ConfigurationImpl - Setting custom MessageInterpolator of type org.springframework.validation.beanvalidation.LocaleContextMessageInterpolator
09:52:43.725 [Test worker] DEBUG org.hibernate.validator.internal.engine.ConfigurationImpl - Setting custom ParameterNameProvider of type com.sun.proxy.$Proxy27
09:52:43.725 [Test worker] DEBUG org.hibernate.validator.internal.xml.ValidationXmlParser - Trying to load META-INF/validation.xml for XML based Validator configuration.
09:52:43.725 [Test worker] DEBUG org.hibernate.validator.internal.xml.ResourceLoaderHelper - Trying to load META-INF/validation.xml via TCCL
09:52:43.725 [Test worker] DEBUG org.hibernate.validator.internal.xml.ResourceLoaderHelper - Trying to load META-INF/validation.xml via Hibernate Validator's class loader
09:52:43.725 [Test worker] DEBUG org.hibernate.validator.internal.xml.ValidationXmlParser - No META-INF/validation.xml found. Using annotation based configuration only.
09:52:43.727 [Test worker] INFO org.springframework.web.servlet.mvc.method.annotation.RequestMappingHandlerAdapter - Looking for @ControllerAdvice: org.springframework.test.web.servlet.setup.StubWebApplicationContext@7e429978
09:52:43.730 [Test worker] DEBUG org.springframework.web.servlet.mvc.method.annotation.ExceptionHandlerExceptionResolver - Looking for exception mappings: org.springframework.test.web.servlet.setup.StubWebApplicationContext@7e429978
09:52:43.731 [Test worker] DEBUG org.springframework.test.web.servlet.TestDispatcherServlet - Initializing servlet ''
09:52:43.731 [Test worker] DEBUG org.springframework.web.context.support.StandardServletEnvironment - Adding [servletConfigInitParams] PropertySource with lowest search precedence
09:52:43.731 [Test worker] DEBUG org.springframework.web.context.support.StandardServletEnvironment - Adding [servletContextInitParams] PropertySource with lowest search precedence
09:52:43.731 [Test worker] DEBUG org.springframework.web.context.support.StandardServletEnvironment - Adding [systemProperties] PropertySource with lowest search precedence
09:52:43.731 [Test worker] DEBUG org.springframework.web.context.support.StandardServletEnvironment - Adding [systemEnvironment] PropertySource with lowest search precedence
09:52:43.731 [Test worker] DEBUG org.springframework.web.context.support.StandardServletEnvironment - Initialized StandardServletEnvironment with PropertySources [servletConfigInitParams,servletContextInitParams,systemProperties,systemEnvironment]
09:52:43.731 [Test worker] INFO org.springframework.mock.web.MockServletContext - Initializing Spring FrameworkServlet ''
09:52:43.731 [Test worker] INFO org.springframework.test.web.servlet.TestDispatcherServlet - FrameworkServlet '': initialization started
09:52:43.731 [Test worker] DEBUG org.springframework.test.web.servlet.TestDispatcherServlet - Unable to locate MultipartResolver with name 'multipartResolver': no multipart request handling provided
09:52:43.731 [Test worker] DEBUG org.springframework.test.web.servlet.TestDispatcherServlet - Using LocaleResolver [org.springframework.web.servlet.i18n.AcceptHeaderLocaleResolver@7ce7956b]
09:52:43.731 [Test worker] DEBUG org.springframework.test.web.servlet.TestDispatcherServlet - Using ThemeResolver [org.springframework.web.servlet.theme.FixedThemeResolver@718ab5d7]
09:52:43.731 [Test worker] DEBUG org.springframework.test.web.servlet.TestDispatcherServlet - Using RequestToViewNameTranslator [org.springframework.web.servlet.view.DefaultRequestToViewNameTranslator@4badd1b9]
09:52:43.731 [Test worker] DEBUG org.springframework.test.web.servlet.TestDispatcherServlet - Using FlashMapManager [org.springframework.web.servlet.support.SessionFlashMapManager@587b0bd]
09:52:43.731 [Test worker] DEBUG org.springframework.test.web.servlet.TestDispatcherServlet - Published WebApplicationContext of servlet '' as ServletContext attribute with name [org.springframework.web.servlet.FrameworkServlet.CONTEXT.]
09:52:43.731 [Test worker] INFO org.springframework.test.web.servlet.TestDispatcherServlet - FrameworkServlet '': initialization completed in 0 ms
09:52:43.731 [Test worker] DEBUG org.springframework.test.web.servlet.TestDispatcherServlet - Servlet '' configured successfully
09:52:43.732 [Test worker] DEBUG org.springframework.test.web.servlet.TestDispatcherServlet - DispatcherServlet with name '' processing GET request for [/clientes/]
09:52:43.732 [Test worker] DEBUG org.springframework.test.web.servlet.setup.StandaloneMockMvcBuilder$StaticRequestMappingHandlerMapping - Looking up handler method for path /clientes/
09:52:43.732 [Test worker] DEBUG org.springframework.test.web.servlet.setup.StandaloneMockMvcBuilder$StaticRequestMappingHandlerMapping - Returning handler method [public org.springframework.web.servlet.ModelAndView br.com.desafiotecnico.controller.CRUDController.index()]
09:52:43.732 [Test worker] DEBUG org.springframework.test.web.servlet.TestDispatcherServlet - Last-Modified value for [/clientes/] is: -1
09:52:43.733 [Test worker] DEBUG org.springframework.test.web.servlet.TestDispatcherServlet - Rendering view [org.springframework.web.servlet.view.InternalResourceView: unnamed; URL [clientes/index]] in DispatcherServlet with name ''
09:52:43.733 [Test worker] DEBUG org.springframework.web.servlet.view.InternalResourceView - Added model object 'clientes' of type [java.util.Arrays$ArrayList] to request in view with name 'null'
09:52:43.733 [Test worker] DEBUG org.springframework.web.servlet.view.InternalResourceView - Forwarding to resource [clientes/index] in InternalResourceView 'null'
09:52:43.733 [Test worker] DEBUG org.springframework.mock.web.MockRequestDispatcher - MockRequestDispatcher: forwarding to [clientes/index]
09:52:43.733 [Test worker] DEBUG org.springframework.test.web.servlet.TestDispatcherServlet - Successfully completed request
09:52:43.734 [Test worker] DEBUG org.springframework.core.env.StandardEnvironment - Adding [systemProperties] PropertySource with lowest search precedence
09:52:43.734 [Test worker] DEBUG org.springframework.core.env.StandardEnvironment - Adding [systemEnvironment] PropertySource with lowest search precedence
09:52:43.735 [Test worker] DEBUG org.springframework.core.env.StandardEnvironment - Initialized StandardEnvironment with PropertySources [systemProperties,systemEnvironment]
09:52:43.735 [Test worker] DEBUG org.springframework.test.web.servlet.setup.StandaloneMockMvcBuilder$StaticRequestMappingHandlerMapping - Looking for request mappings in application context: org.springframework.test.web.servlet.setup.StubWebApplicationContext@618b10c0
09:52:43.737 [Test worker] DEBUG org.springframework.test.web.servlet.setup.StandaloneMockMvcBuilder$StaticRequestMappingHandlerMapping - 7 request handler methods found on class br.com.desafiotecnico.controller.ClienteController: {public org.springframework.web.servlet.ModelAndView br.com.desafiotecnico.controller.ClienteController.ordensServico(java.lang.Long)={[/clientes/{id}/ordens_servico],methods=[GET]}, public org.springframework.web.servlet.ModelAndView br.com.desafiotecnico.controller.CRUDController.index()={[/clientes/],methods=[GET]}, public org.springframework.web.servlet.ModelAndView br.com.desafiotecnico.controller.CRUDController.remover(java.lang.Long)={[/clientes/{id}/remover],methods=[GET]}, public org.springframework.web.servlet.ModelAndView br.com.desafiotecnico.controller.CRUDController.salvar(br.com.desafiotecnico.model.GenericEntity,org.springframework.validation.BindingResult,org.springframework.web.servlet.mvc.support.RedirectAttributes)={[/clientes/salvar],methods=[POST]}, public org.springframework.web.servlet.ModelAndView br.com.desafiotecnico.controller.CRUDController.editar(java.lang.Long)={[/clientes/{id}/editar],methods=[GET]}, public org.springframework.web.servlet.ModelAndView br.com.desafiotecnico.controller.CRUDController.excluir(java.lang.Long,org.springframework.web.servlet.mvc.support.RedirectAttributes)={[/clientes/{id}/remover],methods=[DELETE]}, public org.springframework.web.servlet.ModelAndView br.com.desafiotecnico.controller.CRUDController.novo()={[/clientes/novo],methods=[GET]}}
09:52:43.738 [Test worker] INFO org.springframework.test.web.servlet.setup.StandaloneMockMvcBuilder$StaticRequestMappingHandlerMapping - Mapped "{[/clientes/{id}/ordens_servico],methods=[GET]}" onto public org.springframework.web.servlet.ModelAndView br.com.desafiotecnico.controller.ClienteController.ordensServico(java.lang.Long)
09:52:43.738 [Test worker] INFO org.springframework.test.web.servlet.setup.StandaloneMockMvcBuilder$StaticRequestMappingHandlerMapping - Mapped "{[/clientes/],methods=[GET]}" onto public org.springframework.web.servlet.ModelAndView br.com.desafiotecnico.controller.CRUDController.index()
09:52:43.738 [Test worker] INFO org.springframework.test.web.servlet.setup.StandaloneMockMvcBuilder$StaticRequestMappingHandlerMapping - Mapped "{[/clientes/{id}/remover],methods=[GET]}" onto public org.springframework.web.servlet.ModelAndView br.com.desafiotecnico.controller.CRUDController.remover(java.lang.Long)
09:52:43.738 [Test worker] INFO org.springframework.test.web.servlet.setup.StandaloneMockMvcBuilder$StaticRequestMappingHandlerMapping - Mapped "{[/clientes/salvar],methods=[POST]}" onto public org.springframework.web.servlet.ModelAndView br.com.desafiotecnico.controller.CRUDController.salvar(T,org.springframework.validation.BindingResult,org.springframework.web.servlet.mvc.support.RedirectAttributes)
09:52:43.738 [Test worker] INFO org.springframework.test.web.servlet.setup.StandaloneMockMvcBuilder$StaticRequestMappingHandlerMapping - Mapped "{[/clientes/{id}/editar],methods=[GET]}" onto public org.springframework.web.servlet.ModelAndView br.com.desafiotecnico.controller.CRUDController.editar(java.lang.Long)
09:52:43.739 [Test worker] INFO org.springframework.test.web.servlet.setup.StandaloneMockMvcBuilder$StaticRequestMappingHandlerMapping - Mapped "{[/clientes/{id}/remover],methods=[DELETE]}" onto public org.springframework.web.servlet.ModelAndView br.com.desafiotecnico.controller.CRUDController.excluir(java.lang.Long,org.springframework.web.servlet.mvc.support.RedirectAttributes)
09:52:43.739 [Test worker] INFO org.springframework.test.web.servlet.setup.StandaloneMockMvcBuilder$StaticRequestMappingHandlerMapping - Mapped "{[/clientes/novo],methods=[GET]}" onto public org.springframework.web.servlet.ModelAndView br.com.desafiotecnico.controller.CRUDController.novo()
09:52:43.747 [Test worker] DEBUG org.hibernate.validator.internal.engine.resolver.DefaultTraversableResolver - Found javax.persistence.Persistence on classpath containing 'getPersistenceUtil'. Assuming JPA 2 environment. Trying to instantiate JPA aware TraversableResolver
09:52:43.747 [Test worker] DEBUG org.hibernate.validator.internal.engine.resolver.DefaultTraversableResolver - Instantiated JPA aware TraversableResolver of type org.hibernate.validator.internal.engine.resolver.JPATraversableResolver.
09:52:43.747 [Test worker] DEBUG org.hibernate.validator.internal.engine.ConfigurationImpl - Setting custom MessageInterpolator of type org.springframework.validation.beanvalidation.LocaleContextMessageInterpolator
09:52:43.747 [Test worker] DEBUG org.hibernate.validator.internal.engine.ConfigurationImpl - Setting custom ParameterNameProvider of type com.sun.proxy.$Proxy27
09:52:43.747 [Test worker] DEBUG org.hibernate.validator.internal.xml.ValidationXmlParser - Trying to load META-INF/validation.xml for XML based Validator configuration.
09:52:43.747 [Test worker] DEBUG org.hibernate.validator.internal.xml.ResourceLoaderHelper - Trying to load META-INF/validation.xml via TCCL
09:52:43.748 [Test worker] DEBUG org.hibernate.validator.internal.xml.ResourceLoaderHelper - Trying to load META-INF/validation.xml via Hibernate Validator's class loader
09:52:43.748 [Test worker] DEBUG org.hibernate.validator.internal.xml.ValidationXmlParser - No META-INF/validation.xml found. Using annotation based configuration only.
09:52:43.750 [Test worker] INFO org.springframework.web.servlet.mvc.method.annotation.RequestMappingHandlerAdapter - Looking for @ControllerAdvice: org.springframework.test.web.servlet.setup.StubWebApplicationContext@618b10c0
09:52:43.753 [Test worker] DEBUG org.springframework.web.servlet.mvc.method.annotation.ExceptionHandlerExceptionResolver - Looking for exception mappings: org.springframework.test.web.servlet.setup.StubWebApplicationContext@618b10c0
09:52:43.754 [Test worker] DEBUG org.springframework.test.web.servlet.TestDispatcherServlet - Initializing servlet ''
09:52:43.755 [Test worker] DEBUG org.springframework.web.context.support.StandardServletEnvironment - Adding [servletConfigInitParams] PropertySource with lowest search precedence
09:52:43.755 [Test worker] DEBUG org.springframework.web.context.support.StandardServletEnvironment - Adding [servletContextInitParams] PropertySource with lowest search precedence
09:52:43.757 [Test worker] DEBUG org.springframework.web.context.support.StandardServletEnvironment - Adding [systemProperties] PropertySource with lowest search precedence
09:52:43.757 [Test worker] DEBUG org.springframework.web.context.support.StandardServletEnvironment - Adding [systemEnvironment] PropertySource with lowest search precedence
09:52:43.757 [Test worker] DEBUG org.springframework.web.context.support.StandardServletEnvironment - Initialized StandardServletEnvironment with PropertySources [servletConfigInitParams,servletContextInitParams,systemProperties,systemEnvironment]
09:52:43.757 [Test worker] INFO org.springframework.mock.web.MockServletContext - Initializing Spring FrameworkServlet ''
09:52:43.757 [Test worker] INFO org.springframework.test.web.servlet.TestDispatcherServlet - FrameworkServlet '': initialization started
09:52:43.757 [Test worker] DEBUG org.springframework.test.web.servlet.TestDispatcherServlet - Unable to locate MultipartResolver with name 'multipartResolver': no multipart request handling provided
09:52:43.757 [Test worker] DEBUG org.springframework.test.web.servlet.TestDispatcherServlet - Using LocaleResolver [org.springframework.web.servlet.i18n.AcceptHeaderLocaleResolver@6c0b047b]
09:52:43.757 [Test worker] DEBUG org.springframework.test.web.servlet.TestDispatcherServlet - Using ThemeResolver [org.springframework.web.servlet.theme.FixedThemeResolver@33d95b80]
09:52:43.757 [Test worker] DEBUG org.springframework.test.web.servlet.TestDispatcherServlet - Using RequestToViewNameTranslator [org.springframework.web.servlet.view.DefaultRequestToViewNameTranslator@23dcc715]
09:52:43.757 [Test worker] DEBUG org.springframework.test.web.servlet.TestDispatcherServlet - Using FlashMapManager [org.springframework.web.servlet.support.SessionFlashMapManager@2afada7c]
09:52:43.757 [Test worker] DEBUG org.springframework.test.web.servlet.TestDispatcherServlet - Published WebApplicationContext of servlet '' as ServletContext attribute with name [org.springframework.web.servlet.FrameworkServlet.CONTEXT.]
09:52:43.757 [Test worker] INFO org.springframework.test.web.servlet.TestDispatcherServlet - FrameworkServlet '': initialization completed in 0 ms
09:52:43.757 [Test worker] DEBUG org.springframework.test.web.servlet.TestDispatcherServlet - Servlet '' configured successfully
09:52:43.758 [Test worker] DEBUG org.springframework.test.web.servlet.TestDispatcherServlet - DispatcherServlet with name '' processing GET request for [/clientes/1/remover]
09:52:43.758 [Test worker] DEBUG org.springframework.test.web.servlet.setup.StandaloneMockMvcBuilder$StaticRequestMappingHandlerMapping - Looking up handler method for path /clientes/1/remover
09:52:43.759 [Test worker] DEBUG org.springframework.test.web.servlet.setup.StandaloneMockMvcBuilder$StaticRequestMappingHandlerMapping - Returning handler method [public org.springframework.web.servlet.ModelAndView br.com.desafiotecnico.controller.CRUDController.remover(java.lang.Long)]
09:52:43.759 [Test worker] DEBUG org.springframework.test.web.servlet.TestDispatcherServlet - Last-Modified value for [/clientes/1/remover] is: -1
09:52:43.767 [Test worker] DEBUG org.springframework.test.web.servlet.TestDispatcherServlet - Rendering view [org.springframework.web.servlet.view.InternalResourceView: unnamed; URL [clientes/remover]] in DispatcherServlet with name ''
09:52:43.768 [Test worker] DEBUG org.springframework.web.servlet.view.InternalResourceView - Added model object 'id' of type [java.lang.Long] to request in view with name 'null'
09:52:43.768 [Test worker] DEBUG org.springframework.web.servlet.view.InternalResourceView - Added model object 'cliente' of type [br.com.desafiotecnico.model.Cliente$$EnhancerByMockitoWithCGLIB$$c9070df1] to request in view with name 'null'
09:52:43.768 [Test worker] DEBUG org.springframework.web.servlet.view.InternalResourceView - Added model object 'org.springframework.validation.BindingResult.cliente' of type [org.springframework.validation.BeanPropertyBindingResult] to request in view with name 'null'
09:52:43.768 [Test worker] DEBUG org.springframework.web.servlet.view.InternalResourceView - Forwarding to resource [clientes/remover] in InternalResourceView 'null'
09:52:43.768 [Test worker] DEBUG org.springframework.mock.web.MockRequestDispatcher - MockRequestDispatcher: forwarding to [clientes/remover]
09:52:43.768 [Test worker] DEBUG org.springframework.test.web.servlet.TestDispatcherServlet - Successfully completed request
09:52:43.770 [Test worker] DEBUG org.springframework.core.env.StandardEnvironment - Adding [systemProperties] PropertySource with lowest search precedence
09:52:43.770 [Test worker] DEBUG org.springframework.core.env.StandardEnvironment - Adding [systemEnvironment] PropertySource with lowest search precedence
09:52:43.771 [Test worker] DEBUG org.springframework.core.env.StandardEnvironment - Initialized StandardEnvironment with PropertySources [systemProperties,systemEnvironment]
09:52:43.773 [Test worker] DEBUG org.springframework.test.web.servlet.setup.StandaloneMockMvcBuilder$StaticRequestMappingHandlerMapping - Looking for request mappings in application context: org.springframework.test.web.servlet.setup.StubWebApplicationContext@679a7683
09:52:43.777 [Test worker] DEBUG org.springframework.test.web.servlet.setup.StandaloneMockMvcBuilder$StaticRequestMappingHandlerMapping - 7 request handler methods found on class br.com.desafiotecnico.controller.ClienteController: {public org.springframework.web.servlet.ModelAndView br.com.desafiotecnico.controller.ClienteController.ordensServico(java.lang.Long)={[/clientes/{id}/ordens_servico],methods=[GET]}, public org.springframework.web.servlet.ModelAndView br.com.desafiotecnico.controller.CRUDController.index()={[/clientes/],methods=[GET]}, public org.springframework.web.servlet.ModelAndView br.com.desafiotecnico.controller.CRUDController.remover(java.lang.Long)={[/clientes/{id}/remover],methods=[GET]}, public org.springframework.web.servlet.ModelAndView br.com.desafiotecnico.controller.CRUDController.salvar(br.com.desafiotecnico.model.GenericEntity,org.springframework.validation.BindingResult,org.springframework.web.servlet.mvc.support.RedirectAttributes)={[/clientes/salvar],methods=[POST]}, public org.springframework.web.servlet.ModelAndView br.com.desafiotecnico.controller.CRUDController.editar(java.lang.Long)={[/clientes/{id}/editar],methods=[GET]}, public org.springframework.web.servlet.ModelAndView br.com.desafiotecnico.controller.CRUDController.excluir(java.lang.Long,org.springframework.web.servlet.mvc.support.RedirectAttributes)={[/clientes/{id}/remover],methods=[DELETE]}, public org.springframework.web.servlet.ModelAndView br.com.desafiotecnico.controller.CRUDController.novo()={[/clientes/novo],methods=[GET]}}
09:52:43.778 [Test worker] INFO org.springframework.test.web.servlet.setup.StandaloneMockMvcBuilder$StaticRequestMappingHandlerMapping - Mapped "{[/clientes/{id}/ordens_servico],methods=[GET]}" onto public org.springframework.web.servlet.ModelAndView br.com.desafiotecnico.controller.ClienteController.ordensServico(java.lang.Long)
09:52:43.778 [Test worker] INFO org.springframework.test.web.servlet.setup.StandaloneMockMvcBuilder$StaticRequestMappingHandlerMapping - Mapped "{[/clientes/],methods=[GET]}" onto public org.springframework.web.servlet.ModelAndView br.com.desafiotecnico.controller.CRUDController.index()
09:52:43.779 [Test worker] INFO org.springframework.test.web.servlet.setup.StandaloneMockMvcBuilder$StaticRequestMappingHandlerMapping - Mapped "{[/clientes/{id}/remover],methods=[GET]}" onto public org.springframework.web.servlet.ModelAndView br.com.desafiotecnico.controller.CRUDController.remover(java.lang.Long)
09:52:43.779 [Test worker] INFO org.springframework.test.web.servlet.setup.StandaloneMockMvcBuilder$StaticRequestMappingHandlerMapping - Mapped "{[/clientes/salvar],methods=[POST]}" onto public org.springframework.web.servlet.ModelAndView br.com.desafiotecnico.controller.CRUDController.salvar(T,org.springframework.validation.BindingResult,org.springframework.web.servlet.mvc.support.RedirectAttributes)
09:52:43.779 [Test worker] INFO org.springframework.test.web.servlet.setup.StandaloneMockMvcBuilder$StaticRequestMappingHandlerMapping - Mapped "{[/clientes/{id}/editar],methods=[GET]}" onto public org.springframework.web.servlet.ModelAndView br.com.desafiotecnico.controller.CRUDController.editar(java.lang.Long)
09:52:43.779 [Test worker] INFO org.springframework.test.web.servlet.setup.StandaloneMockMvcBuilder$StaticRequestMappingHandlerMapping - Mapped "{[/clientes/{id}/remover],methods=[DELETE]}" onto public org.springframework.web.servlet.ModelAndView br.com.desafiotecnico.controller.CRUDController.excluir(java.lang.Long,org.springframework.web.servlet.mvc.support.RedirectAttributes)
09:52:43.780 [Test worker] INFO org.springframework.test.web.servlet.setup.StandaloneMockMvcBuilder$StaticRequestMappingHandlerMapping - Mapped "{[/clientes/novo],methods=[GET]}" onto public org.springframework.web.servlet.ModelAndView br.com.desafiotecnico.controller.CRUDController.novo()
09:52:43.788 [Test worker] DEBUG org.hibernate.validator.internal.engine.resolver.DefaultTraversableResolver - Found javax.persistence.Persistence on classpath containing 'getPersistenceUtil'. Assuming JPA 2 environment. Trying to instantiate JPA aware TraversableResolver
09:52:43.788 [Test worker] DEBUG org.hibernate.validator.internal.engine.resolver.DefaultTraversableResolver - Instantiated JPA aware TraversableResolver of type org.hibernate.validator.internal.engine.resolver.JPATraversableResolver.
09:52:43.788 [Test worker] DEBUG org.hibernate.validator.internal.engine.ConfigurationImpl - Setting custom MessageInterpolator of type org.springframework.validation.beanvalidation.LocaleContextMessageInterpolator
09:52:43.788 [Test worker] DEBUG org.hibernate.validator.internal.engine.ConfigurationImpl - Setting custom ParameterNameProvider of type com.sun.proxy.$Proxy27
09:52:43.788 [Test worker] DEBUG org.hibernate.validator.internal.xml.ValidationXmlParser - Trying to load META-INF/validation.xml for XML based Validator configuration.
09:52:43.788 [Test worker] DEBUG org.hibernate.validator.internal.xml.ResourceLoaderHelper - Trying to load META-INF/validation.xml via TCCL
09:52:43.789 [Test worker] DEBUG org.hibernate.validator.internal.xml.ResourceLoaderHelper - Trying to load META-INF/validation.xml via Hibernate Validator's class loader
09:52:43.789 [Test worker] DEBUG org.hibernate.validator.internal.xml.ValidationXmlParser - No META-INF/validation.xml found. Using annotation based configuration only.
09:52:43.791 [Test worker] INFO org.springframework.web.servlet.mvc.method.annotation.RequestMappingHandlerAdapter - Looking for @ControllerAdvice: org.springframework.test.web.servlet.setup.StubWebApplicationContext@679a7683
09:52:43.794 [Test worker] DEBUG org.springframework.web.servlet.mvc.method.annotation.ExceptionHandlerExceptionResolver - Looking for exception mappings: org.springframework.test.web.servlet.setup.StubWebApplicationContext@679a7683
09:52:43.795 [Test worker] DEBUG org.springframework.test.web.servlet.TestDispatcherServlet - Initializing servlet ''
09:52:43.795 [Test worker] DEBUG org.springframework.web.context.support.StandardServletEnvironment - Adding [servletConfigInitParams] PropertySource with lowest search precedence
09:52:43.796 [Test worker] DEBUG org.springframework.web.context.support.StandardServletEnvironment - Adding [servletContextInitParams] PropertySource with lowest search precedence
09:52:43.796 [Test worker] DEBUG org.springframework.web.context.support.StandardServletEnvironment - Adding [systemProperties] PropertySource with lowest search precedence
09:52:43.796 [Test worker] DEBUG org.springframework.web.context.support.StandardServletEnvironment - Adding [systemEnvironment] PropertySource with lowest search precedence
09:52:43.796 [Test worker] DEBUG org.springframework.web.context.support.StandardServletEnvironment - Initialized StandardServletEnvironment with PropertySources [servletConfigInitParams,servletContextInitParams,systemProperties,systemEnvironment]
09:52:43.796 [Test worker] INFO org.springframework.mock.web.MockServletContext - Initializing Spring FrameworkServlet ''
09:52:43.797 [Test worker] INFO org.springframework.test.web.servlet.TestDispatcherServlet - FrameworkServlet '': initialization started
09:52:43.798 [Test worker] DEBUG org.springframework.test.web.servlet.TestDispatcherServlet - Unable to locate MultipartResolver with name 'multipartResolver': no multipart request handling provided
09:52:43.799 [Test worker] DEBUG org.springframework.test.web.servlet.TestDispatcherServlet - Using LocaleResolver [org.springframework.web.servlet.i18n.AcceptHeaderLocaleResolver@38af088c]
09:52:43.799 [Test worker] DEBUG org.springframework.test.web.servlet.TestDispatcherServlet - Using ThemeResolver [org.springframework.web.servlet.theme.FixedThemeResolver@11d87f2c]
09:52:43.799 [Test worker] DEBUG org.springframework.test.web.servlet.TestDispatcherServlet - Using RequestToViewNameTranslator [org.springframework.web.servlet.view.DefaultRequestToViewNameTranslator@3aeae0ca]
09:52:43.799 [Test worker] DEBUG org.springframework.test.web.servlet.TestDispatcherServlet - Using FlashMapManager [org.springframework.web.servlet.support.SessionFlashMapManager@77d258c6]
09:52:43.799 [Test worker] DEBUG org.springframework.test.web.servlet.TestDispatcherServlet - Published WebApplicationContext of servlet '' as ServletContext attribute with name [org.springframework.web.servlet.FrameworkServlet.CONTEXT.]
09:52:43.800 [Test worker] INFO org.springframework.test.web.servlet.TestDispatcherServlet - FrameworkServlet '': initialization completed in 3 ms
09:52:43.800 [Test worker] DEBUG org.springframework.test.web.servlet.TestDispatcherServlet - Servlet '' configured successfully
09:52:43.803 [Test worker] DEBUG org.springframework.test.web.servlet.TestDispatcherServlet - DispatcherServlet with name '' processing GET request for [/clientes/1/ordens_servico]
09:52:43.804 [Test worker] DEBUG org.springframework.test.web.servlet.setup.StandaloneMockMvcBuilder$StaticRequestMappingHandlerMapping - Looking up handler method for path /clientes/1/ordens_servico
09:52:43.805 [Test worker] DEBUG org.springframework.test.web.servlet.setup.StandaloneMockMvcBuilder$StaticRequestMappingHandlerMapping - Returning handler method [public org.springframework.web.servlet.ModelAndView br.com.desafiotecnico.controller.ClienteController.ordensServico(java.lang.Long)]
09:52:43.806 [Test worker] DEBUG org.springframework.test.web.servlet.TestDispatcherServlet - Last-Modified value for [/clientes/1/ordens_servico] is: -1
09:52:43.808 [Test worker] DEBUG org.springframework.test.web.servlet.TestDispatcherServlet - Rendering view [org.springframework.web.servlet.view.InternalResourceView: unnamed; URL [clientes/ordem_servico]] in DispatcherServlet with name ''
09:52:43.808 [Test worker] DEBUG org.springframework.web.servlet.view.InternalResourceView - Added model object 'id' of type [java.lang.Long] to request in view with name 'null'
09:52:43.808 [Test worker] DEBUG org.springframework.web.servlet.view.InternalResourceView - Added model object 'cliente' of type [br.com.desafiotecnico.model.Cliente$$EnhancerByMockitoWithCGLIB$$c9070df1] to request in view with name 'null'
09:52:43.808 [Test worker] DEBUG org.springframework.web.servlet.view.InternalResourceView - Added model object 'org.springframework.validation.BindingResult.cliente' of type [org.springframework.validation.BeanPropertyBindingResult] to request in view with name 'null'
09:52:43.809 [Test worker] DEBUG org.springframework.web.servlet.view.InternalResourceView - Forwarding to resource [clientes/ordem_servico] in InternalResourceView 'null'
09:52:43.809 [Test worker] DEBUG org.springframework.mock.web.MockRequestDispatcher - MockRequestDispatcher: forwarding to [clientes/ordem_servico]
09:52:43.809 [Test worker] DEBUG org.springframework.test.web.servlet.TestDispatcherServlet - Successfully completed request
]]></system-out>
  <system-err><![CDATA[]]></system-err>
</testsuite>
