<?xml version="1.0" encoding="UTF-8"?>
<testsuite name="br.com.desafiotecnico.controller.ClienteControllerTest" tests="8" skipped="0" failures="0" errors="0" timestamp="2016-07-20T01:44:11" hostname="YT-1300" time="2.762">
  <properties/>
  <testcase name="deveRetornarFormularioParaEdicaoDoCliente" classname="br.com.desafiotecnico.controller.ClienteControllerTest" time="1.811"/>
  <testcase name="deveExecutarMetodoParaSalvarUmClienteEFalharAValidacao" classname="br.com.desafiotecnico.controller.ClienteControllerTest" time="0.58"/>
  <testcase name="deveExecutarMetodoParaSalvarUmClienteComSucesso" classname="br.com.desafiotecnico.controller.ClienteControllerTest" time="0.077"/>
  <testcase name="deveRetornarFormularioParaNovoCliente" classname="br.com.desafiotecnico.controller.ClienteControllerTest" time="0.061"/>
  <testcase name="deveExecutarMetodoParaRemoverCliente" classname="br.com.desafiotecnico.controller.ClienteControllerTest" time="0.054"/>
  <testcase name="deveRetornarIndexComListagemDeClientes" classname="br.com.desafiotecnico.controller.ClienteControllerTest" time="0.043"/>
  <testcase name="deveRetornarPaginaDeConfirmacaoParaRemoverCliente" classname="br.com.desafiotecnico.controller.ClienteControllerTest" time="0.065"/>
  <testcase name="deveRetornarPaginaComListagemDasOrdensDeServicoPorCliente" classname="br.com.desafiotecnico.controller.ClienteControllerTest" time="0.06"/>
  <system-out><![CDATA[22:44:11.641 [Test worker] DEBUG org.springframework.core.env.StandardEnvironment - Adding [systemProperties] PropertySource with lowest search precedence
22:44:11.647 [Test worker] DEBUG org.springframework.core.env.StandardEnvironment - Adding [systemEnvironment] PropertySource with lowest search precedence
22:44:11.648 [Test worker] DEBUG org.springframework.core.env.StandardEnvironment - Initialized StandardEnvironment with PropertySources [systemProperties,systemEnvironment]
22:44:11.938 [Test worker] DEBUG org.springframework.test.web.servlet.setup.StandaloneMockMvcBuilder$StaticRequestMappingHandlerMapping - Looking for request mappings in application context: org.springframework.test.web.servlet.setup.StubWebApplicationContext@48f3c7a7
22:44:11.994 [Test worker] DEBUG org.springframework.test.web.servlet.setup.StandaloneMockMvcBuilder$StaticRequestMappingHandlerMapping - 7 request handler methods found on class br.com.desafiotecnico.controller.ClienteController: {public org.springframework.web.servlet.ModelAndView br.com.desafiotecnico.controller.ClienteController.ordensServico(java.lang.Long)={[/clientes/{id}/ordens_servico],methods=[GET]}, public org.springframework.web.servlet.ModelAndView br.com.desafiotecnico.controller.CRUDController.remover(java.lang.Long)={[/clientes/{id}/remover],methods=[GET]}, public org.springframework.web.servlet.ModelAndView br.com.desafiotecnico.controller.CRUDController.salvar(br.com.desafiotecnico.model.GenericEntity,org.springframework.validation.BindingResult,org.springframework.web.servlet.mvc.support.RedirectAttributes)={[/clientes/salvar],methods=[POST]}, public org.springframework.web.servlet.ModelAndView br.com.desafiotecnico.controller.CRUDController.novo()={[/clientes/novo],methods=[GET]}, public org.springframework.web.servlet.ModelAndView br.com.desafiotecnico.controller.CRUDController.editar(java.lang.Long)={[/clientes/{id}/editar],methods=[GET]}, public org.springframework.web.servlet.ModelAndView br.com.desafiotecnico.controller.CRUDController.excluir(java.lang.Long,org.springframework.web.servlet.mvc.support.RedirectAttributes)={[/clientes/{id}/remover],methods=[DELETE]}, public org.springframework.web.servlet.ModelAndView br.com.desafiotecnico.controller.CRUDController.index()={[/clientes/],methods=[GET]}}
22:44:11.996 [Test worker] INFO org.springframework.test.web.servlet.setup.StandaloneMockMvcBuilder$StaticRequestMappingHandlerMapping - Mapped "{[/clientes/{id}/ordens_servico],methods=[GET]}" onto public org.springframework.web.servlet.ModelAndView br.com.desafiotecnico.controller.ClienteController.ordensServico(java.lang.Long)
22:44:12.002 [Test worker] INFO org.springframework.test.web.servlet.setup.StandaloneMockMvcBuilder$StaticRequestMappingHandlerMapping - Mapped "{[/clientes/{id}/remover],methods=[GET]}" onto public org.springframework.web.servlet.ModelAndView br.com.desafiotecnico.controller.CRUDController.remover(java.lang.Long)
22:44:12.003 [Test worker] INFO org.springframework.test.web.servlet.setup.StandaloneMockMvcBuilder$StaticRequestMappingHandlerMapping - Mapped "{[/clientes/salvar],methods=[POST]}" onto public org.springframework.web.servlet.ModelAndView br.com.desafiotecnico.controller.CRUDController.salvar(T,org.springframework.validation.BindingResult,org.springframework.web.servlet.mvc.support.RedirectAttributes)
22:44:12.004 [Test worker] INFO org.springframework.test.web.servlet.setup.StandaloneMockMvcBuilder$StaticRequestMappingHandlerMapping - Mapped "{[/clientes/novo],methods=[GET]}" onto public org.springframework.web.servlet.ModelAndView br.com.desafiotecnico.controller.CRUDController.novo()
22:44:12.004 [Test worker] INFO org.springframework.test.web.servlet.setup.StandaloneMockMvcBuilder$StaticRequestMappingHandlerMapping - Mapped "{[/clientes/{id}/editar],methods=[GET]}" onto public org.springframework.web.servlet.ModelAndView br.com.desafiotecnico.controller.CRUDController.editar(java.lang.Long)
22:44:12.005 [Test worker] INFO org.springframework.test.web.servlet.setup.StandaloneMockMvcBuilder$StaticRequestMappingHandlerMapping - Mapped "{[/clientes/{id}/remover],methods=[DELETE]}" onto public org.springframework.web.servlet.ModelAndView br.com.desafiotecnico.controller.CRUDController.excluir(java.lang.Long,org.springframework.web.servlet.mvc.support.RedirectAttributes)
22:44:12.006 [Test worker] INFO org.springframework.test.web.servlet.setup.StandaloneMockMvcBuilder$StaticRequestMappingHandlerMapping - Mapped "{[/clientes/],methods=[GET]}" onto public org.springframework.web.servlet.ModelAndView br.com.desafiotecnico.controller.CRUDController.index()
22:44:12.730 [Test worker] DEBUG org.jboss.logging - Logging Provider: org.jboss.logging.Slf4jLoggerProvider
22:44:12.734 [Test worker] INFO org.hibernate.validator.internal.util.Version - HV000001: Hibernate Validator 5.2.4.Final
22:44:12.836 [Test worker] DEBUG org.hibernate.validator.internal.engine.resolver.DefaultTraversableResolver - Found javax.persistence.Persistence on classpath containing 'getPersistenceUtil'. Assuming JPA 2 environment. Trying to instantiate JPA aware TraversableResolver
22:44:12.839 [Test worker] DEBUG org.hibernate.validator.internal.engine.resolver.DefaultTraversableResolver - Instantiated JPA aware TraversableResolver of type org.hibernate.validator.internal.engine.resolver.JPATraversableResolver.
22:44:12.853 [Test worker] DEBUG org.hibernate.validator.internal.engine.ConfigurationImpl - Setting custom MessageInterpolator of type org.springframework.validation.beanvalidation.LocaleContextMessageInterpolator
22:44:12.856 [Test worker] DEBUG org.hibernate.validator.internal.engine.ConfigurationImpl - Setting custom ParameterNameProvider of type com.sun.proxy.$Proxy23
22:44:12.858 [Test worker] DEBUG org.hibernate.validator.internal.xml.ValidationXmlParser - Trying to load META-INF/validation.xml for XML based Validator configuration.
22:44:12.860 [Test worker] DEBUG org.hibernate.validator.internal.xml.ResourceLoaderHelper - Trying to load META-INF/validation.xml via TCCL
22:44:12.861 [Test worker] DEBUG org.hibernate.validator.internal.xml.ResourceLoaderHelper - Trying to load META-INF/validation.xml via Hibernate Validator's class loader
22:44:12.862 [Test worker] DEBUG org.hibernate.validator.internal.xml.ValidationXmlParser - No META-INF/validation.xml found. Using annotation based configuration only.
22:44:12.939 [Test worker] INFO org.springframework.web.servlet.mvc.method.annotation.RequestMappingHandlerAdapter - Looking for @ControllerAdvice: org.springframework.test.web.servlet.setup.StubWebApplicationContext@48f3c7a7
22:44:12.975 [Test worker] DEBUG org.springframework.web.servlet.mvc.method.annotation.ExceptionHandlerExceptionResolver - Looking for exception mappings: org.springframework.test.web.servlet.setup.StubWebApplicationContext@48f3c7a7
22:44:13.050 [Test worker] DEBUG org.springframework.test.web.servlet.TestDispatcherServlet - Initializing servlet ''
22:44:13.071 [Test worker] DEBUG org.springframework.web.context.support.StandardServletEnvironment - Adding [servletConfigInitParams] PropertySource with lowest search precedence
22:44:13.071 [Test worker] DEBUG org.springframework.web.context.support.StandardServletEnvironment - Adding [servletContextInitParams] PropertySource with lowest search precedence
22:44:13.077 [Test worker] DEBUG org.springframework.web.context.support.StandardServletEnvironment - Adding [systemProperties] PropertySource with lowest search precedence
22:44:13.077 [Test worker] DEBUG org.springframework.web.context.support.StandardServletEnvironment - Adding [systemEnvironment] PropertySource with lowest search precedence
22:44:13.077 [Test worker] DEBUG org.springframework.web.context.support.StandardServletEnvironment - Initialized StandardServletEnvironment with PropertySources [servletConfigInitParams,servletContextInitParams,systemProperties,systemEnvironment]
22:44:13.078 [Test worker] INFO org.springframework.mock.web.MockServletContext - Initializing Spring FrameworkServlet ''
22:44:13.078 [Test worker] INFO org.springframework.test.web.servlet.TestDispatcherServlet - FrameworkServlet '': initialization started
22:44:13.082 [Test worker] DEBUG org.springframework.test.web.servlet.TestDispatcherServlet - Unable to locate MultipartResolver with name 'multipartResolver': no multipart request handling provided
22:44:13.082 [Test worker] DEBUG org.springframework.test.web.servlet.TestDispatcherServlet - Using LocaleResolver [org.springframework.web.servlet.i18n.AcceptHeaderLocaleResolver@2813787f]
22:44:13.082 [Test worker] DEBUG org.springframework.test.web.servlet.TestDispatcherServlet - Using ThemeResolver [org.springframework.web.servlet.theme.FixedThemeResolver@e87d9f]
22:44:13.082 [Test worker] DEBUG org.springframework.test.web.servlet.TestDispatcherServlet - Using RequestToViewNameTranslator [org.springframework.web.servlet.view.DefaultRequestToViewNameTranslator@30c09454]
22:44:13.082 [Test worker] DEBUG org.springframework.test.web.servlet.TestDispatcherServlet - Using FlashMapManager [org.springframework.web.servlet.support.SessionFlashMapManager@2a4f5fde]
22:44:13.083 [Test worker] DEBUG org.springframework.test.web.servlet.TestDispatcherServlet - Published WebApplicationContext of servlet '' as ServletContext attribute with name [org.springframework.web.servlet.FrameworkServlet.CONTEXT.]
22:44:13.083 [Test worker] INFO org.springframework.test.web.servlet.TestDispatcherServlet - FrameworkServlet '': initialization completed in 5 ms
22:44:13.083 [Test worker] DEBUG org.springframework.test.web.servlet.TestDispatcherServlet - Servlet '' configured successfully
22:44:13.129 [Test worker] DEBUG org.springframework.test.web.servlet.TestDispatcherServlet - DispatcherServlet with name '' processing GET request for [/clientes/1/editar]
22:44:13.131 [Test worker] DEBUG org.springframework.test.web.servlet.setup.StandaloneMockMvcBuilder$StaticRequestMappingHandlerMapping - Looking up handler method for path /clientes/1/editar
22:44:13.136 [Test worker] DEBUG org.springframework.test.web.servlet.setup.StandaloneMockMvcBuilder$StaticRequestMappingHandlerMapping - Returning handler method [public org.springframework.web.servlet.ModelAndView br.com.desafiotecnico.controller.CRUDController.editar(java.lang.Long)]
22:44:13.137 [Test worker] DEBUG org.springframework.test.web.servlet.TestDispatcherServlet - Last-Modified value for [/clientes/1/editar] is: -1
22:44:13.168 [Test worker] DEBUG org.springframework.test.web.servlet.TestDispatcherServlet - Rendering view [org.springframework.web.servlet.view.InternalResourceView: unnamed; URL [clientes/form]] in DispatcherServlet with name ''
22:44:13.168 [Test worker] DEBUG org.springframework.web.servlet.view.InternalResourceView - Added model object 'id' of type [java.lang.Long] to request in view with name 'null'
22:44:13.169 [Test worker] DEBUG org.springframework.web.servlet.view.InternalResourceView - Added model object 'tipos' of type [[Lbr.com.desafiotecnico.model.Tipo;] to request in view with name 'null'
22:44:13.169 [Test worker] DEBUG org.springframework.web.servlet.view.InternalResourceView - Added model object 'cliente' of type [br.com.desafiotecnico.model.Cliente$$EnhancerByMockitoWithCGLIB$$7831df81] to request in view with name 'null'
22:44:13.169 [Test worker] DEBUG org.springframework.web.servlet.view.InternalResourceView - Added model object 'org.springframework.validation.BindingResult.cliente' of type [org.springframework.validation.BeanPropertyBindingResult] to request in view with name 'null'
22:44:13.169 [Test worker] DEBUG org.springframework.web.servlet.view.InternalResourceView - Forwarding to resource [clientes/form] in InternalResourceView 'null'
22:44:13.169 [Test worker] DEBUG org.springframework.mock.web.MockRequestDispatcher - MockRequestDispatcher: forwarding to [clientes/form]
22:44:13.169 [Test worker] DEBUG org.springframework.test.web.servlet.TestDispatcherServlet - Successfully completed request
22:44:13.179 [Test worker] DEBUG org.springframework.core.env.StandardEnvironment - Adding [systemProperties] PropertySource with lowest search precedence
22:44:13.179 [Test worker] DEBUG org.springframework.core.env.StandardEnvironment - Adding [systemEnvironment] PropertySource with lowest search precedence
22:44:13.179 [Test worker] DEBUG org.springframework.core.env.StandardEnvironment - Initialized StandardEnvironment with PropertySources [systemProperties,systemEnvironment]
22:44:13.181 [Test worker] DEBUG org.springframework.test.web.servlet.setup.StandaloneMockMvcBuilder$StaticRequestMappingHandlerMapping - Looking for request mappings in application context: org.springframework.test.web.servlet.setup.StubWebApplicationContext@2a3ced5b
22:44:13.192 [Test worker] DEBUG org.springframework.test.web.servlet.setup.StandaloneMockMvcBuilder$StaticRequestMappingHandlerMapping - 7 request handler methods found on class br.com.desafiotecnico.controller.ClienteController: {public org.springframework.web.servlet.ModelAndView br.com.desafiotecnico.controller.ClienteController.ordensServico(java.lang.Long)={[/clientes/{id}/ordens_servico],methods=[GET]}, public org.springframework.web.servlet.ModelAndView br.com.desafiotecnico.controller.CRUDController.remover(java.lang.Long)={[/clientes/{id}/remover],methods=[GET]}, public org.springframework.web.servlet.ModelAndView br.com.desafiotecnico.controller.CRUDController.salvar(br.com.desafiotecnico.model.GenericEntity,org.springframework.validation.BindingResult,org.springframework.web.servlet.mvc.support.RedirectAttributes)={[/clientes/salvar],methods=[POST]}, public org.springframework.web.servlet.ModelAndView br.com.desafiotecnico.controller.CRUDController.novo()={[/clientes/novo],methods=[GET]}, public org.springframework.web.servlet.ModelAndView br.com.desafiotecnico.controller.CRUDController.editar(java.lang.Long)={[/clientes/{id}/editar],methods=[GET]}, public org.springframework.web.servlet.ModelAndView br.com.desafiotecnico.controller.CRUDController.excluir(java.lang.Long,org.springframework.web.servlet.mvc.support.RedirectAttributes)={[/clientes/{id}/remover],methods=[DELETE]}, public org.springframework.web.servlet.ModelAndView br.com.desafiotecnico.controller.CRUDController.index()={[/clientes/],methods=[GET]}}
22:44:13.192 [Test worker] INFO org.springframework.test.web.servlet.setup.StandaloneMockMvcBuilder$StaticRequestMappingHandlerMapping - Mapped "{[/clientes/{id}/ordens_servico],methods=[GET]}" onto public org.springframework.web.servlet.ModelAndView br.com.desafiotecnico.controller.ClienteController.ordensServico(java.lang.Long)
22:44:13.193 [Test worker] INFO org.springframework.test.web.servlet.setup.StandaloneMockMvcBuilder$StaticRequestMappingHandlerMapping - Mapped "{[/clientes/{id}/remover],methods=[GET]}" onto public org.springframework.web.servlet.ModelAndView br.com.desafiotecnico.controller.CRUDController.remover(java.lang.Long)
22:44:13.194 [Test worker] INFO org.springframework.test.web.servlet.setup.StandaloneMockMvcBuilder$StaticRequestMappingHandlerMapping - Mapped "{[/clientes/salvar],methods=[POST]}" onto public org.springframework.web.servlet.ModelAndView br.com.desafiotecnico.controller.CRUDController.salvar(T,org.springframework.validation.BindingResult,org.springframework.web.servlet.mvc.support.RedirectAttributes)
22:44:13.194 [Test worker] INFO org.springframework.test.web.servlet.setup.StandaloneMockMvcBuilder$StaticRequestMappingHandlerMapping - Mapped "{[/clientes/novo],methods=[GET]}" onto public org.springframework.web.servlet.ModelAndView br.com.desafiotecnico.controller.CRUDController.novo()
22:44:13.195 [Test worker] INFO org.springframework.test.web.servlet.setup.StandaloneMockMvcBuilder$StaticRequestMappingHandlerMapping - Mapped "{[/clientes/{id}/editar],methods=[GET]}" onto public org.springframework.web.servlet.ModelAndView br.com.desafiotecnico.controller.CRUDController.editar(java.lang.Long)
22:44:13.195 [Test worker] INFO org.springframework.test.web.servlet.setup.StandaloneMockMvcBuilder$StaticRequestMappingHandlerMapping - Mapped "{[/clientes/{id}/remover],methods=[DELETE]}" onto public org.springframework.web.servlet.ModelAndView br.com.desafiotecnico.controller.CRUDController.excluir(java.lang.Long,org.springframework.web.servlet.mvc.support.RedirectAttributes)
22:44:13.196 [Test worker] INFO org.springframework.test.web.servlet.setup.StandaloneMockMvcBuilder$StaticRequestMappingHandlerMapping - Mapped "{[/clientes/],methods=[GET]}" onto public org.springframework.web.servlet.ModelAndView br.com.desafiotecnico.controller.CRUDController.index()
22:44:13.211 [Test worker] DEBUG org.hibernate.validator.internal.engine.resolver.DefaultTraversableResolver - Found javax.persistence.Persistence on classpath containing 'getPersistenceUtil'. Assuming JPA 2 environment. Trying to instantiate JPA aware TraversableResolver
22:44:13.212 [Test worker] DEBUG org.hibernate.validator.internal.engine.resolver.DefaultTraversableResolver - Instantiated JPA aware TraversableResolver of type org.hibernate.validator.internal.engine.resolver.JPATraversableResolver.
22:44:13.212 [Test worker] DEBUG org.hibernate.validator.internal.engine.ConfigurationImpl - Setting custom MessageInterpolator of type org.springframework.validation.beanvalidation.LocaleContextMessageInterpolator
22:44:13.213 [Test worker] DEBUG org.hibernate.validator.internal.engine.ConfigurationImpl - Setting custom ParameterNameProvider of type com.sun.proxy.$Proxy23
22:44:13.213 [Test worker] DEBUG org.hibernate.validator.internal.xml.ValidationXmlParser - Trying to load META-INF/validation.xml for XML based Validator configuration.
22:44:13.214 [Test worker] DEBUG org.hibernate.validator.internal.xml.ResourceLoaderHelper - Trying to load META-INF/validation.xml via TCCL
22:44:13.214 [Test worker] DEBUG org.hibernate.validator.internal.xml.ResourceLoaderHelper - Trying to load META-INF/validation.xml via Hibernate Validator's class loader
22:44:13.215 [Test worker] DEBUG org.hibernate.validator.internal.xml.ValidationXmlParser - No META-INF/validation.xml found. Using annotation based configuration only.
22:44:13.217 [Test worker] INFO org.springframework.web.servlet.mvc.method.annotation.RequestMappingHandlerAdapter - Looking for @ControllerAdvice: org.springframework.test.web.servlet.setup.StubWebApplicationContext@2a3ced5b
22:44:13.222 [Test worker] DEBUG org.springframework.web.servlet.mvc.method.annotation.ExceptionHandlerExceptionResolver - Looking for exception mappings: org.springframework.test.web.servlet.setup.StubWebApplicationContext@2a3ced5b
22:44:13.222 [Test worker] DEBUG org.springframework.test.web.servlet.TestDispatcherServlet - Initializing servlet ''
22:44:13.223 [Test worker] DEBUG org.springframework.web.context.support.StandardServletEnvironment - Adding [servletConfigInitParams] PropertySource with lowest search precedence
22:44:13.223 [Test worker] DEBUG org.springframework.web.context.support.StandardServletEnvironment - Adding [servletContextInitParams] PropertySource with lowest search precedence
22:44:13.223 [Test worker] DEBUG org.springframework.web.context.support.StandardServletEnvironment - Adding [systemProperties] PropertySource with lowest search precedence
22:44:13.224 [Test worker] DEBUG org.springframework.web.context.support.StandardServletEnvironment - Adding [systemEnvironment] PropertySource with lowest search precedence
22:44:13.224 [Test worker] DEBUG org.springframework.web.context.support.StandardServletEnvironment - Initialized StandardServletEnvironment with PropertySources [servletConfigInitParams,servletContextInitParams,systemProperties,systemEnvironment]
22:44:13.224 [Test worker] INFO org.springframework.mock.web.MockServletContext - Initializing Spring FrameworkServlet ''
22:44:13.224 [Test worker] INFO org.springframework.test.web.servlet.TestDispatcherServlet - FrameworkServlet '': initialization started
22:44:13.224 [Test worker] DEBUG org.springframework.test.web.servlet.TestDispatcherServlet - Unable to locate MultipartResolver with name 'multipartResolver': no multipart request handling provided
22:44:13.224 [Test worker] DEBUG org.springframework.test.web.servlet.TestDispatcherServlet - Using LocaleResolver [org.springframework.web.servlet.i18n.AcceptHeaderLocaleResolver@6c61be93]
22:44:13.224 [Test worker] DEBUG org.springframework.test.web.servlet.TestDispatcherServlet - Using ThemeResolver [org.springframework.web.servlet.theme.FixedThemeResolver@729c9661]
22:44:13.224 [Test worker] DEBUG org.springframework.test.web.servlet.TestDispatcherServlet - Using RequestToViewNameTranslator [org.springframework.web.servlet.view.DefaultRequestToViewNameTranslator@41f6e46]
22:44:13.224 [Test worker] DEBUG org.springframework.test.web.servlet.TestDispatcherServlet - Using FlashMapManager [org.springframework.web.servlet.support.SessionFlashMapManager@7162d55b]
22:44:13.224 [Test worker] DEBUG org.springframework.test.web.servlet.TestDispatcherServlet - Published WebApplicationContext of servlet '' as ServletContext attribute with name [org.springframework.web.servlet.FrameworkServlet.CONTEXT.]
22:44:13.225 [Test worker] INFO org.springframework.test.web.servlet.TestDispatcherServlet - FrameworkServlet '': initialization completed in 1 ms
22:44:13.225 [Test worker] DEBUG org.springframework.test.web.servlet.TestDispatcherServlet - Servlet '' configured successfully
22:44:13.225 [Test worker] DEBUG org.springframework.test.web.servlet.TestDispatcherServlet - DispatcherServlet with name '' processing POST request for [/clientes/salvar]
22:44:13.226 [Test worker] DEBUG org.springframework.test.web.servlet.setup.StandaloneMockMvcBuilder$StaticRequestMappingHandlerMapping - Looking up handler method for path /clientes/salvar
22:44:13.226 [Test worker] DEBUG org.springframework.test.web.servlet.setup.StandaloneMockMvcBuilder$StaticRequestMappingHandlerMapping - Returning handler method [public org.springframework.web.servlet.ModelAndView br.com.desafiotecnico.controller.CRUDController.salvar(T,org.springframework.validation.BindingResult,org.springframework.web.servlet.mvc.support.RedirectAttributes)]
22:44:13.341 [Test worker] DEBUG org.hibernate.validator.internal.metadata.descriptor.ConstraintDescriptorImpl - Adding composing constraint: ConstraintDescriptorImpl{annotation=javax.validation.constraints.NotNull, payloads=[], hasComposingConstraints=true, isReportAsSingleInvalidConstraint=false, elementType=FIELD, definedOn=DEFINED_LOCALLY, groups=[interface javax.validation.groups.Default], attributes={message={javax.validation.constraints.NotNull.message}, payload=[Ljava.lang.Class;@301cdee8, groups=[Ljava.lang.Class;@4a283254}, constraintType=GENERIC}.
22:44:13.720 [Test worker] DEBUG org.hibernate.validator.resourceloading.PlatformResourceBundleLocator - ValidationMessages not found.
22:44:13.723 [Test worker] DEBUG org.hibernate.validator.resourceloading.PlatformResourceBundleLocator - ContributorValidationMessages not found.
22:44:13.724 [Test worker] DEBUG org.hibernate.validator.resourceloading.PlatformResourceBundleLocator - org.hibernate.validator.ValidationMessages found.
22:44:13.738 [Test worker] DEBUG org.hibernate.validator.resourceloading.PlatformResourceBundleLocator - ValidationMessages not found.
22:44:13.738 [Test worker] DEBUG org.hibernate.validator.resourceloading.PlatformResourceBundleLocator - ContributorValidationMessages not found.
22:44:13.739 [Test worker] DEBUG org.hibernate.validator.resourceloading.PlatformResourceBundleLocator - org.hibernate.validator.ValidationMessages found.
22:44:13.756 [Test worker] DEBUG org.springframework.test.web.servlet.TestDispatcherServlet - Rendering view [org.springframework.web.servlet.view.InternalResourceView: unnamed; URL [clientes/form]] in DispatcherServlet with name ''
22:44:13.757 [Test worker] DEBUG org.springframework.web.servlet.view.InternalResourceView - Added model object 'cliente' of type [br.com.desafiotecnico.model.Cliente] to request in view with name 'null'
22:44:13.757 [Test worker] DEBUG org.springframework.web.servlet.view.InternalResourceView - Added model object 'org.springframework.validation.BindingResult.cliente' of type [org.springframework.validation.BeanPropertyBindingResult] to request in view with name 'null'
22:44:13.757 [Test worker] DEBUG org.springframework.web.servlet.view.InternalResourceView - Added model object 'tipos' of type [[Lbr.com.desafiotecnico.model.Tipo;] to request in view with name 'null'
22:44:13.757 [Test worker] DEBUG org.springframework.web.servlet.view.InternalResourceView - Forwarding to resource [clientes/form] in InternalResourceView 'null'
22:44:13.757 [Test worker] DEBUG org.springframework.mock.web.MockRequestDispatcher - MockRequestDispatcher: forwarding to [clientes/form]
22:44:13.757 [Test worker] DEBUG org.springframework.test.web.servlet.TestDispatcherServlet - Successfully completed request
22:44:13.760 [Test worker] DEBUG org.springframework.core.env.StandardEnvironment - Adding [systemProperties] PropertySource with lowest search precedence
22:44:13.760 [Test worker] DEBUG org.springframework.core.env.StandardEnvironment - Adding [systemEnvironment] PropertySource with lowest search precedence
22:44:13.760 [Test worker] DEBUG org.springframework.core.env.StandardEnvironment - Initialized StandardEnvironment with PropertySources [systemProperties,systemEnvironment]
22:44:13.762 [Test worker] DEBUG org.springframework.test.web.servlet.setup.StandaloneMockMvcBuilder$StaticRequestMappingHandlerMapping - Looking for request mappings in application context: org.springframework.test.web.servlet.setup.StubWebApplicationContext@61b4f73e
22:44:13.767 [Test worker] DEBUG org.springframework.test.web.servlet.setup.StandaloneMockMvcBuilder$StaticRequestMappingHandlerMapping - 7 request handler methods found on class br.com.desafiotecnico.controller.ClienteController: {public org.springframework.web.servlet.ModelAndView br.com.desafiotecnico.controller.ClienteController.ordensServico(java.lang.Long)={[/clientes/{id}/ordens_servico],methods=[GET]}, public org.springframework.web.servlet.ModelAndView br.com.desafiotecnico.controller.CRUDController.remover(java.lang.Long)={[/clientes/{id}/remover],methods=[GET]}, public org.springframework.web.servlet.ModelAndView br.com.desafiotecnico.controller.CRUDController.salvar(br.com.desafiotecnico.model.GenericEntity,org.springframework.validation.BindingResult,org.springframework.web.servlet.mvc.support.RedirectAttributes)={[/clientes/salvar],methods=[POST]}, public org.springframework.web.servlet.ModelAndView br.com.desafiotecnico.controller.CRUDController.novo()={[/clientes/novo],methods=[GET]}, public org.springframework.web.servlet.ModelAndView br.com.desafiotecnico.controller.CRUDController.editar(java.lang.Long)={[/clientes/{id}/editar],methods=[GET]}, public org.springframework.web.servlet.ModelAndView br.com.desafiotecnico.controller.CRUDController.excluir(java.lang.Long,org.springframework.web.servlet.mvc.support.RedirectAttributes)={[/clientes/{id}/remover],methods=[DELETE]}, public org.springframework.web.servlet.ModelAndView br.com.desafiotecnico.controller.CRUDController.index()={[/clientes/],methods=[GET]}}
22:44:13.768 [Test worker] INFO org.springframework.test.web.servlet.setup.StandaloneMockMvcBuilder$StaticRequestMappingHandlerMapping - Mapped "{[/clientes/{id}/ordens_servico],methods=[GET]}" onto public org.springframework.web.servlet.ModelAndView br.com.desafiotecnico.controller.ClienteController.ordensServico(java.lang.Long)
22:44:13.768 [Test worker] INFO org.springframework.test.web.servlet.setup.StandaloneMockMvcBuilder$StaticRequestMappingHandlerMapping - Mapped "{[/clientes/{id}/remover],methods=[GET]}" onto public org.springframework.web.servlet.ModelAndView br.com.desafiotecnico.controller.CRUDController.remover(java.lang.Long)
22:44:13.768 [Test worker] INFO org.springframework.test.web.servlet.setup.StandaloneMockMvcBuilder$StaticRequestMappingHandlerMapping - Mapped "{[/clientes/salvar],methods=[POST]}" onto public org.springframework.web.servlet.ModelAndView br.com.desafiotecnico.controller.CRUDController.salvar(T,org.springframework.validation.BindingResult,org.springframework.web.servlet.mvc.support.RedirectAttributes)
22:44:13.769 [Test worker] INFO org.springframework.test.web.servlet.setup.StandaloneMockMvcBuilder$StaticRequestMappingHandlerMapping - Mapped "{[/clientes/novo],methods=[GET]}" onto public org.springframework.web.servlet.ModelAndView br.com.desafiotecnico.controller.CRUDController.novo()
22:44:13.769 [Test worker] INFO org.springframework.test.web.servlet.setup.StandaloneMockMvcBuilder$StaticRequestMappingHandlerMapping - Mapped "{[/clientes/{id}/editar],methods=[GET]}" onto public org.springframework.web.servlet.ModelAndView br.com.desafiotecnico.controller.CRUDController.editar(java.lang.Long)
22:44:13.769 [Test worker] INFO org.springframework.test.web.servlet.setup.StandaloneMockMvcBuilder$StaticRequestMappingHandlerMapping - Mapped "{[/clientes/{id}/remover],methods=[DELETE]}" onto public org.springframework.web.servlet.ModelAndView br.com.desafiotecnico.controller.CRUDController.excluir(java.lang.Long,org.springframework.web.servlet.mvc.support.RedirectAttributes)
22:44:13.770 [Test worker] INFO org.springframework.test.web.servlet.setup.StandaloneMockMvcBuilder$StaticRequestMappingHandlerMapping - Mapped "{[/clientes/],methods=[GET]}" onto public org.springframework.web.servlet.ModelAndView br.com.desafiotecnico.controller.CRUDController.index()
22:44:13.783 [Test worker] DEBUG org.hibernate.validator.internal.engine.resolver.DefaultTraversableResolver - Found javax.persistence.Persistence on classpath containing 'getPersistenceUtil'. Assuming JPA 2 environment. Trying to instantiate JPA aware TraversableResolver
22:44:13.783 [Test worker] DEBUG org.hibernate.validator.internal.engine.resolver.DefaultTraversableResolver - Instantiated JPA aware TraversableResolver of type org.hibernate.validator.internal.engine.resolver.JPATraversableResolver.
22:44:13.784 [Test worker] DEBUG org.hibernate.validator.internal.engine.ConfigurationImpl - Setting custom MessageInterpolator of type org.springframework.validation.beanvalidation.LocaleContextMessageInterpolator
22:44:13.784 [Test worker] DEBUG org.hibernate.validator.internal.engine.ConfigurationImpl - Setting custom ParameterNameProvider of type com.sun.proxy.$Proxy23
22:44:13.784 [Test worker] DEBUG org.hibernate.validator.internal.xml.ValidationXmlParser - Trying to load META-INF/validation.xml for XML based Validator configuration.
22:44:13.784 [Test worker] DEBUG org.hibernate.validator.internal.xml.ResourceLoaderHelper - Trying to load META-INF/validation.xml via TCCL
22:44:13.785 [Test worker] DEBUG org.hibernate.validator.internal.xml.ResourceLoaderHelper - Trying to load META-INF/validation.xml via Hibernate Validator's class loader
22:44:13.786 [Test worker] DEBUG org.hibernate.validator.internal.xml.ValidationXmlParser - No META-INF/validation.xml found. Using annotation based configuration only.
22:44:13.789 [Test worker] INFO org.springframework.web.servlet.mvc.method.annotation.RequestMappingHandlerAdapter - Looking for @ControllerAdvice: org.springframework.test.web.servlet.setup.StubWebApplicationContext@61b4f73e
22:44:13.793 [Test worker] DEBUG org.springframework.web.servlet.mvc.method.annotation.ExceptionHandlerExceptionResolver - Looking for exception mappings: org.springframework.test.web.servlet.setup.StubWebApplicationContext@61b4f73e
22:44:13.794 [Test worker] DEBUG org.springframework.test.web.servlet.TestDispatcherServlet - Initializing servlet ''
22:44:13.794 [Test worker] DEBUG org.springframework.web.context.support.StandardServletEnvironment - Adding [servletConfigInitParams] PropertySource with lowest search precedence
22:44:13.795 [Test worker] DEBUG org.springframework.web.context.support.StandardServletEnvironment - Adding [servletContextInitParams] PropertySource with lowest search precedence
22:44:13.795 [Test worker] DEBUG org.springframework.web.context.support.StandardServletEnvironment - Adding [systemProperties] PropertySource with lowest search precedence
22:44:13.795 [Test worker] DEBUG org.springframework.web.context.support.StandardServletEnvironment - Adding [systemEnvironment] PropertySource with lowest search precedence
22:44:13.795 [Test worker] DEBUG org.springframework.web.context.support.StandardServletEnvironment - Initialized StandardServletEnvironment with PropertySources [servletConfigInitParams,servletContextInitParams,systemProperties,systemEnvironment]
22:44:13.796 [Test worker] INFO org.springframework.mock.web.MockServletContext - Initializing Spring FrameworkServlet ''
22:44:13.796 [Test worker] INFO org.springframework.test.web.servlet.TestDispatcherServlet - FrameworkServlet '': initialization started
22:44:13.796 [Test worker] DEBUG org.springframework.test.web.servlet.TestDispatcherServlet - Unable to locate MultipartResolver with name 'multipartResolver': no multipart request handling provided
22:44:13.796 [Test worker] DEBUG org.springframework.test.web.servlet.TestDispatcherServlet - Using LocaleResolver [org.springframework.web.servlet.i18n.AcceptHeaderLocaleResolver@381b5bda]
22:44:13.796 [Test worker] DEBUG org.springframework.test.web.servlet.TestDispatcherServlet - Using ThemeResolver [org.springframework.web.servlet.theme.FixedThemeResolver@4ffffa27]
22:44:13.796 [Test worker] DEBUG org.springframework.test.web.servlet.TestDispatcherServlet - Using RequestToViewNameTranslator [org.springframework.web.servlet.view.DefaultRequestToViewNameTranslator@5169a88f]
22:44:13.796 [Test worker] DEBUG org.springframework.test.web.servlet.TestDispatcherServlet - Using FlashMapManager [org.springframework.web.servlet.support.SessionFlashMapManager@51e6bf2f]
22:44:13.796 [Test worker] DEBUG org.springframework.test.web.servlet.TestDispatcherServlet - Published WebApplicationContext of servlet '' as ServletContext attribute with name [org.springframework.web.servlet.FrameworkServlet.CONTEXT.]
22:44:13.796 [Test worker] INFO org.springframework.test.web.servlet.TestDispatcherServlet - FrameworkServlet '': initialization completed in 0 ms
22:44:13.796 [Test worker] DEBUG org.springframework.test.web.servlet.TestDispatcherServlet - Servlet '' configured successfully
22:44:13.797 [Test worker] DEBUG org.springframework.test.web.servlet.TestDispatcherServlet - DispatcherServlet with name '' processing POST request for [/clientes/salvar]
22:44:13.797 [Test worker] DEBUG org.springframework.test.web.servlet.setup.StandaloneMockMvcBuilder$StaticRequestMappingHandlerMapping - Looking up handler method for path /clientes/salvar
22:44:13.798 [Test worker] DEBUG org.springframework.test.web.servlet.setup.StandaloneMockMvcBuilder$StaticRequestMappingHandlerMapping - Returning handler method [public org.springframework.web.servlet.ModelAndView br.com.desafiotecnico.controller.CRUDController.salvar(T,org.springframework.validation.BindingResult,org.springframework.web.servlet.mvc.support.RedirectAttributes)]
22:44:13.805 [Test worker] DEBUG org.hibernate.validator.internal.metadata.descriptor.ConstraintDescriptorImpl - Adding composing constraint: ConstraintDescriptorImpl{annotation=javax.validation.constraints.NotNull, payloads=[], hasComposingConstraints=true, isReportAsSingleInvalidConstraint=false, elementType=FIELD, definedOn=DEFINED_LOCALLY, groups=[interface javax.validation.groups.Default], attributes={message={javax.validation.constraints.NotNull.message}, payload=[Ljava.lang.Class;@33c1fb42, groups=[Ljava.lang.Class;@35f01df}, constraintType=GENERIC}.
22:44:13.826 [Test worker] DEBUG org.springframework.test.web.servlet.TestDispatcherServlet - Rendering view [org.springframework.web.servlet.view.RedirectView: unnamed; URL [/clientes/]] in DispatcherServlet with name ''
22:44:13.827 [Test worker] DEBUG org.springframework.web.servlet.support.SessionFlashMapManager - Saving FlashMap=FlashMap [attributes={msgSuccess=Cliente salvo com sucesso!}, targetRequestPath=/clientes/, targetRequestParams={}]
22:44:13.830 [Test worker] DEBUG org.springframework.test.web.servlet.TestDispatcherServlet - Successfully completed request
22:44:13.837 [Test worker] DEBUG org.springframework.core.env.StandardEnvironment - Adding [systemProperties] PropertySource with lowest search precedence
22:44:13.838 [Test worker] DEBUG org.springframework.core.env.StandardEnvironment - Adding [systemEnvironment] PropertySource with lowest search precedence
22:44:13.847 [Test worker] DEBUG org.springframework.core.env.StandardEnvironment - Initialized StandardEnvironment with PropertySources [systemProperties,systemEnvironment]
22:44:13.849 [Test worker] DEBUG org.springframework.test.web.servlet.setup.StandaloneMockMvcBuilder$StaticRequestMappingHandlerMapping - Looking for request mappings in application context: org.springframework.test.web.servlet.setup.StubWebApplicationContext@3ecd27d4
22:44:13.856 [Test worker] DEBUG org.springframework.test.web.servlet.setup.StandaloneMockMvcBuilder$StaticRequestMappingHandlerMapping - 7 request handler methods found on class br.com.desafiotecnico.controller.ClienteController: {public org.springframework.web.servlet.ModelAndView br.com.desafiotecnico.controller.ClienteController.ordensServico(java.lang.Long)={[/clientes/{id}/ordens_servico],methods=[GET]}, public org.springframework.web.servlet.ModelAndView br.com.desafiotecnico.controller.CRUDController.remover(java.lang.Long)={[/clientes/{id}/remover],methods=[GET]}, public org.springframework.web.servlet.ModelAndView br.com.desafiotecnico.controller.CRUDController.salvar(br.com.desafiotecnico.model.GenericEntity,org.springframework.validation.BindingResult,org.springframework.web.servlet.mvc.support.RedirectAttributes)={[/clientes/salvar],methods=[POST]}, public org.springframework.web.servlet.ModelAndView br.com.desafiotecnico.controller.CRUDController.novo()={[/clientes/novo],methods=[GET]}, public org.springframework.web.servlet.ModelAndView br.com.desafiotecnico.controller.CRUDController.editar(java.lang.Long)={[/clientes/{id}/editar],methods=[GET]}, public org.springframework.web.servlet.ModelAndView br.com.desafiotecnico.controller.CRUDController.excluir(java.lang.Long,org.springframework.web.servlet.mvc.support.RedirectAttributes)={[/clientes/{id}/remover],methods=[DELETE]}, public org.springframework.web.servlet.ModelAndView br.com.desafiotecnico.controller.CRUDController.index()={[/clientes/],methods=[GET]}}
22:44:13.857 [Test worker] INFO org.springframework.test.web.servlet.setup.StandaloneMockMvcBuilder$StaticRequestMappingHandlerMapping - Mapped "{[/clientes/{id}/ordens_servico],methods=[GET]}" onto public org.springframework.web.servlet.ModelAndView br.com.desafiotecnico.controller.ClienteController.ordensServico(java.lang.Long)
22:44:13.857 [Test worker] INFO org.springframework.test.web.servlet.setup.StandaloneMockMvcBuilder$StaticRequestMappingHandlerMapping - Mapped "{[/clientes/{id}/remover],methods=[GET]}" onto public org.springframework.web.servlet.ModelAndView br.com.desafiotecnico.controller.CRUDController.remover(java.lang.Long)
22:44:13.858 [Test worker] INFO org.springframework.test.web.servlet.setup.StandaloneMockMvcBuilder$StaticRequestMappingHandlerMapping - Mapped "{[/clientes/salvar],methods=[POST]}" onto public org.springframework.web.servlet.ModelAndView br.com.desafiotecnico.controller.CRUDController.salvar(T,org.springframework.validation.BindingResult,org.springframework.web.servlet.mvc.support.RedirectAttributes)
22:44:13.859 [Test worker] INFO org.springframework.test.web.servlet.setup.StandaloneMockMvcBuilder$StaticRequestMappingHandlerMapping - Mapped "{[/clientes/novo],methods=[GET]}" onto public org.springframework.web.servlet.ModelAndView br.com.desafiotecnico.controller.CRUDController.novo()
22:44:13.859 [Test worker] INFO org.springframework.test.web.servlet.setup.StandaloneMockMvcBuilder$StaticRequestMappingHandlerMapping - Mapped "{[/clientes/{id}/editar],methods=[GET]}" onto public org.springframework.web.servlet.ModelAndView br.com.desafiotecnico.controller.CRUDController.editar(java.lang.Long)
22:44:13.860 [Test worker] INFO org.springframework.test.web.servlet.setup.StandaloneMockMvcBuilder$StaticRequestMappingHandlerMapping - Mapped "{[/clientes/{id}/remover],methods=[DELETE]}" onto public org.springframework.web.servlet.ModelAndView br.com.desafiotecnico.controller.CRUDController.excluir(java.lang.Long,org.springframework.web.servlet.mvc.support.RedirectAttributes)
22:44:13.860 [Test worker] INFO org.springframework.test.web.servlet.setup.StandaloneMockMvcBuilder$StaticRequestMappingHandlerMapping - Mapped "{[/clientes/],methods=[GET]}" onto public org.springframework.web.servlet.ModelAndView br.com.desafiotecnico.controller.CRUDController.index()
22:44:13.875 [Test worker] DEBUG org.hibernate.validator.internal.engine.resolver.DefaultTraversableResolver - Found javax.persistence.Persistence on classpath containing 'getPersistenceUtil'. Assuming JPA 2 environment. Trying to instantiate JPA aware TraversableResolver
22:44:13.875 [Test worker] DEBUG org.hibernate.validator.internal.engine.resolver.DefaultTraversableResolver - Instantiated JPA aware TraversableResolver of type org.hibernate.validator.internal.engine.resolver.JPATraversableResolver.
22:44:13.876 [Test worker] DEBUG org.hibernate.validator.internal.engine.ConfigurationImpl - Setting custom MessageInterpolator of type org.springframework.validation.beanvalidation.LocaleContextMessageInterpolator
22:44:13.876 [Test worker] DEBUG org.hibernate.validator.internal.engine.ConfigurationImpl - Setting custom ParameterNameProvider of type com.sun.proxy.$Proxy23
22:44:13.876 [Test worker] DEBUG org.hibernate.validator.internal.xml.ValidationXmlParser - Trying to load META-INF/validation.xml for XML based Validator configuration.
22:44:13.876 [Test worker] DEBUG org.hibernate.validator.internal.xml.ResourceLoaderHelper - Trying to load META-INF/validation.xml via TCCL
22:44:13.877 [Test worker] DEBUG org.hibernate.validator.internal.xml.ResourceLoaderHelper - Trying to load META-INF/validation.xml via Hibernate Validator's class loader
22:44:13.878 [Test worker] DEBUG org.hibernate.validator.internal.xml.ValidationXmlParser - No META-INF/validation.xml found. Using annotation based configuration only.
22:44:13.881 [Test worker] INFO org.springframework.web.servlet.mvc.method.annotation.RequestMappingHandlerAdapter - Looking for @ControllerAdvice: org.springframework.test.web.servlet.setup.StubWebApplicationContext@3ecd27d4
22:44:13.887 [Test worker] DEBUG org.springframework.web.servlet.mvc.method.annotation.ExceptionHandlerExceptionResolver - Looking for exception mappings: org.springframework.test.web.servlet.setup.StubWebApplicationContext@3ecd27d4
22:44:13.888 [Test worker] DEBUG org.springframework.test.web.servlet.TestDispatcherServlet - Initializing servlet ''
22:44:13.889 [Test worker] DEBUG org.springframework.web.context.support.StandardServletEnvironment - Adding [servletConfigInitParams] PropertySource with lowest search precedence
22:44:13.889 [Test worker] DEBUG org.springframework.web.context.support.StandardServletEnvironment - Adding [servletContextInitParams] PropertySource with lowest search precedence
22:44:13.890 [Test worker] DEBUG org.springframework.web.context.support.StandardServletEnvironment - Adding [systemProperties] PropertySource with lowest search precedence
22:44:13.890 [Test worker] DEBUG org.springframework.web.context.support.StandardServletEnvironment - Adding [systemEnvironment] PropertySource with lowest search precedence
22:44:13.890 [Test worker] DEBUG org.springframework.web.context.support.StandardServletEnvironment - Initialized StandardServletEnvironment with PropertySources [servletConfigInitParams,servletContextInitParams,systemProperties,systemEnvironment]
22:44:13.890 [Test worker] INFO org.springframework.mock.web.MockServletContext - Initializing Spring FrameworkServlet ''
22:44:13.890 [Test worker] INFO org.springframework.test.web.servlet.TestDispatcherServlet - FrameworkServlet '': initialization started
22:44:13.890 [Test worker] DEBUG org.springframework.test.web.servlet.TestDispatcherServlet - Unable to locate MultipartResolver with name 'multipartResolver': no multipart request handling provided
22:44:13.890 [Test worker] DEBUG org.springframework.test.web.servlet.TestDispatcherServlet - Using LocaleResolver [org.springframework.web.servlet.i18n.AcceptHeaderLocaleResolver@68a8272f]
22:44:13.891 [Test worker] DEBUG org.springframework.test.web.servlet.TestDispatcherServlet - Using ThemeResolver [org.springframework.web.servlet.theme.FixedThemeResolver@1e9ad960]
22:44:13.891 [Test worker] DEBUG org.springframework.test.web.servlet.TestDispatcherServlet - Using RequestToViewNameTranslator [org.springframework.web.servlet.view.DefaultRequestToViewNameTranslator@1cd666e8]
22:44:13.891 [Test worker] DEBUG org.springframework.test.web.servlet.TestDispatcherServlet - Using FlashMapManager [org.springframework.web.servlet.support.SessionFlashMapManager@6af29b4d]
22:44:13.891 [Test worker] DEBUG org.springframework.test.web.servlet.TestDispatcherServlet - Published WebApplicationContext of servlet '' as ServletContext attribute with name [org.springframework.web.servlet.FrameworkServlet.CONTEXT.]
22:44:13.891 [Test worker] INFO org.springframework.test.web.servlet.TestDispatcherServlet - FrameworkServlet '': initialization completed in 1 ms
22:44:13.891 [Test worker] DEBUG org.springframework.test.web.servlet.TestDispatcherServlet - Servlet '' configured successfully
22:44:13.892 [Test worker] DEBUG org.springframework.test.web.servlet.TestDispatcherServlet - DispatcherServlet with name '' processing GET request for [/clientes/novo]
22:44:13.892 [Test worker] DEBUG org.springframework.test.web.servlet.setup.StandaloneMockMvcBuilder$StaticRequestMappingHandlerMapping - Looking up handler method for path /clientes/novo
22:44:13.893 [Test worker] DEBUG org.springframework.test.web.servlet.setup.StandaloneMockMvcBuilder$StaticRequestMappingHandlerMapping - Returning handler method [public org.springframework.web.servlet.ModelAndView br.com.desafiotecnico.controller.CRUDController.novo()]
22:44:13.893 [Test worker] DEBUG org.springframework.test.web.servlet.TestDispatcherServlet - Last-Modified value for [/clientes/novo] is: -1
22:44:13.897 [Test worker] DEBUG org.springframework.test.web.servlet.TestDispatcherServlet - Rendering view [org.springframework.web.servlet.view.InternalResourceView: unnamed; URL [clientes/form]] in DispatcherServlet with name ''
22:44:13.897 [Test worker] DEBUG org.springframework.web.servlet.view.InternalResourceView - Added model object 'tipos' of type [[Lbr.com.desafiotecnico.model.Tipo;] to request in view with name 'null'
22:44:13.897 [Test worker] DEBUG org.springframework.web.servlet.view.InternalResourceView - Added model object 'cliente' of type [br.com.desafiotecnico.model.Cliente] to request in view with name 'null'
22:44:13.897 [Test worker] DEBUG org.springframework.web.servlet.view.InternalResourceView - Added model object 'org.springframework.validation.BindingResult.cliente' of type [org.springframework.validation.BeanPropertyBindingResult] to request in view with name 'null'
22:44:13.897 [Test worker] DEBUG org.springframework.web.servlet.view.InternalResourceView - Forwarding to resource [clientes/form] in InternalResourceView 'null'
22:44:13.897 [Test worker] DEBUG org.springframework.mock.web.MockRequestDispatcher - MockRequestDispatcher: forwarding to [clientes/form]
22:44:13.897 [Test worker] DEBUG org.springframework.test.web.servlet.TestDispatcherServlet - Successfully completed request
22:44:13.901 [Test worker] DEBUG org.springframework.core.env.StandardEnvironment - Adding [systemProperties] PropertySource with lowest search precedence
22:44:13.901 [Test worker] DEBUG org.springframework.core.env.StandardEnvironment - Adding [systemEnvironment] PropertySource with lowest search precedence
22:44:13.901 [Test worker] DEBUG org.springframework.core.env.StandardEnvironment - Initialized StandardEnvironment with PropertySources [systemProperties,systemEnvironment]
22:44:13.903 [Test worker] DEBUG org.springframework.test.web.servlet.setup.StandaloneMockMvcBuilder$StaticRequestMappingHandlerMapping - Looking for request mappings in application context: org.springframework.test.web.servlet.setup.StubWebApplicationContext@b53d8b3
22:44:13.910 [Test worker] DEBUG org.springframework.test.web.servlet.setup.StandaloneMockMvcBuilder$StaticRequestMappingHandlerMapping - 7 request handler methods found on class br.com.desafiotecnico.controller.ClienteController: {public org.springframework.web.servlet.ModelAndView br.com.desafiotecnico.controller.ClienteController.ordensServico(java.lang.Long)={[/clientes/{id}/ordens_servico],methods=[GET]}, public org.springframework.web.servlet.ModelAndView br.com.desafiotecnico.controller.CRUDController.remover(java.lang.Long)={[/clientes/{id}/remover],methods=[GET]}, public org.springframework.web.servlet.ModelAndView br.com.desafiotecnico.controller.CRUDController.salvar(br.com.desafiotecnico.model.GenericEntity,org.springframework.validation.BindingResult,org.springframework.web.servlet.mvc.support.RedirectAttributes)={[/clientes/salvar],methods=[POST]}, public org.springframework.web.servlet.ModelAndView br.com.desafiotecnico.controller.CRUDController.novo()={[/clientes/novo],methods=[GET]}, public org.springframework.web.servlet.ModelAndView br.com.desafiotecnico.controller.CRUDController.editar(java.lang.Long)={[/clientes/{id}/editar],methods=[GET]}, public org.springframework.web.servlet.ModelAndView br.com.desafiotecnico.controller.CRUDController.excluir(java.lang.Long,org.springframework.web.servlet.mvc.support.RedirectAttributes)={[/clientes/{id}/remover],methods=[DELETE]}, public org.springframework.web.servlet.ModelAndView br.com.desafiotecnico.controller.CRUDController.index()={[/clientes/],methods=[GET]}}
22:44:13.910 [Test worker] INFO org.springframework.test.web.servlet.setup.StandaloneMockMvcBuilder$StaticRequestMappingHandlerMapping - Mapped "{[/clientes/{id}/ordens_servico],methods=[GET]}" onto public org.springframework.web.servlet.ModelAndView br.com.desafiotecnico.controller.ClienteController.ordensServico(java.lang.Long)
22:44:13.911 [Test worker] INFO org.springframework.test.web.servlet.setup.StandaloneMockMvcBuilder$StaticRequestMappingHandlerMapping - Mapped "{[/clientes/{id}/remover],methods=[GET]}" onto public org.springframework.web.servlet.ModelAndView br.com.desafiotecnico.controller.CRUDController.remover(java.lang.Long)
22:44:13.911 [Test worker] INFO org.springframework.test.web.servlet.setup.StandaloneMockMvcBuilder$StaticRequestMappingHandlerMapping - Mapped "{[/clientes/salvar],methods=[POST]}" onto public org.springframework.web.servlet.ModelAndView br.com.desafiotecnico.controller.CRUDController.salvar(T,org.springframework.validation.BindingResult,org.springframework.web.servlet.mvc.support.RedirectAttributes)
22:44:13.912 [Test worker] INFO org.springframework.test.web.servlet.setup.StandaloneMockMvcBuilder$StaticRequestMappingHandlerMapping - Mapped "{[/clientes/novo],methods=[GET]}" onto public org.springframework.web.servlet.ModelAndView br.com.desafiotecnico.controller.CRUDController.novo()
22:44:13.912 [Test worker] INFO org.springframework.test.web.servlet.setup.StandaloneMockMvcBuilder$StaticRequestMappingHandlerMapping - Mapped "{[/clientes/{id}/editar],methods=[GET]}" onto public org.springframework.web.servlet.ModelAndView br.com.desafiotecnico.controller.CRUDController.editar(java.lang.Long)
22:44:13.912 [Test worker] INFO org.springframework.test.web.servlet.setup.StandaloneMockMvcBuilder$StaticRequestMappingHandlerMapping - Mapped "{[/clientes/{id}/remover],methods=[DELETE]}" onto public org.springframework.web.servlet.ModelAndView br.com.desafiotecnico.controller.CRUDController.excluir(java.lang.Long,org.springframework.web.servlet.mvc.support.RedirectAttributes)
22:44:13.913 [Test worker] INFO org.springframework.test.web.servlet.setup.StandaloneMockMvcBuilder$StaticRequestMappingHandlerMapping - Mapped "{[/clientes/],methods=[GET]}" onto public org.springframework.web.servlet.ModelAndView br.com.desafiotecnico.controller.CRUDController.index()
22:44:13.929 [Test worker] DEBUG org.hibernate.validator.internal.engine.resolver.DefaultTraversableResolver - Found javax.persistence.Persistence on classpath containing 'getPersistenceUtil'. Assuming JPA 2 environment. Trying to instantiate JPA aware TraversableResolver
22:44:13.929 [Test worker] DEBUG org.hibernate.validator.internal.engine.resolver.DefaultTraversableResolver - Instantiated JPA aware TraversableResolver of type org.hibernate.validator.internal.engine.resolver.JPATraversableResolver.
22:44:13.929 [Test worker] DEBUG org.hibernate.validator.internal.engine.ConfigurationImpl - Setting custom MessageInterpolator of type org.springframework.validation.beanvalidation.LocaleContextMessageInterpolator
22:44:13.929 [Test worker] DEBUG org.hibernate.validator.internal.engine.ConfigurationImpl - Setting custom ParameterNameProvider of type com.sun.proxy.$Proxy23
22:44:13.930 [Test worker] DEBUG org.hibernate.validator.internal.xml.ValidationXmlParser - Trying to load META-INF/validation.xml for XML based Validator configuration.
22:44:13.930 [Test worker] DEBUG org.hibernate.validator.internal.xml.ResourceLoaderHelper - Trying to load META-INF/validation.xml via TCCL
22:44:13.935 [Test worker] DEBUG org.hibernate.validator.internal.xml.ResourceLoaderHelper - Trying to load META-INF/validation.xml via Hibernate Validator's class loader
22:44:13.936 [Test worker] DEBUG org.hibernate.validator.internal.xml.ValidationXmlParser - No META-INF/validation.xml found. Using annotation based configuration only.
22:44:13.939 [Test worker] INFO org.springframework.web.servlet.mvc.method.annotation.RequestMappingHandlerAdapter - Looking for @ControllerAdvice: org.springframework.test.web.servlet.setup.StubWebApplicationContext@b53d8b3
22:44:13.944 [Test worker] DEBUG org.springframework.web.servlet.mvc.method.annotation.ExceptionHandlerExceptionResolver - Looking for exception mappings: org.springframework.test.web.servlet.setup.StubWebApplicationContext@b53d8b3
22:44:13.945 [Test worker] DEBUG org.springframework.test.web.servlet.TestDispatcherServlet - Initializing servlet ''
22:44:13.945 [Test worker] DEBUG org.springframework.web.context.support.StandardServletEnvironment - Adding [servletConfigInitParams] PropertySource with lowest search precedence
22:44:13.946 [Test worker] DEBUG org.springframework.web.context.support.StandardServletEnvironment - Adding [servletContextInitParams] PropertySource with lowest search precedence
22:44:13.946 [Test worker] DEBUG org.springframework.web.context.support.StandardServletEnvironment - Adding [systemProperties] PropertySource with lowest search precedence
22:44:13.946 [Test worker] DEBUG org.springframework.web.context.support.StandardServletEnvironment - Adding [systemEnvironment] PropertySource with lowest search precedence
22:44:13.946 [Test worker] DEBUG org.springframework.web.context.support.StandardServletEnvironment - Initialized StandardServletEnvironment with PropertySources [servletConfigInitParams,servletContextInitParams,systemProperties,systemEnvironment]
22:44:13.946 [Test worker] INFO org.springframework.mock.web.MockServletContext - Initializing Spring FrameworkServlet ''
22:44:13.946 [Test worker] INFO org.springframework.test.web.servlet.TestDispatcherServlet - FrameworkServlet '': initialization started
22:44:13.947 [Test worker] DEBUG org.springframework.test.web.servlet.TestDispatcherServlet - Unable to locate MultipartResolver with name 'multipartResolver': no multipart request handling provided
22:44:13.947 [Test worker] DEBUG org.springframework.test.web.servlet.TestDispatcherServlet - Using LocaleResolver [org.springframework.web.servlet.i18n.AcceptHeaderLocaleResolver@12710cb2]
22:44:13.947 [Test worker] DEBUG org.springframework.test.web.servlet.TestDispatcherServlet - Using ThemeResolver [org.springframework.web.servlet.theme.FixedThemeResolver@1637ddd7]
22:44:13.947 [Test worker] DEBUG org.springframework.test.web.servlet.TestDispatcherServlet - Using RequestToViewNameTranslator [org.springframework.web.servlet.view.DefaultRequestToViewNameTranslator@41a98542]
22:44:13.947 [Test worker] DEBUG org.springframework.test.web.servlet.TestDispatcherServlet - Using FlashMapManager [org.springframework.web.servlet.support.SessionFlashMapManager@1d43afaa]
22:44:13.947 [Test worker] DEBUG org.springframework.test.web.servlet.TestDispatcherServlet - Published WebApplicationContext of servlet '' as ServletContext attribute with name [org.springframework.web.servlet.FrameworkServlet.CONTEXT.]
22:44:13.947 [Test worker] INFO org.springframework.test.web.servlet.TestDispatcherServlet - FrameworkServlet '': initialization completed in 1 ms
22:44:13.947 [Test worker] DEBUG org.springframework.test.web.servlet.TestDispatcherServlet - Servlet '' configured successfully
22:44:13.948 [Test worker] DEBUG org.springframework.test.web.servlet.TestDispatcherServlet - DispatcherServlet with name '' processing DELETE request for [/clientes/1/remover]
22:44:13.948 [Test worker] DEBUG org.springframework.test.web.servlet.setup.StandaloneMockMvcBuilder$StaticRequestMappingHandlerMapping - Looking up handler method for path /clientes/1/remover
22:44:13.948 [Test worker] DEBUG org.springframework.test.web.servlet.setup.StandaloneMockMvcBuilder$StaticRequestMappingHandlerMapping - Returning handler method [public org.springframework.web.servlet.ModelAndView br.com.desafiotecnico.controller.CRUDController.excluir(java.lang.Long,org.springframework.web.servlet.mvc.support.RedirectAttributes)]
22:44:13.952 [Test worker] DEBUG org.springframework.test.web.servlet.TestDispatcherServlet - Rendering view [org.springframework.web.servlet.view.RedirectView: unnamed; URL [/clientes/]] in DispatcherServlet with name ''
22:44:13.952 [Test worker] DEBUG org.springframework.web.servlet.support.SessionFlashMapManager - Saving FlashMap=FlashMap [attributes={msgSuccess=Cliente removido com sucesso!}, targetRequestPath=/clientes/, targetRequestParams={}]
22:44:13.953 [Test worker] DEBUG org.springframework.test.web.servlet.TestDispatcherServlet - Successfully completed request
22:44:13.955 [Test worker] DEBUG org.springframework.core.env.StandardEnvironment - Adding [systemProperties] PropertySource with lowest search precedence
22:44:13.955 [Test worker] DEBUG org.springframework.core.env.StandardEnvironment - Adding [systemEnvironment] PropertySource with lowest search precedence
22:44:13.955 [Test worker] DEBUG org.springframework.core.env.StandardEnvironment - Initialized StandardEnvironment with PropertySources [systemProperties,systemEnvironment]
22:44:13.957 [Test worker] DEBUG org.springframework.test.web.servlet.setup.StandaloneMockMvcBuilder$StaticRequestMappingHandlerMapping - Looking for request mappings in application context: org.springframework.test.web.servlet.setup.StubWebApplicationContext@2f3c8867
22:44:13.963 [Test worker] DEBUG org.springframework.test.web.servlet.setup.StandaloneMockMvcBuilder$StaticRequestMappingHandlerMapping - 7 request handler methods found on class br.com.desafiotecnico.controller.ClienteController: {public org.springframework.web.servlet.ModelAndView br.com.desafiotecnico.controller.ClienteController.ordensServico(java.lang.Long)={[/clientes/{id}/ordens_servico],methods=[GET]}, public org.springframework.web.servlet.ModelAndView br.com.desafiotecnico.controller.CRUDController.remover(java.lang.Long)={[/clientes/{id}/remover],methods=[GET]}, public org.springframework.web.servlet.ModelAndView br.com.desafiotecnico.controller.CRUDController.salvar(br.com.desafiotecnico.model.GenericEntity,org.springframework.validation.BindingResult,org.springframework.web.servlet.mvc.support.RedirectAttributes)={[/clientes/salvar],methods=[POST]}, public org.springframework.web.servlet.ModelAndView br.com.desafiotecnico.controller.CRUDController.novo()={[/clientes/novo],methods=[GET]}, public org.springframework.web.servlet.ModelAndView br.com.desafiotecnico.controller.CRUDController.editar(java.lang.Long)={[/clientes/{id}/editar],methods=[GET]}, public org.springframework.web.servlet.ModelAndView br.com.desafiotecnico.controller.CRUDController.excluir(java.lang.Long,org.springframework.web.servlet.mvc.support.RedirectAttributes)={[/clientes/{id}/remover],methods=[DELETE]}, public org.springframework.web.servlet.ModelAndView br.com.desafiotecnico.controller.CRUDController.index()={[/clientes/],methods=[GET]}}
22:44:13.963 [Test worker] INFO org.springframework.test.web.servlet.setup.StandaloneMockMvcBuilder$StaticRequestMappingHandlerMapping - Mapped "{[/clientes/{id}/ordens_servico],methods=[GET]}" onto public org.springframework.web.servlet.ModelAndView br.com.desafiotecnico.controller.ClienteController.ordensServico(java.lang.Long)
22:44:13.963 [Test worker] INFO org.springframework.test.web.servlet.setup.StandaloneMockMvcBuilder$StaticRequestMappingHandlerMapping - Mapped "{[/clientes/{id}/remover],methods=[GET]}" onto public org.springframework.web.servlet.ModelAndView br.com.desafiotecnico.controller.CRUDController.remover(java.lang.Long)
22:44:13.964 [Test worker] INFO org.springframework.test.web.servlet.setup.StandaloneMockMvcBuilder$StaticRequestMappingHandlerMapping - Mapped "{[/clientes/salvar],methods=[POST]}" onto public org.springframework.web.servlet.ModelAndView br.com.desafiotecnico.controller.CRUDController.salvar(T,org.springframework.validation.BindingResult,org.springframework.web.servlet.mvc.support.RedirectAttributes)
22:44:13.964 [Test worker] INFO org.springframework.test.web.servlet.setup.StandaloneMockMvcBuilder$StaticRequestMappingHandlerMapping - Mapped "{[/clientes/novo],methods=[GET]}" onto public org.springframework.web.servlet.ModelAndView br.com.desafiotecnico.controller.CRUDController.novo()
22:44:13.965 [Test worker] INFO org.springframework.test.web.servlet.setup.StandaloneMockMvcBuilder$StaticRequestMappingHandlerMapping - Mapped "{[/clientes/{id}/editar],methods=[GET]}" onto public org.springframework.web.servlet.ModelAndView br.com.desafiotecnico.controller.CRUDController.editar(java.lang.Long)
22:44:13.965 [Test worker] INFO org.springframework.test.web.servlet.setup.StandaloneMockMvcBuilder$StaticRequestMappingHandlerMapping - Mapped "{[/clientes/{id}/remover],methods=[DELETE]}" onto public org.springframework.web.servlet.ModelAndView br.com.desafiotecnico.controller.CRUDController.excluir(java.lang.Long,org.springframework.web.servlet.mvc.support.RedirectAttributes)
22:44:13.967 [Test worker] INFO org.springframework.test.web.servlet.setup.StandaloneMockMvcBuilder$StaticRequestMappingHandlerMapping - Mapped "{[/clientes/],methods=[GET]}" onto public org.springframework.web.servlet.ModelAndView br.com.desafiotecnico.controller.CRUDController.index()
22:44:13.979 [Test worker] DEBUG org.hibernate.validator.internal.engine.resolver.DefaultTraversableResolver - Found javax.persistence.Persistence on classpath containing 'getPersistenceUtil'. Assuming JPA 2 environment. Trying to instantiate JPA aware TraversableResolver
22:44:13.980 [Test worker] DEBUG org.hibernate.validator.internal.engine.resolver.DefaultTraversableResolver - Instantiated JPA aware TraversableResolver of type org.hibernate.validator.internal.engine.resolver.JPATraversableResolver.
22:44:13.980 [Test worker] DEBUG org.hibernate.validator.internal.engine.ConfigurationImpl - Setting custom MessageInterpolator of type org.springframework.validation.beanvalidation.LocaleContextMessageInterpolator
22:44:13.980 [Test worker] DEBUG org.hibernate.validator.internal.engine.ConfigurationImpl - Setting custom ParameterNameProvider of type com.sun.proxy.$Proxy23
22:44:13.980 [Test worker] DEBUG org.hibernate.validator.internal.xml.ValidationXmlParser - Trying to load META-INF/validation.xml for XML based Validator configuration.
22:44:13.980 [Test worker] DEBUG org.hibernate.validator.internal.xml.ResourceLoaderHelper - Trying to load META-INF/validation.xml via TCCL
22:44:13.981 [Test worker] DEBUG org.hibernate.validator.internal.xml.ResourceLoaderHelper - Trying to load META-INF/validation.xml via Hibernate Validator's class loader
22:44:13.981 [Test worker] DEBUG org.hibernate.validator.internal.xml.ValidationXmlParser - No META-INF/validation.xml found. Using annotation based configuration only.
22:44:13.984 [Test worker] INFO org.springframework.web.servlet.mvc.method.annotation.RequestMappingHandlerAdapter - Looking for @ControllerAdvice: org.springframework.test.web.servlet.setup.StubWebApplicationContext@2f3c8867
22:44:13.989 [Test worker] DEBUG org.springframework.web.servlet.mvc.method.annotation.ExceptionHandlerExceptionResolver - Looking for exception mappings: org.springframework.test.web.servlet.setup.StubWebApplicationContext@2f3c8867
22:44:13.990 [Test worker] DEBUG org.springframework.test.web.servlet.TestDispatcherServlet - Initializing servlet ''
22:44:13.990 [Test worker] DEBUG org.springframework.web.context.support.StandardServletEnvironment - Adding [servletConfigInitParams] PropertySource with lowest search precedence
22:44:13.991 [Test worker] DEBUG org.springframework.web.context.support.StandardServletEnvironment - Adding [servletContextInitParams] PropertySource with lowest search precedence
22:44:13.991 [Test worker] DEBUG org.springframework.web.context.support.StandardServletEnvironment - Adding [systemProperties] PropertySource with lowest search precedence
22:44:13.991 [Test worker] DEBUG org.springframework.web.context.support.StandardServletEnvironment - Adding [systemEnvironment] PropertySource with lowest search precedence
22:44:13.991 [Test worker] DEBUG org.springframework.web.context.support.StandardServletEnvironment - Initialized StandardServletEnvironment with PropertySources [servletConfigInitParams,servletContextInitParams,systemProperties,systemEnvironment]
22:44:13.991 [Test worker] INFO org.springframework.mock.web.MockServletContext - Initializing Spring FrameworkServlet ''
22:44:13.992 [Test worker] INFO org.springframework.test.web.servlet.TestDispatcherServlet - FrameworkServlet '': initialization started
22:44:13.992 [Test worker] DEBUG org.springframework.test.web.servlet.TestDispatcherServlet - Unable to locate MultipartResolver with name 'multipartResolver': no multipart request handling provided
22:44:13.992 [Test worker] DEBUG org.springframework.test.web.servlet.TestDispatcherServlet - Using LocaleResolver [org.springframework.web.servlet.i18n.AcceptHeaderLocaleResolver@3164efb8]
22:44:13.992 [Test worker] DEBUG org.springframework.test.web.servlet.TestDispatcherServlet - Using ThemeResolver [org.springframework.web.servlet.theme.FixedThemeResolver@715af93e]
22:44:13.992 [Test worker] DEBUG org.springframework.test.web.servlet.TestDispatcherServlet - Using RequestToViewNameTranslator [org.springframework.web.servlet.view.DefaultRequestToViewNameTranslator@4e787062]
22:44:13.992 [Test worker] DEBUG org.springframework.test.web.servlet.TestDispatcherServlet - Using FlashMapManager [org.springframework.web.servlet.support.SessionFlashMapManager@1c318eea]
22:44:13.992 [Test worker] DEBUG org.springframework.test.web.servlet.TestDispatcherServlet - Published WebApplicationContext of servlet '' as ServletContext attribute with name [org.springframework.web.servlet.FrameworkServlet.CONTEXT.]
22:44:13.992 [Test worker] INFO org.springframework.test.web.servlet.TestDispatcherServlet - FrameworkServlet '': initialization completed in 0 ms
22:44:13.992 [Test worker] DEBUG org.springframework.test.web.servlet.TestDispatcherServlet - Servlet '' configured successfully
22:44:13.993 [Test worker] DEBUG org.springframework.test.web.servlet.TestDispatcherServlet - DispatcherServlet with name '' processing GET request for [/clientes/]
22:44:13.993 [Test worker] DEBUG org.springframework.test.web.servlet.setup.StandaloneMockMvcBuilder$StaticRequestMappingHandlerMapping - Looking up handler method for path /clientes/
22:44:13.993 [Test worker] DEBUG org.springframework.test.web.servlet.setup.StandaloneMockMvcBuilder$StaticRequestMappingHandlerMapping - Returning handler method [public org.springframework.web.servlet.ModelAndView br.com.desafiotecnico.controller.CRUDController.index()]
22:44:13.993 [Test worker] DEBUG org.springframework.test.web.servlet.TestDispatcherServlet - Last-Modified value for [/clientes/] is: -1
22:44:13.996 [Test worker] DEBUG org.springframework.test.web.servlet.TestDispatcherServlet - Rendering view [org.springframework.web.servlet.view.InternalResourceView: unnamed; URL [clientes/index]] in DispatcherServlet with name ''
22:44:13.997 [Test worker] DEBUG org.springframework.web.servlet.view.InternalResourceView - Added model object 'clientes' of type [java.util.Arrays$ArrayList] to request in view with name 'null'
22:44:13.997 [Test worker] DEBUG org.springframework.web.servlet.view.InternalResourceView - Forwarding to resource [clientes/index] in InternalResourceView 'null'
22:44:13.997 [Test worker] DEBUG org.springframework.mock.web.MockRequestDispatcher - MockRequestDispatcher: forwarding to [clientes/index]
22:44:13.997 [Test worker] DEBUG org.springframework.test.web.servlet.TestDispatcherServlet - Successfully completed request
22:44:14.003 [Test worker] DEBUG org.springframework.core.env.StandardEnvironment - Adding [systemProperties] PropertySource with lowest search precedence
22:44:14.004 [Test worker] DEBUG org.springframework.core.env.StandardEnvironment - Adding [systemEnvironment] PropertySource with lowest search precedence
22:44:14.005 [Test worker] DEBUG org.springframework.core.env.StandardEnvironment - Initialized StandardEnvironment with PropertySources [systemProperties,systemEnvironment]
22:44:14.007 [Test worker] DEBUG org.springframework.test.web.servlet.setup.StandaloneMockMvcBuilder$StaticRequestMappingHandlerMapping - Looking for request mappings in application context: org.springframework.test.web.servlet.setup.StubWebApplicationContext@217dae08
22:44:14.014 [Test worker] DEBUG org.springframework.test.web.servlet.setup.StandaloneMockMvcBuilder$StaticRequestMappingHandlerMapping - 7 request handler methods found on class br.com.desafiotecnico.controller.ClienteController: {public org.springframework.web.servlet.ModelAndView br.com.desafiotecnico.controller.ClienteController.ordensServico(java.lang.Long)={[/clientes/{id}/ordens_servico],methods=[GET]}, public org.springframework.web.servlet.ModelAndView br.com.desafiotecnico.controller.CRUDController.remover(java.lang.Long)={[/clientes/{id}/remover],methods=[GET]}, public org.springframework.web.servlet.ModelAndView br.com.desafiotecnico.controller.CRUDController.salvar(br.com.desafiotecnico.model.GenericEntity,org.springframework.validation.BindingResult,org.springframework.web.servlet.mvc.support.RedirectAttributes)={[/clientes/salvar],methods=[POST]}, public org.springframework.web.servlet.ModelAndView br.com.desafiotecnico.controller.CRUDController.novo()={[/clientes/novo],methods=[GET]}, public org.springframework.web.servlet.ModelAndView br.com.desafiotecnico.controller.CRUDController.editar(java.lang.Long)={[/clientes/{id}/editar],methods=[GET]}, public org.springframework.web.servlet.ModelAndView br.com.desafiotecnico.controller.CRUDController.excluir(java.lang.Long,org.springframework.web.servlet.mvc.support.RedirectAttributes)={[/clientes/{id}/remover],methods=[DELETE]}, public org.springframework.web.servlet.ModelAndView br.com.desafiotecnico.controller.CRUDController.index()={[/clientes/],methods=[GET]}}
22:44:14.015 [Test worker] INFO org.springframework.test.web.servlet.setup.StandaloneMockMvcBuilder$StaticRequestMappingHandlerMapping - Mapped "{[/clientes/{id}/ordens_servico],methods=[GET]}" onto public org.springframework.web.servlet.ModelAndView br.com.desafiotecnico.controller.ClienteController.ordensServico(java.lang.Long)
22:44:14.016 [Test worker] INFO org.springframework.test.web.servlet.setup.StandaloneMockMvcBuilder$StaticRequestMappingHandlerMapping - Mapped "{[/clientes/{id}/remover],methods=[GET]}" onto public org.springframework.web.servlet.ModelAndView br.com.desafiotecnico.controller.CRUDController.remover(java.lang.Long)
22:44:14.019 [Test worker] INFO org.springframework.test.web.servlet.setup.StandaloneMockMvcBuilder$StaticRequestMappingHandlerMapping - Mapped "{[/clientes/salvar],methods=[POST]}" onto public org.springframework.web.servlet.ModelAndView br.com.desafiotecnico.controller.CRUDController.salvar(T,org.springframework.validation.BindingResult,org.springframework.web.servlet.mvc.support.RedirectAttributes)
22:44:14.020 [Test worker] INFO org.springframework.test.web.servlet.setup.StandaloneMockMvcBuilder$StaticRequestMappingHandlerMapping - Mapped "{[/clientes/novo],methods=[GET]}" onto public org.springframework.web.servlet.ModelAndView br.com.desafiotecnico.controller.CRUDController.novo()
22:44:14.021 [Test worker] INFO org.springframework.test.web.servlet.setup.StandaloneMockMvcBuilder$StaticRequestMappingHandlerMapping - Mapped "{[/clientes/{id}/editar],methods=[GET]}" onto public org.springframework.web.servlet.ModelAndView br.com.desafiotecnico.controller.CRUDController.editar(java.lang.Long)
22:44:14.022 [Test worker] INFO org.springframework.test.web.servlet.setup.StandaloneMockMvcBuilder$StaticRequestMappingHandlerMapping - Mapped "{[/clientes/{id}/remover],methods=[DELETE]}" onto public org.springframework.web.servlet.ModelAndView br.com.desafiotecnico.controller.CRUDController.excluir(java.lang.Long,org.springframework.web.servlet.mvc.support.RedirectAttributes)
22:44:14.022 [Test worker] INFO org.springframework.test.web.servlet.setup.StandaloneMockMvcBuilder$StaticRequestMappingHandlerMapping - Mapped "{[/clientes/],methods=[GET]}" onto public org.springframework.web.servlet.ModelAndView br.com.desafiotecnico.controller.CRUDController.index()
22:44:14.044 [Test worker] DEBUG org.hibernate.validator.internal.engine.resolver.DefaultTraversableResolver - Found javax.persistence.Persistence on classpath containing 'getPersistenceUtil'. Assuming JPA 2 environment. Trying to instantiate JPA aware TraversableResolver
22:44:14.044 [Test worker] DEBUG org.hibernate.validator.internal.engine.resolver.DefaultTraversableResolver - Instantiated JPA aware TraversableResolver of type org.hibernate.validator.internal.engine.resolver.JPATraversableResolver.
22:44:14.045 [Test worker] DEBUG org.hibernate.validator.internal.engine.ConfigurationImpl - Setting custom MessageInterpolator of type org.springframework.validation.beanvalidation.LocaleContextMessageInterpolator
22:44:14.045 [Test worker] DEBUG org.hibernate.validator.internal.engine.ConfigurationImpl - Setting custom ParameterNameProvider of type com.sun.proxy.$Proxy23
22:44:14.045 [Test worker] DEBUG org.hibernate.validator.internal.xml.ValidationXmlParser - Trying to load META-INF/validation.xml for XML based Validator configuration.
22:44:14.045 [Test worker] DEBUG org.hibernate.validator.internal.xml.ResourceLoaderHelper - Trying to load META-INF/validation.xml via TCCL
22:44:14.046 [Test worker] DEBUG org.hibernate.validator.internal.xml.ResourceLoaderHelper - Trying to load META-INF/validation.xml via Hibernate Validator's class loader
22:44:14.046 [Test worker] DEBUG org.hibernate.validator.internal.xml.ValidationXmlParser - No META-INF/validation.xml found. Using annotation based configuration only.
22:44:14.049 [Test worker] INFO org.springframework.web.servlet.mvc.method.annotation.RequestMappingHandlerAdapter - Looking for @ControllerAdvice: org.springframework.test.web.servlet.setup.StubWebApplicationContext@217dae08
22:44:14.054 [Test worker] DEBUG org.springframework.web.servlet.mvc.method.annotation.ExceptionHandlerExceptionResolver - Looking for exception mappings: org.springframework.test.web.servlet.setup.StubWebApplicationContext@217dae08
22:44:14.055 [Test worker] DEBUG org.springframework.test.web.servlet.TestDispatcherServlet - Initializing servlet ''
22:44:14.055 [Test worker] DEBUG org.springframework.web.context.support.StandardServletEnvironment - Adding [servletConfigInitParams] PropertySource with lowest search precedence
22:44:14.056 [Test worker] DEBUG org.springframework.web.context.support.StandardServletEnvironment - Adding [servletContextInitParams] PropertySource with lowest search precedence
22:44:14.056 [Test worker] DEBUG org.springframework.web.context.support.StandardServletEnvironment - Adding [systemProperties] PropertySource with lowest search precedence
22:44:14.056 [Test worker] DEBUG org.springframework.web.context.support.StandardServletEnvironment - Adding [systemEnvironment] PropertySource with lowest search precedence
22:44:14.056 [Test worker] DEBUG org.springframework.web.context.support.StandardServletEnvironment - Initialized StandardServletEnvironment with PropertySources [servletConfigInitParams,servletContextInitParams,systemProperties,systemEnvironment]
22:44:14.056 [Test worker] INFO org.springframework.mock.web.MockServletContext - Initializing Spring FrameworkServlet ''
22:44:14.056 [Test worker] INFO org.springframework.test.web.servlet.TestDispatcherServlet - FrameworkServlet '': initialization started
22:44:14.056 [Test worker] DEBUG org.springframework.test.web.servlet.TestDispatcherServlet - Unable to locate MultipartResolver with name 'multipartResolver': no multipart request handling provided
22:44:14.057 [Test worker] DEBUG org.springframework.test.web.servlet.TestDispatcherServlet - Using LocaleResolver [org.springframework.web.servlet.i18n.AcceptHeaderLocaleResolver@1fddb3dc]
22:44:14.057 [Test worker] DEBUG org.springframework.test.web.servlet.TestDispatcherServlet - Using ThemeResolver [org.springframework.web.servlet.theme.FixedThemeResolver@783af64f]
22:44:14.057 [Test worker] DEBUG org.springframework.test.web.servlet.TestDispatcherServlet - Using RequestToViewNameTranslator [org.springframework.web.servlet.view.DefaultRequestToViewNameTranslator@3df0e653]
22:44:14.057 [Test worker] DEBUG org.springframework.test.web.servlet.TestDispatcherServlet - Using FlashMapManager [org.springframework.web.servlet.support.SessionFlashMapManager@3b9c8765]
22:44:14.057 [Test worker] DEBUG org.springframework.test.web.servlet.TestDispatcherServlet - Published WebApplicationContext of servlet '' as ServletContext attribute with name [org.springframework.web.servlet.FrameworkServlet.CONTEXT.]
22:44:14.057 [Test worker] INFO org.springframework.test.web.servlet.TestDispatcherServlet - FrameworkServlet '': initialization completed in 1 ms
22:44:14.057 [Test worker] DEBUG org.springframework.test.web.servlet.TestDispatcherServlet - Servlet '' configured successfully
22:44:14.058 [Test worker] DEBUG org.springframework.test.web.servlet.TestDispatcherServlet - DispatcherServlet with name '' processing GET request for [/clientes/1/remover]
22:44:14.058 [Test worker] DEBUG org.springframework.test.web.servlet.setup.StandaloneMockMvcBuilder$StaticRequestMappingHandlerMapping - Looking up handler method for path /clientes/1/remover
22:44:14.059 [Test worker] DEBUG org.springframework.test.web.servlet.setup.StandaloneMockMvcBuilder$StaticRequestMappingHandlerMapping - Returning handler method [public org.springframework.web.servlet.ModelAndView br.com.desafiotecnico.controller.CRUDController.remover(java.lang.Long)]
22:44:14.060 [Test worker] DEBUG org.springframework.test.web.servlet.TestDispatcherServlet - Last-Modified value for [/clientes/1/remover] is: -1
22:44:14.066 [Test worker] DEBUG org.springframework.test.web.servlet.TestDispatcherServlet - Rendering view [org.springframework.web.servlet.view.InternalResourceView: unnamed; URL [clientes/remover]] in DispatcherServlet with name ''
22:44:14.066 [Test worker] DEBUG org.springframework.web.servlet.view.InternalResourceView - Added model object 'id' of type [java.lang.Long] to request in view with name 'null'
22:44:14.066 [Test worker] DEBUG org.springframework.web.servlet.view.InternalResourceView - Added model object 'cliente' of type [br.com.desafiotecnico.model.Cliente$$EnhancerByMockitoWithCGLIB$$7831df81] to request in view with name 'null'
22:44:14.066 [Test worker] DEBUG org.springframework.web.servlet.view.InternalResourceView - Added model object 'org.springframework.validation.BindingResult.cliente' of type [org.springframework.validation.BeanPropertyBindingResult] to request in view with name 'null'
22:44:14.066 [Test worker] DEBUG org.springframework.web.servlet.view.InternalResourceView - Forwarding to resource [clientes/remover] in InternalResourceView 'null'
22:44:14.066 [Test worker] DEBUG org.springframework.mock.web.MockRequestDispatcher - MockRequestDispatcher: forwarding to [clientes/remover]
22:44:14.066 [Test worker] DEBUG org.springframework.test.web.servlet.TestDispatcherServlet - Successfully completed request
22:44:14.069 [Test worker] DEBUG org.springframework.core.env.StandardEnvironment - Adding [systemProperties] PropertySource with lowest search precedence
22:44:14.069 [Test worker] DEBUG org.springframework.core.env.StandardEnvironment - Adding [systemEnvironment] PropertySource with lowest search precedence
22:44:14.069 [Test worker] DEBUG org.springframework.core.env.StandardEnvironment - Initialized StandardEnvironment with PropertySources [systemProperties,systemEnvironment]
22:44:14.071 [Test worker] DEBUG org.springframework.test.web.servlet.setup.StandaloneMockMvcBuilder$StaticRequestMappingHandlerMapping - Looking for request mappings in application context: org.springframework.test.web.servlet.setup.StubWebApplicationContext@660a9f6d
22:44:14.077 [Test worker] DEBUG org.springframework.test.web.servlet.setup.StandaloneMockMvcBuilder$StaticRequestMappingHandlerMapping - 7 request handler methods found on class br.com.desafiotecnico.controller.ClienteController: {public org.springframework.web.servlet.ModelAndView br.com.desafiotecnico.controller.ClienteController.ordensServico(java.lang.Long)={[/clientes/{id}/ordens_servico],methods=[GET]}, public org.springframework.web.servlet.ModelAndView br.com.desafiotecnico.controller.CRUDController.remover(java.lang.Long)={[/clientes/{id}/remover],methods=[GET]}, public org.springframework.web.servlet.ModelAndView br.com.desafiotecnico.controller.CRUDController.salvar(br.com.desafiotecnico.model.GenericEntity,org.springframework.validation.BindingResult,org.springframework.web.servlet.mvc.support.RedirectAttributes)={[/clientes/salvar],methods=[POST]}, public org.springframework.web.servlet.ModelAndView br.com.desafiotecnico.controller.CRUDController.novo()={[/clientes/novo],methods=[GET]}, public org.springframework.web.servlet.ModelAndView br.com.desafiotecnico.controller.CRUDController.editar(java.lang.Long)={[/clientes/{id}/editar],methods=[GET]}, public org.springframework.web.servlet.ModelAndView br.com.desafiotecnico.controller.CRUDController.excluir(java.lang.Long,org.springframework.web.servlet.mvc.support.RedirectAttributes)={[/clientes/{id}/remover],methods=[DELETE]}, public org.springframework.web.servlet.ModelAndView br.com.desafiotecnico.controller.CRUDController.index()={[/clientes/],methods=[GET]}}
22:44:14.077 [Test worker] INFO org.springframework.test.web.servlet.setup.StandaloneMockMvcBuilder$StaticRequestMappingHandlerMapping - Mapped "{[/clientes/{id}/ordens_servico],methods=[GET]}" onto public org.springframework.web.servlet.ModelAndView br.com.desafiotecnico.controller.ClienteController.ordensServico(java.lang.Long)
22:44:14.078 [Test worker] INFO org.springframework.test.web.servlet.setup.StandaloneMockMvcBuilder$StaticRequestMappingHandlerMapping - Mapped "{[/clientes/{id}/remover],methods=[GET]}" onto public org.springframework.web.servlet.ModelAndView br.com.desafiotecnico.controller.CRUDController.remover(java.lang.Long)
22:44:14.078 [Test worker] INFO org.springframework.test.web.servlet.setup.StandaloneMockMvcBuilder$StaticRequestMappingHandlerMapping - Mapped "{[/clientes/salvar],methods=[POST]}" onto public org.springframework.web.servlet.ModelAndView br.com.desafiotecnico.controller.CRUDController.salvar(T,org.springframework.validation.BindingResult,org.springframework.web.servlet.mvc.support.RedirectAttributes)
22:44:14.079 [Test worker] INFO org.springframework.test.web.servlet.setup.StandaloneMockMvcBuilder$StaticRequestMappingHandlerMapping - Mapped "{[/clientes/novo],methods=[GET]}" onto public org.springframework.web.servlet.ModelAndView br.com.desafiotecnico.controller.CRUDController.novo()
22:44:14.080 [Test worker] INFO org.springframework.test.web.servlet.setup.StandaloneMockMvcBuilder$StaticRequestMappingHandlerMapping - Mapped "{[/clientes/{id}/editar],methods=[GET]}" onto public org.springframework.web.servlet.ModelAndView br.com.desafiotecnico.controller.CRUDController.editar(java.lang.Long)
22:44:14.081 [Test worker] INFO org.springframework.test.web.servlet.setup.StandaloneMockMvcBuilder$StaticRequestMappingHandlerMapping - Mapped "{[/clientes/{id}/remover],methods=[DELETE]}" onto public org.springframework.web.servlet.ModelAndView br.com.desafiotecnico.controller.CRUDController.excluir(java.lang.Long,org.springframework.web.servlet.mvc.support.RedirectAttributes)
22:44:14.082 [Test worker] INFO org.springframework.test.web.servlet.setup.StandaloneMockMvcBuilder$StaticRequestMappingHandlerMapping - Mapped "{[/clientes/],methods=[GET]}" onto public org.springframework.web.servlet.ModelAndView br.com.desafiotecnico.controller.CRUDController.index()
22:44:14.094 [Test worker] DEBUG org.hibernate.validator.internal.engine.resolver.DefaultTraversableResolver - Found javax.persistence.Persistence on classpath containing 'getPersistenceUtil'. Assuming JPA 2 environment. Trying to instantiate JPA aware TraversableResolver
22:44:14.095 [Test worker] DEBUG org.hibernate.validator.internal.engine.resolver.DefaultTraversableResolver - Instantiated JPA aware TraversableResolver of type org.hibernate.validator.internal.engine.resolver.JPATraversableResolver.
22:44:14.096 [Test worker] DEBUG org.hibernate.validator.internal.engine.ConfigurationImpl - Setting custom MessageInterpolator of type org.springframework.validation.beanvalidation.LocaleContextMessageInterpolator
22:44:14.097 [Test worker] DEBUG org.hibernate.validator.internal.engine.ConfigurationImpl - Setting custom ParameterNameProvider of type com.sun.proxy.$Proxy23
22:44:14.098 [Test worker] DEBUG org.hibernate.validator.internal.xml.ValidationXmlParser - Trying to load META-INF/validation.xml for XML based Validator configuration.
22:44:14.098 [Test worker] DEBUG org.hibernate.validator.internal.xml.ResourceLoaderHelper - Trying to load META-INF/validation.xml via TCCL
22:44:14.099 [Test worker] DEBUG org.hibernate.validator.internal.xml.ResourceLoaderHelper - Trying to load META-INF/validation.xml via Hibernate Validator's class loader
22:44:14.100 [Test worker] DEBUG org.hibernate.validator.internal.xml.ValidationXmlParser - No META-INF/validation.xml found. Using annotation based configuration only.
22:44:14.103 [Test worker] INFO org.springframework.web.servlet.mvc.method.annotation.RequestMappingHandlerAdapter - Looking for @ControllerAdvice: org.springframework.test.web.servlet.setup.StubWebApplicationContext@660a9f6d
22:44:14.108 [Test worker] DEBUG org.springframework.web.servlet.mvc.method.annotation.ExceptionHandlerExceptionResolver - Looking for exception mappings: org.springframework.test.web.servlet.setup.StubWebApplicationContext@660a9f6d
22:44:14.108 [Test worker] DEBUG org.springframework.test.web.servlet.TestDispatcherServlet - Initializing servlet ''
22:44:14.109 [Test worker] DEBUG org.springframework.web.context.support.StandardServletEnvironment - Adding [servletConfigInitParams] PropertySource with lowest search precedence
22:44:14.110 [Test worker] DEBUG org.springframework.web.context.support.StandardServletEnvironment - Adding [servletContextInitParams] PropertySource with lowest search precedence
22:44:14.110 [Test worker] DEBUG org.springframework.web.context.support.StandardServletEnvironment - Adding [systemProperties] PropertySource with lowest search precedence
22:44:14.111 [Test worker] DEBUG org.springframework.web.context.support.StandardServletEnvironment - Adding [systemEnvironment] PropertySource with lowest search precedence
22:44:14.112 [Test worker] DEBUG org.springframework.web.context.support.StandardServletEnvironment - Initialized StandardServletEnvironment with PropertySources [servletConfigInitParams,servletContextInitParams,systemProperties,systemEnvironment]
22:44:14.112 [Test worker] INFO org.springframework.mock.web.MockServletContext - Initializing Spring FrameworkServlet ''
22:44:14.112 [Test worker] INFO org.springframework.test.web.servlet.TestDispatcherServlet - FrameworkServlet '': initialization started
22:44:14.112 [Test worker] DEBUG org.springframework.test.web.servlet.TestDispatcherServlet - Unable to locate MultipartResolver with name 'multipartResolver': no multipart request handling provided
22:44:14.113 [Test worker] DEBUG org.springframework.test.web.servlet.TestDispatcherServlet - Using LocaleResolver [org.springframework.web.servlet.i18n.AcceptHeaderLocaleResolver@59866401]
22:44:14.113 [Test worker] DEBUG org.springframework.test.web.servlet.TestDispatcherServlet - Using ThemeResolver [org.springframework.web.servlet.theme.FixedThemeResolver@b3897e0]
22:44:14.114 [Test worker] DEBUG org.springframework.test.web.servlet.TestDispatcherServlet - Using RequestToViewNameTranslator [org.springframework.web.servlet.view.DefaultRequestToViewNameTranslator@1f419e87]
22:44:14.114 [Test worker] DEBUG org.springframework.test.web.servlet.TestDispatcherServlet - Using FlashMapManager [org.springframework.web.servlet.support.SessionFlashMapManager@21c396e7]
22:44:14.115 [Test worker] DEBUG org.springframework.test.web.servlet.TestDispatcherServlet - Published WebApplicationContext of servlet '' as ServletContext attribute with name [org.springframework.web.servlet.FrameworkServlet.CONTEXT.]
22:44:14.115 [Test worker] INFO org.springframework.test.web.servlet.TestDispatcherServlet - FrameworkServlet '': initialization completed in 3 ms
22:44:14.115 [Test worker] DEBUG org.springframework.test.web.servlet.TestDispatcherServlet - Servlet '' configured successfully
22:44:14.116 [Test worker] DEBUG org.springframework.test.web.servlet.TestDispatcherServlet - DispatcherServlet with name '' processing GET request for [/clientes/1/ordens_servico]
22:44:14.117 [Test worker] DEBUG org.springframework.test.web.servlet.setup.StandaloneMockMvcBuilder$StaticRequestMappingHandlerMapping - Looking up handler method for path /clientes/1/ordens_servico
22:44:14.119 [Test worker] DEBUG org.springframework.test.web.servlet.setup.StandaloneMockMvcBuilder$StaticRequestMappingHandlerMapping - Returning handler method [public org.springframework.web.servlet.ModelAndView br.com.desafiotecnico.controller.ClienteController.ordensServico(java.lang.Long)]
22:44:14.120 [Test worker] DEBUG org.springframework.test.web.servlet.TestDispatcherServlet - Last-Modified value for [/clientes/1/ordens_servico] is: -1
22:44:14.124 [Test worker] DEBUG org.springframework.test.web.servlet.TestDispatcherServlet - Rendering view [org.springframework.web.servlet.view.InternalResourceView: unnamed; URL [clientes/ordem_servico]] in DispatcherServlet with name ''
22:44:14.124 [Test worker] DEBUG org.springframework.web.servlet.view.InternalResourceView - Added model object 'id' of type [java.lang.Long] to request in view with name 'null'
22:44:14.125 [Test worker] DEBUG org.springframework.web.servlet.view.InternalResourceView - Added model object 'cliente' of type [br.com.desafiotecnico.model.Cliente$$EnhancerByMockitoWithCGLIB$$7831df81] to request in view with name 'null'
22:44:14.125 [Test worker] DEBUG org.springframework.web.servlet.view.InternalResourceView - Added model object 'org.springframework.validation.BindingResult.cliente' of type [org.springframework.validation.BeanPropertyBindingResult] to request in view with name 'null'
22:44:14.126 [Test worker] DEBUG org.springframework.web.servlet.view.InternalResourceView - Forwarding to resource [clientes/ordem_servico] in InternalResourceView 'null'
22:44:14.126 [Test worker] DEBUG org.springframework.mock.web.MockRequestDispatcher - MockRequestDispatcher: forwarding to [clientes/ordem_servico]
22:44:14.127 [Test worker] DEBUG org.springframework.test.web.servlet.TestDispatcherServlet - Successfully completed request
]]></system-out>
  <system-err><![CDATA[]]></system-err>
</testsuite>
