<?xml version="1.0" encoding="UTF-8"?>
<testsuite name="br.com.desafiotecnico.model.OrdemServicoTest" tests="9" skipped="0" failures="0" errors="0" timestamp="2017-02-09T11:52:44" hostname="LECOM-01381" time="0.011">
  <properties/>
  <testcase name="deveCalcularOValorTotalParaClientePrataEMaisDeDezDiasParaOTermino" classname="br.com.desafiotecnico.model.OrdemServicoTest" time="0.007"/>
  <testcase name="deveEfetuarOPagamentoERetornarOValorPagoIndependenteDaDataDeTermino" classname="br.com.desafiotecnico.model.OrdemServicoTest" time="0.0"/>
  <testcase name="deveRetornarAQuantidadeDeDiasFaltantseParaEncerramento" classname="br.com.desafiotecnico.model.OrdemServicoTest" time="0.0"/>
  <testcase name="deveCalcularOValorTotalParaClientePrata" classname="br.com.desafiotecnico.model.OrdemServicoTest" time="0.0"/>
  <testcase name="deveEfetuarOPagamentoDaOrdemServico" classname="br.com.desafiotecnico.model.OrdemServicoTest" time="0.0"/>
  <testcase name="deveRetornarAQuantidadeDeDiasZeradaParaDataPosteriorAoEncerramento" classname="br.com.desafiotecnico.model.OrdemServicoTest" time="0.0"/>
  <testcase name="deveRetornarAQuantidadeDeDiasParaOEncerramento" classname="br.com.desafiotecnico.model.OrdemServicoTest" time="0.001"/>
  <testcase name="deveCalcularOValorTotalParaClienteOuroEMaisDeDezDiasParaOTermino" classname="br.com.desafiotecnico.model.OrdemServicoTest" time="0.0"/>
  <testcase name="deveCalcularOValorTotalParaClienteOuro" classname="br.com.desafiotecnico.model.OrdemServicoTest" time="0.0"/>
  <system-out><![CDATA[]]></system-out>
  <system-err><![CDATA[]]></system-err>
</testsuite>
