<?xml version="1.0" encoding="UTF-8"?>
<testsuite name="br.com.desafiotecnico.service.ClienteServiceImplTest" tests="1" skipped="0" failures="0" errors="0" timestamp="2017-02-09T11:52:44" hostname="LECOM-01381" time="0.0">
  <properties/>
  <testcase name="deveVerificarAcessoAoRepositorio" classname="br.com.desafiotecnico.service.ClienteServiceImplTest" time="0.0"/>
  <system-out><![CDATA[]]></system-out>
  <system-err><![CDATA[]]></system-err>
</testsuite>
